[ 2017-06-01T09:38:07+08:00 ] 127.0.0.1 /register/index.php/Home/
INFO: [ app_init ] --START--
INFO: Run Behavior\BuildLiteBehavior [ RunTime:0.000031s ]
INFO: [ app_init ] --END-- [ RunTime:0.001016s ]
INFO: [ app_begin ] --START--
INFO: Run Behavior\ReadHtmlCacheBehavior [ RunTime:0.001326s ]
INFO: [ app_begin ] --END-- [ RunTime:0.001456s ]
NOTIC: [8] Undefined index: name D:\WWW\dev\register\Application\Home\Controller\CommonController.class.php 第 8 行.

[ 2017-06-01T09:38:08+08:00 ] 127.0.0.1 /register/index.php/Home/Login/login
INFO: [ app_init ] --START--
INFO: Run Behavior\BuildLiteBehavior [ RunTime:0.000034s ]
INFO: [ app_init ] --END-- [ RunTime:0.003270s ]
INFO: [ app_begin ] --START--
INFO: Run Behavior\ReadHtmlCacheBehavior [ RunTime:0.001427s ]
INFO: [ app_begin ] --END-- [ RunTime:0.001572s ]
INFO: [ view_parse ] --START--
INFO: [ template_filter ] --START--
INFO: Run Behavior\ContentReplaceBehavior [ RunTime:0.000112s ]
INFO: [ template_filter ] --END-- [ RunTime:0.000201s ]
INFO: Run Behavior\ParseTemplateBehavior [ RunTime:0.018256s ]
INFO: [ view_parse ] --END-- [ RunTime:0.018380s ]
INFO: [ view_filter ] --START--
INFO: Run Behavior\WriteHtmlCacheBehavior [ RunTime:0.000501s ]
INFO: [ view_filter ] --END-- [ RunTime:0.000581s ]
INFO: [ app_end ] --START--
INFO: Run Behavior\ShowPageTraceBehavior [ RunTime:0.000866s ]
INFO: [ app_end ] --END-- [ RunTime:0.000933s ]

[ 2017-06-01T21:47:07+08:00 ] 127.0.0.1 /register/index.php/Home/
INFO: [ app_init ] --START--
INFO: Run Behavior\BuildLiteBehavior [ RunTime:0.000019s ]
INFO: [ app_init ] --END-- [ RunTime:0.000641s ]
INFO: [ app_begin ] --START--
INFO: Run Behavior\ReadHtmlCacheBehavior [ RunTime:0.000901s ]
INFO: [ app_begin ] --END-- [ RunTime:0.001016s ]
NOTIC: [8] Undefined index: name D:\WWW\dev\register\Application\Home\Controller\CommonController.class.php 第 8 行.

[ 2017-06-01T21:47:08+08:00 ] 127.0.0.1 /register/index.php/Home/Login/login
INFO: [ app_init ] --START--
INFO: Run Behavior\BuildLiteBehavior [ RunTime:0.000030s ]
INFO: [ app_init ] --END-- [ RunTime:0.000702s ]
INFO: [ app_begin ] --START--
INFO: Run Behavior\ReadHtmlCacheBehavior [ RunTime:0.001657s ]
INFO: [ app_begin ] --END-- [ RunTime:0.001834s ]
INFO: [ view_parse ] --START--
INFO: [ template_filter ] --START--
INFO: Run Behavior\ContentReplaceBehavior [ RunTime:0.000128s ]
INFO: [ template_filter ] --END-- [ RunTime:0.000251s ]
INFO: Run Behavior\ParseTemplateBehavior [ RunTime:0.041370s ]
INFO: [ view_parse ] --END-- [ RunTime:0.041575s ]
INFO: [ view_filter ] --START--
INFO: Run Behavior\WriteHtmlCacheBehavior [ RunTime:0.000428s ]
INFO: [ view_filter ] --END-- [ RunTime:0.000490s ]
INFO: [ app_end ] --START--
INFO: Run Behavior\ShowPageTraceBehavior [ RunTime:0.000879s ]
INFO: [ app_end ] --END-- [ RunTime:0.000976s ]

[ 2017-06-01T21:47:36+08:00 ] 127.0.0.1 /register/index.php/Home/Login/login
INFO: [ app_init ] --START--
INFO: Run Behavior\BuildLiteBehavior [ RunTime:0.000047s ]
INFO: [ app_init ] --END-- [ RunTime:0.001395s ]
INFO: [ app_begin ] --START--
INFO: Run Behavior\ReadHtmlCacheBehavior [ RunTime:0.001732s ]
INFO: [ app_begin ] --END-- [ RunTime:0.001937s ]
SQL: SHOW COLUMNS FROM `p_menber` [ RunTime:0.0162s ]
SQL: SELECT * FROM `p_menber` WHERE `name` = '18883287644' AND `pwd` = '123456789'  [ RunTime:0.0009s ]
NOTIC: [8] A session had already been started - ignoring session_start() D:\WWW\dev\register\Application\Home\Controller\LoginController.class.php 第 12 行.
INFO: [ view_parse ] --START--
INFO: [ template_filter ] --START--
INFO: Run Behavior\ContentReplaceBehavior [ RunTime:0.000287s ]
INFO: [ template_filter ] --END-- [ RunTime:0.000502s ]
INFO: Run Behavior\ParseTemplateBehavior [ RunTime:0.016422s ]
INFO: [ view_parse ] --END-- [ RunTime:0.016526s ]
INFO: [ view_filter ] --START--
INFO: Run Behavior\WriteHtmlCacheBehavior [ RunTime:0.000505s ]
INFO: [ view_filter ] --END-- [ RunTime:0.000567s ]
INFO: [ app_end ] --START--
INFO: Run Behavior\ShowPageTraceBehavior [ RunTime:0.000853s ]
INFO: [ app_end ] --END-- [ RunTime:0.000919s ]

[ 2017-06-01T21:47:37+08:00 ] 127.0.0.1 /register/index.php/Home/Index/index
INFO: [ app_init ] --START--
INFO: Run Behavior\BuildLiteBehavior [ RunTime:0.000020s ]
INFO: [ app_init ] --END-- [ RunTime:0.000584s ]
INFO: [ app_begin ] --START--
INFO: Run Behavior\ReadHtmlCacheBehavior [ RunTime:0.001104s ]
INFO: [ app_begin ] --END-- [ RunTime:0.001222s ]
SQL: SHOW COLUMNS FROM `p_menber` [ RunTime:0.0097s ]
SQL: SELECT * FROM `p_menber` WHERE `uid` = 1  [ RunTime:0.0010s ]
SQL: SELECT * FROM `p_menber` WHERE `uid` = 1  [ RunTime:0.0007s ]
SQL: SHOW COLUMNS FROM `p_orderlog` [ RunTime:0.0518s ]
SQL: SELECT * FROM `p_orderlog` ORDER BY logid DESC LIMIT 10   [ RunTime:0.0097s ]
SQL: SHOW COLUMNS FROM `p_incomelog` [ RunTime:0.0097s ]
SQL: SELECT * FROM `p_incomelog` WHERE `addymd` = '2017-05-31' AND `userid` = 1  [ RunTime:0.0021s ]
SQL: SELECT * FROM `p_incomelog` WHERE `userid` = 1 ORDER BY id DESC  [ RunTime:0.0069s ]
INFO: [ view_parse ] --START--
INFO: [ template_filter ] --START--
INFO: Run Behavior\ContentReplaceBehavior [ RunTime:0.000239s ]
INFO: [ template_filter ] --END-- [ RunTime:0.000369s ]
INFO: Run Behavior\ParseTemplateBehavior [ RunTime:0.045477s ]
INFO: [ view_parse ] --END-- [ RunTime:0.045589s ]
INFO: [ view_filter ] --START--
INFO: Run Behavior\WriteHtmlCacheBehavior [ RunTime:0.000547s ]
INFO: [ view_filter ] --END-- [ RunTime:0.000645s ]
INFO: [ app_end ] --START--
INFO: Run Behavior\ShowPageTraceBehavior [ RunTime:0.000902s ]
INFO: [ app_end ] --END-- [ RunTime:0.001001s ]

[ 2017-06-01T21:47:43+08:00 ] 127.0.0.1 /register/index.php/Home/User/user.html
INFO: [ app_init ] --START--
INFO: Run Behavior\BuildLiteBehavior [ RunTime:0.000045s ]
INFO: [ app_init ] --END-- [ RunTime:0.001060s ]
INFO: [ app_begin ] --START--
INFO: Run Behavior\ReadHtmlCacheBehavior [ RunTime:0.001060s ]
INFO: [ app_begin ] --END-- [ RunTime:0.001172s ]
SQL: SHOW COLUMNS FROM `p_menber` [ RunTime:0.0124s ]
SQL: SELECT * FROM `p_menber` WHERE `uid` = 1  [ RunTime:0.0012s ]
INFO: [ view_parse ] --START--
INFO: [ template_filter ] --START--
INFO: Run Behavior\ContentReplaceBehavior [ RunTime:0.000195s ]
INFO: [ template_filter ] --END-- [ RunTime:0.000286s ]
INFO: Run Behavior\ParseTemplateBehavior [ RunTime:0.024895s ]
INFO: [ view_parse ] --END-- [ RunTime:0.025038s ]
INFO: [ view_filter ] --START--
INFO: Run Behavior\WriteHtmlCacheBehavior [ RunTime:0.000566s ]
INFO: [ view_filter ] --END-- [ RunTime:0.000691s ]
INFO: [ app_end ] --START--
INFO: Run Behavior\ShowPageTraceBehavior [ RunTime:0.001262s ]
INFO: [ app_end ] --END-- [ RunTime:0.001378s ]

[ 2017-06-01T21:47:45+08:00 ] 127.0.0.1 /register/index.php/Home/User/drawCash.html
INFO: [ app_init ] --START--
INFO: Run Behavior\BuildLiteBehavior [ RunTime:0.000034s ]
INFO: [ app_init ] --END-- [ RunTime:0.001036s ]
INFO: [ app_begin ] --START--
INFO: Run Behavior\ReadHtmlCacheBehavior [ RunTime:0.001322s ]
INFO: [ app_begin ] --END-- [ RunTime:0.001566s ]
SQL: SHOW COLUMNS FROM `p_menber` [ RunTime:0.0125s ]
SQL: SELECT * FROM `p_menber` WHERE `uid` = 1  [ RunTime:0.0014s ]
INFO: [ view_parse ] --START--
INFO: [ template_filter ] --START--
INFO: Run Behavior\ContentReplaceBehavior [ RunTime:0.000217s ]
INFO: [ template_filter ] --END-- [ RunTime:0.000352s ]
INFO: Run Behavior\ParseTemplateBehavior [ RunTime:0.025379s ]
INFO: [ view_parse ] --END-- [ RunTime:0.025544s ]
INFO: [ view_filter ] --START--
INFO: Run Behavior\WriteHtmlCacheBehavior [ RunTime:0.000673s ]
INFO: [ view_filter ] --END-- [ RunTime:0.000792s ]
INFO: [ app_end ] --START--
INFO: Run Behavior\ShowPageTraceBehavior [ RunTime:0.000933s ]
INFO: [ app_end ] --END-- [ RunTime:0.001127s ]

[ 2017-06-01T21:48:13+08:00 ] 127.0.0.1 /register/index.php/Home/User/drawCash.html
INFO: [ app_init ] --START--
INFO: Run Behavior\BuildLiteBehavior [ RunTime:0.000034s ]
INFO: [ app_init ] --END-- [ RunTime:0.000933s ]
INFO: [ app_begin ] --START--
INFO: Run Behavior\ReadHtmlCacheBehavior [ RunTime:0.001115s ]
INFO: [ app_begin ] --END-- [ RunTime:0.001291s ]
SQL: SHOW COLUMNS FROM `p_menber` [ RunTime:0.0172s ]
SQL: SELECT * FROM `p_menber` WHERE `uid` = 1  [ RunTime:0.0010s ]
SQL: SELECT * FROM `p_menber` WHERE `uid` = 1  [ RunTime:0.0011s ]
SQL: UPDATE `p_menber` SET `incomebag`='11411.60' WHERE `uid` = 1 [ RunTime:0.0017s ]
SQL: SHOW COLUMNS FROM `p_incomelog` [ RunTime:0.0166s ]
NOTIC: [8] Undefined index: name D:\WWW\dev\register\Application\Home\Controller\UserController.class.php 第 106 行.
SQL: INSERT INTO `p_incomelog` (`type`,`state`,`reson`,`addymd`,`addtime`,`orderid`,`userid`,`income`) VALUES ('3','0','支付宝提现','2017-06-01','2017-06-01 21:48:13',',18883287644,,,,','1','200') [ RunTime:0.0015s ]

[ 2017-06-01T21:48:14+08:00 ] 127.0.0.1 /register/index.php/Home/User/drawCash
INFO: [ app_init ] --START--
INFO: Run Behavior\BuildLiteBehavior [ RunTime:0.000033s ]
INFO: [ app_init ] --END-- [ RunTime:0.000814s ]
INFO: [ app_begin ] --START--
INFO: Run Behavior\ReadHtmlCacheBehavior [ RunTime:0.001555s ]
INFO: [ app_begin ] --END-- [ RunTime:0.002153s ]
SQL: SHOW COLUMNS FROM `p_menber` [ RunTime:0.0191s ]
SQL: SELECT * FROM `p_menber` WHERE `uid` = 1  [ RunTime:0.0033s ]
INFO: [ view_parse ] --START--
INFO: [ template_filter ] --START--
INFO: Run Behavior\ContentReplaceBehavior [ RunTime:0.000292s ]
INFO: [ template_filter ] --END-- [ RunTime:0.000521s ]
INFO: Run Behavior\ParseTemplateBehavior [ RunTime:0.016716s ]
INFO: [ view_parse ] --END-- [ RunTime:0.016857s ]
INFO: [ view_filter ] --START--
INFO: Run Behavior\WriteHtmlCacheBehavior [ RunTime:0.000556s ]
INFO: [ view_filter ] --END-- [ RunTime:0.000655s ]
INFO: [ app_end ] --START--
INFO: Run Behavior\ShowPageTraceBehavior [ RunTime:0.001077s ]
INFO: [ app_end ] --END-- [ RunTime:0.001186s ]

[ 2017-06-01T22:06:11+08:00 ] 127.0.0.1 /register/index.php/Home/User/drawCash.html
INFO: [ app_init ] --START--
INFO: Run Behavior\BuildLiteBehavior [ RunTime:0.000032s ]
INFO: [ app_init ] --END-- [ RunTime:0.001051s ]
INFO: [ app_begin ] --START--
INFO: Run Behavior\ReadHtmlCacheBehavior [ RunTime:0.001954s ]
INFO: [ app_begin ] --END-- [ RunTime:0.002098s ]
SQL: SHOW COLUMNS FROM `p_menber` [ RunTime:0.0159s ]
SQL: SELECT * FROM `p_menber` WHERE `uid` = 1  [ RunTime:0.0016s ]
INFO: [ view_parse ] --START--
INFO: [ template_filter ] --START--
INFO: Run Behavior\ContentReplaceBehavior [ RunTime:0.000150s ]
INFO: [ template_filter ] --END-- [ RunTime:0.000240s ]
INFO: Run Behavior\ParseTemplateBehavior [ RunTime:0.012685s ]
INFO: [ view_parse ] --END-- [ RunTime:0.012776s ]
INFO: [ view_filter ] --START--
INFO: Run Behavior\WriteHtmlCacheBehavior [ RunTime:0.000500s ]
INFO: [ view_filter ] --END-- [ RunTime:0.000574s ]
INFO: [ app_end ] --START--
INFO: Run Behavior\ShowPageTraceBehavior [ RunTime:0.000922s ]
INFO: [ app_end ] --END-- [ RunTime:0.001008s ]

[ 2017-06-01T22:06:14+08:00 ] 127.0.0.1 /register/index.php/Home/User/addMoney.html
INFO: [ app_init ] --START--
INFO: Run Behavior\BuildLiteBehavior [ RunTime:0.000032s ]
INFO: [ app_init ] --END-- [ RunTime:0.000922s ]
INFO: [ app_begin ] --START--
INFO: Run Behavior\ReadHtmlCacheBehavior [ RunTime:0.001020s ]
INFO: [ app_begin ] --END-- [ RunTime:0.001122s ]
SQL: SHOW COLUMNS FROM `p_menber` [ RunTime:0.0133s ]
SQL: SELECT * FROM `p_menber` WHERE `uid` = 1  [ RunTime:0.0015s ]
INFO: [ view_parse ] --START--
INFO: [ template_filter ] --START--
INFO: Run Behavior\ContentReplaceBehavior [ RunTime:0.000123s ]
INFO: [ template_filter ] --END-- [ RunTime:0.000251s ]
INFO: Run Behavior\ParseTemplateBehavior [ RunTime:0.075954s ]
INFO: [ view_parse ] --END-- [ RunTime:0.076084s ]
INFO: [ view_filter ] --START--
INFO: Run Behavior\WriteHtmlCacheBehavior [ RunTime:0.000393s ]
INFO: [ view_filter ] --END-- [ RunTime:0.000452s ]
INFO: [ app_end ] --START--
INFO: Run Behavior\ShowPageTraceBehavior [ RunTime:0.000750s ]
INFO: [ app_end ] --END-- [ RunTime:0.000814s ]

[ 2017-06-01T22:06:28+08:00 ] 127.0.0.1 /register/index.php/Home/User/addMoney.html
INFO: [ app_init ] --START--
INFO: Run Behavior\BuildLiteBehavior [ RunTime:0.000039s ]
INFO: [ app_init ] --END-- [ RunTime:0.001696s ]
INFO: [ app_begin ] --START--
INFO: Run Behavior\ReadHtmlCacheBehavior [ RunTime:0.000858s ]
INFO: [ app_begin ] --END-- [ RunTime:0.000971s ]
SQL: SHOW COLUMNS FROM `p_menber` [ RunTime:0.0172s ]
SQL: SELECT * FROM `p_menber` WHERE `uid` = 1  [ RunTime:0.0013s ]
SQL: SELECT * FROM `p_menber` WHERE `name` = '18883287644'  [ RunTime:0.0010s ]
SQL: SHOW COLUMNS FROM `p_incomelog` [ RunTime:0.0173s ]
SQL: INSERT INTO `p_incomelog` (`type`,`state`,`reson`,`addymd`,`addtime`,`orderid`,`userid`,`income`) VALUES ('0','0','充值','2017-06-01','2017-06-01 22:06:28','1','1','200') [ RunTime:0.0016s ]

[ 2017-06-01T22:06:30+08:00 ] 127.0.0.1 /register/index.php/Home/User/addMoney
INFO: [ app_init ] --START--
INFO: Run Behavior\BuildLiteBehavior [ RunTime:0.000036s ]
INFO: [ app_init ] --END-- [ RunTime:0.000978s ]
INFO: [ app_begin ] --START--
INFO: Run Behavior\ReadHtmlCacheBehavior [ RunTime:0.001330s ]
INFO: [ app_begin ] --END-- [ RunTime:0.001483s ]
SQL: SHOW COLUMNS FROM `p_menber` [ RunTime:0.0182s ]
SQL: SELECT * FROM `p_menber` WHERE `uid` = 1  [ RunTime:0.0021s ]
INFO: [ view_parse ] --START--
INFO: [ template_filter ] --START--
INFO: Run Behavior\ContentReplaceBehavior [ RunTime:0.000163s ]
INFO: [ template_filter ] --END-- [ RunTime:0.000328s ]
INFO: Run Behavior\ParseTemplateBehavior [ RunTime:0.014419s ]
INFO: [ view_parse ] --END-- [ RunTime:0.014565s ]
INFO: [ view_filter ] --START--
INFO: Run Behavior\WriteHtmlCacheBehavior [ RunTime:0.000486s ]
INFO: [ view_filter ] --END-- [ RunTime:0.000585s ]
INFO: [ app_end ] --START--
INFO: Run Behavior\ShowPageTraceBehavior [ RunTime:0.001982s ]
INFO: [ app_end ] --END-- [ RunTime:0.002109s ]

[ 2017-06-01T22:07:38+08:00 ] 127.0.0.1 /register/index.php/Home/User/addMoney
INFO: [ app_init ] --START--
INFO: Run Behavior\BuildLiteBehavior [ RunTime:0.000021s ]
INFO: [ app_init ] --END-- [ RunTime:0.000603s ]
INFO: [ app_begin ] --START--
INFO: Run Behavior\ReadHtmlCacheBehavior [ RunTime:0.001391s ]
INFO: [ app_begin ] --END-- [ RunTime:0.001614s ]
SQL: SHOW COLUMNS FROM `p_menber` [ RunTime:0.0128s ]
SQL: SELECT * FROM `p_menber` WHERE `uid` = 1  [ RunTime:0.0007s ]
SQL: SELECT * FROM `p_menber` WHERE `name` = '18883287644'  [ RunTime:0.0009s ]
SQL: SHOW COLUMNS FROM `p_incomelog` [ RunTime:0.0128s ]
SQL: INSERT INTO `p_incomelog` (`type`,`state`,`reson`,`addymd`,`addtime`,`orderid`,`userid`,`income`) VALUES ('0','0','充值','2017-06-01','2017-06-01 22:07:38','1','1','200') [ RunTime:0.0015s ]

[ 2017-06-01T22:07:39+08:00 ] 127.0.0.1 /register/index.php/Home/User/addMoney
INFO: [ app_init ] --START--
INFO: Run Behavior\BuildLiteBehavior [ RunTime:0.000042s ]
INFO: [ app_init ] --END-- [ RunTime:0.001179s ]
INFO: [ app_begin ] --START--
INFO: Run Behavior\ReadHtmlCacheBehavior [ RunTime:0.001513s ]
INFO: [ app_begin ] --END-- [ RunTime:0.001746s ]
SQL: SHOW COLUMNS FROM `p_menber` [ RunTime:0.0165s ]
SQL: SELECT * FROM `p_menber` WHERE `uid` = 1  [ RunTime:0.0014s ]
INFO: [ view_parse ] --START--
INFO: [ template_filter ] --START--
INFO: Run Behavior\ContentReplaceBehavior [ RunTime:0.000137s ]
INFO: [ template_filter ] --END-- [ RunTime:0.000286s ]
INFO: Run Behavior\ParseTemplateBehavior [ RunTime:0.014656s ]
INFO: [ view_parse ] --END-- [ RunTime:0.014779s ]
INFO: [ view_filter ] --START--
INFO: Run Behavior\WriteHtmlCacheBehavior [ RunTime:0.000384s ]
INFO: [ view_filter ] --END-- [ RunTime:0.000454s ]
INFO: [ app_end ] --START--
INFO: Run Behavior\ShowPageTraceBehavior [ RunTime:0.000772s ]
INFO: [ app_end ] --END-- [ RunTime:0.000838s ]

[ 2017-06-01T22:19:35+08:00 ] 127.0.0.1 /register/index.php/Home/User/addMoney.html
INFO: [ app_init ] --START--
INFO: Run Behavior\BuildLiteBehavior [ RunTime:0.000022s ]
INFO: [ app_init ] --END-- [ RunTime:0.000678s ]
INFO: [ app_begin ] --START--
INFO: Run Behavior\ReadHtmlCacheBehavior [ RunTime:0.001452s ]
INFO: [ app_begin ] --END-- [ RunTime:0.001655s ]
SQL: SHOW COLUMNS FROM `p_menber` [ RunTime:0.0128s ]
SQL: SELECT * FROM `p_menber` WHERE `uid` = 1  [ RunTime:0.0011s ]
INFO: [ view_parse ] --START--
INFO: [ template_filter ] --START--
INFO: Run Behavior\ContentReplaceBehavior [ RunTime:0.000119s ]
INFO: [ template_filter ] --END-- [ RunTime:0.000223s ]
INFO: Run Behavior\ParseTemplateBehavior [ RunTime:0.011833s ]
INFO: [ view_parse ] --END-- [ RunTime:0.011935s ]
INFO: [ view_filter ] --START--
INFO: Run Behavior\WriteHtmlCacheBehavior [ RunTime:0.000524s ]
INFO: [ view_filter ] --END-- [ RunTime:0.000586s ]
INFO: [ app_end ] --START--
INFO: Run Behavior\ShowPageTraceBehavior [ RunTime:0.001422s ]
INFO: [ app_end ] --END-- [ RunTime:0.001535s ]

[ 2017-06-01T22:19:38+08:00 ] 127.0.0.1 /register/index.php/Home/User/mySwitchMoney.html
INFO: [ app_init ] --START--
INFO: Run Behavior\BuildLiteBehavior [ RunTime:0.000034s ]
INFO: [ app_init ] --END-- [ RunTime:0.000853s ]
INFO: [ app_begin ] --START--
INFO: Run Behavior\ReadHtmlCacheBehavior [ RunTime:0.000787s ]
INFO: [ app_begin ] --END-- [ RunTime:0.000877s ]
SQL: SHOW COLUMNS FROM `p_menber` [ RunTime:0.0146s ]
SQL: SELECT * FROM `p_menber` WHERE `uid` = 1  [ RunTime:0.0019s ]
INFO: [ view_parse ] --START--
INFO: [ template_filter ] --START--
INFO: Run Behavior\ContentReplaceBehavior [ RunTime:0.000182s ]
INFO: [ template_filter ] --END-- [ RunTime:0.000656s ]
INFO: Run Behavior\ParseTemplateBehavior [ RunTime:0.047897s ]
INFO: [ view_parse ] --END-- [ RunTime:0.048012s ]
INFO: [ view_filter ] --START--
INFO: Run Behavior\WriteHtmlCacheBehavior [ RunTime:0.000416s ]
INFO: [ view_filter ] --END-- [ RunTime:0.000479s ]
INFO: [ app_end ] --START--
INFO: Run Behavior\ShowPageTraceBehavior [ RunTime:0.000873s ]
INFO: [ app_end ] --END-- [ RunTime:0.000954s ]

[ 2017-06-01T22:20:06+08:00 ] 127.0.0.1 /register/index.php/Home/User/mySwitchMoney.html
INFO: [ app_init ] --START--
INFO: Run Behavior\BuildLiteBehavior [ RunTime:0.000041s ]
INFO: [ app_init ] --END-- [ RunTime:0.001073s ]
INFO: [ app_begin ] --START--
INFO: Run Behavior\ReadHtmlCacheBehavior [ RunTime:0.000984s ]
INFO: [ app_begin ] --END-- [ RunTime:0.001109s ]
SQL: SHOW COLUMNS FROM `p_menber` [ RunTime:0.0144s ]
SQL: SELECT * FROM `p_menber` WHERE `uid` = 1  [ RunTime:0.0015s ]
SQL: SELECT * FROM `p_menber` WHERE `uid` = 1  [ RunTime:0.0028s ]
SQL: SELECT * FROM `p_menber` WHERE `name` = '13217620979'  [ RunTime:0.0019s ]
SQL: UPDATE `p_menber` SET `chargebag`='10' WHERE `uid` = 1 [ RunTime:0.0016s ]
SQL: SHOW COLUMNS FROM `p_incomelog` [ RunTime:0.0162s ]
SQL: INSERT INTO `p_incomelog` (`type`,`state`,`reson`,`addymd`,`addtime`,`orderid`,`userid`,`income`) VALUES ('4','2','转账','2017-06-01','2017-06-01 22:20:06','6','1','200') [ RunTime:0.0025s ]
SQL: UPDATE `p_menber` SET `chargebag`='-200.00' WHERE `name` = '13217620979' [ RunTime:0.0025s ]
SQL: INSERT INTO `p_incomelog` (`type`,`state`,`reson`,`addymd`,`addtime`,`orderid`,`userid`,`income`) VALUES ('4','1','转账','2017-06-01','2017-06-01 22:20:06','1','6','200') [ RunTime:0.0022s ]

[ 2017-06-01T22:20:08+08:00 ] 127.0.0.1 /register/index.php/Home/User/mySwitchMoney
INFO: [ app_init ] --START--
INFO: Run Behavior\BuildLiteBehavior [ RunTime:0.000036s ]
INFO: [ app_init ] --END-- [ RunTime:0.001278s ]
INFO: [ app_begin ] --START--
INFO: Run Behavior\ReadHtmlCacheBehavior [ RunTime:0.001423s ]
INFO: [ app_begin ] --END-- [ RunTime:0.001654s ]
SQL: SHOW COLUMNS FROM `p_menber` [ RunTime:0.0171s ]
SQL: SELECT * FROM `p_menber` WHERE `uid` = 1  [ RunTime:0.0017s ]
INFO: [ view_parse ] --START--
INFO: [ template_filter ] --START--
INFO: Run Behavior\ContentReplaceBehavior [ RunTime:0.000232s ]
INFO: [ template_filter ] --END-- [ RunTime:0.000574s ]
INFO: Run Behavior\ParseTemplateBehavior [ RunTime:0.018843s ]
INFO: [ view_parse ] --END-- [ RunTime:0.019005s ]
INFO: [ view_filter ] --START--
INFO: Run Behavior\WriteHtmlCacheBehavior [ RunTime:0.000550s ]
INFO: [ view_filter ] --END-- [ RunTime:0.000653s ]
INFO: [ app_end ] --START--
INFO: Run Behavior\ShowPageTraceBehavior [ RunTime:0.001324s ]
INFO: [ app_end ] --END-- [ RunTime:0.001444s ]

[ 2017-06-01T22:25:47+08:00 ] 127.0.0.1 /register/index.php/Home/User/mySwitchMoney
INFO: [ app_init ] --START--
INFO: Run Behavior\BuildLiteBehavior [ RunTime:0.000044s ]
INFO: [ app_init ] --END-- [ RunTime:0.001191s ]
INFO: [ app_begin ] --START--
INFO: Run Behavior\ReadHtmlCacheBehavior [ RunTime:0.001080s ]
INFO: [ app_begin ] --END-- [ RunTime:0.001220s ]
SQL: SHOW COLUMNS FROM `p_menber` [ RunTime:0.0193s ]
SQL: SELECT * FROM `p_menber` WHERE `uid` = 1  [ RunTime:0.0091s ]
SQL: SELECT * FROM `p_menber` WHERE `uid` = 1  [ RunTime:0.0028s ]
SQL: SELECT * FROM `p_menber` WHERE `name` = '13778613202'  [ RunTime:0.0026s ]
SQL: UPDATE `p_menber` SET `chargebag`='4.00' WHERE `uid` = 1 [ RunTime:0.0032s ]
SQL: SHOW COLUMNS FROM `p_incomelog` [ RunTime:0.0205s ]
SQL: INSERT INTO `p_incomelog` (`type`,`state`,`reson`,`addymd`,`addtime`,`orderid`,`userid`,`income`) VALUES ('4','2','转账','2017-06-01','2017-06-01 22:25:47','7','1','6') [ RunTime:0.0017s ]
SQL: UPDATE `p_menber` SET `chargebag`='-4.00' WHERE `name` = '13778613202' [ RunTime:0.0024s ]
SQL: INSERT INTO `p_incomelog` (`type`,`state`,`reson`,`addymd`,`addtime`,`orderid`,`userid`,`income`) VALUES ('4','1','转账','2017-06-01','2017-06-01 22:25:47','1','7','6') [ RunTime:0.0017s ]

[ 2017-06-01T22:25:48+08:00 ] 127.0.0.1 /register/index.php/Home/User/mySwitchMoney
INFO: [ app_init ] --START--
INFO: Run Behavior\BuildLiteBehavior [ RunTime:0.000095s ]
INFO: [ app_init ] --END-- [ RunTime:0.001201s ]
INFO: [ app_begin ] --START--
INFO: Run Behavior\ReadHtmlCacheBehavior [ RunTime:0.000973s ]
INFO: [ app_begin ] --END-- [ RunTime:0.001090s ]
SQL: SHOW COLUMNS FROM `p_menber` [ RunTime:0.0185s ]
SQL: SELECT * FROM `p_menber` WHERE `uid` = 1  [ RunTime:0.0013s ]
INFO: [ view_parse ] --START--
INFO: [ template_filter ] --START--
INFO: Run Behavior\ContentReplaceBehavior [ RunTime:0.000159s ]
INFO: [ template_filter ] --END-- [ RunTime:0.000312s ]
INFO: Run Behavior\ParseTemplateBehavior [ RunTime:0.016820s ]
INFO: [ view_parse ] --END-- [ RunTime:0.017051s ]
INFO: [ view_filter ] --START--
INFO: Run Behavior\WriteHtmlCacheBehavior [ RunTime:0.000776s ]
INFO: [ view_filter ] --END-- [ RunTime:0.000869s ]
INFO: [ app_end ] --START--
INFO: Run Behavior\ShowPageTraceBehavior [ RunTime:0.001154s ]
INFO: [ app_end ] --END-- [ RunTime:0.001265s ]

[ 2017-06-01T22:27:56+08:00 ] 127.0.0.1 /register/index.php/Home/User/mySwitchMoney
INFO: [ app_init ] --START--
INFO: Run Behavior\BuildLiteBehavior [ RunTime:0.000032s ]
INFO: [ app_init ] --END-- [ RunTime:0.000952s ]
INFO: [ app_begin ] --START--
INFO: Run Behavior\ReadHtmlCacheBehavior [ RunTime:0.001490s ]
INFO: [ app_begin ] --END-- [ RunTime:0.001752s ]
SQL: SHOW COLUMNS FROM `p_menber` [ RunTime:0.0165s ]
SQL: SELECT * FROM `p_menber` WHERE `uid` = 1  [ RunTime:0.0022s ]
SQL: SELECT * FROM `p_menber` WHERE `uid` = 1  [ RunTime:0.0018s ]
SQL: SELECT * FROM `p_menber` WHERE `name` = '15183446404'  [ RunTime:0.0015s ]
SQL: UPDATE `p_menber` SET `chargebag`='2.00' WHERE `uid` = 1 [ RunTime:0.0010s ]
SQL: SHOW COLUMNS FROM `p_incomelog` [ RunTime:0.0173s ]
SQL: INSERT INTO `p_incomelog` (`type`,`state`,`reson`,`addymd`,`addtime`,`orderid`,`userid`,`income`) VALUES ('4','2','转账','2017-06-01','2017-06-01 22:27:56','9','1','2') [ RunTime:0.0016s ]
SQL: UPDATE `p_menber` SET `chargebag`='2.00' WHERE `name` = '15183446404' [ RunTime:0.0011s ]
SQL: INSERT INTO `p_incomelog` (`type`,`state`,`reson`,`addymd`,`addtime`,`orderid`,`userid`,`income`) VALUES ('4','1','转账','2017-06-01','2017-06-01 22:27:56','1','9','2') [ RunTime:0.0013s ]

[ 2017-06-01T22:27:57+08:00 ] 127.0.0.1 /register/index.php/Home/User/mySwitchMoney
INFO: [ app_init ] --START--
INFO: Run Behavior\BuildLiteBehavior [ RunTime:0.000141s ]
INFO: [ app_init ] --END-- [ RunTime:0.001624s ]
INFO: [ app_begin ] --START--
INFO: Run Behavior\ReadHtmlCacheBehavior [ RunTime:0.001556s ]
INFO: [ app_begin ] --END-- [ RunTime:0.001703s ]
SQL: SHOW COLUMNS FROM `p_menber` [ RunTime:0.0159s ]
SQL: SELECT * FROM `p_menber` WHERE `uid` = 1  [ RunTime:0.0022s ]
INFO: [ view_parse ] --START--
INFO: [ template_filter ] --START--
INFO: Run Behavior\ContentReplaceBehavior [ RunTime:0.000166s ]
INFO: [ template_filter ] --END-- [ RunTime:0.000347s ]
INFO: Run Behavior\ParseTemplateBehavior [ RunTime:0.014333s ]
INFO: [ view_parse ] --END-- [ RunTime:0.014472s ]
INFO: [ view_filter ] --START--
INFO: Run Behavior\WriteHtmlCacheBehavior [ RunTime:0.000710s ]
INFO: [ view_filter ] --END-- [ RunTime:0.000802s ]
INFO: [ app_end ] --START--
INFO: Run Behavior\ShowPageTraceBehavior [ RunTime:0.001114s ]
INFO: [ app_end ] --END-- [ RunTime:0.001223s ]

[ 2017-06-01T22:29:48+08:00 ] 127.0.0.1 /register/index.php/Home/User/mySwitchMoney.html
INFO: [ app_init ] --START--
INFO: Run Behavior\BuildLiteBehavior [ RunTime:0.000033s ]
INFO: [ app_init ] --END-- [ RunTime:0.001179s ]
INFO: [ app_begin ] --START--
INFO: Run Behavior\ReadHtmlCacheBehavior [ RunTime:0.001175s ]
INFO: [ app_begin ] --END-- [ RunTime:0.001296s ]
SQL: SHOW COLUMNS FROM `p_menber` [ RunTime:0.0134s ]
SQL: SELECT * FROM `p_menber` WHERE `uid` = 1  [ RunTime:0.0018s ]
INFO: [ view_parse ] --START--
INFO: [ template_filter ] --START--
INFO: Run Behavior\ContentReplaceBehavior [ RunTime:0.000115s ]
INFO: [ template_filter ] --END-- [ RunTime:0.000233s ]
INFO: Run Behavior\ParseTemplateBehavior [ RunTime:0.011533s ]
INFO: [ view_parse ] --END-- [ RunTime:0.011644s ]
INFO: [ view_filter ] --START--
INFO: Run Behavior\WriteHtmlCacheBehavior [ RunTime:0.000403s ]
INFO: [ view_filter ] --END-- [ RunTime:0.000463s ]
INFO: [ app_end ] --START--
INFO: Run Behavior\ShowPageTraceBehavior [ RunTime:0.000884s ]
INFO: [ app_end ] --END-- [ RunTime:0.000949s ]

[ 2017-06-01T22:29:58+08:00 ] 127.0.0.1 /register/index.php/Home/User/switchMoney.html
INFO: [ app_init ] --START--
INFO: Run Behavior\BuildLiteBehavior [ RunTime:0.000021s ]
INFO: [ app_init ] --END-- [ RunTime:0.000580s ]
INFO: [ app_begin ] --START--
INFO: Run Behavior\ReadHtmlCacheBehavior [ RunTime:0.000716s ]
INFO: [ app_begin ] --END-- [ RunTime:0.000802s ]
SQL: SHOW COLUMNS FROM `p_menber` [ RunTime:0.0142s ]
SQL: SELECT * FROM `p_menber` WHERE `uid` = 1  [ RunTime:0.0026s ]
NOTIC: [8] Undefined index: chargebag D:\WWW\dev\register\Application\Home\Controller\UserController.class.php 第 365 行.
NOTIC: [8] Undefined index: incomebag D:\WWW\dev\register\Application\Home\Controller\UserController.class.php 第 395 行.
INFO: [ view_parse ] --START--
INFO: [ template_filter ] --START--
INFO: Run Behavior\ContentReplaceBehavior [ RunTime:0.000104s ]
INFO: [ template_filter ] --END-- [ RunTime:0.000211s ]
INFO: Run Behavior\ParseTemplateBehavior [ RunTime:0.030382s ]
INFO: [ view_parse ] --END-- [ RunTime:0.030475s ]
INFO: [ view_filter ] --START--
INFO: Run Behavior\WriteHtmlCacheBehavior [ RunTime:0.000593s ]
INFO: [ view_filter ] --END-- [ RunTime:0.000952s ]
INFO: [ app_end ] --START--
INFO: Run Behavior\ShowPageTraceBehavior [ RunTime:0.001069s ]
INFO: [ app_end ] --END-- [ RunTime:0.001229s ]

[ 2017-06-01T22:30:08+08:00 ] 127.0.0.1 /register/index.php/Home/Index/index.html
INFO: [ app_init ] --START--
INFO: Run Behavior\BuildLiteBehavior [ RunTime:0.000023s ]
INFO: [ app_init ] --END-- [ RunTime:0.000736s ]
INFO: [ app_begin ] --START--
INFO: Run Behavior\ReadHtmlCacheBehavior [ RunTime:0.000836s ]
INFO: [ app_begin ] --END-- [ RunTime:0.000945s ]
SQL: SHOW COLUMNS FROM `p_menber` [ RunTime:0.0107s ]
SQL: SELECT * FROM `p_menber` WHERE `uid` = 1  [ RunTime:0.0020s ]
SQL: SELECT * FROM `p_menber` WHERE `uid` = 1  [ RunTime:0.0020s ]
SQL: SHOW COLUMNS FROM `p_orderlog` [ RunTime:0.0127s ]
SQL: SELECT * FROM `p_orderlog` ORDER BY logid DESC LIMIT 10   [ RunTime:0.0034s ]
SQL: SHOW COLUMNS FROM `p_incomelog` [ RunTime:0.0104s ]
SQL: SELECT * FROM `p_incomelog` WHERE `addymd` = '2017-05-31' AND `userid` = 1  [ RunTime:0.0032s ]
SQL: SELECT * FROM `p_incomelog` WHERE `userid` = 1 ORDER BY id DESC  [ RunTime:0.0068s ]
INFO: [ view_parse ] --START--
INFO: [ template_filter ] --START--
INFO: Run Behavior\ContentReplaceBehavior [ RunTime:0.000175s ]
INFO: [ template_filter ] --END-- [ RunTime:0.000256s ]
INFO: Run Behavior\ParseTemplateBehavior [ RunTime:0.018471s ]
INFO: [ view_parse ] --END-- [ RunTime:0.018564s ]
INFO: [ view_filter ] --START--
INFO: Run Behavior\WriteHtmlCacheBehavior [ RunTime:0.000395s ]
INFO: [ view_filter ] --END-- [ RunTime:0.000456s ]
INFO: [ app_end ] --START--
INFO: Run Behavior\ShowPageTraceBehavior [ RunTime:0.001055s ]
INFO: [ app_end ] --END-- [ RunTime:0.001339s ]

[ 2017-06-01T22:30:12+08:00 ] 127.0.0.1 /register/index.php/Home/User/user.html
INFO: [ app_init ] --START--
INFO: Run Behavior\BuildLiteBehavior [ RunTime:0.000032s ]
INFO: [ app_init ] --END-- [ RunTime:0.000949s ]
INFO: [ app_begin ] --START--
INFO: Run Behavior\ReadHtmlCacheBehavior [ RunTime:0.001042s ]
INFO: [ app_begin ] --END-- [ RunTime:0.001193s ]
SQL: SHOW COLUMNS FROM `p_menber` [ RunTime:0.0127s ]
SQL: SELECT * FROM `p_menber` WHERE `uid` = 1  [ RunTime:0.0015s ]
INFO: [ view_parse ] --START--
INFO: [ template_filter ] --START--
INFO: Run Behavior\ContentReplaceBehavior [ RunTime:0.000239s ]
INFO: [ template_filter ] --END-- [ RunTime:0.000397s ]
INFO: Run Behavior\ParseTemplateBehavior [ RunTime:0.016559s ]
INFO: [ view_parse ] --END-- [ RunTime:0.016670s ]
INFO: [ view_filter ] --START--
INFO: Run Behavior\WriteHtmlCacheBehavior [ RunTime:0.000391s ]
INFO: [ view_filter ] --END-- [ RunTime:0.000452s ]
INFO: [ app_end ] --START--
INFO: Run Behavior\ShowPageTraceBehavior [ RunTime:0.000729s ]
INFO: [ app_end ] --END-- [ RunTime:0.000792s ]

[ 2017-06-01T22:30:14+08:00 ] 127.0.0.1 /register/index.php/Home/User/switchMoney.html
INFO: [ app_init ] --START--
INFO: Run Behavior\BuildLiteBehavior [ RunTime:0.000033s ]
INFO: [ app_init ] --END-- [ RunTime:0.000906s ]
INFO: [ app_begin ] --START--
INFO: Run Behavior\ReadHtmlCacheBehavior [ RunTime:0.001081s ]
INFO: [ app_begin ] --END-- [ RunTime:0.001293s ]
SQL: SHOW COLUMNS FROM `p_menber` [ RunTime:0.0119s ]
SQL: SELECT * FROM `p_menber` WHERE `uid` = 1  [ RunTime:0.0011s ]
NOTIC: [8] Undefined index: chargebag D:\WWW\dev\register\Application\Home\Controller\UserController.class.php 第 365 行.
NOTIC: [8] Undefined index: incomebag D:\WWW\dev\register\Application\Home\Controller\UserController.class.php 第 395 行.
INFO: [ view_parse ] --START--
INFO: [ template_filter ] --START--
INFO: Run Behavior\ContentReplaceBehavior [ RunTime:0.000107s ]
INFO: [ template_filter ] --END-- [ RunTime:0.000224s ]
INFO: Run Behavior\ParseTemplateBehavior [ RunTime:0.011243s ]
INFO: [ view_parse ] --END-- [ RunTime:0.011334s ]
INFO: [ view_filter ] --START--
INFO: Run Behavior\WriteHtmlCacheBehavior [ RunTime:0.000459s ]
INFO: [ view_filter ] --END-- [ RunTime:0.000528s ]
INFO: [ app_end ] --START--
INFO: Run Behavior\ShowPageTraceBehavior [ RunTime:0.001602s ]
INFO: [ app_end ] --END-- [ RunTime:0.001719s ]

[ 2017-06-01T22:30:20+08:00 ] 127.0.0.1 /register/index.php/Home/User/switchMoney.html
INFO: [ app_init ] --START--
INFO: Run Behavior\BuildLiteBehavior [ RunTime:0.000028s ]
INFO: [ app_init ] --END-- [ RunTime:0.000784s ]
INFO: [ app_begin ] --START--
INFO: Run Behavior\ReadHtmlCacheBehavior [ RunTime:0.001096s ]
INFO: [ app_begin ] --END-- [ RunTime:0.001201s ]
SQL: SHOW COLUMNS FROM `p_menber` [ RunTime:0.0149s ]
SQL: SELECT * FROM `p_menber` WHERE `uid` = 1  [ RunTime:0.0010s ]
NOTIC: [8] Undefined index: chargebag D:\WWW\dev\register\Application\Home\Controller\UserController.class.php 第 365 行.
SQL: SELECT * FROM `p_menber` WHERE `uid` = 1  [ RunTime:0.0027s ]
SQL: UPDATE `p_menber` SET `chargebag`='4.00',`incomebag`='11409.60' WHERE `uid` = 1 [ RunTime:0.0009s ]

[ 2017-06-01T22:30:21+08:00 ] 127.0.0.1 /register/index.php/Home/Index/index
INFO: [ app_init ] --START--
INFO: Run Behavior\BuildLiteBehavior [ RunTime:0.000034s ]
INFO: [ app_init ] --END-- [ RunTime:0.000905s ]
INFO: [ app_begin ] --START--
INFO: Run Behavior\ReadHtmlCacheBehavior [ RunTime:0.001375s ]
INFO: [ app_begin ] --END-- [ RunTime:0.001540s ]
SQL: SHOW COLUMNS FROM `p_menber` [ RunTime:0.0162s ]
SQL: SELECT * FROM `p_menber` WHERE `uid` = 1  [ RunTime:0.0024s ]
SQL: SELECT * FROM `p_menber` WHERE `uid` = 1  [ RunTime:0.0022s ]
SQL: SHOW COLUMNS FROM `p_orderlog` [ RunTime:0.0221s ]
SQL: SELECT * FROM `p_orderlog` ORDER BY logid DESC LIMIT 10   [ RunTime:0.0049s ]
SQL: SHOW COLUMNS FROM `p_incomelog` [ RunTime:0.0142s ]
SQL: SELECT * FROM `p_incomelog` WHERE `addymd` = '2017-05-31' AND `userid` = 1  [ RunTime:0.0030s ]
SQL: SELECT * FROM `p_incomelog` WHERE `userid` = 1 ORDER BY id DESC  [ RunTime:0.0123s ]
INFO: [ view_parse ] --START--
INFO: [ template_filter ] --START--
INFO: Run Behavior\ContentReplaceBehavior [ RunTime:0.000152s ]
INFO: [ template_filter ] --END-- [ RunTime:0.000238s ]
INFO: Run Behavior\ParseTemplateBehavior [ RunTime:0.019228s ]
INFO: [ view_parse ] --END-- [ RunTime:0.019316s ]
INFO: [ view_filter ] --START--
INFO: Run Behavior\WriteHtmlCacheBehavior [ RunTime:0.000479s ]
INFO: [ view_filter ] --END-- [ RunTime:0.000542s ]
INFO: [ app_end ] --START--
INFO: Run Behavior\ShowPageTraceBehavior [ RunTime:0.000888s ]
INFO: [ app_end ] --END-- [ RunTime:0.000975s ]

[ 2017-06-01T22:30:27+08:00 ] 127.0.0.1 /register/index.php/Home/User/user.html
INFO: [ app_init ] --START--
INFO: Run Behavior\BuildLiteBehavior [ RunTime:0.000019s ]
INFO: [ app_init ] --END-- [ RunTime:0.000600s ]
INFO: [ app_begin ] --START--
INFO: Run Behavior\ReadHtmlCacheBehavior [ RunTime:0.001014s ]
INFO: [ app_begin ] --END-- [ RunTime:0.001115s ]
SQL: SHOW COLUMNS FROM `p_menber` [ RunTime:0.0161s ]
SQL: SELECT * FROM `p_menber` WHERE `uid` = 1  [ RunTime:0.0016s ]
INFO: [ view_parse ] --START--
INFO: [ template_filter ] --START--
INFO: Run Behavior\ContentReplaceBehavior [ RunTime:0.000228s ]
INFO: [ template_filter ] --END-- [ RunTime:0.000351s ]
INFO: Run Behavior\ParseTemplateBehavior [ RunTime:0.016832s ]
INFO: [ view_parse ] --END-- [ RunTime:0.016961s ]
INFO: [ view_filter ] --START--
INFO: Run Behavior\WriteHtmlCacheBehavior [ RunTime:0.000492s ]
INFO: [ view_filter ] --END-- [ RunTime:0.000565s ]
INFO: [ app_end ] --START--
INFO: Run Behavior\ShowPageTraceBehavior [ RunTime:0.000760s ]
INFO: [ app_end ] --END-- [ RunTime:0.000826s ]

[ 2017-06-01T22:30:29+08:00 ] 127.0.0.1 /register/index.php/Home/User/switchMoney.html
INFO: [ app_init ] --START--
INFO: Run Behavior\BuildLiteBehavior [ RunTime:0.000021s ]
INFO: [ app_init ] --END-- [ RunTime:0.000593s ]
INFO: [ app_begin ] --START--
INFO: Run Behavior\ReadHtmlCacheBehavior [ RunTime:0.000720s ]
INFO: [ app_begin ] --END-- [ RunTime:0.000804s ]
SQL: SHOW COLUMNS FROM `p_menber` [ RunTime:0.0109s ]
SQL: SELECT * FROM `p_menber` WHERE `uid` = 1  [ RunTime:0.0011s ]
NOTIC: [8] Undefined index: chargebag D:\WWW\dev\register\Application\Home\Controller\UserController.class.php 第 365 行.
NOTIC: [8] Undefined index: incomebag D:\WWW\dev\register\Application\Home\Controller\UserController.class.php 第 395 行.
INFO: [ view_parse ] --START--
INFO: [ template_filter ] --START--
INFO: Run Behavior\ContentReplaceBehavior [ RunTime:0.000127s ]
INFO: [ template_filter ] --END-- [ RunTime:0.000285s ]
INFO: Run Behavior\ParseTemplateBehavior [ RunTime:0.011881s ]
INFO: [ view_parse ] --END-- [ RunTime:0.012038s ]
INFO: [ view_filter ] --START--
INFO: Run Behavior\WriteHtmlCacheBehavior [ RunTime:0.000390s ]
INFO: [ view_filter ] --END-- [ RunTime:0.000462s ]
INFO: [ app_end ] --START--
INFO: Run Behavior\ShowPageTraceBehavior [ RunTime:0.000759s ]
INFO: [ app_end ] --END-- [ RunTime:0.000825s ]

[ 2017-06-01T22:30:32+08:00 ] 127.0.0.1 /register/index.php/Home/User/switchMoney.html
INFO: [ app_init ] --START--
INFO: Run Behavior\BuildLiteBehavior [ RunTime:0.000039s ]
INFO: [ app_init ] --END-- [ RunTime:0.000777s ]
INFO: [ app_begin ] --START--
INFO: Run Behavior\ReadHtmlCacheBehavior [ RunTime:0.000776s ]
INFO: [ app_begin ] --END-- [ RunTime:0.000867s ]
SQL: SHOW COLUMNS FROM `p_menber` [ RunTime:0.0145s ]
SQL: SELECT * FROM `p_menber` WHERE `uid` = 1  [ RunTime:0.0013s ]
NOTIC: [8] Undefined index: chargebag D:\WWW\dev\register\Application\Home\Controller\UserController.class.php 第 365 行.
SQL: SELECT * FROM `p_menber` WHERE `uid` = 1  [ RunTime:0.0009s ]
SQL: UPDATE `p_menber` SET `chargebag`='13.00',`incomebag`='11400.60' WHERE `uid` = 1 [ RunTime:0.0011s ]

[ 2017-06-01T22:30:34+08:00 ] 127.0.0.1 /register/index.php/Home/Index/index
INFO: [ app_init ] --START--
INFO: Run Behavior\BuildLiteBehavior [ RunTime:0.000034s ]
INFO: [ app_init ] --END-- [ RunTime:0.001113s ]
INFO: [ app_begin ] --START--
INFO: Run Behavior\ReadHtmlCacheBehavior [ RunTime:0.001186s ]
INFO: [ app_begin ] --END-- [ RunTime:0.001339s ]
SQL: SHOW COLUMNS FROM `p_menber` [ RunTime:0.0165s ]
SQL: SELECT * FROM `p_menber` WHERE `uid` = 1  [ RunTime:0.0022s ]
SQL: SELECT * FROM `p_menber` WHERE `uid` = 1  [ RunTime:0.0016s ]
SQL: SHOW COLUMNS FROM `p_orderlog` [ RunTime:0.0177s ]
SQL: SELECT * FROM `p_orderlog` ORDER BY logid DESC LIMIT 10   [ RunTime:0.0033s ]
SQL: SHOW COLUMNS FROM `p_incomelog` [ RunTime:0.0146s ]
SQL: SELECT * FROM `p_incomelog` WHERE `addymd` = '2017-05-31' AND `userid` = 1  [ RunTime:0.0022s ]
SQL: SELECT * FROM `p_incomelog` WHERE `userid` = 1 ORDER BY id DESC  [ RunTime:0.0121s ]
INFO: [ view_parse ] --START--
INFO: [ template_filter ] --START--
INFO: Run Behavior\ContentReplaceBehavior [ RunTime:0.000150s ]
INFO: [ template_filter ] --END-- [ RunTime:0.000232s ]
INFO: Run Behavior\ParseTemplateBehavior [ RunTime:0.018741s ]
INFO: [ view_parse ] --END-- [ RunTime:0.018853s ]
INFO: [ view_filter ] --START--
INFO: Run Behavior\WriteHtmlCacheBehavior [ RunTime:0.000397s ]
INFO: [ view_filter ] --END-- [ RunTime:0.000462s ]
INFO: [ app_end ] --START--
INFO: Run Behavior\ShowPageTraceBehavior [ RunTime:0.001128s ]
INFO: [ app_end ] --END-- [ RunTime:0.001266s ]

[ 2017-06-01T22:31:18+08:00 ] 127.0.0.1 /register/index.php/Home/User/user.html
INFO: [ app_init ] --START--
INFO: Run Behavior\BuildLiteBehavior [ RunTime:0.000030s ]
INFO: [ app_init ] --END-- [ RunTime:0.000849s ]
INFO: [ app_begin ] --START--
INFO: Run Behavior\ReadHtmlCacheBehavior [ RunTime:0.001170s ]
INFO: [ app_begin ] --END-- [ RunTime:0.001304s ]
SQL: SHOW COLUMNS FROM `p_menber` [ RunTime:0.0125s ]
SQL: SELECT * FROM `p_menber` WHERE `uid` = 1  [ RunTime:0.0008s ]
INFO: [ view_parse ] --START--
INFO: [ template_filter ] --START--
INFO: Run Behavior\ContentReplaceBehavior [ RunTime:0.000231s ]
INFO: [ template_filter ] --END-- [ RunTime:0.000403s ]
INFO: Run Behavior\ParseTemplateBehavior [ RunTime:0.018355s ]
INFO: [ view_parse ] --END-- [ RunTime:0.018452s ]
INFO: [ view_filter ] --START--
INFO: Run Behavior\WriteHtmlCacheBehavior [ RunTime:0.000387s ]
INFO: [ view_filter ] --END-- [ RunTime:0.000448s ]
INFO: [ app_end ] --START--
INFO: Run Behavior\ShowPageTraceBehavior [ RunTime:0.000821s ]
INFO: [ app_end ] --END-- [ RunTime:0.000888s ]

[ 2017-06-01T22:31:19+08:00 ] 127.0.0.1 /register/index.php/Home/User/switchMoney.html
INFO: [ app_init ] --START--
INFO: Run Behavior\BuildLiteBehavior [ RunTime:0.000028s ]
INFO: [ app_init ] --END-- [ RunTime:0.000783s ]
INFO: [ app_begin ] --START--
INFO: Run Behavior\ReadHtmlCacheBehavior [ RunTime:0.000725s ]
INFO: [ app_begin ] --END-- [ RunTime:0.000808s ]
SQL: SHOW COLUMNS FROM `p_menber` [ RunTime:0.0115s ]
SQL: SELECT * FROM `p_menber` WHERE `uid` = 1  [ RunTime:0.0012s ]
NOTIC: [8] Undefined index: chargebag D:\WWW\dev\register\Application\Home\Controller\UserController.class.php 第 365 行.
NOTIC: [8] Undefined index: incomebag D:\WWW\dev\register\Application\Home\Controller\UserController.class.php 第 395 行.
INFO: [ view_parse ] --START--
INFO: [ template_filter ] --START--
INFO: Run Behavior\ContentReplaceBehavior [ RunTime:0.000102s ]
INFO: [ template_filter ] --END-- [ RunTime:0.000202s ]
INFO: Run Behavior\ParseTemplateBehavior [ RunTime:0.011428s ]
INFO: [ view_parse ] --END-- [ RunTime:0.011562s ]
INFO: [ view_filter ] --START--
INFO: Run Behavior\WriteHtmlCacheBehavior [ RunTime:0.000443s ]
INFO: [ view_filter ] --END-- [ RunTime:0.000515s ]
INFO: [ app_end ] --START--
INFO: Run Behavior\ShowPageTraceBehavior [ RunTime:0.000798s ]
INFO: [ app_end ] --END-- [ RunTime:0.000866s ]

[ 2017-06-01T22:31:25+08:00 ] 127.0.0.1 /register/index.php/Home/User/switchMoney.html
INFO: [ app_init ] --START--
INFO: Run Behavior\BuildLiteBehavior [ RunTime:0.000021s ]
INFO: [ app_init ] --END-- [ RunTime:0.000661s ]
INFO: [ app_begin ] --START--
INFO: Run Behavior\ReadHtmlCacheBehavior [ RunTime:0.000906s ]
INFO: [ app_begin ] --END-- [ RunTime:0.001021s ]
SQL: SHOW COLUMNS FROM `p_menber` [ RunTime:0.0149s ]
SQL: SELECT * FROM `p_menber` WHERE `uid` = 1  [ RunTime:0.0018s ]
NOTIC: [8] Undefined index: chargebag D:\WWW\dev\register\Application\Home\Controller\UserController.class.php 第 365 行.
SQL: SELECT * FROM `p_menber` WHERE `uid` = 1  [ RunTime:0.0014s ]
SQL: UPDATE `p_menber` SET `chargebag`='213.00',`incomebag`='11200.60' WHERE `uid` = 1 [ RunTime:0.0014s ]

[ 2017-06-01T22:31:26+08:00 ] 127.0.0.1 /register/index.php/Home/Index/index
INFO: [ app_init ] --START--
INFO: Run Behavior\BuildLiteBehavior [ RunTime:0.000071s ]
INFO: [ app_init ] --END-- [ RunTime:0.001941s ]
INFO: [ app_begin ] --START--
INFO: Run Behavior\ReadHtmlCacheBehavior [ RunTime:0.000767s ]
INFO: [ app_begin ] --END-- [ RunTime:0.000862s ]
SQL: SHOW COLUMNS FROM `p_menber` [ RunTime:0.0136s ]
SQL: SELECT * FROM `p_menber` WHERE `uid` = 1  [ RunTime:0.0030s ]
SQL: SELECT * FROM `p_menber` WHERE `uid` = 1  [ RunTime:0.0024s ]
SQL: SHOW COLUMNS FROM `p_orderlog` [ RunTime:0.0133s ]
SQL: SELECT * FROM `p_orderlog` ORDER BY logid DESC LIMIT 10   [ RunTime:0.0022s ]
SQL: SHOW COLUMNS FROM `p_incomelog` [ RunTime:0.0135s ]
SQL: SELECT * FROM `p_incomelog` WHERE `addymd` = '2017-05-31' AND `userid` = 1  [ RunTime:0.0025s ]
SQL: SELECT * FROM `p_incomelog` WHERE `userid` = 1 ORDER BY id DESC  [ RunTime:0.0051s ]
INFO: [ view_parse ] --START--
INFO: [ template_filter ] --START--
INFO: Run Behavior\ContentReplaceBehavior [ RunTime:0.000177s ]
INFO: [ template_filter ] --END-- [ RunTime:0.000281s ]
INFO: Run Behavior\ParseTemplateBehavior [ RunTime:0.020155s ]
INFO: [ view_parse ] --END-- [ RunTime:0.020250s ]
INFO: [ view_filter ] --START--
INFO: Run Behavior\WriteHtmlCacheBehavior [ RunTime:0.000486s ]
INFO: [ view_filter ] --END-- [ RunTime:0.000560s ]
INFO: [ app_end ] --START--
INFO: Run Behavior\ShowPageTraceBehavior [ RunTime:0.001487s ]
INFO: [ app_end ] --END-- [ RunTime:0.001760s ]

[ 2017-06-01T22:34:04+08:00 ] 127.0.0.1 /register/index.php/Home/User/user.html
INFO: [ app_init ] --START--
INFO: Run Behavior\BuildLiteBehavior [ RunTime:0.000020s ]
INFO: [ app_init ] --END-- [ RunTime:0.000683s ]
INFO: [ app_begin ] --START--
INFO: Run Behavior\ReadHtmlCacheBehavior [ RunTime:0.000810s ]
INFO: [ app_begin ] --END-- [ RunTime:0.000892s ]
SQL: SHOW COLUMNS FROM `p_menber` [ RunTime:0.0132s ]
SQL: SELECT * FROM `p_menber` WHERE `uid` = 1  [ RunTime:0.0027s ]
INFO: [ view_parse ] --START--
INFO: [ template_filter ] --START--
INFO: Run Behavior\ContentReplaceBehavior [ RunTime:0.000193s ]
INFO: [ template_filter ] --END-- [ RunTime:0.000334s ]
INFO: Run Behavior\ParseTemplateBehavior [ RunTime:0.018655s ]
INFO: [ view_parse ] --END-- [ RunTime:0.018770s ]
INFO: [ view_filter ] --START--
INFO: Run Behavior\WriteHtmlCacheBehavior [ RunTime:0.000505s ]
INFO: [ view_filter ] --END-- [ RunTime:0.000565s ]
INFO: [ app_end ] --START--
INFO: Run Behavior\ShowPageTraceBehavior [ RunTime:0.001153s ]
INFO: [ app_end ] --END-- [ RunTime:0.001245s ]

[ 2017-06-01T22:34:07+08:00 ] 127.0.0.1 /register/index.php/Home/User/drawCash.html
INFO: [ app_init ] --START--
INFO: Run Behavior\BuildLiteBehavior [ RunTime:0.000022s ]
INFO: [ app_init ] --END-- [ RunTime:0.000619s ]
INFO: [ app_begin ] --START--
INFO: Run Behavior\ReadHtmlCacheBehavior [ RunTime:0.001078s ]
INFO: [ app_begin ] --END-- [ RunTime:0.001229s ]
SQL: SHOW COLUMNS FROM `p_menber` [ RunTime:0.0138s ]
SQL: SELECT * FROM `p_menber` WHERE `uid` = 1  [ RunTime:0.0015s ]
INFO: [ view_parse ] --START--
INFO: [ template_filter ] --START--
INFO: Run Behavior\ContentReplaceBehavior [ RunTime:0.000232s ]
INFO: [ template_filter ] --END-- [ RunTime:0.000363s ]
INFO: Run Behavior\ParseTemplateBehavior [ RunTime:0.012919s ]
INFO: [ view_parse ] --END-- [ RunTime:0.013013s ]
INFO: [ view_filter ] --START--
INFO: Run Behavior\WriteHtmlCacheBehavior [ RunTime:0.000443s ]
INFO: [ view_filter ] --END-- [ RunTime:0.000505s ]
INFO: [ app_end ] --START--
INFO: Run Behavior\ShowPageTraceBehavior [ RunTime:0.000756s ]
INFO: [ app_end ] --END-- [ RunTime:0.000822s ]

[ 2017-06-01T22:34:12+08:00 ] 127.0.0.1 /register/index.php/Home/Index/index.html
INFO: [ app_init ] --START--
INFO: Run Behavior\BuildLiteBehavior [ RunTime:0.000020s ]
INFO: [ app_init ] --END-- [ RunTime:0.000574s ]
INFO: [ app_begin ] --START--
INFO: Run Behavior\ReadHtmlCacheBehavior [ RunTime:0.000855s ]
INFO: [ app_begin ] --END-- [ RunTime:0.000946s ]
SQL: SHOW COLUMNS FROM `p_menber` [ RunTime:0.0118s ]
SQL: SELECT * FROM `p_menber` WHERE `uid` = 1  [ RunTime:0.0018s ]
SQL: SELECT * FROM `p_menber` WHERE `uid` = 1  [ RunTime:0.0021s ]
SQL: SHOW COLUMNS FROM `p_orderlog` [ RunTime:0.0122s ]
SQL: SELECT * FROM `p_orderlog` ORDER BY logid DESC LIMIT 10   [ RunTime:0.0021s ]
SQL: SHOW COLUMNS FROM `p_incomelog` [ RunTime:0.0143s ]
SQL: SELECT * FROM `p_incomelog` WHERE `addymd` = '2017-05-31' AND `userid` = 1  [ RunTime:0.0034s ]
SQL: SELECT * FROM `p_incomelog` WHERE `userid` = 1 ORDER BY id DESC  [ RunTime:0.0062s ]
INFO: [ view_parse ] --START--
INFO: [ template_filter ] --START--
INFO: Run Behavior\ContentReplaceBehavior [ RunTime:0.000259s ]
INFO: [ template_filter ] --END-- [ RunTime:0.000443s ]
INFO: Run Behavior\ParseTemplateBehavior [ RunTime:0.024177s ]
INFO: [ view_parse ] --END-- [ RunTime:0.024273s ]
INFO: [ view_filter ] --START--
INFO: Run Behavior\WriteHtmlCacheBehavior [ RunTime:0.000471s ]
INFO: [ view_filter ] --END-- [ RunTime:0.000534s ]
INFO: [ app_end ] --START--
INFO: Run Behavior\ShowPageTraceBehavior [ RunTime:0.001163s ]
INFO: [ app_end ] --END-- [ RunTime:0.001272s ]

[ 2017-06-01T22:34:14+08:00 ] 127.0.0.1 /register/index.php/Home/User/user.html
INFO: [ app_init ] --START--
INFO: Run Behavior\BuildLiteBehavior [ RunTime:0.000037s ]
INFO: [ app_init ] --END-- [ RunTime:0.000865s ]
INFO: [ app_begin ] --START--
INFO: Run Behavior\ReadHtmlCacheBehavior [ RunTime:0.000945s ]
INFO: [ app_begin ] --END-- [ RunTime:0.001067s ]
SQL: SHOW COLUMNS FROM `p_menber` [ RunTime:0.0154s ]
SQL: SELECT * FROM `p_menber` WHERE `uid` = 1  [ RunTime:0.0008s ]
INFO: [ view_parse ] --START--
INFO: [ template_filter ] --START--
INFO: Run Behavior\ContentReplaceBehavior [ RunTime:0.000209s ]
INFO: [ template_filter ] --END-- [ RunTime:0.000301s ]
INFO: Run Behavior\ParseTemplateBehavior [ RunTime:0.016840s ]
INFO: [ view_parse ] --END-- [ RunTime:0.016942s ]
INFO: [ view_filter ] --START--
INFO: Run Behavior\WriteHtmlCacheBehavior [ RunTime:0.000399s ]
INFO: [ view_filter ] --END-- [ RunTime:0.000460s ]
INFO: [ app_end ] --START--
INFO: Run Behavior\ShowPageTraceBehavior [ RunTime:0.000754s ]
INFO: [ app_end ] --END-- [ RunTime:0.000815s ]

[ 2017-06-01T22:34:15+08:00 ] 127.0.0.1 /register/index.php/Home/User/drawCash.html
INFO: [ app_init ] --START--
INFO: Run Behavior\BuildLiteBehavior [ RunTime:0.000041s ]
INFO: [ app_init ] --END-- [ RunTime:0.000914s ]
INFO: [ app_begin ] --START--
INFO: Run Behavior\ReadHtmlCacheBehavior [ RunTime:0.000779s ]
INFO: [ app_begin ] --END-- [ RunTime:0.000891s ]
SQL: SHOW COLUMNS FROM `p_menber` [ RunTime:0.0143s ]
SQL: SELECT * FROM `p_menber` WHERE `uid` = 1  [ RunTime:0.0011s ]
INFO: [ view_parse ] --START--
INFO: [ template_filter ] --START--
INFO: Run Behavior\ContentReplaceBehavior [ RunTime:0.000151s ]
INFO: [ template_filter ] --END-- [ RunTime:0.000242s ]
INFO: Run Behavior\ParseTemplateBehavior [ RunTime:0.012009s ]
INFO: [ view_parse ] --END-- [ RunTime:0.012102s ]
INFO: [ view_filter ] --START--
INFO: Run Behavior\WriteHtmlCacheBehavior [ RunTime:0.000396s ]
INFO: [ view_filter ] --END-- [ RunTime:0.000459s ]
INFO: [ app_end ] --START--
INFO: Run Behavior\ShowPageTraceBehavior [ RunTime:0.000719s ]
INFO: [ app_end ] --END-- [ RunTime:0.000783s ]

[ 2017-06-01T22:34:45+08:00 ] 127.0.0.1 /register/index.php/Home/User/drawCash.html
INFO: [ app_init ] --START--
INFO: Run Behavior\BuildLiteBehavior [ RunTime:0.000028s ]
INFO: [ app_init ] --END-- [ RunTime:0.000995s ]
INFO: [ app_begin ] --START--
INFO: Run Behavior\ReadHtmlCacheBehavior [ RunTime:0.001074s ]
INFO: [ app_begin ] --END-- [ RunTime:0.001277s ]
SQL: SHOW COLUMNS FROM `p_menber` [ RunTime:0.0159s ]
SQL: SELECT * FROM `p_menber` WHERE `uid` = 1  [ RunTime:0.0014s ]
SQL: SELECT * FROM `p_menber` WHERE `uid` = 1  [ RunTime:0.0009s ]
SQL: UPDATE `p_menber` SET `incomebag`='11000.60' WHERE `uid` = 1 [ RunTime:0.0016s ]
SQL: SHOW COLUMNS FROM `p_incomelog` [ RunTime:0.0160s ]
NOTIC: [8] Undefined index: name D:\WWW\dev\register\Application\Home\Controller\UserController.class.php 第 106 行.
SQL: INSERT INTO `p_incomelog` (`type`,`state`,`reson`,`addymd`,`addtime`,`orderid`,`userid`,`income`) VALUES ('3','0','支付宝提现','2017-06-01','2017-06-01 22:34:45',',18883287644,,,,','1','200') [ RunTime:0.0014s ]

[ 2017-06-01T22:34:47+08:00 ] 127.0.0.1 /register/index.php/Home/User/drawCash
INFO: [ app_init ] --START--
INFO: Run Behavior\BuildLiteBehavior [ RunTime:0.000041s ]
INFO: [ app_init ] --END-- [ RunTime:0.001488s ]
INFO: [ app_begin ] --START--
INFO: Run Behavior\ReadHtmlCacheBehavior [ RunTime:0.001275s ]
INFO: [ app_begin ] --END-- [ RunTime:0.001433s ]
SQL: SHOW COLUMNS FROM `p_menber` [ RunTime:0.0154s ]
SQL: SELECT * FROM `p_menber` WHERE `uid` = 1  [ RunTime:0.0012s ]
INFO: [ view_parse ] --START--
INFO: [ template_filter ] --START--
INFO: Run Behavior\ContentReplaceBehavior [ RunTime:0.000170s ]
INFO: [ template_filter ] --END-- [ RunTime:0.000277s ]
INFO: Run Behavior\ParseTemplateBehavior [ RunTime:0.015933s ]
INFO: [ view_parse ] --END-- [ RunTime:0.016071s ]
INFO: [ view_filter ] --START--
INFO: Run Behavior\WriteHtmlCacheBehavior [ RunTime:0.000587s ]
INFO: [ view_filter ] --END-- [ RunTime:0.000692s ]
INFO: [ app_end ] --START--
INFO: Run Behavior\ShowPageTraceBehavior [ RunTime:0.001309s ]
INFO: [ app_end ] --END-- [ RunTime:0.001432s ]

[ 2017-06-01T22:34:50+08:00 ] 127.0.0.1 /register/index.php/Home/User/drawCash.html
INFO: [ app_init ] --START--
INFO: Run Behavior\BuildLiteBehavior [ RunTime:0.000032s ]
INFO: [ app_init ] --END-- [ RunTime:0.000883s ]
INFO: [ app_begin ] --START--
INFO: Run Behavior\ReadHtmlCacheBehavior [ RunTime:0.001052s ]
INFO: [ app_begin ] --END-- [ RunTime:0.001176s ]
SQL: SHOW COLUMNS FROM `p_menber` [ RunTime:0.0137s ]
SQL: SELECT * FROM `p_menber` WHERE `uid` = 1  [ RunTime:0.0019s ]
INFO: [ view_parse ] --START--
INFO: [ template_filter ] --START--
INFO: Run Behavior\ContentReplaceBehavior [ RunTime:0.000147s ]
INFO: [ template_filter ] --END-- [ RunTime:0.000238s ]
INFO: Run Behavior\ParseTemplateBehavior [ RunTime:0.010624s ]
INFO: [ view_parse ] --END-- [ RunTime:0.010720s ]
INFO: [ view_filter ] --START--
INFO: Run Behavior\WriteHtmlCacheBehavior [ RunTime:0.000423s ]
INFO: [ view_filter ] --END-- [ RunTime:0.000484s ]
INFO: [ app_end ] --START--
INFO: Run Behavior\ShowPageTraceBehavior [ RunTime:0.000833s ]
INFO: [ app_end ] --END-- [ RunTime:0.000922s ]

[ 2017-06-01T22:34:52+08:00 ] 127.0.0.1 /register/index.php/Home/Index/index.html
INFO: [ app_init ] --START--
INFO: Run Behavior\BuildLiteBehavior [ RunTime:0.000035s ]
INFO: [ app_init ] --END-- [ RunTime:0.000940s ]
INFO: [ app_begin ] --START--
INFO: Run Behavior\ReadHtmlCacheBehavior [ RunTime:0.000733s ]
INFO: [ app_begin ] --END-- [ RunTime:0.000822s ]
SQL: SHOW COLUMNS FROM `p_menber` [ RunTime:0.0105s ]
SQL: SELECT * FROM `p_menber` WHERE `uid` = 1  [ RunTime:0.0006s ]
SQL: SELECT * FROM `p_menber` WHERE `uid` = 1  [ RunTime:0.0009s ]
SQL: SHOW COLUMNS FROM `p_orderlog` [ RunTime:0.0107s ]
SQL: SELECT * FROM `p_orderlog` ORDER BY logid DESC LIMIT 10   [ RunTime:0.0009s ]
SQL: SHOW COLUMNS FROM `p_incomelog` [ RunTime:0.0098s ]
SQL: SELECT * FROM `p_incomelog` WHERE `addymd` = '2017-05-31' AND `userid` = 1  [ RunTime:0.0017s ]
SQL: SELECT * FROM `p_incomelog` WHERE `userid` = 1 ORDER BY id DESC  [ RunTime:0.0060s ]
INFO: [ view_parse ] --START--
INFO: [ template_filter ] --START--
INFO: Run Behavior\ContentReplaceBehavior [ RunTime:0.000148s ]
INFO: [ template_filter ] --END-- [ RunTime:0.000232s ]
INFO: Run Behavior\ParseTemplateBehavior [ RunTime:0.017443s ]
INFO: [ view_parse ] --END-- [ RunTime:0.017551s ]
INFO: [ view_filter ] --START--
INFO: Run Behavior\WriteHtmlCacheBehavior [ RunTime:0.000472s ]
INFO: [ view_filter ] --END-- [ RunTime:0.000534s ]
INFO: [ app_end ] --START--
INFO: Run Behavior\ShowPageTraceBehavior [ RunTime:0.001298s ]
INFO: [ app_end ] --END-- [ RunTime:0.001416s ]

[ 2017-06-01T22:36:01+08:00 ] 127.0.0.1 /register/index.php/Home/Index/index.html
INFO: [ app_init ] --START--
INFO: Run Behavior\BuildLiteBehavior [ RunTime:0.000021s ]
INFO: [ app_init ] --END-- [ RunTime:0.000593s ]
INFO: [ app_begin ] --START--
INFO: Run Behavior\ReadHtmlCacheBehavior [ RunTime:0.000703s ]
INFO: [ app_begin ] --END-- [ RunTime:0.000781s ]
SQL: SHOW COLUMNS FROM `p_menber` [ RunTime:0.0155s ]
SQL: SELECT * FROM `p_menber` WHERE `uid` = 1  [ RunTime:0.0014s ]
SQL: SELECT * FROM `p_menber` WHERE `uid` = 1  [ RunTime:0.0010s ]
SQL: SHOW COLUMNS FROM `p_orderlog` [ RunTime:0.0140s ]
SQL: SELECT * FROM `p_orderlog` ORDER BY logid DESC LIMIT 10   [ RunTime:0.0034s ]
SQL: SHOW COLUMNS FROM `p_incomelog` [ RunTime:0.0117s ]
SQL: SELECT * FROM `p_incomelog` WHERE `addymd` = '2017-05-31' AND `userid` = 1  [ RunTime:0.0023s ]
SQL: SELECT * FROM `p_incomelog` WHERE `userid` = 1 ORDER BY id DESC  [ RunTime:0.0129s ]
INFO: [ view_parse ] --START--
INFO: [ template_filter ] --START--
INFO: Run Behavior\ContentReplaceBehavior [ RunTime:0.000184s ]
INFO: [ template_filter ] --END-- [ RunTime:0.000313s ]
INFO: Run Behavior\ParseTemplateBehavior [ RunTime:0.022762s ]
INFO: [ view_parse ] --END-- [ RunTime:0.022938s ]
INFO: [ view_filter ] --START--
INFO: Run Behavior\WriteHtmlCacheBehavior [ RunTime:0.000490s ]
INFO: [ view_filter ] --END-- [ RunTime:0.000572s ]
INFO: [ app_end ] --START--
INFO: Run Behavior\ShowPageTraceBehavior [ RunTime:0.001047s ]
INFO: [ app_end ] --END-- [ RunTime:0.001202s ]

[ 2017-06-01T22:36:10+08:00 ] 127.0.0.1 /register/index.php/Home/User/user.html
INFO: [ app_init ] --START--
INFO: Run Behavior\BuildLiteBehavior [ RunTime:0.000022s ]
INFO: [ app_init ] --END-- [ RunTime:0.000736s ]
INFO: [ app_begin ] --START--
INFO: Run Behavior\ReadHtmlCacheBehavior [ RunTime:0.000986s ]
INFO: [ app_begin ] --END-- [ RunTime:0.001117s ]
SQL: SHOW COLUMNS FROM `p_menber` [ RunTime:0.0130s ]
SQL: SELECT * FROM `p_menber` WHERE `uid` = 1  [ RunTime:0.0025s ]
INFO: [ view_parse ] --START--
INFO: [ template_filter ] --START--
INFO: Run Behavior\ContentReplaceBehavior [ RunTime:0.000157s ]
INFO: [ template_filter ] --END-- [ RunTime:0.000261s ]
INFO: Run Behavior\ParseTemplateBehavior [ RunTime:0.015095s ]
INFO: [ view_parse ] --END-- [ RunTime:0.015188s ]
INFO: [ view_filter ] --START--
INFO: Run Behavior\WriteHtmlCacheBehavior [ RunTime:0.000493s ]
INFO: [ view_filter ] --END-- [ RunTime:0.000575s ]
INFO: [ app_end ] --START--
INFO: Run Behavior\ShowPageTraceBehavior [ RunTime:0.001132s ]
INFO: [ app_end ] --END-- [ RunTime:0.001225s ]

[ 2017-06-01T22:36:12+08:00 ] 127.0.0.1 /register/index.php/Home/User/drawCash.html
INFO: [ app_init ] --START--
INFO: Run Behavior\BuildLiteBehavior [ RunTime:0.000034s ]
INFO: [ app_init ] --END-- [ RunTime:0.000912s ]
INFO: [ app_begin ] --START--
INFO: Run Behavior\ReadHtmlCacheBehavior [ RunTime:0.001162s ]
INFO: [ app_begin ] --END-- [ RunTime:0.001305s ]
SQL: SHOW COLUMNS FROM `p_menber` [ RunTime:0.0145s ]
SQL: SELECT * FROM `p_menber` WHERE `uid` = 1  [ RunTime:0.0020s ]
INFO: [ view_parse ] --START--
INFO: [ template_filter ] --START--
INFO: Run Behavior\ContentReplaceBehavior [ RunTime:0.000169s ]
INFO: [ template_filter ] --END-- [ RunTime:0.000256s ]
INFO: Run Behavior\ParseTemplateBehavior [ RunTime:0.011577s ]
INFO: [ view_parse ] --END-- [ RunTime:0.011689s ]
INFO: [ view_filter ] --START--
INFO: Run Behavior\WriteHtmlCacheBehavior [ RunTime:0.000383s ]
INFO: [ view_filter ] --END-- [ RunTime:0.000442s ]
INFO: [ app_end ] --START--
INFO: Run Behavior\ShowPageTraceBehavior [ RunTime:0.000843s ]
INFO: [ app_end ] --END-- [ RunTime:0.000936s ]

[ 2017-06-01T22:36:42+08:00 ] 127.0.0.1 /register/index.php/Home/User/drawCash.html
INFO: [ app_init ] --START--
INFO: Run Behavior\BuildLiteBehavior [ RunTime:0.000021s ]
INFO: [ app_init ] --END-- [ RunTime:0.000621s ]
INFO: [ app_begin ] --START--
INFO: Run Behavior\ReadHtmlCacheBehavior [ RunTime:0.001802s ]
INFO: [ app_begin ] --END-- [ RunTime:0.002002s ]
SQL: SHOW COLUMNS FROM `p_menber` [ RunTime:0.0183s ]
SQL: SELECT * FROM `p_menber` WHERE `uid` = 1  [ RunTime:0.0034s ]
SQL: SELECT * FROM `p_menber` WHERE `uid` = 1  [ RunTime:0.0032s ]
SQL: UPDATE `p_menber` SET `incomebag`='10800.60' WHERE `uid` = 1 [ RunTime:0.0046s ]
SQL: SHOW COLUMNS FROM `p_incomelog` [ RunTime:0.0184s ]
NOTIC: [8] Undefined index: name D:\WWW\dev\register\Application\Home\Controller\UserController.class.php 第 106 行.
SQL: INSERT INTO `p_incomelog` (`type`,`state`,`reson`,`addymd`,`addtime`,`orderid`,`userid`,`income`) VALUES ('3','0','银行卡提现','2017-06-01','2017-06-01 22:36:42',',qwe,123123,qwe,qwe,qwe','1','200') [ RunTime:0.0026s ]

[ 2017-06-01T22:36:43+08:00 ] 127.0.0.1 /register/index.php/Home/User/drawCash
INFO: [ app_init ] --START--
INFO: Run Behavior\BuildLiteBehavior [ RunTime:0.000035s ]
INFO: [ app_init ] --END-- [ RunTime:0.000918s ]
INFO: [ app_begin ] --START--
INFO: Run Behavior\ReadHtmlCacheBehavior [ RunTime:0.001863s ]
INFO: [ app_begin ] --END-- [ RunTime:0.002092s ]
SQL: SHOW COLUMNS FROM `p_menber` [ RunTime:0.0177s ]
SQL: SELECT * FROM `p_menber` WHERE `uid` = 1  [ RunTime:0.0015s ]
INFO: [ view_parse ] --START--
INFO: [ template_filter ] --START--
INFO: Run Behavior\ContentReplaceBehavior [ RunTime:0.000252s ]
INFO: [ template_filter ] --END-- [ RunTime:0.000390s ]
INFO: Run Behavior\ParseTemplateBehavior [ RunTime:0.012936s ]
INFO: [ view_parse ] --END-- [ RunTime:0.013056s ]
INFO: [ view_filter ] --START--
INFO: Run Behavior\WriteHtmlCacheBehavior [ RunTime:0.000555s ]
INFO: [ view_filter ] --END-- [ RunTime:0.000650s ]
INFO: [ app_end ] --START--
INFO: Run Behavior\ShowPageTraceBehavior [ RunTime:0.001072s ]
INFO: [ app_end ] --END-- [ RunTime:0.001178s ]

[ 2017-06-01T22:36:45+08:00 ] 127.0.0.1 /register/index.php/Home/User/drawCash.html
INFO: [ app_init ] --START--
INFO: Run Behavior\BuildLiteBehavior [ RunTime:0.000032s ]
INFO: [ app_init ] --END-- [ RunTime:0.000935s ]
INFO: [ app_begin ] --START--
INFO: Run Behavior\ReadHtmlCacheBehavior [ RunTime:0.000808s ]
INFO: [ app_begin ] --END-- [ RunTime:0.000897s ]
SQL: SHOW COLUMNS FROM `p_menber` [ RunTime:0.0140s ]
SQL: SELECT * FROM `p_menber` WHERE `uid` = 1  [ RunTime:0.0027s ]
INFO: [ view_parse ] --START--
INFO: [ template_filter ] --START--
INFO: Run Behavior\ContentReplaceBehavior [ RunTime:0.000145s ]
INFO: [ template_filter ] --END-- [ RunTime:0.000230s ]
INFO: Run Behavior\ParseTemplateBehavior [ RunTime:0.013383s ]
INFO: [ view_parse ] --END-- [ RunTime:0.013511s ]
INFO: [ view_filter ] --START--
INFO: Run Behavior\WriteHtmlCacheBehavior [ RunTime:0.000602s ]
INFO: [ view_filter ] --END-- [ RunTime:0.000699s ]
INFO: [ app_end ] --START--
INFO: Run Behavior\ShowPageTraceBehavior [ RunTime:0.001099s ]
INFO: [ app_end ] --END-- [ RunTime:0.001200s ]

[ 2017-06-01T22:36:47+08:00 ] 127.0.0.1 /register/index.php/Home/Index/index.html
INFO: [ app_init ] --START--
INFO: Run Behavior\BuildLiteBehavior [ RunTime:0.000022s ]
INFO: [ app_init ] --END-- [ RunTime:0.000661s ]
INFO: [ app_begin ] --START--
INFO: Run Behavior\ReadHtmlCacheBehavior [ RunTime:0.001060s ]
INFO: [ app_begin ] --END-- [ RunTime:0.001189s ]
SQL: SHOW COLUMNS FROM `p_menber` [ RunTime:0.0149s ]
SQL: SELECT * FROM `p_menber` WHERE `uid` = 1  [ RunTime:0.0018s ]
SQL: SELECT * FROM `p_menber` WHERE `uid` = 1  [ RunTime:0.0013s ]
SQL: SHOW COLUMNS FROM `p_orderlog` [ RunTime:0.0114s ]
SQL: SELECT * FROM `p_orderlog` ORDER BY logid DESC LIMIT 10   [ RunTime:0.0041s ]
SQL: SHOW COLUMNS FROM `p_incomelog` [ RunTime:0.0131s ]
SQL: SELECT * FROM `p_incomelog` WHERE `addymd` = '2017-05-31' AND `userid` = 1  [ RunTime:0.0027s ]
SQL: SELECT * FROM `p_incomelog` WHERE `userid` = 1 ORDER BY id DESC  [ RunTime:0.0120s ]
INFO: [ view_parse ] --START--
INFO: [ template_filter ] --START--
INFO: Run Behavior\ContentReplaceBehavior [ RunTime:0.000249s ]
INFO: [ template_filter ] --END-- [ RunTime:0.000373s ]
INFO: Run Behavior\ParseTemplateBehavior [ RunTime:0.020797s ]
INFO: [ view_parse ] --END-- [ RunTime:0.020913s ]
INFO: [ view_filter ] --START--
INFO: Run Behavior\WriteHtmlCacheBehavior [ RunTime:0.000426s ]
INFO: [ view_filter ] --END-- [ RunTime:0.000488s ]
INFO: [ app_end ] --START--
INFO: Run Behavior\ShowPageTraceBehavior [ RunTime:0.000883s ]
INFO: [ app_end ] --END-- [ RunTime:0.000973s ]

[ 2017-06-01T22:37:29+08:00 ] 127.0.0.1 /register/index.php/Home/Index/index.html
INFO: [ app_init ] --START--
INFO: Run Behavior\BuildLiteBehavior [ RunTime:0.000019s ]
INFO: [ app_init ] --END-- [ RunTime:0.000600s ]
INFO: [ app_begin ] --START--
INFO: Run Behavior\ReadHtmlCacheBehavior [ RunTime:0.000723s ]
INFO: [ app_begin ] --END-- [ RunTime:0.000809s ]
SQL: SHOW COLUMNS FROM `p_menber` [ RunTime:0.0112s ]
SQL: SELECT * FROM `p_menber` WHERE `uid` = 1  [ RunTime:0.0013s ]
SQL: SELECT * FROM `p_menber` WHERE `uid` = 1  [ RunTime:0.0014s ]
SQL: SHOW COLUMNS FROM `p_orderlog` [ RunTime:0.0130s ]
SQL: SELECT * FROM `p_orderlog` ORDER BY logid DESC LIMIT 10   [ RunTime:0.0019s ]
SQL: SHOW COLUMNS FROM `p_incomelog` [ RunTime:0.0108s ]
SQL: SELECT * FROM `p_incomelog` WHERE `addymd` = '2017-05-31' AND `userid` = 1  [ RunTime:0.0029s ]
SQL: SELECT * FROM `p_incomelog` WHERE `userid` = 1 ORDER BY id DESC  [ RunTime:0.0075s ]
INFO: [ view_parse ] --START--
INFO: [ template_filter ] --START--
INFO: Run Behavior\ContentReplaceBehavior [ RunTime:0.000149s ]
INFO: [ template_filter ] --END-- [ RunTime:0.000278s ]
INFO: Run Behavior\ParseTemplateBehavior [ RunTime:0.018800s ]
INFO: [ view_parse ] --END-- [ RunTime:0.018913s ]
INFO: [ view_filter ] --START--
INFO: Run Behavior\WriteHtmlCacheBehavior [ RunTime:0.000639s ]
INFO: [ view_filter ] --END-- [ RunTime:0.000730s ]
INFO: [ app_end ] --START--
INFO: Run Behavior\ShowPageTraceBehavior [ RunTime:0.001338s ]
INFO: [ app_end ] --END-- [ RunTime:0.001482s ]

