[ 2017-06-12T21:23:52+08:00 ] 127.0.0.1 /register/index.php/Home/
INFO: [ app_init ] --START--
INFO: Run Behavior\BuildLiteBehavior [ RunTime:0.000035s ]
INFO: [ app_init ] --END-- [ RunTime:0.022376s ]
INFO: [ app_begin ] --START--
INFO: Run Behavior\ReadHtmlCacheBehavior [ RunTime:0.018998s ]
INFO: [ app_begin ] --END-- [ RunTime:0.019151s ]
NOTIC: [8] Undefined index: name D:\WWW\dev\register\Application\Home\Controller\CommonController.class.php 第 8 行.

[ 2017-06-12T21:23:54+08:00 ] 127.0.0.1 /register/index.php/Home/Login/login
INFO: [ app_init ] --START--
INFO: Run Behavior\BuildLiteBehavior [ RunTime:0.000029s ]
INFO: [ app_init ] --END-- [ RunTime:0.000673s ]
INFO: [ app_begin ] --START--
INFO: Run Behavior\ReadHtmlCacheBehavior [ RunTime:0.000978s ]
INFO: [ app_begin ] --END-- [ RunTime:0.001085s ]
NOTIC: [8] A session had already been started - ignoring session_start() D:\WWW\dev\register\Application\Home\Controller\LoginController.class.php 第 8 行.
INFO: [ view_parse ] --START--
INFO: [ template_filter ] --START--
INFO: Run Behavior\ContentReplaceBehavior [ RunTime:0.014149s ]
INFO: [ template_filter ] --END-- [ RunTime:0.014275s ]
INFO: Run Behavior\ParseTemplateBehavior [ RunTime:0.129764s ]
INFO: [ view_parse ] --END-- [ RunTime:0.129888s ]
INFO: [ view_filter ] --START--
INFO: Run Behavior\WriteHtmlCacheBehavior [ RunTime:0.015131s ]
INFO: [ view_filter ] --END-- [ RunTime:0.015219s ]
INFO: [ app_end ] --START--
INFO: Run Behavior\ShowPageTraceBehavior [ RunTime:0.017415s ]
INFO: [ app_end ] --END-- [ RunTime:0.017570s ]

[ 2017-06-12T21:24:08+08:00 ] 127.0.0.1 /register/index.php/Home/Login/login
INFO: [ app_init ] --START--
INFO: Run Behavior\BuildLiteBehavior [ RunTime:0.000033s ]
INFO: [ app_init ] --END-- [ RunTime:0.000917s ]
INFO: [ app_begin ] --START--
INFO: Run Behavior\ReadHtmlCacheBehavior [ RunTime:0.001181s ]
INFO: [ app_begin ] --END-- [ RunTime:0.001300s ]
NOTIC: [8] A session had already been started - ignoring session_start() D:\WWW\dev\register\Application\Home\Controller\LoginController.class.php 第 8 行.
SQL: SHOW COLUMNS FROM `p_menber` [ RunTime:0.0966s ]
SQL: SELECT * FROM `p_menber` WHERE `name` = '18883287644' AND `pwd` = '123123'  [ RunTime:0.0011s ]
INFO: [ view_parse ] --START--
INFO: [ template_filter ] --START--
INFO: Run Behavior\ContentReplaceBehavior [ RunTime:0.000152s ]
INFO: [ template_filter ] --END-- [ RunTime:0.000284s ]
INFO: Run Behavior\ParseTemplateBehavior [ RunTime:0.013440s ]
INFO: [ view_parse ] --END-- [ RunTime:0.013566s ]
INFO: [ view_filter ] --START--
INFO: Run Behavior\WriteHtmlCacheBehavior [ RunTime:0.000519s ]
INFO: [ view_filter ] --END-- [ RunTime:0.000581s ]
INFO: [ app_end ] --START--
INFO: Run Behavior\ShowPageTraceBehavior [ RunTime:0.000873s ]
INFO: [ app_end ] --END-- [ RunTime:0.000938s ]

[ 2017-06-12T21:24:08+08:00 ] 127.0.0.1 /register/index.php/Home/Index/index
INFO: [ app_init ] --START--
INFO: Run Behavior\BuildLiteBehavior [ RunTime:0.000034s ]
INFO: [ app_init ] --END-- [ RunTime:0.001175s ]
INFO: [ app_begin ] --START--
INFO: Run Behavior\ReadHtmlCacheBehavior [ RunTime:0.001364s ]
INFO: [ app_begin ] --END-- [ RunTime:0.001526s ]
SQL: SHOW COLUMNS FROM `p_menber` [ RunTime:0.0198s ]
SQL: SELECT * FROM `p_menber` WHERE `uid` = 1  [ RunTime:0.0014s ]
SQL: SHOW COLUMNS FROM `p_product` [ RunTime:0.0877s ]
SQL: SHOW COLUMNS FROM `p_orderlog` [ RunTime:0.0523s ]
NOTIC: [8] Undefined index: productguoshi D:\WWW\dev\register\Application\Home\Controller\IndexController.class.php 第 23 行.
NOTIC: [8] Undefined index: shangdian D:\WWW\dev\register\Application\Home\Controller\IndexController.class.php 第 104 行.
SQL: SELECT * FROM `p_product` WHERE `type` IN ('1','2','3') ORDER BY id asc  [ RunTime:0.0223s ]
SQL: SELECT SUM(num) AS tp_sum FROM `p_orderlog` WHERE `productid` = 1 AND `type` = 2 AND `states` = 0 AND `userid` = 1 LIMIT 1   [ RunTime:0.0183s ]
SQL: SELECT SUM(num) AS tp_sum FROM `p_orderlog` WHERE `productid` = 2 AND `type` = 1 AND `states` = 0 AND `userid` = 1 LIMIT 1   [ RunTime:0.0008s ]
SQL: SELECT SUM(num) AS tp_sum FROM `p_orderlog` WHERE `productid` = 3 AND `type` = 1 AND `states` = 0 AND `userid` = 1 LIMIT 1   [ RunTime:0.0012s ]
SQL: SELECT SUM(num) AS tp_sum FROM `p_orderlog` WHERE `productid` = 4 AND `type` = 1 AND `states` = 0 AND `userid` = 1 LIMIT 1   [ RunTime:0.0018s ]
SQL: SELECT SUM(num) AS tp_sum FROM `p_orderlog` WHERE `productid` = 5 AND `type` = 1 AND `states` = 0 AND `userid` = 1 LIMIT 1   [ RunTime:0.0022s ]
SQL: SELECT SUM(num) AS tp_sum FROM `p_orderlog` WHERE `productid` = 6 AND `type` = 1 AND `states` = 0 AND `userid` = 1 LIMIT 1   [ RunTime:0.0015s ]
SQL: SELECT SUM(num) AS tp_sum FROM `p_orderlog` WHERE `productid` = 7 AND `type` = 1 AND `states` = 0 AND `userid` = 1 LIMIT 1   [ RunTime:0.0016s ]
SQL: SELECT SUM(num) AS tp_sum FROM `p_orderlog` WHERE `productid` = 8 AND `type` = 2 AND `states` = 0 AND `userid` = 1 LIMIT 1   [ RunTime:0.0013s ]
SQL: SELECT SUM(num) AS tp_sum FROM `p_orderlog` WHERE `productid` = 81 AND `type` = 2 AND `states` = 0 AND `userid` = 1 LIMIT 1   [ RunTime:0.0010s ]
SQL: SELECT SUM(num) AS tp_sum FROM `p_orderlog` WHERE `productid` = 82 AND `type` = 2 AND `states` = 0 AND `userid` = 1 LIMIT 1   [ RunTime:0.0013s ]
SQL: SELECT SUM(num) AS tp_sum FROM `p_orderlog` WHERE `productid` = 83 AND `type` = 2 AND `states` = 0 AND `userid` = 1 LIMIT 1   [ RunTime:0.0013s ]
SQL: SELECT SUM(num) AS tp_sum FROM `p_orderlog` WHERE `productid` = 84 AND `type` = 2 AND `states` = 0 AND `userid` = 1 LIMIT 1   [ RunTime:0.0010s ]
SQL: SELECT SUM(num) AS tp_sum FROM `p_orderlog` WHERE `productid` = 85 AND `type` = 2 AND `states` = 0 AND `userid` = 1 LIMIT 1   [ RunTime:0.0009s ]
SQL: SELECT SUM(num) AS tp_sum FROM `p_orderlog` WHERE `productid` = 86 AND `type` = 3 AND `states` = 3 AND `userid` = 1 LIMIT 1   [ RunTime:0.0011s ]
SQL: SELECT SUM(num) AS tp_sum FROM `p_orderlog` WHERE `productid` = 87 AND `type` = 3 AND `states` = 3 AND `userid` = 1 LIMIT 1   [ RunTime:0.0012s ]
SQL: SELECT SUM(num) AS tp_sum FROM `p_orderlog` WHERE `productid` = 88 AND `type` = 3 AND `states` = 3 AND `userid` = 1 LIMIT 1   [ RunTime:0.0015s ]
SQL: SELECT SUM(num) AS tp_sum FROM `p_orderlog` WHERE `productid` = 89 AND `type` = 3 AND `states` = 3 AND `userid` = 1 LIMIT 1   [ RunTime:0.0012s ]
SQL: SELECT SUM(num) AS tp_sum FROM `p_orderlog` WHERE `productid` = 90 AND `type` = 3 AND `states` = 3 AND `userid` = 1 LIMIT 1   [ RunTime:0.0014s ]
SQL: SELECT SUM(num) AS tp_sum FROM `p_orderlog` WHERE `productid` = 91 AND `type` = 3 AND `states` = 3 AND `userid` = 1 LIMIT 1   [ RunTime:0.0011s ]
SQL: SELECT * FROM `p_orderlog` WHERE `type` = 3 AND (  states IN (1,2) ) AND `land` = 1 AND `num` = 1 AND `userid` = 1  [ RunTime:0.0025s ]
SQL: SELECT * FROM `p_orderlog` WHERE `type` = 3 AND (  states IN (1,2) ) AND `land` = 2 AND `num` = 1 AND `userid` = 1 AND (  states IN (1,2) )  [ RunTime:0.0028s ]
SQL: SELECT * FROM `p_orderlog` WHERE `type` = 3 AND (  states IN (1,2) ) AND `land` = 3 AND `num` = 1 AND `userid` = 1 AND (  states IN (1,2) ) AND (  states IN (1,2) )  [ RunTime:0.0024s ]
SQL: SELECT * FROM `p_orderlog` WHERE `type` = 3 AND (  states IN (1,2) ) AND `land` = 4 AND `num` = 1 AND `userid` = 1 AND (  states IN (1,2) ) AND (  states IN (1,2) ) AND (  states IN (1,2) )  [ RunTime:0.0022s ]
SQL: SELECT * FROM `p_orderlog` WHERE `type` = 3 AND (  states IN (1,2) ) AND `land` = 5 AND `num` = 1 AND `userid` = 1 AND (  states IN (1,2) ) AND (  states IN (1,2) ) AND (  states IN (1,2) ) AND (  states IN (1,2) )  [ RunTime:0.0019s ]
SQL: SELECT * FROM `p_orderlog` WHERE `type` = 3 AND (  states IN (1,2) ) AND `land` = 6 AND `num` = 1 AND `userid` = 1 AND (  states IN (1,2) ) AND (  states IN (1,2) ) AND (  states IN (1,2) ) AND (  states IN (1,2) ) AND (  states IN (1,2) )  [ RunTime:0.0020s ]
SQL: SELECT * FROM `p_orderlog` WHERE `type` = 3 AND (  states IN (1,2) ) AND `land` = 7 AND `num` = 1 AND `userid` = 1 AND (  states IN (1,2) ) AND (  states IN (1,2) ) AND (  states IN (1,2) ) AND (  states IN (1,2) ) AND (  states IN (1,2) ) AND (  states IN (1,2) )  [ RunTime:0.0024s ]
SQL: SELECT * FROM `p_orderlog` WHERE `type` = 3 AND (  states IN (1,2) ) AND `land` = 8 AND `num` = 1 AND `userid` = 1 AND (  states IN (1,2) ) AND (  states IN (1,2) ) AND (  states IN (1,2) ) AND (  states IN (1,2) ) AND (  states IN (1,2) ) AND (  states IN (1,2) ) AND (  states IN (1,2) )  [ RunTime:0.0018s ]
SQL: SELECT * FROM `p_orderlog` WHERE `type` = 3 AND (  states IN (1,2) ) AND `land` = 9 AND `num` = 1 AND `userid` = 1 AND (  states IN (1,2) ) AND (  states IN (1,2) ) AND (  states IN (1,2) ) AND (  states IN (1,2) ) AND (  states IN (1,2) ) AND (  states IN (1,2) ) AND (  states IN (1,2) ) AND (  states IN (1,2) )  [ RunTime:0.0017s ]
SQL: SELECT * FROM `p_orderlog` WHERE `type` = 3 AND (  states IN (1,2) ) AND `land` = 10 AND `num` = 1 AND `userid` = 1 AND (  states IN (1,2) ) AND (  states IN (1,2) ) AND (  states IN (1,2) ) AND (  states IN (1,2) ) AND (  states IN (1,2) ) AND (  states IN (1,2) ) AND (  states IN (1,2) ) AND (  states IN (1,2) ) AND (  states IN (1,2) )  [ RunTime:0.0019s ]
SQL: SELECT * FROM `p_orderlog` WHERE `type` = 3 AND (  states IN (1,2) ) AND `land` = 11 AND `num` = 1 AND `userid` = 1 AND (  states IN (1,2) ) AND (  states IN (1,2) ) AND (  states IN (1,2) ) AND (  states IN (1,2) ) AND (  states IN (1,2) ) AND (  states IN (1,2) ) AND (  states IN (1,2) ) AND (  states IN (1,2) ) AND (  states IN (1,2) ) AND (  states IN (1,2) )  [ RunTime:0.0019s ]
SQL: SELECT * FROM `p_orderlog` WHERE `type` = 3 AND (  states IN (1,2) ) AND `land` = 12 AND `num` = 1 AND `userid` = 1 AND (  states IN (1,2) ) AND (  states IN (1,2) ) AND (  states IN (1,2) ) AND (  states IN (1,2) ) AND (  states IN (1,2) ) AND (  states IN (1,2) ) AND (  states IN (1,2) ) AND (  states IN (1,2) ) AND (  states IN (1,2) ) AND (  states IN (1,2) ) AND (  states IN (1,2) )  [ RunTime:0.0026s ]
SQL: SELECT * FROM `p_orderlog` WHERE `type` = 3 AND (  states IN (1,2) ) AND `land` = 13 AND `num` = 1 AND `userid` = 1 AND (  states IN (1,2) ) AND (  states IN (1,2) ) AND (  states IN (1,2) ) AND (  states IN (1,2) ) AND (  states IN (1,2) ) AND (  states IN (1,2) ) AND (  states IN (1,2) ) AND (  states IN (1,2) ) AND (  states IN (1,2) ) AND (  states IN (1,2) ) AND (  states IN (1,2) ) AND (  states IN (1,2) )  [ RunTime:0.0037s ]
SQL: SELECT * FROM `p_orderlog` WHERE `type` = 3 AND (  states IN (1,2) ) AND `land` = 14 AND `num` = 1 AND `userid` = 1 AND (  states IN (1,2) ) AND (  states IN (1,2) ) AND (  states IN (1,2) ) AND (  states IN (1,2) ) AND (  states IN (1,2) ) AND (  states IN (1,2) ) AND (  states IN (1,2) ) AND (  states IN (1,2) ) AND (  states IN (1,2) ) AND (  states IN (1,2) ) AND (  states IN (1,2) ) AND (  states IN (1,2) ) AND (  states IN (1,2) )  [ RunTime:0.0034s ]
SQL: SELECT * FROM `p_orderlog` WHERE `type` = 3 AND (  states IN (1,2) ) AND `land` = 15 AND `num` = 1 AND `userid` = 1 AND (  states IN (1,2) ) AND (  states IN (1,2) ) AND (  states IN (1,2) ) AND (  states IN (1,2) ) AND (  states IN (1,2) ) AND (  states IN (1,2) ) AND (  states IN (1,2) ) AND (  states IN (1,2) ) AND (  states IN (1,2) ) AND (  states IN (1,2) ) AND (  states IN (1,2) ) AND (  states IN (1,2) ) AND (  states IN (1,2) ) AND (  states IN (1,2) )  [ RunTime:0.0028s ]
SQL: SELECT SUM(num) AS tp_sum FROM `p_orderlog` WHERE `productid` = 8 AND `states` = 0 LIMIT 1   [ RunTime:0.0009s ]
INFO: [ view_parse ] --START--
INFO: [ template_filter ] --START--
INFO: Run Behavior\ContentReplaceBehavior [ RunTime:0.000362s ]
INFO: [ template_filter ] --END-- [ RunTime:0.000445s ]
INFO: Run Behavior\ParseTemplateBehavior [ RunTime:0.085017s ]
INFO: [ view_parse ] --END-- [ RunTime:0.085188s ]
INFO: [ view_filter ] --START--
INFO: Run Behavior\WriteHtmlCacheBehavior [ RunTime:0.000511s ]
INFO: [ view_filter ] --END-- [ RunTime:0.000619s ]
INFO: [ app_end ] --START--
INFO: Run Behavior\ShowPageTraceBehavior [ RunTime:0.000869s ]
INFO: [ app_end ] --END-- [ RunTime:0.000949s ]

[ 2017-06-12T21:24:42+08:00 ] 127.0.0.1 /register/index.php/Home/Index/collect?uid=1&_=1497273849544
INFO: [ app_init ] --START--
INFO: Run Behavior\BuildLiteBehavior [ RunTime:0.000021s ]
INFO: [ app_init ] --END-- [ RunTime:0.000624s ]
INFO: [ app_begin ] --START--
INFO: Run Behavior\ReadHtmlCacheBehavior [ RunTime:0.000737s ]
INFO: [ app_begin ] --END-- [ RunTime:0.000809s ]
SQL: SHOW COLUMNS FROM `p_menber` [ RunTime:0.0126s ]
SQL: SELECT * FROM `p_menber` WHERE `uid` = 1  [ RunTime:0.0021s ]
SQL: SHOW COLUMNS FROM `p_orderlog` [ RunTime:0.0137s ]
SQL: UPDATE `p_orderlog` SET `states`='3' WHERE `type` = 3 AND `states` = 2 AND `userid` = 1 [ RunTime:0.0031s ]
INFO: [ app_end ] --START--
INFO: Run Behavior\ShowPageTraceBehavior [ RunTime:0.001354s ]
INFO: [ app_end ] --END-- [ RunTime:0.001471s ]

[ 2017-06-12T21:24:46+08:00 ] 127.0.0.1 /register/index.php/Home/Index/friend.html
INFO: [ app_init ] --START--
INFO: Run Behavior\BuildLiteBehavior [ RunTime:0.000076s ]
INFO: [ app_init ] --END-- [ RunTime:0.001816s ]
INFO: [ app_begin ] --START--
INFO: Run Behavior\ReadHtmlCacheBehavior [ RunTime:0.001292s ]
INFO: [ app_begin ] --END-- [ RunTime:0.001430s ]
SQL: SHOW COLUMNS FROM `p_menber` [ RunTime:0.0181s ]
SQL: SELECT * FROM `p_menber` WHERE `uid` = 1  [ RunTime:0.0021s ]
SQL: SELECT * FROM `p_menber` WHERE `uid` = 1  [ RunTime:0.0021s ]
SQL: SELECT * FROM `p_menber` WHERE `uid` IN ('2','3','8')  [ RunTime:0.0027s ]
INFO: [ view_parse ] --START--
INFO: [ template_filter ] --START--
INFO: Run Behavior\ContentReplaceBehavior [ RunTime:0.000238s ]
INFO: [ template_filter ] --END-- [ RunTime:0.000543s ]
INFO: Run Behavior\ParseTemplateBehavior [ RunTime:0.067896s ]
INFO: [ view_parse ] --END-- [ RunTime:0.068147s ]
INFO: [ view_filter ] --START--
INFO: Run Behavior\WriteHtmlCacheBehavior [ RunTime:0.000738s ]
INFO: [ view_filter ] --END-- [ RunTime:0.000827s ]
INFO: [ app_end ] --START--
INFO: Run Behavior\ShowPageTraceBehavior [ RunTime:0.001012s ]
INFO: [ app_end ] --END-- [ RunTime:0.001157s ]

[ 2017-06-12T21:24:56+08:00 ] 127.0.0.1 /register/index.php/Home/User/my.html
INFO: [ app_init ] --START--
INFO: Run Behavior\BuildLiteBehavior [ RunTime:0.000032s ]
INFO: [ app_init ] --END-- [ RunTime:0.000856s ]
INFO: [ app_begin ] --START--
INFO: Run Behavior\ReadHtmlCacheBehavior [ RunTime:0.001431s ]
INFO: [ app_begin ] --END-- [ RunTime:0.001630s ]
SQL: SHOW COLUMNS FROM `p_menber` [ RunTime:0.0110s ]
SQL: SELECT * FROM `p_menber` WHERE `uid` = 1  [ RunTime:0.0011s ]
SQL: SELECT * FROM `p_menber` WHERE `uid` = 1  [ RunTime:0.0009s ]
INFO: [ view_parse ] --START--
INFO: [ template_filter ] --START--
INFO: Run Behavior\ContentReplaceBehavior [ RunTime:0.000102s ]
INFO: [ template_filter ] --END-- [ RunTime:0.000187s ]
INFO: Run Behavior\ParseTemplateBehavior [ RunTime:0.029834s ]
INFO: [ view_parse ] --END-- [ RunTime:0.029996s ]
INFO: [ view_filter ] --START--
INFO: Run Behavior\WriteHtmlCacheBehavior [ RunTime:0.000807s ]
INFO: [ view_filter ] --END-- [ RunTime:0.000889s ]
INFO: [ app_end ] --START--
INFO: Run Behavior\ShowPageTraceBehavior [ RunTime:0.001089s ]
INFO: [ app_end ] --END-- [ RunTime:0.001172s ]

[ 2017-06-12T22:47:22+08:00 ] 127.0.0.1 /register/index.php/Home/Login/reg?uid=1
INFO: [ app_init ] --START--
INFO: Run Behavior\BuildLiteBehavior [ RunTime:0.000021s ]
INFO: [ app_init ] --END-- [ RunTime:0.000811s ]
INFO: [ app_begin ] --START--
INFO: Run Behavior\ReadHtmlCacheBehavior [ RunTime:0.000894s ]
INFO: [ app_begin ] --END-- [ RunTime:0.001002s ]
NOTIC: [8] Undefined index: name D:\WWW\dev\register\Application\Home\Controller\LoginController.class.php 第 31 行.
INFO: [ view_parse ] --START--
INFO: [ template_filter ] --START--
INFO: Run Behavior\ContentReplaceBehavior [ RunTime:0.000153s ]
INFO: [ template_filter ] --END-- [ RunTime:0.000273s ]
INFO: Run Behavior\ParseTemplateBehavior [ RunTime:0.015093s ]
INFO: [ view_parse ] --END-- [ RunTime:0.015219s ]
INFO: [ view_filter ] --START--
INFO: Run Behavior\WriteHtmlCacheBehavior [ RunTime:0.000608s ]
INFO: [ view_filter ] --END-- [ RunTime:0.000670s ]
INFO: [ app_end ] --START--
INFO: Run Behavior\ShowPageTraceBehavior [ RunTime:0.001006s ]
INFO: [ app_end ] --END-- [ RunTime:0.001073s ]

