[ 2017-06-15T21:23:08+08:00 ] 127.0.0.1 /register/index.php/Home/
INFO: [ app_init ] --START--
INFO: Run Behavior\BuildLiteBehavior [ RunTime:0.000035s ]
INFO: [ app_init ] --END-- [ RunTime:0.022483s ]
INFO: [ app_begin ] --START--
INFO: Run Behavior\ReadHtmlCacheBehavior [ RunTime:0.018322s ]
INFO: [ app_begin ] --END-- [ RunTime:0.018551s ]
NOTIC: [8] Undefined index: name D:\WWW\dev\register\Application\Home\Controller\CommonController.class.php 第 8 行.

[ 2017-06-15T21:23:11+08:00 ] 127.0.0.1 /register/index.php/Home/Login/login
INFO: [ app_init ] --START--
INFO: Run Behavior\BuildLiteBehavior [ RunTime:0.000025s ]
INFO: [ app_init ] --END-- [ RunTime:0.000902s ]
INFO: [ app_begin ] --START--
INFO: Run Behavior\ReadHtmlCacheBehavior [ RunTime:0.001333s ]
INFO: [ app_begin ] --END-- [ RunTime:0.001455s ]
NOTIC: [8] A session had already been started - ignoring session_start() D:\WWW\dev\register\Application\Home\Controller\LoginController.class.php 第 8 行.
INFO: [ view_parse ] --START--
INFO: [ template_filter ] --START--
INFO: Run Behavior\ContentReplaceBehavior [ RunTime:0.013767s ]
INFO: [ template_filter ] --END-- [ RunTime:0.013880s ]
INFO: Run Behavior\ParseTemplateBehavior [ RunTime:0.134597s ]
INFO: [ view_parse ] --END-- [ RunTime:0.134755s ]
INFO: [ view_filter ] --START--
INFO: Run Behavior\WriteHtmlCacheBehavior [ RunTime:0.014415s ]
INFO: [ view_filter ] --END-- [ RunTime:0.014503s ]
INFO: [ app_end ] --START--
INFO: Run Behavior\ShowPageTraceBehavior [ RunTime:0.005809s ]
INFO: [ app_end ] --END-- [ RunTime:0.005893s ]

[ 2017-06-15T21:23:22+08:00 ] 127.0.0.1 /register/index.php/Home/Login/login
INFO: [ app_init ] --START--
INFO: Run Behavior\BuildLiteBehavior [ RunTime:0.000021s ]
INFO: [ app_init ] --END-- [ RunTime:0.000686s ]
INFO: [ app_begin ] --START--
INFO: Run Behavior\ReadHtmlCacheBehavior [ RunTime:0.000773s ]
INFO: [ app_begin ] --END-- [ RunTime:0.000856s ]
NOTIC: [8] A session had already been started - ignoring session_start() D:\WWW\dev\register\Application\Home\Controller\LoginController.class.php 第 8 行.
SQL: SHOW COLUMNS FROM `p_menber` [ RunTime:0.0976s ]
SQL: SELECT * FROM `p_menber` WHERE `name` = '18883287666' AND `pwd` = '123'  [ RunTime:0.0017s ]
INFO: [ view_parse ] --START--
INFO: [ template_filter ] --START--
INFO: Run Behavior\ContentReplaceBehavior [ RunTime:0.000117s ]
INFO: [ template_filter ] --END-- [ RunTime:0.000198s ]
INFO: Run Behavior\ParseTemplateBehavior [ RunTime:0.010184s ]
INFO: [ view_parse ] --END-- [ RunTime:0.010297s ]
INFO: [ view_filter ] --START--
INFO: Run Behavior\WriteHtmlCacheBehavior [ RunTime:0.000493s ]
INFO: [ view_filter ] --END-- [ RunTime:0.000557s ]
INFO: [ app_end ] --START--
INFO: Run Behavior\ShowPageTraceBehavior [ RunTime:0.000834s ]
INFO: [ app_end ] --END-- [ RunTime:0.000920s ]

[ 2017-06-15T21:23:23+08:00 ] 127.0.0.1 /register/index.php/Home/Index/index
INFO: [ app_init ] --START--
INFO: Run Behavior\BuildLiteBehavior [ RunTime:0.000031s ]
INFO: [ app_init ] --END-- [ RunTime:0.000908s ]
INFO: [ app_begin ] --START--
INFO: Run Behavior\ReadHtmlCacheBehavior [ RunTime:0.001090s ]
INFO: [ app_begin ] --END-- [ RunTime:0.001220s ]
SQL: SHOW COLUMNS FROM `p_menber` [ RunTime:0.0182s ]
SQL: SELECT * FROM `p_menber` WHERE `uid` = 9  [ RunTime:0.0031s ]
SQL: SHOW COLUMNS FROM `p_product` [ RunTime:0.0763s ]
SQL: SHOW COLUMNS FROM `p_orderlog` [ RunTime:0.0565s ]
NOTIC: [8] Undefined index: productguoshi D:\WWW\dev\register\Application\Home\Controller\IndexController.class.php 第 23 行.
NOTIC: [8] Undefined index: shangdian D:\WWW\dev\register\Application\Home\Controller\IndexController.class.php 第 104 行.
SQL: SELECT * FROM `p_product` WHERE `type` IN ('1','2','3') ORDER BY id asc  [ RunTime:0.0176s ]
SQL: SELECT SUM(num) AS tp_sum FROM `p_orderlog` WHERE `productid` = 1 AND `type` = 2 AND `states` = 0 AND `userid` = 9 LIMIT 1   [ RunTime:0.0283s ]
SQL: SELECT SUM(num) AS tp_sum FROM `p_orderlog` WHERE `productid` = 2 AND `type` = 1 AND `states` = 0 AND `userid` = 9 LIMIT 1   [ RunTime:0.0016s ]
SQL: SELECT SUM(num) AS tp_sum FROM `p_orderlog` WHERE `productid` = 3 AND `type` = 1 AND `states` = 0 AND `userid` = 9 LIMIT 1   [ RunTime:0.0019s ]
SQL: SELECT SUM(num) AS tp_sum FROM `p_orderlog` WHERE `productid` = 4 AND `type` = 1 AND `states` = 0 AND `userid` = 9 LIMIT 1   [ RunTime:0.0022s ]
SQL: SELECT SUM(num) AS tp_sum FROM `p_orderlog` WHERE `productid` = 5 AND `type` = 1 AND `states` = 0 AND `userid` = 9 LIMIT 1   [ RunTime:0.0016s ]
SQL: SELECT SUM(num) AS tp_sum FROM `p_orderlog` WHERE `productid` = 6 AND `type` = 1 AND `states` = 0 AND `userid` = 9 LIMIT 1   [ RunTime:0.0019s ]
SQL: SELECT SUM(num) AS tp_sum FROM `p_orderlog` WHERE `productid` = 7 AND `type` = 1 AND `states` = 0 AND `userid` = 9 LIMIT 1   [ RunTime:0.0015s ]
SQL: SELECT SUM(num) AS tp_sum FROM `p_orderlog` WHERE `productid` = 8 AND `type` = 2 AND `states` = 0 AND `userid` = 9 LIMIT 1   [ RunTime:0.0017s ]
SQL: SELECT SUM(num) AS tp_sum FROM `p_orderlog` WHERE `productid` = 81 AND `type` = 2 AND `states` = 0 AND `userid` = 9 LIMIT 1   [ RunTime:0.0017s ]
SQL: SELECT SUM(num) AS tp_sum FROM `p_orderlog` WHERE `productid` = 82 AND `type` = 2 AND `states` = 0 AND `userid` = 9 LIMIT 1   [ RunTime:0.0019s ]
SQL: SELECT SUM(num) AS tp_sum FROM `p_orderlog` WHERE `productid` = 83 AND `type` = 2 AND `states` = 0 AND `userid` = 9 LIMIT 1   [ RunTime:0.0019s ]
SQL: SELECT SUM(num) AS tp_sum FROM `p_orderlog` WHERE `productid` = 84 AND `type` = 2 AND `states` = 0 AND `userid` = 9 LIMIT 1   [ RunTime:0.0014s ]
SQL: SELECT SUM(num) AS tp_sum FROM `p_orderlog` WHERE `productid` = 85 AND `type` = 2 AND `states` = 0 AND `userid` = 9 LIMIT 1   [ RunTime:0.0013s ]
SQL: SELECT SUM(num) AS tp_sum FROM `p_orderlog` WHERE `productid` = 86 AND `type` = 3 AND `states` = 3 AND `userid` = 9 LIMIT 1   [ RunTime:0.0018s ]
SQL: SELECT SUM(num) AS tp_sum FROM `p_orderlog` WHERE `productid` = 87 AND `type` = 3 AND `states` = 3 AND `userid` = 9 LIMIT 1   [ RunTime:0.0015s ]
SQL: SELECT SUM(num) AS tp_sum FROM `p_orderlog` WHERE `productid` = 88 AND `type` = 3 AND `states` = 3 AND `userid` = 9 LIMIT 1   [ RunTime:0.0022s ]
SQL: SELECT SUM(num) AS tp_sum FROM `p_orderlog` WHERE `productid` = 89 AND `type` = 3 AND `states` = 3 AND `userid` = 9 LIMIT 1   [ RunTime:0.0024s ]
SQL: SELECT SUM(num) AS tp_sum FROM `p_orderlog` WHERE `productid` = 90 AND `type` = 3 AND `states` = 3 AND `userid` = 9 LIMIT 1   [ RunTime:0.0020s ]
SQL: SELECT SUM(num) AS tp_sum FROM `p_orderlog` WHERE `productid` = 91 AND `type` = 3 AND `states` = 3 AND `userid` = 9 LIMIT 1   [ RunTime:0.0018s ]
SQL: SELECT * FROM `p_orderlog` WHERE `type` = 3 AND (  states IN (1,2) ) AND `land` = 1 AND `num` = 1 AND `userid` = 9  [ RunTime:0.0024s ]
SQL: SELECT * FROM `p_orderlog` WHERE `type` = 3 AND (  states IN (1,2) ) AND `land` = 2 AND `num` = 1 AND `userid` = 9 AND (  states IN (1,2) )  [ RunTime:0.0024s ]
NOTIC: [8] Undefined offset: 0 D:\WWW\dev\register\Application\Home\Controller\IndexController.class.php 第 202 行.
SQL: SELECT * FROM `p_orderlog` WHERE `type` = 3 AND (  states IN (1,2) ) AND `land` = 3 AND `num` = 1 AND `userid` = 9 AND (  states IN (1,2) ) AND (  states IN (1,2) )  [ RunTime:0.0037s ]
SQL: SELECT * FROM `p_orderlog` WHERE `type` = 3 AND (  states IN (1,2) ) AND `land` = 4 AND `num` = 1 AND `userid` = 9 AND (  states IN (1,2) ) AND (  states IN (1,2) ) AND (  states IN (1,2) )  [ RunTime:0.0024s ]
NOTIC: [8] Undefined offset: 0 D:\WWW\dev\register\Application\Home\Controller\IndexController.class.php 第 202 行.
SQL: SELECT * FROM `p_orderlog` WHERE `type` = 3 AND (  states IN (1,2) ) AND `land` = 5 AND `num` = 1 AND `userid` = 9 AND (  states IN (1,2) ) AND (  states IN (1,2) ) AND (  states IN (1,2) ) AND (  states IN (1,2) )  [ RunTime:0.0027s ]
SQL: SELECT * FROM `p_orderlog` WHERE `type` = 3 AND (  states IN (1,2) ) AND `land` = 6 AND `num` = 1 AND `userid` = 9 AND (  states IN (1,2) ) AND (  states IN (1,2) ) AND (  states IN (1,2) ) AND (  states IN (1,2) ) AND (  states IN (1,2) )  [ RunTime:0.0025s ]
SQL: SELECT * FROM `p_orderlog` WHERE `type` = 3 AND (  states IN (1,2) ) AND `land` = 7 AND `num` = 1 AND `userid` = 9 AND (  states IN (1,2) ) AND (  states IN (1,2) ) AND (  states IN (1,2) ) AND (  states IN (1,2) ) AND (  states IN (1,2) ) AND (  states IN (1,2) )  [ RunTime:0.0027s ]
SQL: SELECT * FROM `p_orderlog` WHERE `type` = 3 AND (  states IN (1,2) ) AND `land` = 8 AND `num` = 1 AND `userid` = 9 AND (  states IN (1,2) ) AND (  states IN (1,2) ) AND (  states IN (1,2) ) AND (  states IN (1,2) ) AND (  states IN (1,2) ) AND (  states IN (1,2) ) AND (  states IN (1,2) )  [ RunTime:0.0032s ]
SQL: SELECT * FROM `p_orderlog` WHERE `type` = 3 AND (  states IN (1,2) ) AND `land` = 9 AND `num` = 1 AND `userid` = 9 AND (  states IN (1,2) ) AND (  states IN (1,2) ) AND (  states IN (1,2) ) AND (  states IN (1,2) ) AND (  states IN (1,2) ) AND (  states IN (1,2) ) AND (  states IN (1,2) ) AND (  states IN (1,2) )  [ RunTime:0.0031s ]
SQL: SELECT * FROM `p_orderlog` WHERE `type` = 3 AND (  states IN (1,2) ) AND `land` = 10 AND `num` = 1 AND `userid` = 9 AND (  states IN (1,2) ) AND (  states IN (1,2) ) AND (  states IN (1,2) ) AND (  states IN (1,2) ) AND (  states IN (1,2) ) AND (  states IN (1,2) ) AND (  states IN (1,2) ) AND (  states IN (1,2) ) AND (  states IN (1,2) )  [ RunTime:0.0024s ]
NOTIC: [8] Undefined offset: 0 D:\WWW\dev\register\Application\Home\Controller\IndexController.class.php 第 202 行.
SQL: SELECT * FROM `p_orderlog` WHERE `type` = 3 AND (  states IN (1,2) ) AND `land` = 11 AND `num` = 1 AND `userid` = 9 AND (  states IN (1,2) ) AND (  states IN (1,2) ) AND (  states IN (1,2) ) AND (  states IN (1,2) ) AND (  states IN (1,2) ) AND (  states IN (1,2) ) AND (  states IN (1,2) ) AND (  states IN (1,2) ) AND (  states IN (1,2) ) AND (  states IN (1,2) )  [ RunTime:0.0021s ]
NOTIC: [8] Undefined offset: 0 D:\WWW\dev\register\Application\Home\Controller\IndexController.class.php 第 202 行.
SQL: SELECT * FROM `p_orderlog` WHERE `type` = 3 AND (  states IN (1,2) ) AND `land` = 12 AND `num` = 1 AND `userid` = 9 AND (  states IN (1,2) ) AND (  states IN (1,2) ) AND (  states IN (1,2) ) AND (  states IN (1,2) ) AND (  states IN (1,2) ) AND (  states IN (1,2) ) AND (  states IN (1,2) ) AND (  states IN (1,2) ) AND (  states IN (1,2) ) AND (  states IN (1,2) ) AND (  states IN (1,2) )  [ RunTime:0.0023s ]
NOTIC: [8] Undefined offset: 0 D:\WWW\dev\register\Application\Home\Controller\IndexController.class.php 第 202 行.
SQL: SELECT * FROM `p_orderlog` WHERE `type` = 3 AND (  states IN (1,2) ) AND `land` = 13 AND `num` = 1 AND `userid` = 9 AND (  states IN (1,2) ) AND (  states IN (1,2) ) AND (  states IN (1,2) ) AND (  states IN (1,2) ) AND (  states IN (1,2) ) AND (  states IN (1,2) ) AND (  states IN (1,2) ) AND (  states IN (1,2) ) AND (  states IN (1,2) ) AND (  states IN (1,2) ) AND (  states IN (1,2) ) AND (  states IN (1,2) )  [ RunTime:0.0032s ]
NOTIC: [8] Undefined offset: 0 D:\WWW\dev\register\Application\Home\Controller\IndexController.class.php 第 202 行.
SQL: SELECT * FROM `p_orderlog` WHERE `type` = 3 AND (  states IN (1,2) ) AND `land` = 14 AND `num` = 1 AND `userid` = 9 AND (  states IN (1,2) ) AND (  states IN (1,2) ) AND (  states IN (1,2) ) AND (  states IN (1,2) ) AND (  states IN (1,2) ) AND (  states IN (1,2) ) AND (  states IN (1,2) ) AND (  states IN (1,2) ) AND (  states IN (1,2) ) AND (  states IN (1,2) ) AND (  states IN (1,2) ) AND (  states IN (1,2) ) AND (  states IN (1,2) )  [ RunTime:0.0028s ]
SQL: SELECT * FROM `p_orderlog` WHERE `type` = 3 AND (  states IN (1,2) ) AND `land` = 15 AND `num` = 1 AND `userid` = 9 AND (  states IN (1,2) ) AND (  states IN (1,2) ) AND (  states IN (1,2) ) AND (  states IN (1,2) ) AND (  states IN (1,2) ) AND (  states IN (1,2) ) AND (  states IN (1,2) ) AND (  states IN (1,2) ) AND (  states IN (1,2) ) AND (  states IN (1,2) ) AND (  states IN (1,2) ) AND (  states IN (1,2) ) AND (  states IN (1,2) ) AND (  states IN (1,2) )  [ RunTime:0.0019s ]
NOTIC: [8] Undefined offset: 0 D:\WWW\dev\register\Application\Home\Controller\IndexController.class.php 第 202 行.
SQL: SELECT SUM(num) AS tp_sum FROM `p_orderlog` WHERE `productid` = 8 AND `states` = 0 LIMIT 1   [ RunTime:0.0014s ]
INFO: [ view_parse ] --START--
INFO: [ template_filter ] --START--
INFO: Run Behavior\ContentReplaceBehavior [ RunTime:0.000650s ]
INFO: [ template_filter ] --END-- [ RunTime:0.000774s ]
INFO: Run Behavior\ParseTemplateBehavior [ RunTime:0.089576s ]
INFO: [ view_parse ] --END-- [ RunTime:0.089760s ]
INFO: [ view_filter ] --START--
INFO: Run Behavior\WriteHtmlCacheBehavior [ RunTime:0.000813s ]
INFO: [ view_filter ] --END-- [ RunTime:0.000965s ]
INFO: [ app_end ] --START--
INFO: Run Behavior\ShowPageTraceBehavior [ RunTime:0.001326s ]
INFO: [ app_end ] --END-- [ RunTime:0.001466s ]

[ 2017-06-15T21:23:29+08:00 ] 127.0.0.1 /register/index.php/Home/Index/index
INFO: [ app_init ] --START--
INFO: Run Behavior\BuildLiteBehavior [ RunTime:0.000029s ]
INFO: [ app_init ] --END-- [ RunTime:0.001130s ]
INFO: [ app_begin ] --START--
INFO: Run Behavior\ReadHtmlCacheBehavior [ RunTime:0.001143s ]
INFO: [ app_begin ] --END-- [ RunTime:0.001280s ]
SQL: SHOW COLUMNS FROM `p_menber` [ RunTime:0.0120s ]
SQL: SELECT * FROM `p_menber` WHERE `uid` = 9  [ RunTime:0.0021s ]
SQL: SHOW COLUMNS FROM `p_product` [ RunTime:0.0145s ]
SQL: SHOW COLUMNS FROM `p_orderlog` [ RunTime:0.0186s ]
NOTIC: [8] Undefined index: productguoshi D:\WWW\dev\register\Application\Home\Controller\IndexController.class.php 第 23 行.
NOTIC: [8] Undefined index: shangdian D:\WWW\dev\register\Application\Home\Controller\IndexController.class.php 第 104 行.
SQL: SELECT * FROM `p_product` WHERE `type` IN ('1','2','3') ORDER BY id asc  [ RunTime:0.0028s ]
SQL: SELECT SUM(num) AS tp_sum FROM `p_orderlog` WHERE `productid` = 1 AND `type` = 2 AND `states` = 0 AND `userid` = 9 LIMIT 1   [ RunTime:0.0027s ]
SQL: SELECT SUM(num) AS tp_sum FROM `p_orderlog` WHERE `productid` = 2 AND `type` = 1 AND `states` = 0 AND `userid` = 9 LIMIT 1   [ RunTime:0.0022s ]
SQL: SELECT SUM(num) AS tp_sum FROM `p_orderlog` WHERE `productid` = 3 AND `type` = 1 AND `states` = 0 AND `userid` = 9 LIMIT 1   [ RunTime:0.0019s ]
SQL: SELECT SUM(num) AS tp_sum FROM `p_orderlog` WHERE `productid` = 4 AND `type` = 1 AND `states` = 0 AND `userid` = 9 LIMIT 1   [ RunTime:0.0023s ]
SQL: SELECT SUM(num) AS tp_sum FROM `p_orderlog` WHERE `productid` = 5 AND `type` = 1 AND `states` = 0 AND `userid` = 9 LIMIT 1   [ RunTime:0.0022s ]
SQL: SELECT SUM(num) AS tp_sum FROM `p_orderlog` WHERE `productid` = 6 AND `type` = 1 AND `states` = 0 AND `userid` = 9 LIMIT 1   [ RunTime:0.0018s ]
SQL: SELECT SUM(num) AS tp_sum FROM `p_orderlog` WHERE `productid` = 7 AND `type` = 1 AND `states` = 0 AND `userid` = 9 LIMIT 1   [ RunTime:0.0028s ]
SQL: SELECT SUM(num) AS tp_sum FROM `p_orderlog` WHERE `productid` = 8 AND `type` = 2 AND `states` = 0 AND `userid` = 9 LIMIT 1   [ RunTime:0.0022s ]
SQL: SELECT SUM(num) AS tp_sum FROM `p_orderlog` WHERE `productid` = 81 AND `type` = 2 AND `states` = 0 AND `userid` = 9 LIMIT 1   [ RunTime:0.0016s ]
SQL: SELECT SUM(num) AS tp_sum FROM `p_orderlog` WHERE `productid` = 82 AND `type` = 2 AND `states` = 0 AND `userid` = 9 LIMIT 1   [ RunTime:0.0021s ]
SQL: SELECT SUM(num) AS tp_sum FROM `p_orderlog` WHERE `productid` = 83 AND `type` = 2 AND `states` = 0 AND `userid` = 9 LIMIT 1   [ RunTime:0.0021s ]
SQL: SELECT SUM(num) AS tp_sum FROM `p_orderlog` WHERE `productid` = 84 AND `type` = 2 AND `states` = 0 AND `userid` = 9 LIMIT 1   [ RunTime:0.0019s ]
SQL: SELECT SUM(num) AS tp_sum FROM `p_orderlog` WHERE `productid` = 85 AND `type` = 2 AND `states` = 0 AND `userid` = 9 LIMIT 1   [ RunTime:0.0018s ]
SQL: SELECT SUM(num) AS tp_sum FROM `p_orderlog` WHERE `productid` = 86 AND `type` = 3 AND `states` = 3 AND `userid` = 9 LIMIT 1   [ RunTime:0.0027s ]
SQL: SELECT SUM(num) AS tp_sum FROM `p_orderlog` WHERE `productid` = 87 AND `type` = 3 AND `states` = 3 AND `userid` = 9 LIMIT 1   [ RunTime:0.0021s ]
SQL: SELECT SUM(num) AS tp_sum FROM `p_orderlog` WHERE `productid` = 88 AND `type` = 3 AND `states` = 3 AND `userid` = 9 LIMIT 1   [ RunTime:0.0020s ]
SQL: SELECT SUM(num) AS tp_sum FROM `p_orderlog` WHERE `productid` = 89 AND `type` = 3 AND `states` = 3 AND `userid` = 9 LIMIT 1   [ RunTime:0.0021s ]
SQL: SELECT SUM(num) AS tp_sum FROM `p_orderlog` WHERE `productid` = 90 AND `type` = 3 AND `states` = 3 AND `userid` = 9 LIMIT 1   [ RunTime:0.0021s ]
SQL: SELECT SUM(num) AS tp_sum FROM `p_orderlog` WHERE `productid` = 91 AND `type` = 3 AND `states` = 3 AND `userid` = 9 LIMIT 1   [ RunTime:0.0022s ]
SQL: SELECT * FROM `p_orderlog` WHERE `type` = 3 AND (  states IN (1,2) ) AND `land` = 1 AND `num` = 1 AND `userid` = 9  [ RunTime:0.0028s ]
SQL: SELECT * FROM `p_orderlog` WHERE `type` = 3 AND (  states IN (1,2) ) AND `land` = 2 AND `num` = 1 AND `userid` = 9 AND (  states IN (1,2) )  [ RunTime:0.0024s ]
NOTIC: [8] Undefined offset: 0 D:\WWW\dev\register\Application\Home\Controller\IndexController.class.php 第 202 行.
SQL: SELECT * FROM `p_orderlog` WHERE `type` = 3 AND (  states IN (1,2) ) AND `land` = 3 AND `num` = 1 AND `userid` = 9 AND (  states IN (1,2) ) AND (  states IN (1,2) )  [ RunTime:0.0034s ]
SQL: SELECT * FROM `p_orderlog` WHERE `type` = 3 AND (  states IN (1,2) ) AND `land` = 4 AND `num` = 1 AND `userid` = 9 AND (  states IN (1,2) ) AND (  states IN (1,2) ) AND (  states IN (1,2) )  [ RunTime:0.0027s ]
NOTIC: [8] Undefined offset: 0 D:\WWW\dev\register\Application\Home\Controller\IndexController.class.php 第 202 行.
SQL: SELECT * FROM `p_orderlog` WHERE `type` = 3 AND (  states IN (1,2) ) AND `land` = 5 AND `num` = 1 AND `userid` = 9 AND (  states IN (1,2) ) AND (  states IN (1,2) ) AND (  states IN (1,2) ) AND (  states IN (1,2) )  [ RunTime:0.0022s ]
SQL: SELECT * FROM `p_orderlog` WHERE `type` = 3 AND (  states IN (1,2) ) AND `land` = 6 AND `num` = 1 AND `userid` = 9 AND (  states IN (1,2) ) AND (  states IN (1,2) ) AND (  states IN (1,2) ) AND (  states IN (1,2) ) AND (  states IN (1,2) )  [ RunTime:0.0023s ]
SQL: SELECT * FROM `p_orderlog` WHERE `type` = 3 AND (  states IN (1,2) ) AND `land` = 7 AND `num` = 1 AND `userid` = 9 AND (  states IN (1,2) ) AND (  states IN (1,2) ) AND (  states IN (1,2) ) AND (  states IN (1,2) ) AND (  states IN (1,2) ) AND (  states IN (1,2) )  [ RunTime:0.0035s ]
SQL: SELECT * FROM `p_orderlog` WHERE `type` = 3 AND (  states IN (1,2) ) AND `land` = 8 AND `num` = 1 AND `userid` = 9 AND (  states IN (1,2) ) AND (  states IN (1,2) ) AND (  states IN (1,2) ) AND (  states IN (1,2) ) AND (  states IN (1,2) ) AND (  states IN (1,2) ) AND (  states IN (1,2) )  [ RunTime:0.0029s ]
SQL: SELECT * FROM `p_orderlog` WHERE `type` = 3 AND (  states IN (1,2) ) AND `land` = 9 AND `num` = 1 AND `userid` = 9 AND (  states IN (1,2) ) AND (  states IN (1,2) ) AND (  states IN (1,2) ) AND (  states IN (1,2) ) AND (  states IN (1,2) ) AND (  states IN (1,2) ) AND (  states IN (1,2) ) AND (  states IN (1,2) )  [ RunTime:0.0025s ]
SQL: SELECT * FROM `p_orderlog` WHERE `type` = 3 AND (  states IN (1,2) ) AND `land` = 10 AND `num` = 1 AND `userid` = 9 AND (  states IN (1,2) ) AND (  states IN (1,2) ) AND (  states IN (1,2) ) AND (  states IN (1,2) ) AND (  states IN (1,2) ) AND (  states IN (1,2) ) AND (  states IN (1,2) ) AND (  states IN (1,2) ) AND (  states IN (1,2) )  [ RunTime:0.0027s ]
NOTIC: [8] Undefined offset: 0 D:\WWW\dev\register\Application\Home\Controller\IndexController.class.php 第 202 行.
SQL: SELECT * FROM `p_orderlog` WHERE `type` = 3 AND (  states IN (1,2) ) AND `land` = 11 AND `num` = 1 AND `userid` = 9 AND (  states IN (1,2) ) AND (  states IN (1,2) ) AND (  states IN (1,2) ) AND (  states IN (1,2) ) AND (  states IN (1,2) ) AND (  states IN (1,2) ) AND (  states IN (1,2) ) AND (  states IN (1,2) ) AND (  states IN (1,2) ) AND (  states IN (1,2) )  [ RunTime:0.0027s ]
NOTIC: [8] Undefined offset: 0 D:\WWW\dev\register\Application\Home\Controller\IndexController.class.php 第 202 行.
SQL: SELECT * FROM `p_orderlog` WHERE `type` = 3 AND (  states IN (1,2) ) AND `land` = 12 AND `num` = 1 AND `userid` = 9 AND (  states IN (1,2) ) AND (  states IN (1,2) ) AND (  states IN (1,2) ) AND (  states IN (1,2) ) AND (  states IN (1,2) ) AND (  states IN (1,2) ) AND (  states IN (1,2) ) AND (  states IN (1,2) ) AND (  states IN (1,2) ) AND (  states IN (1,2) ) AND (  states IN (1,2) )  [ RunTime:0.0030s ]
NOTIC: [8] Undefined offset: 0 D:\WWW\dev\register\Application\Home\Controller\IndexController.class.php 第 202 行.
SQL: SELECT * FROM `p_orderlog` WHERE `type` = 3 AND (  states IN (1,2) ) AND `land` = 13 AND `num` = 1 AND `userid` = 9 AND (  states IN (1,2) ) AND (  states IN (1,2) ) AND (  states IN (1,2) ) AND (  states IN (1,2) ) AND (  states IN (1,2) ) AND (  states IN (1,2) ) AND (  states IN (1,2) ) AND (  states IN (1,2) ) AND (  states IN (1,2) ) AND (  states IN (1,2) ) AND (  states IN (1,2) ) AND (  states IN (1,2) )  [ RunTime:0.0031s ]
NOTIC: [8] Undefined offset: 0 D:\WWW\dev\register\Application\Home\Controller\IndexController.class.php 第 202 行.
SQL: SELECT * FROM `p_orderlog` WHERE `type` = 3 AND (  states IN (1,2) ) AND `land` = 14 AND `num` = 1 AND `userid` = 9 AND (  states IN (1,2) ) AND (  states IN (1,2) ) AND (  states IN (1,2) ) AND (  states IN (1,2) ) AND (  states IN (1,2) ) AND (  states IN (1,2) ) AND (  states IN (1,2) ) AND (  states IN (1,2) ) AND (  states IN (1,2) ) AND (  states IN (1,2) ) AND (  states IN (1,2) ) AND (  states IN (1,2) ) AND (  states IN (1,2) )  [ RunTime:0.0028s ]
SQL: SELECT * FROM `p_orderlog` WHERE `type` = 3 AND (  states IN (1,2) ) AND `land` = 15 AND `num` = 1 AND `userid` = 9 AND (  states IN (1,2) ) AND (  states IN (1,2) ) AND (  states IN (1,2) ) AND (  states IN (1,2) ) AND (  states IN (1,2) ) AND (  states IN (1,2) ) AND (  states IN (1,2) ) AND (  states IN (1,2) ) AND (  states IN (1,2) ) AND (  states IN (1,2) ) AND (  states IN (1,2) ) AND (  states IN (1,2) ) AND (  states IN (1,2) ) AND (  states IN (1,2) )  [ RunTime:0.0024s ]
NOTIC: [8] Undefined offset: 0 D:\WWW\dev\register\Application\Home\Controller\IndexController.class.php 第 202 行.
SQL: SELECT SUM(num) AS tp_sum FROM `p_orderlog` WHERE `productid` = 8 AND `states` = 0 LIMIT 1   [ RunTime:0.0019s ]
INFO: [ view_parse ] --START--
INFO: [ template_filter ] --START--
INFO: Run Behavior\ContentReplaceBehavior [ RunTime:0.000521s ]
INFO: [ template_filter ] --END-- [ RunTime:0.000684s ]
INFO: Run Behavior\ParseTemplateBehavior [ RunTime:0.038711s ]
INFO: [ view_parse ] --END-- [ RunTime:0.038829s ]
INFO: [ view_filter ] --START--
INFO: Run Behavior\WriteHtmlCacheBehavior [ RunTime:0.000679s ]
INFO: [ view_filter ] --END-- [ RunTime:0.000948s ]
INFO: [ app_end ] --START--
INFO: Run Behavior\ShowPageTraceBehavior [ RunTime:0.001326s ]
INFO: [ app_end ] --END-- [ RunTime:0.001500s ]

[ 2017-06-15T22:56:29+08:00 ] 127.0.0.1 /register/index.php/Home/Index/index
INFO: [ app_init ] --START--
INFO: Run Behavior\BuildLiteBehavior [ RunTime:0.000035s ]
INFO: [ app_init ] --END-- [ RunTime:0.001301s ]
INFO: [ app_begin ] --START--
INFO: Run Behavior\ReadHtmlCacheBehavior [ RunTime:0.001306s ]
INFO: [ app_begin ] --END-- [ RunTime:0.001435s ]
SQL: SHOW COLUMNS FROM `p_menber` [ RunTime:0.0124s ]
SQL: SELECT * FROM `p_menber` WHERE `uid` = 9  [ RunTime:0.0011s ]
SQL: SHOW COLUMNS FROM `p_product` [ RunTime:0.0140s ]
SQL: SHOW COLUMNS FROM `p_orderlog` [ RunTime:0.0131s ]
NOTIC: [8] Undefined index: productguoshi D:\WWW\dev\register\Application\Home\Controller\IndexController.class.php 第 23 行.
NOTIC: [8] Undefined index: shangdian D:\WWW\dev\register\Application\Home\Controller\IndexController.class.php 第 104 行.
SQL: SELECT * FROM `p_product` WHERE `type` IN ('1','2','3') ORDER BY id asc  [ RunTime:0.0018s ]
SQL: SELECT SUM(num) AS tp_sum FROM `p_orderlog` WHERE `productid` = 1 AND `type` = 2 AND `states` = 0 AND `userid` = 9 LIMIT 1   [ RunTime:0.0011s ]
SQL: SELECT SUM(num) AS tp_sum FROM `p_orderlog` WHERE `productid` = 2 AND `type` = 1 AND `states` = 0 AND `userid` = 9 LIMIT 1   [ RunTime:0.0011s ]
SQL: SELECT SUM(num) AS tp_sum FROM `p_orderlog` WHERE `productid` = 3 AND `type` = 1 AND `states` = 0 AND `userid` = 9 LIMIT 1   [ RunTime:0.0010s ]
SQL: SELECT SUM(num) AS tp_sum FROM `p_orderlog` WHERE `productid` = 4 AND `type` = 1 AND `states` = 0 AND `userid` = 9 LIMIT 1   [ RunTime:0.0009s ]
SQL: SELECT SUM(num) AS tp_sum FROM `p_orderlog` WHERE `productid` = 5 AND `type` = 1 AND `states` = 0 AND `userid` = 9 LIMIT 1   [ RunTime:0.0011s ]
SQL: SELECT SUM(num) AS tp_sum FROM `p_orderlog` WHERE `productid` = 6 AND `type` = 1 AND `states` = 0 AND `userid` = 9 LIMIT 1   [ RunTime:0.0010s ]
SQL: SELECT SUM(num) AS tp_sum FROM `p_orderlog` WHERE `productid` = 7 AND `type` = 1 AND `states` = 0 AND `userid` = 9 LIMIT 1   [ RunTime:0.0013s ]
SQL: SELECT SUM(num) AS tp_sum FROM `p_orderlog` WHERE `productid` = 8 AND `type` = 2 AND `states` = 0 AND `userid` = 9 LIMIT 1   [ RunTime:0.0011s ]
SQL: SELECT SUM(num) AS tp_sum FROM `p_orderlog` WHERE `productid` = 81 AND `type` = 2 AND `states` = 0 AND `userid` = 9 LIMIT 1   [ RunTime:0.0011s ]
SQL: SELECT SUM(num) AS tp_sum FROM `p_orderlog` WHERE `productid` = 82 AND `type` = 2 AND `states` = 0 AND `userid` = 9 LIMIT 1   [ RunTime:0.0009s ]
SQL: SELECT SUM(num) AS tp_sum FROM `p_orderlog` WHERE `productid` = 83 AND `type` = 2 AND `states` = 0 AND `userid` = 9 LIMIT 1   [ RunTime:0.0009s ]
SQL: SELECT SUM(num) AS tp_sum FROM `p_orderlog` WHERE `productid` = 84 AND `type` = 2 AND `states` = 0 AND `userid` = 9 LIMIT 1   [ RunTime:0.0014s ]
SQL: SELECT SUM(num) AS tp_sum FROM `p_orderlog` WHERE `productid` = 85 AND `type` = 2 AND `states` = 0 AND `userid` = 9 LIMIT 1   [ RunTime:0.0014s ]
SQL: SELECT SUM(num) AS tp_sum FROM `p_orderlog` WHERE `productid` = 86 AND `type` = 3 AND `states` = 3 AND `userid` = 9 LIMIT 1   [ RunTime:0.0013s ]
SQL: SELECT SUM(num) AS tp_sum FROM `p_orderlog` WHERE `productid` = 87 AND `type` = 3 AND `states` = 3 AND `userid` = 9 LIMIT 1   [ RunTime:0.0013s ]
SQL: SELECT SUM(num) AS tp_sum FROM `p_orderlog` WHERE `productid` = 88 AND `type` = 3 AND `states` = 3 AND `userid` = 9 LIMIT 1   [ RunTime:0.0011s ]
SQL: SELECT SUM(num) AS tp_sum FROM `p_orderlog` WHERE `productid` = 89 AND `type` = 3 AND `states` = 3 AND `userid` = 9 LIMIT 1   [ RunTime:0.0012s ]
SQL: SELECT SUM(num) AS tp_sum FROM `p_orderlog` WHERE `productid` = 90 AND `type` = 3 AND `states` = 3 AND `userid` = 9 LIMIT 1   [ RunTime:0.0009s ]
SQL: SELECT SUM(num) AS tp_sum FROM `p_orderlog` WHERE `productid` = 91 AND `type` = 3 AND `states` = 3 AND `userid` = 9 LIMIT 1   [ RunTime:0.0009s ]
SQL: SELECT * FROM `p_orderlog` WHERE `type` = 3 AND (  states IN (1,2) ) AND `land` = 1 AND `num` = 1 AND `userid` = 9  [ RunTime:0.0012s ]
SQL: SELECT * FROM `p_orderlog` WHERE `type` = 3 AND (  states IN (1,2) ) AND `land` = 2 AND `num` = 1 AND `userid` = 9 AND (  states IN (1,2) )  [ RunTime:0.0010s ]
NOTIC: [8] Undefined offset: 0 D:\WWW\dev\register\Application\Home\Controller\IndexController.class.php 第 202 行.
SQL: SELECT * FROM `p_orderlog` WHERE `type` = 3 AND (  states IN (1,2) ) AND `land` = 3 AND `num` = 1 AND `userid` = 9 AND (  states IN (1,2) ) AND (  states IN (1,2) )  [ RunTime:0.0012s ]
SQL: SELECT * FROM `p_orderlog` WHERE `type` = 3 AND (  states IN (1,2) ) AND `land` = 4 AND `num` = 1 AND `userid` = 9 AND (  states IN (1,2) ) AND (  states IN (1,2) ) AND (  states IN (1,2) )  [ RunTime:0.0010s ]
NOTIC: [8] Undefined offset: 0 D:\WWW\dev\register\Application\Home\Controller\IndexController.class.php 第 202 行.
SQL: SELECT * FROM `p_orderlog` WHERE `type` = 3 AND (  states IN (1,2) ) AND `land` = 5 AND `num` = 1 AND `userid` = 9 AND (  states IN (1,2) ) AND (  states IN (1,2) ) AND (  states IN (1,2) ) AND (  states IN (1,2) )  [ RunTime:0.0013s ]
SQL: SELECT * FROM `p_orderlog` WHERE `type` = 3 AND (  states IN (1,2) ) AND `land` = 6 AND `num` = 1 AND `userid` = 9 AND (  states IN (1,2) ) AND (  states IN (1,2) ) AND (  states IN (1,2) ) AND (  states IN (1,2) ) AND (  states IN (1,2) )  [ RunTime:0.0022s ]
SQL: SELECT * FROM `p_orderlog` WHERE `type` = 3 AND (  states IN (1,2) ) AND `land` = 7 AND `num` = 1 AND `userid` = 9 AND (  states IN (1,2) ) AND (  states IN (1,2) ) AND (  states IN (1,2) ) AND (  states IN (1,2) ) AND (  states IN (1,2) ) AND (  states IN (1,2) )  [ RunTime:0.0022s ]
SQL: SELECT * FROM `p_orderlog` WHERE `type` = 3 AND (  states IN (1,2) ) AND `land` = 8 AND `num` = 1 AND `userid` = 9 AND (  states IN (1,2) ) AND (  states IN (1,2) ) AND (  states IN (1,2) ) AND (  states IN (1,2) ) AND (  states IN (1,2) ) AND (  states IN (1,2) ) AND (  states IN (1,2) )  [ RunTime:0.0017s ]
SQL: SELECT * FROM `p_orderlog` WHERE `type` = 3 AND (  states IN (1,2) ) AND `land` = 9 AND `num` = 1 AND `userid` = 9 AND (  states IN (1,2) ) AND (  states IN (1,2) ) AND (  states IN (1,2) ) AND (  states IN (1,2) ) AND (  states IN (1,2) ) AND (  states IN (1,2) ) AND (  states IN (1,2) ) AND (  states IN (1,2) )  [ RunTime:0.0017s ]
SQL: SELECT * FROM `p_orderlog` WHERE `type` = 3 AND (  states IN (1,2) ) AND `land` = 10 AND `num` = 1 AND `userid` = 9 AND (  states IN (1,2) ) AND (  states IN (1,2) ) AND (  states IN (1,2) ) AND (  states IN (1,2) ) AND (  states IN (1,2) ) AND (  states IN (1,2) ) AND (  states IN (1,2) ) AND (  states IN (1,2) ) AND (  states IN (1,2) )  [ RunTime:0.0012s ]
NOTIC: [8] Undefined offset: 0 D:\WWW\dev\register\Application\Home\Controller\IndexController.class.php 第 202 行.
SQL: SELECT * FROM `p_orderlog` WHERE `type` = 3 AND (  states IN (1,2) ) AND `land` = 11 AND `num` = 1 AND `userid` = 9 AND (  states IN (1,2) ) AND (  states IN (1,2) ) AND (  states IN (1,2) ) AND (  states IN (1,2) ) AND (  states IN (1,2) ) AND (  states IN (1,2) ) AND (  states IN (1,2) ) AND (  states IN (1,2) ) AND (  states IN (1,2) ) AND (  states IN (1,2) )  [ RunTime:0.0013s ]
NOTIC: [8] Undefined offset: 0 D:\WWW\dev\register\Application\Home\Controller\IndexController.class.php 第 202 行.
SQL: SELECT * FROM `p_orderlog` WHERE `type` = 3 AND (  states IN (1,2) ) AND `land` = 12 AND `num` = 1 AND `userid` = 9 AND (  states IN (1,2) ) AND (  states IN (1,2) ) AND (  states IN (1,2) ) AND (  states IN (1,2) ) AND (  states IN (1,2) ) AND (  states IN (1,2) ) AND (  states IN (1,2) ) AND (  states IN (1,2) ) AND (  states IN (1,2) ) AND (  states IN (1,2) ) AND (  states IN (1,2) )  [ RunTime:0.0013s ]
NOTIC: [8] Undefined offset: 0 D:\WWW\dev\register\Application\Home\Controller\IndexController.class.php 第 202 行.
SQL: SELECT * FROM `p_orderlog` WHERE `type` = 3 AND (  states IN (1,2) ) AND `land` = 13 AND `num` = 1 AND `userid` = 9 AND (  states IN (1,2) ) AND (  states IN (1,2) ) AND (  states IN (1,2) ) AND (  states IN (1,2) ) AND (  states IN (1,2) ) AND (  states IN (1,2) ) AND (  states IN (1,2) ) AND (  states IN (1,2) ) AND (  states IN (1,2) ) AND (  states IN (1,2) ) AND (  states IN (1,2) ) AND (  states IN (1,2) )  [ RunTime:0.0013s ]
NOTIC: [8] Undefined offset: 0 D:\WWW\dev\register\Application\Home\Controller\IndexController.class.php 第 202 行.
SQL: SELECT * FROM `p_orderlog` WHERE `type` = 3 AND (  states IN (1,2) ) AND `land` = 14 AND `num` = 1 AND `userid` = 9 AND (  states IN (1,2) ) AND (  states IN (1,2) ) AND (  states IN (1,2) ) AND (  states IN (1,2) ) AND (  states IN (1,2) ) AND (  states IN (1,2) ) AND (  states IN (1,2) ) AND (  states IN (1,2) ) AND (  states IN (1,2) ) AND (  states IN (1,2) ) AND (  states IN (1,2) ) AND (  states IN (1,2) ) AND (  states IN (1,2) )  [ RunTime:0.0018s ]
SQL: SELECT * FROM `p_orderlog` WHERE `type` = 3 AND (  states IN (1,2) ) AND `land` = 15 AND `num` = 1 AND `userid` = 9 AND (  states IN (1,2) ) AND (  states IN (1,2) ) AND (  states IN (1,2) ) AND (  states IN (1,2) ) AND (  states IN (1,2) ) AND (  states IN (1,2) ) AND (  states IN (1,2) ) AND (  states IN (1,2) ) AND (  states IN (1,2) ) AND (  states IN (1,2) ) AND (  states IN (1,2) ) AND (  states IN (1,2) ) AND (  states IN (1,2) ) AND (  states IN (1,2) )  [ RunTime:0.0018s ]
NOTIC: [8] Undefined offset: 0 D:\WWW\dev\register\Application\Home\Controller\IndexController.class.php 第 202 行.
SQL: SELECT SUM(num) AS tp_sum FROM `p_orderlog` WHERE `productid` = 8 AND `states` = 0 LIMIT 1   [ RunTime:0.0012s ]
INFO: [ view_parse ] --START--
INFO: [ template_filter ] --START--
INFO: Run Behavior\ContentReplaceBehavior [ RunTime:0.000361s ]
INFO: [ template_filter ] --END-- [ RunTime:0.000443s ]
INFO: Run Behavior\ParseTemplateBehavior [ RunTime:0.032601s ]
INFO: [ view_parse ] --END-- [ RunTime:0.032713s ]
INFO: [ view_filter ] --START--
INFO: Run Behavior\WriteHtmlCacheBehavior [ RunTime:0.000649s ]
INFO: [ view_filter ] --END-- [ RunTime:0.000715s ]
INFO: [ app_end ] --START--
INFO: Run Behavior\ShowPageTraceBehavior [ RunTime:0.001910s ]
INFO: [ app_end ] --END-- [ RunTime:0.002832s ]

[ 2017-06-15T22:56:36+08:00 ] 127.0.0.1 /register/index.php/Home/Index/index
INFO: [ app_init ] --START--
INFO: Run Behavior\BuildLiteBehavior [ RunTime:0.000040s ]
INFO: [ app_init ] --END-- [ RunTime:0.001343s ]
INFO: [ app_begin ] --START--
INFO: Run Behavior\ReadHtmlCacheBehavior [ RunTime:0.001506s ]
INFO: [ app_begin ] --END-- [ RunTime:0.001684s ]
SQL: SHOW COLUMNS FROM `p_menber` [ RunTime:0.0168s ]
SQL: SELECT * FROM `p_menber` WHERE `uid` = 9  [ RunTime:0.0008s ]
SQL: SHOW COLUMNS FROM `p_product` [ RunTime:0.0164s ]
SQL: SHOW COLUMNS FROM `p_orderlog` [ RunTime:0.0155s ]
NOTIC: [8] Undefined index: productguoshi D:\WWW\dev\register\Application\Home\Controller\IndexController.class.php 第 23 行.
NOTIC: [8] Undefined index: shangdian D:\WWW\dev\register\Application\Home\Controller\IndexController.class.php 第 104 行.
SQL: SELECT * FROM `p_product` WHERE `type` IN ('1','2','3') ORDER BY id asc  [ RunTime:0.0022s ]
SQL: SELECT SUM(num) AS tp_sum FROM `p_orderlog` WHERE `productid` = 1 AND `type` = 2 AND `states` = 0 AND `userid` = 9 LIMIT 1   [ RunTime:0.0010s ]
SQL: SELECT SUM(num) AS tp_sum FROM `p_orderlog` WHERE `productid` = 2 AND `type` = 1 AND `states` = 0 AND `userid` = 9 LIMIT 1   [ RunTime:0.0010s ]
SQL: SELECT SUM(num) AS tp_sum FROM `p_orderlog` WHERE `productid` = 3 AND `type` = 1 AND `states` = 0 AND `userid` = 9 LIMIT 1   [ RunTime:0.0009s ]
SQL: SELECT SUM(num) AS tp_sum FROM `p_orderlog` WHERE `productid` = 4 AND `type` = 1 AND `states` = 0 AND `userid` = 9 LIMIT 1   [ RunTime:0.0013s ]
SQL: SELECT SUM(num) AS tp_sum FROM `p_orderlog` WHERE `productid` = 5 AND `type` = 1 AND `states` = 0 AND `userid` = 9 LIMIT 1   [ RunTime:0.0009s ]
SQL: SELECT SUM(num) AS tp_sum FROM `p_orderlog` WHERE `productid` = 6 AND `type` = 1 AND `states` = 0 AND `userid` = 9 LIMIT 1   [ RunTime:0.0009s ]
SQL: SELECT SUM(num) AS tp_sum FROM `p_orderlog` WHERE `productid` = 7 AND `type` = 1 AND `states` = 0 AND `userid` = 9 LIMIT 1   [ RunTime:0.0007s ]
SQL: SELECT SUM(num) AS tp_sum FROM `p_orderlog` WHERE `productid` = 8 AND `type` = 2 AND `states` = 0 AND `userid` = 9 LIMIT 1   [ RunTime:0.0007s ]
SQL: SELECT SUM(num) AS tp_sum FROM `p_orderlog` WHERE `productid` = 81 AND `type` = 2 AND `states` = 0 AND `userid` = 9 LIMIT 1   [ RunTime:0.0007s ]
SQL: SELECT SUM(num) AS tp_sum FROM `p_orderlog` WHERE `productid` = 82 AND `type` = 2 AND `states` = 0 AND `userid` = 9 LIMIT 1   [ RunTime:0.0007s ]
SQL: SELECT SUM(num) AS tp_sum FROM `p_orderlog` WHERE `productid` = 83 AND `type` = 2 AND `states` = 0 AND `userid` = 9 LIMIT 1   [ RunTime:0.0010s ]
SQL: SELECT SUM(num) AS tp_sum FROM `p_orderlog` WHERE `productid` = 84 AND `type` = 2 AND `states` = 0 AND `userid` = 9 LIMIT 1   [ RunTime:0.0013s ]
SQL: SELECT SUM(num) AS tp_sum FROM `p_orderlog` WHERE `productid` = 85 AND `type` = 2 AND `states` = 0 AND `userid` = 9 LIMIT 1   [ RunTime:0.0014s ]
SQL: SELECT SUM(num) AS tp_sum FROM `p_orderlog` WHERE `productid` = 86 AND `type` = 3 AND `states` = 3 AND `userid` = 9 LIMIT 1   [ RunTime:0.0011s ]
SQL: SELECT SUM(num) AS tp_sum FROM `p_orderlog` WHERE `productid` = 87 AND `type` = 3 AND `states` = 3 AND `userid` = 9 LIMIT 1   [ RunTime:0.0010s ]
SQL: SELECT SUM(num) AS tp_sum FROM `p_orderlog` WHERE `productid` = 88 AND `type` = 3 AND `states` = 3 AND `userid` = 9 LIMIT 1   [ RunTime:0.0008s ]
SQL: SELECT SUM(num) AS tp_sum FROM `p_orderlog` WHERE `productid` = 89 AND `type` = 3 AND `states` = 3 AND `userid` = 9 LIMIT 1   [ RunTime:0.0008s ]
SQL: SELECT SUM(num) AS tp_sum FROM `p_orderlog` WHERE `productid` = 90 AND `type` = 3 AND `states` = 3 AND `userid` = 9 LIMIT 1   [ RunTime:0.0007s ]
SQL: SELECT SUM(num) AS tp_sum FROM `p_orderlog` WHERE `productid` = 91 AND `type` = 3 AND `states` = 3 AND `userid` = 9 LIMIT 1   [ RunTime:0.0007s ]
SQL: SELECT * FROM `p_orderlog` WHERE `type` = 3 AND (  states IN (1,2) ) AND `land` = 1 AND `num` = 1 AND `userid` = 9  [ RunTime:0.0012s ]
SQL: SELECT * FROM `p_orderlog` WHERE `type` = 3 AND (  states IN (1,2) ) AND `land` = 2 AND `num` = 1 AND `userid` = 9 AND (  states IN (1,2) )  [ RunTime:0.0008s ]
NOTIC: [8] Undefined offset: 0 D:\WWW\dev\register\Application\Home\Controller\IndexController.class.php 第 202 行.
SQL: SELECT * FROM `p_orderlog` WHERE `type` = 3 AND (  states IN (1,2) ) AND `land` = 3 AND `num` = 1 AND `userid` = 9 AND (  states IN (1,2) ) AND (  states IN (1,2) )  [ RunTime:0.0015s ]
SQL: SELECT * FROM `p_orderlog` WHERE `type` = 3 AND (  states IN (1,2) ) AND `land` = 4 AND `num` = 1 AND `userid` = 9 AND (  states IN (1,2) ) AND (  states IN (1,2) ) AND (  states IN (1,2) )  [ RunTime:0.0016s ]
NOTIC: [8] Undefined offset: 0 D:\WWW\dev\register\Application\Home\Controller\IndexController.class.php 第 202 行.
SQL: SELECT * FROM `p_orderlog` WHERE `type` = 3 AND (  states IN (1,2) ) AND `land` = 5 AND `num` = 1 AND `userid` = 9 AND (  states IN (1,2) ) AND (  states IN (1,2) ) AND (  states IN (1,2) ) AND (  states IN (1,2) )  [ RunTime:0.0019s ]
SQL: SELECT * FROM `p_orderlog` WHERE `type` = 3 AND (  states IN (1,2) ) AND `land` = 6 AND `num` = 1 AND `userid` = 9 AND (  states IN (1,2) ) AND (  states IN (1,2) ) AND (  states IN (1,2) ) AND (  states IN (1,2) ) AND (  states IN (1,2) )  [ RunTime:0.0023s ]
SQL: SELECT * FROM `p_orderlog` WHERE `type` = 3 AND (  states IN (1,2) ) AND `land` = 7 AND `num` = 1 AND `userid` = 9 AND (  states IN (1,2) ) AND (  states IN (1,2) ) AND (  states IN (1,2) ) AND (  states IN (1,2) ) AND (  states IN (1,2) ) AND (  states IN (1,2) )  [ RunTime:0.0017s ]
SQL: SELECT * FROM `p_orderlog` WHERE `type` = 3 AND (  states IN (1,2) ) AND `land` = 8 AND `num` = 1 AND `userid` = 9 AND (  states IN (1,2) ) AND (  states IN (1,2) ) AND (  states IN (1,2) ) AND (  states IN (1,2) ) AND (  states IN (1,2) ) AND (  states IN (1,2) ) AND (  states IN (1,2) )  [ RunTime:0.0013s ]
SQL: SELECT * FROM `p_orderlog` WHERE `type` = 3 AND (  states IN (1,2) ) AND `land` = 9 AND `num` = 1 AND `userid` = 9 AND (  states IN (1,2) ) AND (  states IN (1,2) ) AND (  states IN (1,2) ) AND (  states IN (1,2) ) AND (  states IN (1,2) ) AND (  states IN (1,2) ) AND (  states IN (1,2) ) AND (  states IN (1,2) )  [ RunTime:0.0015s ]
SQL: SELECT * FROM `p_orderlog` WHERE `type` = 3 AND (  states IN (1,2) ) AND `land` = 10 AND `num` = 1 AND `userid` = 9 AND (  states IN (1,2) ) AND (  states IN (1,2) ) AND (  states IN (1,2) ) AND (  states IN (1,2) ) AND (  states IN (1,2) ) AND (  states IN (1,2) ) AND (  states IN (1,2) ) AND (  states IN (1,2) ) AND (  states IN (1,2) )  [ RunTime:0.0026s ]
NOTIC: [8] Undefined offset: 0 D:\WWW\dev\register\Application\Home\Controller\IndexController.class.php 第 202 行.
SQL: SELECT * FROM `p_orderlog` WHERE `type` = 3 AND (  states IN (1,2) ) AND `land` = 11 AND `num` = 1 AND `userid` = 9 AND (  states IN (1,2) ) AND (  states IN (1,2) ) AND (  states IN (1,2) ) AND (  states IN (1,2) ) AND (  states IN (1,2) ) AND (  states IN (1,2) ) AND (  states IN (1,2) ) AND (  states IN (1,2) ) AND (  states IN (1,2) ) AND (  states IN (1,2) )  [ RunTime:0.0022s ]
NOTIC: [8] Undefined offset: 0 D:\WWW\dev\register\Application\Home\Controller\IndexController.class.php 第 202 行.
SQL: SELECT * FROM `p_orderlog` WHERE `type` = 3 AND (  states IN (1,2) ) AND `land` = 12 AND `num` = 1 AND `userid` = 9 AND (  states IN (1,2) ) AND (  states IN (1,2) ) AND (  states IN (1,2) ) AND (  states IN (1,2) ) AND (  states IN (1,2) ) AND (  states IN (1,2) ) AND (  states IN (1,2) ) AND (  states IN (1,2) ) AND (  states IN (1,2) ) AND (  states IN (1,2) ) AND (  states IN (1,2) )  [ RunTime:0.0012s ]
NOTIC: [8] Undefined offset: 0 D:\WWW\dev\register\Application\Home\Controller\IndexController.class.php 第 202 行.
SQL: SELECT * FROM `p_orderlog` WHERE `type` = 3 AND (  states IN (1,2) ) AND `land` = 13 AND `num` = 1 AND `userid` = 9 AND (  states IN (1,2) ) AND (  states IN (1,2) ) AND (  states IN (1,2) ) AND (  states IN (1,2) ) AND (  states IN (1,2) ) AND (  states IN (1,2) ) AND (  states IN (1,2) ) AND (  states IN (1,2) ) AND (  states IN (1,2) ) AND (  states IN (1,2) ) AND (  states IN (1,2) ) AND (  states IN (1,2) )  [ RunTime:0.0012s ]
NOTIC: [8] Undefined offset: 0 D:\WWW\dev\register\Application\Home\Controller\IndexController.class.php 第 202 行.
SQL: SELECT * FROM `p_orderlog` WHERE `type` = 3 AND (  states IN (1,2) ) AND `land` = 14 AND `num` = 1 AND `userid` = 9 AND (  states IN (1,2) ) AND (  states IN (1,2) ) AND (  states IN (1,2) ) AND (  states IN (1,2) ) AND (  states IN (1,2) ) AND (  states IN (1,2) ) AND (  states IN (1,2) ) AND (  states IN (1,2) ) AND (  states IN (1,2) ) AND (  states IN (1,2) ) AND (  states IN (1,2) ) AND (  states IN (1,2) ) AND (  states IN (1,2) )  [ RunTime:0.0013s ]
SQL: SELECT * FROM `p_orderlog` WHERE `type` = 3 AND (  states IN (1,2) ) AND `land` = 15 AND `num` = 1 AND `userid` = 9 AND (  states IN (1,2) ) AND (  states IN (1,2) ) AND (  states IN (1,2) ) AND (  states IN (1,2) ) AND (  states IN (1,2) ) AND (  states IN (1,2) ) AND (  states IN (1,2) ) AND (  states IN (1,2) ) AND (  states IN (1,2) ) AND (  states IN (1,2) ) AND (  states IN (1,2) ) AND (  states IN (1,2) ) AND (  states IN (1,2) ) AND (  states IN (1,2) )  [ RunTime:0.0012s ]
NOTIC: [8] Undefined offset: 0 D:\WWW\dev\register\Application\Home\Controller\IndexController.class.php 第 202 行.
SQL: SELECT SUM(num) AS tp_sum FROM `p_orderlog` WHERE `productid` = 8 AND `states` = 0 LIMIT 1   [ RunTime:0.0007s ]
INFO: [ view_parse ] --START--
INFO: [ template_filter ] --START--
INFO: Run Behavior\ContentReplaceBehavior [ RunTime:0.000482s ]
INFO: [ template_filter ] --END-- [ RunTime:0.000609s ]
INFO: Run Behavior\ParseTemplateBehavior [ RunTime:0.040363s ]
INFO: [ view_parse ] --END-- [ RunTime:0.040497s ]
INFO: [ view_filter ] --START--
INFO: Run Behavior\WriteHtmlCacheBehavior [ RunTime:0.000724s ]
INFO: [ view_filter ] --END-- [ RunTime:0.000830s ]
INFO: [ app_end ] --START--
INFO: Run Behavior\ShowPageTraceBehavior [ RunTime:0.001384s ]
INFO: [ app_end ] --END-- [ RunTime:0.001528s ]

[ 2017-06-15T22:56:39+08:00 ] 127.0.0.1 /register/index.php/Home/Index/collect?uid=9&_=1497538597269
INFO: [ app_init ] --START--
INFO: Run Behavior\BuildLiteBehavior [ RunTime:0.000022s ]
INFO: [ app_init ] --END-- [ RunTime:0.000647s ]
INFO: [ app_begin ] --START--
INFO: Run Behavior\ReadHtmlCacheBehavior [ RunTime:0.000720s ]
INFO: [ app_begin ] --END-- [ RunTime:0.000793s ]
SQL: SHOW COLUMNS FROM `p_menber` [ RunTime:0.0125s ]
SQL: SELECT * FROM `p_menber` WHERE `uid` = 9  [ RunTime:0.0021s ]
SQL: SHOW COLUMNS FROM `p_orderlog` [ RunTime:0.0140s ]
SQL: UPDATE `p_orderlog` SET `states`='3' WHERE `type` = 3 AND `states` = 2 AND `userid` = 9 [ RunTime:0.0035s ]
INFO: [ app_end ] --START--
INFO: Run Behavior\ShowPageTraceBehavior [ RunTime:0.001650s ]
INFO: [ app_end ] --END-- [ RunTime:0.001962s ]

[ 2017-06-15T22:56:58+08:00 ] 127.0.0.1 /register/index.php/Home/Index/collect?uid=9&_=1497538597270
INFO: [ app_init ] --START--
INFO: Run Behavior\BuildLiteBehavior [ RunTime:0.000021s ]
INFO: [ app_init ] --END-- [ RunTime:0.000663s ]
INFO: [ app_begin ] --START--
INFO: Run Behavior\ReadHtmlCacheBehavior [ RunTime:0.000785s ]
INFO: [ app_begin ] --END-- [ RunTime:0.000895s ]
SQL: SHOW COLUMNS FROM `p_menber` [ RunTime:0.0109s ]
SQL: SELECT * FROM `p_menber` WHERE `uid` = 9  [ RunTime:0.0013s ]
SQL: SHOW COLUMNS FROM `p_orderlog` [ RunTime:0.0112s ]
SQL: UPDATE `p_orderlog` SET `states`='3' WHERE `type` = 3 AND `states` = 2 AND `userid` = 9 [ RunTime:0.0023s ]
INFO: [ app_end ] --START--
INFO: Run Behavior\ShowPageTraceBehavior [ RunTime:0.001132s ]
INFO: [ app_end ] --END-- [ RunTime:0.001208s ]

[ 2017-06-15T22:58:22+08:00 ] 127.0.0.1 /register/index.php/Home/Index/index
INFO: [ app_init ] --START--
INFO: Run Behavior\BuildLiteBehavior [ RunTime:0.000058s ]
INFO: [ app_init ] --END-- [ RunTime:0.002194s ]
INFO: [ app_begin ] --START--
INFO: Run Behavior\ReadHtmlCacheBehavior [ RunTime:0.001342s ]
INFO: [ app_begin ] --END-- [ RunTime:0.001482s ]
SQL: SHOW COLUMNS FROM `p_menber` [ RunTime:0.0232s ]
SQL: SELECT * FROM `p_menber` WHERE `uid` = 9  [ RunTime:0.0040s ]
SQL: SHOW COLUMNS FROM `p_product` [ RunTime:0.0198s ]
SQL: SHOW COLUMNS FROM `p_orderlog` [ RunTime:0.0262s ]
NOTIC: [8] Undefined index: productguoshi D:\WWW\dev\register\Application\Home\Controller\IndexController.class.php 第 23 行.
NOTIC: [8] Undefined index: shangdian D:\WWW\dev\register\Application\Home\Controller\IndexController.class.php 第 104 行.
SQL: SELECT * FROM `p_product` WHERE `type` IN ('1','2','3') ORDER BY id asc  [ RunTime:0.0191s ]
SQL: SELECT SUM(num) AS tp_sum FROM `p_orderlog` WHERE `productid` = 1 AND `type` = 2 AND `states` = 0 AND `userid` = 9 LIMIT 1   [ RunTime:0.0028s ]
SQL: SELECT SUM(num) AS tp_sum FROM `p_orderlog` WHERE `productid` = 2 AND `type` = 1 AND `states` = 0 AND `userid` = 9 LIMIT 1   [ RunTime:0.0035s ]
SQL: SELECT SUM(num) AS tp_sum FROM `p_orderlog` WHERE `productid` = 3 AND `type` = 1 AND `states` = 0 AND `userid` = 9 LIMIT 1   [ RunTime:0.0029s ]
SQL: SELECT SUM(num) AS tp_sum FROM `p_orderlog` WHERE `productid` = 4 AND `type` = 1 AND `states` = 0 AND `userid` = 9 LIMIT 1   [ RunTime:0.0025s ]
SQL: SELECT SUM(num) AS tp_sum FROM `p_orderlog` WHERE `productid` = 5 AND `type` = 1 AND `states` = 0 AND `userid` = 9 LIMIT 1   [ RunTime:0.0034s ]
SQL: SELECT SUM(num) AS tp_sum FROM `p_orderlog` WHERE `productid` = 6 AND `type` = 1 AND `states` = 0 AND `userid` = 9 LIMIT 1   [ RunTime:0.0028s ]
SQL: SELECT SUM(num) AS tp_sum FROM `p_orderlog` WHERE `productid` = 7 AND `type` = 1 AND `states` = 0 AND `userid` = 9 LIMIT 1   [ RunTime:0.0027s ]
SQL: SELECT SUM(num) AS tp_sum FROM `p_orderlog` WHERE `productid` = 8 AND `type` = 2 AND `states` = 0 AND `userid` = 9 LIMIT 1   [ RunTime:0.0023s ]
SQL: SELECT SUM(num) AS tp_sum FROM `p_orderlog` WHERE `productid` = 81 AND `type` = 2 AND `states` = 0 AND `userid` = 9 LIMIT 1   [ RunTime:0.0033s ]
SQL: SELECT SUM(num) AS tp_sum FROM `p_orderlog` WHERE `productid` = 82 AND `type` = 2 AND `states` = 0 AND `userid` = 9 LIMIT 1   [ RunTime:0.0033s ]
SQL: SELECT SUM(num) AS tp_sum FROM `p_orderlog` WHERE `productid` = 83 AND `type` = 2 AND `states` = 0 AND `userid` = 9 LIMIT 1   [ RunTime:0.0048s ]
SQL: SELECT SUM(num) AS tp_sum FROM `p_orderlog` WHERE `productid` = 84 AND `type` = 2 AND `states` = 0 AND `userid` = 9 LIMIT 1   [ RunTime:0.0039s ]
SQL: SELECT SUM(num) AS tp_sum FROM `p_orderlog` WHERE `productid` = 85 AND `type` = 2 AND `states` = 0 AND `userid` = 9 LIMIT 1   [ RunTime:0.0029s ]
SQL: SELECT SUM(num) AS tp_sum FROM `p_orderlog` WHERE `productid` = 86 AND `type` = 3 AND `states` = 3 AND `userid` = 9 LIMIT 1   [ RunTime:0.0024s ]
SQL: SELECT SUM(num) AS tp_sum FROM `p_orderlog` WHERE `productid` = 87 AND `type` = 3 AND `states` = 3 AND `userid` = 9 LIMIT 1   [ RunTime:0.0037s ]
SQL: SELECT SUM(num) AS tp_sum FROM `p_orderlog` WHERE `productid` = 88 AND `type` = 3 AND `states` = 3 AND `userid` = 9 LIMIT 1   [ RunTime:0.0040s ]
SQL: SELECT SUM(num) AS tp_sum FROM `p_orderlog` WHERE `productid` = 89 AND `type` = 3 AND `states` = 3 AND `userid` = 9 LIMIT 1   [ RunTime:0.0033s ]
SQL: SELECT SUM(num) AS tp_sum FROM `p_orderlog` WHERE `productid` = 90 AND `type` = 3 AND `states` = 3 AND `userid` = 9 LIMIT 1   [ RunTime:0.0035s ]
SQL: SELECT SUM(num) AS tp_sum FROM `p_orderlog` WHERE `productid` = 91 AND `type` = 3 AND `states` = 3 AND `userid` = 9 LIMIT 1   [ RunTime:0.0041s ]
SQL: SELECT * FROM `p_orderlog` WHERE `type` = 3 AND (  states IN (1,2) ) AND `land` = 1 AND `num` = 1 AND `userid` = 9  [ RunTime:0.0044s ]
SQL: SELECT * FROM `p_orderlog` WHERE `type` = 3 AND (  states IN (1,2) ) AND `land` = 2 AND `num` = 1 AND `userid` = 9 AND (  states IN (1,2) )  [ RunTime:0.0039s ]
NOTIC: [8] Undefined offset: 0 D:\WWW\dev\register\Application\Home\Controller\IndexController.class.php 第 202 行.
SQL: SELECT * FROM `p_orderlog` WHERE `type` = 3 AND (  states IN (1,2) ) AND `land` = 3 AND `num` = 1 AND `userid` = 9 AND (  states IN (1,2) ) AND (  states IN (1,2) )  [ RunTime:0.0049s ]
SQL: SELECT * FROM `p_orderlog` WHERE `type` = 3 AND (  states IN (1,2) ) AND `land` = 4 AND `num` = 1 AND `userid` = 9 AND (  states IN (1,2) ) AND (  states IN (1,2) ) AND (  states IN (1,2) )  [ RunTime:0.0029s ]
NOTIC: [8] Undefined offset: 0 D:\WWW\dev\register\Application\Home\Controller\IndexController.class.php 第 202 行.
SQL: SELECT * FROM `p_orderlog` WHERE `type` = 3 AND (  states IN (1,2) ) AND `land` = 5 AND `num` = 1 AND `userid` = 9 AND (  states IN (1,2) ) AND (  states IN (1,2) ) AND (  states IN (1,2) ) AND (  states IN (1,2) )  [ RunTime:0.0040s ]
SQL: SELECT * FROM `p_orderlog` WHERE `type` = 3 AND (  states IN (1,2) ) AND `land` = 6 AND `num` = 1 AND `userid` = 9 AND (  states IN (1,2) ) AND (  states IN (1,2) ) AND (  states IN (1,2) ) AND (  states IN (1,2) ) AND (  states IN (1,2) )  [ RunTime:0.0042s ]
SQL: SELECT * FROM `p_orderlog` WHERE `type` = 3 AND (  states IN (1,2) ) AND `land` = 7 AND `num` = 1 AND `userid` = 9 AND (  states IN (1,2) ) AND (  states IN (1,2) ) AND (  states IN (1,2) ) AND (  states IN (1,2) ) AND (  states IN (1,2) ) AND (  states IN (1,2) )  [ RunTime:0.0040s ]
SQL: SELECT * FROM `p_orderlog` WHERE `type` = 3 AND (  states IN (1,2) ) AND `land` = 8 AND `num` = 1 AND `userid` = 9 AND (  states IN (1,2) ) AND (  states IN (1,2) ) AND (  states IN (1,2) ) AND (  states IN (1,2) ) AND (  states IN (1,2) ) AND (  states IN (1,2) ) AND (  states IN (1,2) )  [ RunTime:0.0037s ]
SQL: SELECT * FROM `p_orderlog` WHERE `type` = 3 AND (  states IN (1,2) ) AND `land` = 9 AND `num` = 1 AND `userid` = 9 AND (  states IN (1,2) ) AND (  states IN (1,2) ) AND (  states IN (1,2) ) AND (  states IN (1,2) ) AND (  states IN (1,2) ) AND (  states IN (1,2) ) AND (  states IN (1,2) ) AND (  states IN (1,2) )  [ RunTime:0.0044s ]
SQL: SELECT * FROM `p_orderlog` WHERE `type` = 3 AND (  states IN (1,2) ) AND `land` = 10 AND `num` = 1 AND `userid` = 9 AND (  states IN (1,2) ) AND (  states IN (1,2) ) AND (  states IN (1,2) ) AND (  states IN (1,2) ) AND (  states IN (1,2) ) AND (  states IN (1,2) ) AND (  states IN (1,2) ) AND (  states IN (1,2) ) AND (  states IN (1,2) )  [ RunTime:0.0025s ]
NOTIC: [8] Undefined offset: 0 D:\WWW\dev\register\Application\Home\Controller\IndexController.class.php 第 202 行.
SQL: SELECT * FROM `p_orderlog` WHERE `type` = 3 AND (  states IN (1,2) ) AND `land` = 11 AND `num` = 1 AND `userid` = 9 AND (  states IN (1,2) ) AND (  states IN (1,2) ) AND (  states IN (1,2) ) AND (  states IN (1,2) ) AND (  states IN (1,2) ) AND (  states IN (1,2) ) AND (  states IN (1,2) ) AND (  states IN (1,2) ) AND (  states IN (1,2) ) AND (  states IN (1,2) )  [ RunTime:0.0032s ]
NOTIC: [8] Undefined offset: 0 D:\WWW\dev\register\Application\Home\Controller\IndexController.class.php 第 202 行.
SQL: SELECT * FROM `p_orderlog` WHERE `type` = 3 AND (  states IN (1,2) ) AND `land` = 12 AND `num` = 1 AND `userid` = 9 AND (  states IN (1,2) ) AND (  states IN (1,2) ) AND (  states IN (1,2) ) AND (  states IN (1,2) ) AND (  states IN (1,2) ) AND (  states IN (1,2) ) AND (  states IN (1,2) ) AND (  states IN (1,2) ) AND (  states IN (1,2) ) AND (  states IN (1,2) ) AND (  states IN (1,2) )  [ RunTime:0.0028s ]
NOTIC: [8] Undefined offset: 0 D:\WWW\dev\register\Application\Home\Controller\IndexController.class.php 第 202 行.
SQL: SELECT * FROM `p_orderlog` WHERE `type` = 3 AND (  states IN (1,2) ) AND `land` = 13 AND `num` = 1 AND `userid` = 9 AND (  states IN (1,2) ) AND (  states IN (1,2) ) AND (  states IN (1,2) ) AND (  states IN (1,2) ) AND (  states IN (1,2) ) AND (  states IN (1,2) ) AND (  states IN (1,2) ) AND (  states IN (1,2) ) AND (  states IN (1,2) ) AND (  states IN (1,2) ) AND (  states IN (1,2) ) AND (  states IN (1,2) )  [ RunTime:0.0019s ]
NOTIC: [8] Undefined offset: 0 D:\WWW\dev\register\Application\Home\Controller\IndexController.class.php 第 202 行.
SQL: SELECT * FROM `p_orderlog` WHERE `type` = 3 AND (  states IN (1,2) ) AND `land` = 14 AND `num` = 1 AND `userid` = 9 AND (  states IN (1,2) ) AND (  states IN (1,2) ) AND (  states IN (1,2) ) AND (  states IN (1,2) ) AND (  states IN (1,2) ) AND (  states IN (1,2) ) AND (  states IN (1,2) ) AND (  states IN (1,2) ) AND (  states IN (1,2) ) AND (  states IN (1,2) ) AND (  states IN (1,2) ) AND (  states IN (1,2) ) AND (  states IN (1,2) )  [ RunTime:0.0038s ]
SQL: SELECT * FROM `p_orderlog` WHERE `type` = 3 AND (  states IN (1,2) ) AND `land` = 15 AND `num` = 1 AND `userid` = 9 AND (  states IN (1,2) ) AND (  states IN (1,2) ) AND (  states IN (1,2) ) AND (  states IN (1,2) ) AND (  states IN (1,2) ) AND (  states IN (1,2) ) AND (  states IN (1,2) ) AND (  states IN (1,2) ) AND (  states IN (1,2) ) AND (  states IN (1,2) ) AND (  states IN (1,2) ) AND (  states IN (1,2) ) AND (  states IN (1,2) ) AND (  states IN (1,2) )  [ RunTime:0.0031s ]
NOTIC: [8] Undefined offset: 0 D:\WWW\dev\register\Application\Home\Controller\IndexController.class.php 第 202 行.
SQL: SELECT SUM(num) AS tp_sum FROM `p_orderlog` WHERE `productid` = 8 AND `states` = 0 LIMIT 1   [ RunTime:0.0029s ]
INFO: [ view_parse ] --START--
INFO: [ template_filter ] --START--
INFO: Run Behavior\ContentReplaceBehavior [ RunTime:0.000404s ]
INFO: [ template_filter ] --END-- [ RunTime:0.000510s ]
INFO: Run Behavior\ParseTemplateBehavior [ RunTime:0.042079s ]
INFO: [ view_parse ] --END-- [ RunTime:0.042207s ]
INFO: [ view_filter ] --START--
INFO: Run Behavior\WriteHtmlCacheBehavior [ RunTime:0.000681s ]
INFO: [ view_filter ] --END-- [ RunTime:0.000795s ]
INFO: [ app_end ] --START--
INFO: Run Behavior\ShowPageTraceBehavior [ RunTime:0.001451s ]
INFO: [ app_end ] --END-- [ RunTime:0.001614s ]

[ 2017-06-15T22:58:27+08:00 ] 127.0.0.1 /register/index.php/Home/User/my.html
INFO: [ app_init ] --START--
INFO: Run Behavior\BuildLiteBehavior [ RunTime:0.000031s ]
INFO: [ app_init ] --END-- [ RunTime:0.001040s ]
INFO: [ app_begin ] --START--
INFO: Run Behavior\ReadHtmlCacheBehavior [ RunTime:0.000798s ]
INFO: [ app_begin ] --END-- [ RunTime:0.000881s ]
SQL: SHOW COLUMNS FROM `p_menber` [ RunTime:0.0123s ]
SQL: SELECT * FROM `p_menber` WHERE `uid` = 9  [ RunTime:0.0023s ]
SQL: SELECT * FROM `p_menber` WHERE `uid` = 9  [ RunTime:0.0030s ]
INFO: [ view_parse ] --START--
INFO: [ template_filter ] --START--
INFO: Run Behavior\ContentReplaceBehavior [ RunTime:0.000103s ]
INFO: [ template_filter ] --END-- [ RunTime:0.000187s ]
INFO: Run Behavior\ParseTemplateBehavior [ RunTime:0.012015s ]
INFO: [ view_parse ] --END-- [ RunTime:0.012135s ]
INFO: [ view_filter ] --START--
INFO: Run Behavior\WriteHtmlCacheBehavior [ RunTime:0.000422s ]
INFO: [ view_filter ] --END-- [ RunTime:0.000484s ]
INFO: [ app_end ] --START--
INFO: Run Behavior\ShowPageTraceBehavior [ RunTime:0.000781s ]
INFO: [ app_end ] --END-- [ RunTime:0.000846s ]

[ 2017-06-15T23:17:29+08:00 ] 127.0.0.1 /register/index.php/Home/Index/collect?uid=9&_=1497538709562
INFO: [ app_init ] --START--
INFO: Run Behavior\BuildLiteBehavior [ RunTime:0.000046s ]
INFO: [ app_init ] --END-- [ RunTime:0.000932s ]
INFO: [ app_begin ] --START--
INFO: Run Behavior\ReadHtmlCacheBehavior [ RunTime:0.000896s ]
INFO: [ app_begin ] --END-- [ RunTime:0.001013s ]
SQL: SHOW COLUMNS FROM `p_menber` [ RunTime:0.0177s ]
SQL: SELECT * FROM `p_menber` WHERE `uid` = 9  [ RunTime:0.0030s ]
SQL: SHOW COLUMNS FROM `p_orderlog` [ RunTime:0.0165s ]
SQL: UPDATE `p_orderlog` SET `states`='3' WHERE `type` = 3 AND `states` = 2 AND `userid` = 9 [ RunTime:0.0057s ]
INFO: [ app_end ] --START--
INFO: Run Behavior\ShowPageTraceBehavior [ RunTime:0.001315s ]
INFO: [ app_end ] --END-- [ RunTime:0.001407s ]

[ 2017-06-15T23:17:50+08:00 ] 127.0.0.1 /register/index.php/Home/Index/collect?uid=9&_=1497538709562
INFO: [ app_init ] --START--
INFO: Run Behavior\BuildLiteBehavior [ RunTime:0.000033s ]
INFO: [ app_init ] --END-- [ RunTime:0.000986s ]
INFO: [ app_begin ] --START--
INFO: Run Behavior\ReadHtmlCacheBehavior [ RunTime:0.001006s ]
INFO: [ app_begin ] --END-- [ RunTime:0.001124s ]
SQL: SHOW COLUMNS FROM `p_menber` [ RunTime:0.0128s ]
SQL: SELECT * FROM `p_menber` WHERE `uid` = 9  [ RunTime:0.0028s ]
SQL: SHOW COLUMNS FROM `p_orderlog` [ RunTime:0.0133s ]
SQL: UPDATE `p_orderlog` SET `states`='3' WHERE `type` = 3 AND `states` = 2 AND `userid` = 9 [ RunTime:0.0037s ]
INFO: [ app_end ] --START--
INFO: Run Behavior\ShowPageTraceBehavior [ RunTime:0.001322s ]
INFO: [ app_end ] --END-- [ RunTime:0.001438s ]

[ 2017-06-15T23:21:21+08:00 ] 127.0.0.1 /register/index.php/Home/Index/collect?uid=9&_=1497538709562
INFO: [ app_init ] --START--
INFO: Run Behavior\BuildLiteBehavior [ RunTime:0.000021s ]
INFO: [ app_init ] --END-- [ RunTime:0.000853s ]
INFO: [ app_begin ] --START--
INFO: Run Behavior\ReadHtmlCacheBehavior [ RunTime:0.001153s ]
INFO: [ app_begin ] --END-- [ RunTime:0.001275s ]
SQL: SHOW COLUMNS FROM `p_menber` [ RunTime:0.0127s ]
SQL: SELECT * FROM `p_menber` WHERE `uid` = 9  [ RunTime:0.0019s ]
SQL: SHOW COLUMNS FROM `p_orderlog` [ RunTime:0.0134s ]
SQL: UPDATE `p_orderlog` SET `states`='3' WHERE `type` = 3 AND `states` = 2 AND `userid` = 9 [ RunTime:0.0026s ]
INFO: [ app_end ] --START--
INFO: Run Behavior\ShowPageTraceBehavior [ RunTime:0.001175s ]
INFO: [ app_end ] --END-- [ RunTime:0.001260s ]

[ 2017-06-15T23:22:28+08:00 ] 127.0.0.1 /register/index.php/Home/Index/index
INFO: [ app_init ] --START--
INFO: Run Behavior\BuildLiteBehavior [ RunTime:0.000024s ]
INFO: [ app_init ] --END-- [ RunTime:0.000835s ]
INFO: [ app_begin ] --START--
INFO: Run Behavior\ReadHtmlCacheBehavior [ RunTime:0.001880s ]
INFO: [ app_begin ] --END-- [ RunTime:0.002187s ]
SQL: SHOW COLUMNS FROM `p_menber` [ RunTime:0.0185s ]
SQL: SELECT * FROM `p_menber` WHERE `uid` = 9  [ RunTime:0.0019s ]
SQL: SHOW COLUMNS FROM `p_product` [ RunTime:0.0192s ]
SQL: SHOW COLUMNS FROM `p_orderlog` [ RunTime:0.0235s ]
NOTIC: [8] Undefined index: productguoshi D:\WWW\dev\register\Application\Home\Controller\IndexController.class.php 第 23 行.
NOTIC: [8] Undefined index: shangdian D:\WWW\dev\register\Application\Home\Controller\IndexController.class.php 第 104 行.
SQL: SELECT * FROM `p_product` WHERE `type` IN ('1','2','3') ORDER BY id asc  [ RunTime:0.0049s ]
SQL: SELECT SUM(num) AS tp_sum FROM `p_orderlog` WHERE `productid` = 1 AND `type` = 2 AND `states` = 0 AND `userid` = 9 LIMIT 1   [ RunTime:0.0031s ]
SQL: SELECT SUM(num) AS tp_sum FROM `p_orderlog` WHERE `productid` = 2 AND `type` = 1 AND `states` = 0 AND `userid` = 9 LIMIT 1   [ RunTime:0.0025s ]
SQL: SELECT SUM(num) AS tp_sum FROM `p_orderlog` WHERE `productid` = 3 AND `type` = 1 AND `states` = 0 AND `userid` = 9 LIMIT 1   [ RunTime:0.0028s ]
SQL: SELECT SUM(num) AS tp_sum FROM `p_orderlog` WHERE `productid` = 4 AND `type` = 1 AND `states` = 0 AND `userid` = 9 LIMIT 1   [ RunTime:0.0023s ]
SQL: SELECT SUM(num) AS tp_sum FROM `p_orderlog` WHERE `productid` = 5 AND `type` = 1 AND `states` = 0 AND `userid` = 9 LIMIT 1   [ RunTime:0.0020s ]
SQL: SELECT SUM(num) AS tp_sum FROM `p_orderlog` WHERE `productid` = 6 AND `type` = 1 AND `states` = 0 AND `userid` = 9 LIMIT 1   [ RunTime:0.0030s ]
SQL: SELECT SUM(num) AS tp_sum FROM `p_orderlog` WHERE `productid` = 7 AND `type` = 1 AND `states` = 0 AND `userid` = 9 LIMIT 1   [ RunTime:0.0023s ]
SQL: SELECT SUM(num) AS tp_sum FROM `p_orderlog` WHERE `productid` = 8 AND `type` = 2 AND `states` = 0 AND `userid` = 9 LIMIT 1   [ RunTime:0.0022s ]
SQL: SELECT SUM(num) AS tp_sum FROM `p_orderlog` WHERE `productid` = 81 AND `type` = 2 AND `states` = 0 AND `userid` = 9 LIMIT 1   [ RunTime:0.0035s ]
SQL: SELECT SUM(num) AS tp_sum FROM `p_orderlog` WHERE `productid` = 82 AND `type` = 2 AND `states` = 0 AND `userid` = 9 LIMIT 1   [ RunTime:0.0019s ]
SQL: SELECT SUM(num) AS tp_sum FROM `p_orderlog` WHERE `productid` = 83 AND `type` = 2 AND `states` = 0 AND `userid` = 9 LIMIT 1   [ RunTime:0.0031s ]
SQL: SELECT SUM(num) AS tp_sum FROM `p_orderlog` WHERE `productid` = 84 AND `type` = 2 AND `states` = 0 AND `userid` = 9 LIMIT 1   [ RunTime:0.0024s ]
SQL: SELECT SUM(num) AS tp_sum FROM `p_orderlog` WHERE `productid` = 85 AND `type` = 2 AND `states` = 0 AND `userid` = 9 LIMIT 1   [ RunTime:0.0022s ]
SQL: SELECT SUM(num) AS tp_sum FROM `p_orderlog` WHERE `productid` = 86 AND `type` = 3 AND `states` = 3 AND `userid` = 9 LIMIT 1   [ RunTime:0.0021s ]
SQL: SELECT SUM(num) AS tp_sum FROM `p_orderlog` WHERE `productid` = 87 AND `type` = 3 AND `states` = 3 AND `userid` = 9 LIMIT 1   [ RunTime:0.0022s ]
SQL: SELECT SUM(num) AS tp_sum FROM `p_orderlog` WHERE `productid` = 88 AND `type` = 3 AND `states` = 3 AND `userid` = 9 LIMIT 1   [ RunTime:0.0017s ]
SQL: SELECT SUM(num) AS tp_sum FROM `p_orderlog` WHERE `productid` = 89 AND `type` = 3 AND `states` = 3 AND `userid` = 9 LIMIT 1   [ RunTime:0.0034s ]
SQL: SELECT SUM(num) AS tp_sum FROM `p_orderlog` WHERE `productid` = 90 AND `type` = 3 AND `states` = 3 AND `userid` = 9 LIMIT 1   [ RunTime:0.0021s ]
SQL: SELECT SUM(num) AS tp_sum FROM `p_orderlog` WHERE `productid` = 91 AND `type` = 3 AND `states` = 3 AND `userid` = 9 LIMIT 1   [ RunTime:0.0024s ]
SQL: SELECT * FROM `p_orderlog` WHERE `type` = 3 AND (  states IN (1,2) ) AND `land` = 1 AND `num` = 1 AND `userid` = 9  [ RunTime:0.0046s ]
SQL: SELECT * FROM `p_orderlog` WHERE `type` = 3 AND (  states IN (1,2) ) AND `land` = 2 AND `num` = 1 AND `userid` = 9 AND (  states IN (1,2) )  [ RunTime:0.0021s ]
NOTIC: [8] Undefined offset: 0 D:\WWW\dev\register\Application\Home\Controller\IndexController.class.php 第 202 行.
SQL: SELECT * FROM `p_orderlog` WHERE `type` = 3 AND (  states IN (1,2) ) AND `land` = 3 AND `num` = 1 AND `userid` = 9 AND (  states IN (1,2) ) AND (  states IN (1,2) )  [ RunTime:0.0041s ]
SQL: SELECT * FROM `p_orderlog` WHERE `type` = 3 AND (  states IN (1,2) ) AND `land` = 4 AND `num` = 1 AND `userid` = 9 AND (  states IN (1,2) ) AND (  states IN (1,2) ) AND (  states IN (1,2) )  [ RunTime:0.0017s ]
NOTIC: [8] Undefined offset: 0 D:\WWW\dev\register\Application\Home\Controller\IndexController.class.php 第 202 行.
SQL: SELECT * FROM `p_orderlog` WHERE `type` = 3 AND (  states IN (1,2) ) AND `land` = 5 AND `num` = 1 AND `userid` = 9 AND (  states IN (1,2) ) AND (  states IN (1,2) ) AND (  states IN (1,2) ) AND (  states IN (1,2) )  [ RunTime:0.0043s ]
SQL: SELECT * FROM `p_orderlog` WHERE `type` = 3 AND (  states IN (1,2) ) AND `land` = 6 AND `num` = 1 AND `userid` = 9 AND (  states IN (1,2) ) AND (  states IN (1,2) ) AND (  states IN (1,2) ) AND (  states IN (1,2) ) AND (  states IN (1,2) )  [ RunTime:0.0044s ]
SQL: SELECT * FROM `p_orderlog` WHERE `type` = 3 AND (  states IN (1,2) ) AND `land` = 7 AND `num` = 1 AND `userid` = 9 AND (  states IN (1,2) ) AND (  states IN (1,2) ) AND (  states IN (1,2) ) AND (  states IN (1,2) ) AND (  states IN (1,2) ) AND (  states IN (1,2) )  [ RunTime:0.0113s ]
SQL: SELECT * FROM `p_orderlog` WHERE `type` = 3 AND (  states IN (1,2) ) AND `land` = 8 AND `num` = 1 AND `userid` = 9 AND (  states IN (1,2) ) AND (  states IN (1,2) ) AND (  states IN (1,2) ) AND (  states IN (1,2) ) AND (  states IN (1,2) ) AND (  states IN (1,2) ) AND (  states IN (1,2) )  [ RunTime:0.0037s ]
SQL: SELECT * FROM `p_orderlog` WHERE `type` = 3 AND (  states IN (1,2) ) AND `land` = 9 AND `num` = 1 AND `userid` = 9 AND (  states IN (1,2) ) AND (  states IN (1,2) ) AND (  states IN (1,2) ) AND (  states IN (1,2) ) AND (  states IN (1,2) ) AND (  states IN (1,2) ) AND (  states IN (1,2) ) AND (  states IN (1,2) )  [ RunTime:0.0039s ]
SQL: SELECT * FROM `p_orderlog` WHERE `type` = 3 AND (  states IN (1,2) ) AND `land` = 10 AND `num` = 1 AND `userid` = 9 AND (  states IN (1,2) ) AND (  states IN (1,2) ) AND (  states IN (1,2) ) AND (  states IN (1,2) ) AND (  states IN (1,2) ) AND (  states IN (1,2) ) AND (  states IN (1,2) ) AND (  states IN (1,2) ) AND (  states IN (1,2) )  [ RunTime:0.0040s ]
NOTIC: [8] Undefined offset: 0 D:\WWW\dev\register\Application\Home\Controller\IndexController.class.php 第 202 行.
SQL: SELECT * FROM `p_orderlog` WHERE `type` = 3 AND (  states IN (1,2) ) AND `land` = 11 AND `num` = 1 AND `userid` = 9 AND (  states IN (1,2) ) AND (  states IN (1,2) ) AND (  states IN (1,2) ) AND (  states IN (1,2) ) AND (  states IN (1,2) ) AND (  states IN (1,2) ) AND (  states IN (1,2) ) AND (  states IN (1,2) ) AND (  states IN (1,2) ) AND (  states IN (1,2) )  [ RunTime:0.0026s ]
NOTIC: [8] Undefined offset: 0 D:\WWW\dev\register\Application\Home\Controller\IndexController.class.php 第 202 行.
SQL: SELECT * FROM `p_orderlog` WHERE `type` = 3 AND (  states IN (1,2) ) AND `land` = 12 AND `num` = 1 AND `userid` = 9 AND (  states IN (1,2) ) AND (  states IN (1,2) ) AND (  states IN (1,2) ) AND (  states IN (1,2) ) AND (  states IN (1,2) ) AND (  states IN (1,2) ) AND (  states IN (1,2) ) AND (  states IN (1,2) ) AND (  states IN (1,2) ) AND (  states IN (1,2) ) AND (  states IN (1,2) )  [ RunTime:0.0031s ]
NOTIC: [8] Undefined offset: 0 D:\WWW\dev\register\Application\Home\Controller\IndexController.class.php 第 202 行.
SQL: SELECT * FROM `p_orderlog` WHERE `type` = 3 AND (  states IN (1,2) ) AND `land` = 13 AND `num` = 1 AND `userid` = 9 AND (  states IN (1,2) ) AND (  states IN (1,2) ) AND (  states IN (1,2) ) AND (  states IN (1,2) ) AND (  states IN (1,2) ) AND (  states IN (1,2) ) AND (  states IN (1,2) ) AND (  states IN (1,2) ) AND (  states IN (1,2) ) AND (  states IN (1,2) ) AND (  states IN (1,2) ) AND (  states IN (1,2) )  [ RunTime:0.0036s ]
NOTIC: [8] Undefined offset: 0 D:\WWW\dev\register\Application\Home\Controller\IndexController.class.php 第 202 行.
SQL: SELECT * FROM `p_orderlog` WHERE `type` = 3 AND (  states IN (1,2) ) AND `land` = 14 AND `num` = 1 AND `userid` = 9 AND (  states IN (1,2) ) AND (  states IN (1,2) ) AND (  states IN (1,2) ) AND (  states IN (1,2) ) AND (  states IN (1,2) ) AND (  states IN (1,2) ) AND (  states IN (1,2) ) AND (  states IN (1,2) ) AND (  states IN (1,2) ) AND (  states IN (1,2) ) AND (  states IN (1,2) ) AND (  states IN (1,2) ) AND (  states IN (1,2) )  [ RunTime:0.0036s ]
SQL: SELECT * FROM `p_orderlog` WHERE `type` = 3 AND (  states IN (1,2) ) AND `land` = 15 AND `num` = 1 AND `userid` = 9 AND (  states IN (1,2) ) AND (  states IN (1,2) ) AND (  states IN (1,2) ) AND (  states IN (1,2) ) AND (  states IN (1,2) ) AND (  states IN (1,2) ) AND (  states IN (1,2) ) AND (  states IN (1,2) ) AND (  states IN (1,2) ) AND (  states IN (1,2) ) AND (  states IN (1,2) ) AND (  states IN (1,2) ) AND (  states IN (1,2) ) AND (  states IN (1,2) )  [ RunTime:0.0017s ]
NOTIC: [8] Undefined offset: 0 D:\WWW\dev\register\Application\Home\Controller\IndexController.class.php 第 202 行.
SQL: SELECT SUM(num) AS tp_sum FROM `p_orderlog` WHERE `productid` = 8 AND `states` = 0 LIMIT 1   [ RunTime:0.0020s ]
INFO: [ view_parse ] --START--
INFO: [ template_filter ] --START--
INFO: Run Behavior\ContentReplaceBehavior [ RunTime:0.000586s ]
INFO: [ template_filter ] --END-- [ RunTime:0.000711s ]
INFO: Run Behavior\ParseTemplateBehavior [ RunTime:0.053911s ]
INFO: [ view_parse ] --END-- [ RunTime:0.054093s ]
INFO: [ view_filter ] --START--
INFO: Run Behavior\WriteHtmlCacheBehavior [ RunTime:0.001129s ]
INFO: [ view_filter ] --END-- [ RunTime:0.001284s ]
INFO: [ app_end ] --START--
INFO: Run Behavior\ShowPageTraceBehavior [ RunTime:0.001431s ]
INFO: [ app_end ] --END-- [ RunTime:0.001595s ]

[ 2017-06-15T23:22:30+08:00 ] 127.0.0.1 /register/index.php/Home/Index/collect?uid=9&_=1497540148529
INFO: [ app_init ] --START--
INFO: Run Behavior\BuildLiteBehavior [ RunTime:0.000021s ]
INFO: [ app_init ] --END-- [ RunTime:0.000664s ]
INFO: [ app_begin ] --START--
INFO: Run Behavior\ReadHtmlCacheBehavior [ RunTime:0.001075s ]
INFO: [ app_begin ] --END-- [ RunTime:0.001178s ]
SQL: SHOW COLUMNS FROM `p_menber` [ RunTime:0.0107s ]
SQL: SELECT * FROM `p_menber` WHERE `uid` = 9  [ RunTime:0.0020s ]
SQL: SHOW COLUMNS FROM `p_orderlog` [ RunTime:0.0132s ]
SQL: UPDATE `p_orderlog` SET `states`='3' WHERE `type` = 3 AND `states` = 2 AND `userid` = 9 [ RunTime:0.0026s ]
INFO: [ app_end ] --START--
INFO: Run Behavior\ShowPageTraceBehavior [ RunTime:0.001006s ]
INFO: [ app_end ] --END-- [ RunTime:0.001076s ]

[ 2017-06-15T23:26:00+08:00 ] 127.0.0.1 /register/index.php/Home/Index/index
INFO: [ app_init ] --START--
INFO: Run Behavior\BuildLiteBehavior [ RunTime:0.000038s ]
INFO: [ app_init ] --END-- [ RunTime:0.001708s ]
INFO: [ app_begin ] --START--
INFO: Run Behavior\ReadHtmlCacheBehavior [ RunTime:0.001022s ]
INFO: [ app_begin ] --END-- [ RunTime:0.001152s ]
SQL: SHOW COLUMNS FROM `p_menber` [ RunTime:0.0166s ]
SQL: SELECT * FROM `p_menber` WHERE `uid` = 9  [ RunTime:0.0010s ]
SQL: SHOW COLUMNS FROM `p_product` [ RunTime:0.0172s ]
SQL: SHOW COLUMNS FROM `p_orderlog` [ RunTime:0.0192s ]
NOTIC: [8] Undefined index: productguoshi D:\WWW\dev\register\Application\Home\Controller\IndexController.class.php 第 23 行.
NOTIC: [8] Undefined index: shangdian D:\WWW\dev\register\Application\Home\Controller\IndexController.class.php 第 104 行.
SQL: SELECT * FROM `p_product` WHERE `type` IN ('1','2','3') ORDER BY id asc  [ RunTime:0.0032s ]
SQL: SELECT SUM(num) AS tp_sum FROM `p_orderlog` WHERE `productid` = 1 AND `type` = 2 AND `states` = 0 AND `userid` = 9 LIMIT 1   [ RunTime:0.0012s ]
SQL: SELECT SUM(num) AS tp_sum FROM `p_orderlog` WHERE `productid` = 2 AND `type` = 1 AND `states` = 0 AND `userid` = 9 LIMIT 1   [ RunTime:0.0014s ]
SQL: SELECT SUM(num) AS tp_sum FROM `p_orderlog` WHERE `productid` = 3 AND `type` = 1 AND `states` = 0 AND `userid` = 9 LIMIT 1   [ RunTime:0.0012s ]
SQL: SELECT SUM(num) AS tp_sum FROM `p_orderlog` WHERE `productid` = 4 AND `type` = 1 AND `states` = 0 AND `userid` = 9 LIMIT 1   [ RunTime:0.0009s ]
SQL: SELECT SUM(num) AS tp_sum FROM `p_orderlog` WHERE `productid` = 5 AND `type` = 1 AND `states` = 0 AND `userid` = 9 LIMIT 1   [ RunTime:0.0009s ]
SQL: SELECT SUM(num) AS tp_sum FROM `p_orderlog` WHERE `productid` = 6 AND `type` = 1 AND `states` = 0 AND `userid` = 9 LIMIT 1   [ RunTime:0.0013s ]
SQL: SELECT SUM(num) AS tp_sum FROM `p_orderlog` WHERE `productid` = 7 AND `type` = 1 AND `states` = 0 AND `userid` = 9 LIMIT 1   [ RunTime:0.0010s ]
SQL: SELECT SUM(num) AS tp_sum FROM `p_orderlog` WHERE `productid` = 8 AND `type` = 2 AND `states` = 0 AND `userid` = 9 LIMIT 1   [ RunTime:0.0009s ]
SQL: SELECT SUM(num) AS tp_sum FROM `p_orderlog` WHERE `productid` = 81 AND `type` = 2 AND `states` = 0 AND `userid` = 9 LIMIT 1   [ RunTime:0.0008s ]
SQL: SELECT SUM(num) AS tp_sum FROM `p_orderlog` WHERE `productid` = 82 AND `type` = 2 AND `states` = 0 AND `userid` = 9 LIMIT 1   [ RunTime:0.0018s ]
SQL: SELECT SUM(num) AS tp_sum FROM `p_orderlog` WHERE `productid` = 83 AND `type` = 2 AND `states` = 0 AND `userid` = 9 LIMIT 1   [ RunTime:0.0018s ]
SQL: SELECT SUM(num) AS tp_sum FROM `p_orderlog` WHERE `productid` = 84 AND `type` = 2 AND `states` = 0 AND `userid` = 9 LIMIT 1   [ RunTime:0.0016s ]
SQL: SELECT SUM(num) AS tp_sum FROM `p_orderlog` WHERE `productid` = 85 AND `type` = 2 AND `states` = 0 AND `userid` = 9 LIMIT 1   [ RunTime:0.0013s ]
SQL: SELECT SUM(num) AS tp_sum FROM `p_orderlog` WHERE `productid` = 86 AND `type` = 3 AND `states` = 3 AND `userid` = 9 LIMIT 1   [ RunTime:0.0013s ]
SQL: SELECT SUM(num) AS tp_sum FROM `p_orderlog` WHERE `productid` = 87 AND `type` = 3 AND `states` = 3 AND `userid` = 9 LIMIT 1   [ RunTime:0.0012s ]
SQL: SELECT SUM(num) AS tp_sum FROM `p_orderlog` WHERE `productid` = 88 AND `type` = 3 AND `states` = 3 AND `userid` = 9 LIMIT 1   [ RunTime:0.0012s ]
SQL: SELECT SUM(num) AS tp_sum FROM `p_orderlog` WHERE `productid` = 89 AND `type` = 3 AND `states` = 3 AND `userid` = 9 LIMIT 1   [ RunTime:0.0009s ]
SQL: SELECT SUM(num) AS tp_sum FROM `p_orderlog` WHERE `productid` = 90 AND `type` = 3 AND `states` = 3 AND `userid` = 9 LIMIT 1   [ RunTime:0.0008s ]
SQL: SELECT SUM(num) AS tp_sum FROM `p_orderlog` WHERE `productid` = 91 AND `type` = 3 AND `states` = 3 AND `userid` = 9 LIMIT 1   [ RunTime:0.0013s ]
SQL: SELECT * FROM `p_orderlog` WHERE `type` = 3 AND (  states IN (1,2) ) AND `land` = 1 AND `num` = 1 AND `userid` = 9  [ RunTime:0.0026s ]
SQL: SELECT * FROM `p_orderlog` WHERE `type` = 3 AND (  states IN (1,2) ) AND `land` = 2 AND `num` = 1 AND `userid` = 9 AND (  states IN (1,2) )  [ RunTime:0.0013s ]
NOTIC: [8] Undefined offset: 0 D:\WWW\dev\register\Application\Home\Controller\IndexController.class.php 第 202 行.
SQL: SELECT * FROM `p_orderlog` WHERE `type` = 3 AND (  states IN (1,2) ) AND `land` = 3 AND `num` = 1 AND `userid` = 9 AND (  states IN (1,2) ) AND (  states IN (1,2) )  [ RunTime:0.0019s ]
SQL: SELECT * FROM `p_orderlog` WHERE `type` = 3 AND (  states IN (1,2) ) AND `land` = 4 AND `num` = 1 AND `userid` = 9 AND (  states IN (1,2) ) AND (  states IN (1,2) ) AND (  states IN (1,2) )  [ RunTime:0.0015s ]
NOTIC: [8] Undefined offset: 0 D:\WWW\dev\register\Application\Home\Controller\IndexController.class.php 第 202 行.
SQL: SELECT * FROM `p_orderlog` WHERE `type` = 3 AND (  states IN (1,2) ) AND `land` = 5 AND `num` = 1 AND `userid` = 9 AND (  states IN (1,2) ) AND (  states IN (1,2) ) AND (  states IN (1,2) ) AND (  states IN (1,2) )  [ RunTime:0.0029s ]
SQL: SELECT * FROM `p_orderlog` WHERE `type` = 3 AND (  states IN (1,2) ) AND `land` = 6 AND `num` = 1 AND `userid` = 9 AND (  states IN (1,2) ) AND (  states IN (1,2) ) AND (  states IN (1,2) ) AND (  states IN (1,2) ) AND (  states IN (1,2) )  [ RunTime:0.0031s ]
SQL: SELECT * FROM `p_orderlog` WHERE `type` = 3 AND (  states IN (1,2) ) AND `land` = 7 AND `num` = 1 AND `userid` = 9 AND (  states IN (1,2) ) AND (  states IN (1,2) ) AND (  states IN (1,2) ) AND (  states IN (1,2) ) AND (  states IN (1,2) ) AND (  states IN (1,2) )  [ RunTime:0.0023s ]
SQL: SELECT * FROM `p_orderlog` WHERE `type` = 3 AND (  states IN (1,2) ) AND `land` = 8 AND `num` = 1 AND `userid` = 9 AND (  states IN (1,2) ) AND (  states IN (1,2) ) AND (  states IN (1,2) ) AND (  states IN (1,2) ) AND (  states IN (1,2) ) AND (  states IN (1,2) ) AND (  states IN (1,2) )  [ RunTime:0.0029s ]
SQL: SELECT * FROM `p_orderlog` WHERE `type` = 3 AND (  states IN (1,2) ) AND `land` = 9 AND `num` = 1 AND `userid` = 9 AND (  states IN (1,2) ) AND (  states IN (1,2) ) AND (  states IN (1,2) ) AND (  states IN (1,2) ) AND (  states IN (1,2) ) AND (  states IN (1,2) ) AND (  states IN (1,2) ) AND (  states IN (1,2) )  [ RunTime:0.0024s ]
SQL: SELECT * FROM `p_orderlog` WHERE `type` = 3 AND (  states IN (1,2) ) AND `land` = 10 AND `num` = 1 AND `userid` = 9 AND (  states IN (1,2) ) AND (  states IN (1,2) ) AND (  states IN (1,2) ) AND (  states IN (1,2) ) AND (  states IN (1,2) ) AND (  states IN (1,2) ) AND (  states IN (1,2) ) AND (  states IN (1,2) ) AND (  states IN (1,2) )  [ RunTime:0.0016s ]
NOTIC: [8] Undefined offset: 0 D:\WWW\dev\register\Application\Home\Controller\IndexController.class.php 第 202 行.
SQL: SELECT * FROM `p_orderlog` WHERE `type` = 3 AND (  states IN (1,2) ) AND `land` = 11 AND `num` = 1 AND `userid` = 9 AND (  states IN (1,2) ) AND (  states IN (1,2) ) AND (  states IN (1,2) ) AND (  states IN (1,2) ) AND (  states IN (1,2) ) AND (  states IN (1,2) ) AND (  states IN (1,2) ) AND (  states IN (1,2) ) AND (  states IN (1,2) ) AND (  states IN (1,2) )  [ RunTime:0.0021s ]
NOTIC: [8] Undefined offset: 0 D:\WWW\dev\register\Application\Home\Controller\IndexController.class.php 第 202 行.
SQL: SELECT * FROM `p_orderlog` WHERE `type` = 3 AND (  states IN (1,2) ) AND `land` = 12 AND `num` = 1 AND `userid` = 9 AND (  states IN (1,2) ) AND (  states IN (1,2) ) AND (  states IN (1,2) ) AND (  states IN (1,2) ) AND (  states IN (1,2) ) AND (  states IN (1,2) ) AND (  states IN (1,2) ) AND (  states IN (1,2) ) AND (  states IN (1,2) ) AND (  states IN (1,2) ) AND (  states IN (1,2) )  [ RunTime:0.0014s ]
NOTIC: [8] Undefined offset: 0 D:\WWW\dev\register\Application\Home\Controller\IndexController.class.php 第 202 行.
SQL: SELECT * FROM `p_orderlog` WHERE `type` = 3 AND (  states IN (1,2) ) AND `land` = 13 AND `num` = 1 AND `userid` = 9 AND (  states IN (1,2) ) AND (  states IN (1,2) ) AND (  states IN (1,2) ) AND (  states IN (1,2) ) AND (  states IN (1,2) ) AND (  states IN (1,2) ) AND (  states IN (1,2) ) AND (  states IN (1,2) ) AND (  states IN (1,2) ) AND (  states IN (1,2) ) AND (  states IN (1,2) ) AND (  states IN (1,2) )  [ RunTime:0.0017s ]
NOTIC: [8] Undefined offset: 0 D:\WWW\dev\register\Application\Home\Controller\IndexController.class.php 第 202 行.
SQL: SELECT * FROM `p_orderlog` WHERE `type` = 3 AND (  states IN (1,2) ) AND `land` = 14 AND `num` = 1 AND `userid` = 9 AND (  states IN (1,2) ) AND (  states IN (1,2) ) AND (  states IN (1,2) ) AND (  states IN (1,2) ) AND (  states IN (1,2) ) AND (  states IN (1,2) ) AND (  states IN (1,2) ) AND (  states IN (1,2) ) AND (  states IN (1,2) ) AND (  states IN (1,2) ) AND (  states IN (1,2) ) AND (  states IN (1,2) ) AND (  states IN (1,2) )  [ RunTime:0.0024s ]
SQL: SELECT * FROM `p_orderlog` WHERE `type` = 3 AND (  states IN (1,2) ) AND `land` = 15 AND `num` = 1 AND `userid` = 9 AND (  states IN (1,2) ) AND (  states IN (1,2) ) AND (  states IN (1,2) ) AND (  states IN (1,2) ) AND (  states IN (1,2) ) AND (  states IN (1,2) ) AND (  states IN (1,2) ) AND (  states IN (1,2) ) AND (  states IN (1,2) ) AND (  states IN (1,2) ) AND (  states IN (1,2) ) AND (  states IN (1,2) ) AND (  states IN (1,2) ) AND (  states IN (1,2) )  [ RunTime:0.0012s ]
NOTIC: [8] Undefined offset: 0 D:\WWW\dev\register\Application\Home\Controller\IndexController.class.php 第 202 行.
SQL: SELECT SUM(num) AS tp_sum FROM `p_orderlog` WHERE `productid` = 8 AND `states` = 0 LIMIT 1   [ RunTime:0.0034s ]
INFO: [ view_parse ] --START--
INFO: [ template_filter ] --START--
INFO: Run Behavior\ContentReplaceBehavior [ RunTime:0.000446s ]
INFO: [ template_filter ] --END-- [ RunTime:0.000606s ]
INFO: Run Behavior\ParseTemplateBehavior [ RunTime:0.044774s ]
INFO: [ view_parse ] --END-- [ RunTime:0.044898s ]
INFO: [ view_filter ] --START--
INFO: Run Behavior\WriteHtmlCacheBehavior [ RunTime:0.000702s ]
INFO: [ view_filter ] --END-- [ RunTime:0.000768s ]
INFO: [ app_end ] --START--
INFO: Run Behavior\ShowPageTraceBehavior [ RunTime:0.001507s ]
INFO: [ app_end ] --END-- [ RunTime:0.001700s ]

[ 2017-06-15T23:26:02+08:00 ] 127.0.0.1 /register/index.php/Home/Index/collect?uid=9&_=1497540360920
INFO: [ app_init ] --START--
INFO: Run Behavior\BuildLiteBehavior [ RunTime:0.000022s ]
INFO: [ app_init ] --END-- [ RunTime:0.000636s ]
INFO: [ app_begin ] --START--
INFO: Run Behavior\ReadHtmlCacheBehavior [ RunTime:0.001131s ]
INFO: [ app_begin ] --END-- [ RunTime:0.001254s ]
SQL: SHOW COLUMNS FROM `p_menber` [ RunTime:0.0119s ]
SQL: SELECT * FROM `p_menber` WHERE `uid` = 9  [ RunTime:0.0011s ]
SQL: SHOW COLUMNS FROM `p_orderlog` [ RunTime:0.0121s ]
SQL: UPDATE `p_orderlog` SET `states`='3' WHERE `type` = 3 AND `states` = 2 AND `userid` = 9 [ RunTime:0.0022s ]
INFO: [ app_end ] --START--
INFO: Run Behavior\ShowPageTraceBehavior [ RunTime:0.001095s ]
INFO: [ app_end ] --END-- [ RunTime:0.001181s ]

[ 2017-06-15T23:26:20+08:00 ] 127.0.0.1 /register/index.php/Home/Index/collect?uid=9&_=1497540360920
INFO: [ app_init ] --START--
INFO: Run Behavior\BuildLiteBehavior [ RunTime:0.000033s ]
INFO: [ app_init ] --END-- [ RunTime:0.000999s ]
INFO: [ app_begin ] --START--
INFO: Run Behavior\ReadHtmlCacheBehavior [ RunTime:0.000838s ]
INFO: [ app_begin ] --END-- [ RunTime:0.000937s ]
SQL: SHOW COLUMNS FROM `p_menber` [ RunTime:0.0160s ]
SQL: SELECT * FROM `p_menber` WHERE `uid` = 9  [ RunTime:0.0022s ]
SQL: SHOW COLUMNS FROM `p_orderlog` [ RunTime:0.0136s ]
SQL: UPDATE `p_orderlog` SET `states`='3' WHERE `type` = 3 AND `states` = 2 AND `userid` = 9 [ RunTime:0.0031s ]
INFO: [ app_end ] --START--
INFO: Run Behavior\ShowPageTraceBehavior [ RunTime:0.001307s ]
INFO: [ app_end ] --END-- [ RunTime:0.001408s ]

[ 2017-06-15T23:26:32+08:00 ] 127.0.0.1 /register/index.php/Home/Index/collect?uid=9&_=1497540360920
INFO: [ app_init ] --START--
INFO: Run Behavior\BuildLiteBehavior [ RunTime:0.000039s ]
INFO: [ app_init ] --END-- [ RunTime:0.001295s ]
INFO: [ app_begin ] --START--
INFO: Run Behavior\ReadHtmlCacheBehavior [ RunTime:0.001734s ]
INFO: [ app_begin ] --END-- [ RunTime:0.001894s ]
SQL: SHOW COLUMNS FROM `p_menber` [ RunTime:0.0187s ]
SQL: SELECT * FROM `p_menber` WHERE `uid` = 9  [ RunTime:0.0014s ]
SQL: SHOW COLUMNS FROM `p_orderlog` [ RunTime:0.0174s ]
SQL: UPDATE `p_orderlog` SET `states`='3' WHERE `type` = 3 AND `states` = 2 AND `userid` = 9 [ RunTime:0.0024s ]
INFO: [ app_end ] --START--
INFO: Run Behavior\ShowPageTraceBehavior [ RunTime:0.001542s ]
INFO: [ app_end ] --END-- [ RunTime:0.001658s ]

[ 2017-06-15T23:26:52+08:00 ] 127.0.0.1 /register/index.php/Home/Index/collect?uid=9&_=1497540360920
INFO: [ app_init ] --START--
INFO: Run Behavior\BuildLiteBehavior [ RunTime:0.000038s ]
INFO: [ app_init ] --END-- [ RunTime:0.000992s ]
INFO: [ app_begin ] --START--
INFO: Run Behavior\ReadHtmlCacheBehavior [ RunTime:0.002641s ]
INFO: [ app_begin ] --END-- [ RunTime:0.003030s ]
NOTIC: [8] Undefined index: name D:\WWW\dev\register\Application\Home\Controller\CommonController.class.php 第 8 行.

[ 2017-06-15T23:26:55+08:00 ] 127.0.0.1 /register/index.php/Home/Login/login
INFO: [ app_init ] --START--
INFO: Run Behavior\BuildLiteBehavior [ RunTime:0.000022s ]
INFO: [ app_init ] --END-- [ RunTime:0.000653s ]
INFO: [ app_begin ] --START--
INFO: Run Behavior\ReadHtmlCacheBehavior [ RunTime:0.000769s ]
INFO: [ app_begin ] --END-- [ RunTime:0.000876s ]
NOTIC: [8] A session had already been started - ignoring session_start() D:\WWW\dev\register\Application\Home\Controller\LoginController.class.php 第 8 行.
INFO: [ view_parse ] --START--
INFO: [ template_filter ] --START--
INFO: Run Behavior\ContentReplaceBehavior [ RunTime:0.000233s ]
INFO: [ template_filter ] --END-- [ RunTime:0.000386s ]
INFO: Run Behavior\ParseTemplateBehavior [ RunTime:0.014214s ]
INFO: [ view_parse ] --END-- [ RunTime:0.014343s ]
INFO: [ view_filter ] --START--
INFO: Run Behavior\WriteHtmlCacheBehavior [ RunTime:0.000537s ]
INFO: [ view_filter ] --END-- [ RunTime:0.000608s ]
INFO: [ app_end ] --START--
INFO: Run Behavior\ShowPageTraceBehavior [ RunTime:0.000902s ]
INFO: [ app_end ] --END-- [ RunTime:0.000975s ]

[ 2017-06-15T23:29:58+08:00 ] 127.0.0.1 /register/index.php/Home/Index/collect?uid=9&_=1497540360920
INFO: [ app_init ] --START--
INFO: Run Behavior\BuildLiteBehavior [ RunTime:0.000036s ]
INFO: [ app_init ] --END-- [ RunTime:0.001597s ]
INFO: [ app_begin ] --START--
INFO: Run Behavior\ReadHtmlCacheBehavior [ RunTime:0.000895s ]
INFO: [ app_begin ] --END-- [ RunTime:0.000983s ]
SQL: SHOW COLUMNS FROM `p_menber` [ RunTime:0.0120s ]
SQL: SELECT * FROM `p_menber` WHERE `uid` = 9  [ RunTime:0.0022s ]
SQL: SHOW COLUMNS FROM `p_orderlog` [ RunTime:0.0144s ]
SQL: UPDATE `p_orderlog` SET `states`='3' WHERE `type` = 3 AND `states` = 2 AND `userid` = 9 [ RunTime:0.0037s ]
INFO: [ app_end ] --START--
INFO: Run Behavior\ShowPageTraceBehavior [ RunTime:0.001609s ]
INFO: [ app_end ] --END-- [ RunTime:0.001767s ]

[ 2017-06-15T23:29:59+08:00 ] 127.0.0.1 /register/index.php/Home/Index/collect?uid=9&_=1497540360920
INFO: [ app_init ] --START--
INFO: Run Behavior\BuildLiteBehavior [ RunTime:0.000029s ]
INFO: [ app_init ] --END-- [ RunTime:0.000930s ]
INFO: [ app_begin ] --START--
INFO: Run Behavior\ReadHtmlCacheBehavior [ RunTime:0.000763s ]
INFO: [ app_begin ] --END-- [ RunTime:0.000868s ]
SQL: SHOW COLUMNS FROM `p_menber` [ RunTime:0.0153s ]
SQL: SELECT * FROM `p_menber` WHERE `uid` = 9  [ RunTime:0.0025s ]
SQL: SHOW COLUMNS FROM `p_orderlog` [ RunTime:0.0118s ]
SQL: UPDATE `p_orderlog` SET `states`='3' WHERE `type` = 3 AND `states` = 2 AND `userid` = 9 [ RunTime:0.0026s ]
INFO: [ app_end ] --START--
INFO: Run Behavior\ShowPageTraceBehavior [ RunTime:0.001413s ]
INFO: [ app_end ] --END-- [ RunTime:0.001540s ]

[ 2017-06-15T23:30:03+08:00 ] 127.0.0.1 /register/index.php/Home/Index/collect?uid=9&_=1497540360920
INFO: [ app_init ] --START--
INFO: Run Behavior\BuildLiteBehavior [ RunTime:0.000024s ]
INFO: [ app_init ] --END-- [ RunTime:0.000727s ]
INFO: [ app_begin ] --START--
INFO: Run Behavior\ReadHtmlCacheBehavior [ RunTime:0.001856s ]
INFO: [ app_begin ] --END-- [ RunTime:0.002008s ]
SQL: SHOW COLUMNS FROM `p_menber` [ RunTime:0.0133s ]
SQL: SELECT * FROM `p_menber` WHERE `uid` = 9  [ RunTime:0.0024s ]
SQL: SHOW COLUMNS FROM `p_orderlog` [ RunTime:0.0142s ]
SQL: UPDATE `p_orderlog` SET `states`='3' WHERE `type` = 3 AND `states` = 2 AND `userid` = 9 [ RunTime:0.0037s ]
INFO: [ app_end ] --START--
INFO: Run Behavior\ShowPageTraceBehavior [ RunTime:0.001458s ]
INFO: [ app_end ] --END-- [ RunTime:0.001591s ]

[ 2017-06-15T23:30:21+08:00 ] 127.0.0.1 /register/index.php/Home/Index/collect?uid=9&_=1497540360920
INFO: [ app_init ] --START--
INFO: Run Behavior\BuildLiteBehavior [ RunTime:0.000036s ]
INFO: [ app_init ] --END-- [ RunTime:0.000826s ]
INFO: [ app_begin ] --START--
INFO: Run Behavior\ReadHtmlCacheBehavior [ RunTime:0.000944s ]
INFO: [ app_begin ] --END-- [ RunTime:0.001046s ]
SQL: SHOW COLUMNS FROM `p_menber` [ RunTime:0.0141s ]
SQL: SELECT * FROM `p_menber` WHERE `uid` = 9  [ RunTime:0.0016s ]
SQL: SHOW COLUMNS FROM `p_orderlog` [ RunTime:0.0116s ]
SQL: UPDATE `p_orderlog` SET `states`='3' WHERE `type` = 3 AND `states` = 2 AND `userid` = 9 [ RunTime:0.0019s ]
INFO: [ app_end ] --START--
INFO: Run Behavior\ShowPageTraceBehavior [ RunTime:0.001128s ]
INFO: [ app_end ] --END-- [ RunTime:0.001213s ]

[ 2017-06-15T23:30:24+08:00 ] 127.0.0.1 /register/index.php/Home/Index/collect?uid=9&_=1497540360920
INFO: [ app_init ] --START--
INFO: Run Behavior\BuildLiteBehavior [ RunTime:0.000024s ]
INFO: [ app_init ] --END-- [ RunTime:0.000942s ]
INFO: [ app_begin ] --START--
INFO: Run Behavior\ReadHtmlCacheBehavior [ RunTime:0.001994s ]
INFO: [ app_begin ] --END-- [ RunTime:0.002113s ]
SQL: SHOW COLUMNS FROM `p_menber` [ RunTime:0.0129s ]
SQL: SELECT * FROM `p_menber` WHERE `uid` = 9  [ RunTime:0.0014s ]
SQL: SHOW COLUMNS FROM `p_orderlog` [ RunTime:0.0147s ]
SQL: UPDATE `p_orderlog` SET `states`='3' WHERE `type` = 3 AND `states` = 2 AND `userid` = 9 [ RunTime:0.0020s ]
INFO: [ app_end ] --START--
INFO: Run Behavior\ShowPageTraceBehavior [ RunTime:0.001019s ]
INFO: [ app_end ] --END-- [ RunTime:0.001091s ]

[ 2017-06-15T23:30:28+08:00 ] 127.0.0.1 /register/index.php/Home/Index/collect?uid=9&_=1497540360920
INFO: [ app_init ] --START--
INFO: Run Behavior\BuildLiteBehavior [ RunTime:0.000021s ]
INFO: [ app_init ] --END-- [ RunTime:0.000705s ]
INFO: [ app_begin ] --START--
INFO: Run Behavior\ReadHtmlCacheBehavior [ RunTime:0.000788s ]
INFO: [ app_begin ] --END-- [ RunTime:0.000879s ]
SQL: SHOW COLUMNS FROM `p_menber` [ RunTime:0.0122s ]
SQL: SELECT * FROM `p_menber` WHERE `uid` = 9  [ RunTime:0.0019s ]
SQL: SHOW COLUMNS FROM `p_orderlog` [ RunTime:0.0155s ]
SQL: UPDATE `p_orderlog` SET `states`='3' WHERE `type` = 3 AND `states` = 2 AND `userid` = 9 [ RunTime:0.0030s ]
INFO: [ app_end ] --START--
INFO: Run Behavior\ShowPageTraceBehavior [ RunTime:0.000889s ]
INFO: [ app_end ] --END-- [ RunTime:0.000966s ]

