[ 2017-06-20T22:15:22+08:00 ] 127.0.0.1 /register/index.php/Home/
INFO: [ app_init ] --START--
INFO: Run Behavior\BuildLiteBehavior [ RunTime:0.000068s ]
INFO: [ app_init ] --END-- [ RunTime:0.023343s ]
INFO: [ app_begin ] --START--
INFO: Run Behavior\ReadHtmlCacheBehavior [ RunTime:0.019756s ]
INFO: [ app_begin ] --END-- [ RunTime:0.019978s ]
NOTIC: [8] Undefined index: name D:\WWW\dev\register\Application\Home\Controller\CommonController.class.php 第 8 行.

[ 2017-06-20T22:15:24+08:00 ] 127.0.0.1 /register/index.php/Home/Login/login
INFO: [ app_init ] --START--
INFO: Run Behavior\BuildLiteBehavior [ RunTime:0.000022s ]
INFO: [ app_init ] --END-- [ RunTime:0.000713s ]
INFO: [ app_begin ] --START--
INFO: Run Behavior\ReadHtmlCacheBehavior [ RunTime:0.000969s ]
INFO: [ app_begin ] --END-- [ RunTime:0.001071s ]
NOTIC: [8] A session had already been started - ignoring session_start() D:\WWW\dev\register\Application\Home\Controller\LoginController.class.php 第 8 行.
INFO: [ view_parse ] --START--
INFO: [ template_filter ] --START--
INFO: Run Behavior\ContentReplaceBehavior [ RunTime:0.023405s ]
INFO: [ template_filter ] --END-- [ RunTime:0.023535s ]
INFO: Run Behavior\ParseTemplateBehavior [ RunTime:0.143086s ]
INFO: [ view_parse ] --END-- [ RunTime:0.143247s ]
INFO: [ view_filter ] --START--
INFO: Run Behavior\WriteHtmlCacheBehavior [ RunTime:0.015226s ]
INFO: [ view_filter ] --END-- [ RunTime:0.015348s ]
INFO: [ app_end ] --START--
INFO: Run Behavior\ShowPageTraceBehavior [ RunTime:0.016874s ]
INFO: [ app_end ] --END-- [ RunTime:0.016976s ]

[ 2017-06-20T22:15:34+08:00 ] 127.0.0.1 /register/index.php/Home/Login/login
INFO: [ app_init ] --START--
INFO: Run Behavior\BuildLiteBehavior [ RunTime:0.000023s ]
INFO: [ app_init ] --END-- [ RunTime:0.000712s ]
INFO: [ app_begin ] --START--
INFO: Run Behavior\ReadHtmlCacheBehavior [ RunTime:0.000766s ]
INFO: [ app_begin ] --END-- [ RunTime:0.000863s ]
NOTIC: [8] A session had already been started - ignoring session_start() D:\WWW\dev\register\Application\Home\Controller\LoginController.class.php 第 8 行.
SQL: SHOW COLUMNS FROM `p_menber` [ RunTime:0.0924s ]
SQL: SELECT * FROM `p_menber` WHERE `name` = '18883287666' AND `pwd` = '123'  [ RunTime:0.0211s ]
INFO: [ view_parse ] --START--
INFO: [ template_filter ] --START--
INFO: Run Behavior\ContentReplaceBehavior [ RunTime:0.000148s ]
INFO: [ template_filter ] --END-- [ RunTime:0.000235s ]
INFO: Run Behavior\ParseTemplateBehavior [ RunTime:0.012328s ]
INFO: [ view_parse ] --END-- [ RunTime:0.012432s ]
INFO: [ view_filter ] --START--
INFO: Run Behavior\WriteHtmlCacheBehavior [ RunTime:0.000484s ]
INFO: [ view_filter ] --END-- [ RunTime:0.000550s ]
INFO: [ app_end ] --START--
INFO: Run Behavior\ShowPageTraceBehavior [ RunTime:0.000881s ]
INFO: [ app_end ] --END-- [ RunTime:0.000947s ]

[ 2017-06-20T22:15:35+08:00 ] 127.0.0.1 /register/index.php/Home/Index/index
INFO: [ app_init ] --START--
INFO: Run Behavior\BuildLiteBehavior [ RunTime:0.000030s ]
INFO: [ app_init ] --END-- [ RunTime:0.001004s ]
INFO: [ app_begin ] --START--
INFO: Run Behavior\ReadHtmlCacheBehavior [ RunTime:0.002144s ]
INFO: [ app_begin ] --END-- [ RunTime:0.002318s ]
SQL: SHOW COLUMNS FROM `p_menber` [ RunTime:0.0171s ]
SQL: SELECT * FROM `p_menber` WHERE `uid` = 9  [ RunTime:0.0010s ]
SQL: SHOW COLUMNS FROM `p_product` [ RunTime:0.0772s ]
SQL: SHOW COLUMNS FROM `p_orderlog` [ RunTime:0.0546s ]
NOTIC: [8] Undefined index: productguoshi D:\WWW\dev\register\Application\Home\Controller\IndexController.class.php 第 23 行.
NOTIC: [8] Undefined index: shangdian D:\WWW\dev\register\Application\Home\Controller\IndexController.class.php 第 104 行.
SQL: SELECT * FROM `p_product` WHERE `type` IN ('1','2','3') ORDER BY id asc  [ RunTime:0.0152s ]
SQL: SELECT SUM(num) AS tp_sum FROM `p_orderlog` WHERE `productid` = 1 AND `type` = 2 AND `states` = 0 AND `userid` = 9 LIMIT 1   [ RunTime:0.0018s ]
SQL: SELECT SUM(num) AS tp_sum FROM `p_orderlog` WHERE `productid` = 2 AND `type` = 1 AND `states` = 0 AND `userid` = 9 LIMIT 1   [ RunTime:0.0012s ]
SQL: SELECT SUM(num) AS tp_sum FROM `p_orderlog` WHERE `productid` = 3 AND `type` = 1 AND `states` = 0 AND `userid` = 9 LIMIT 1   [ RunTime:0.0009s ]
SQL: SELECT SUM(num) AS tp_sum FROM `p_orderlog` WHERE `productid` = 4 AND `type` = 1 AND `states` = 0 AND `userid` = 9 LIMIT 1   [ RunTime:0.0008s ]
SQL: SELECT SUM(num) AS tp_sum FROM `p_orderlog` WHERE `productid` = 5 AND `type` = 1 AND `states` = 0 AND `userid` = 9 LIMIT 1   [ RunTime:0.0009s ]
SQL: SELECT SUM(num) AS tp_sum FROM `p_orderlog` WHERE `productid` = 6 AND `type` = 1 AND `states` = 0 AND `userid` = 9 LIMIT 1   [ RunTime:0.0008s ]
SQL: SELECT SUM(num) AS tp_sum FROM `p_orderlog` WHERE `productid` = 7 AND `type` = 1 AND `states` = 0 AND `userid` = 9 LIMIT 1   [ RunTime:0.0008s ]
SQL: SELECT SUM(num) AS tp_sum FROM `p_orderlog` WHERE `productid` = 8 AND `type` = 2 AND `states` = 0 AND `userid` = 9 LIMIT 1   [ RunTime:0.0008s ]
SQL: SELECT SUM(num) AS tp_sum FROM `p_orderlog` WHERE `productid` = 81 AND `type` = 2 AND `states` = 0 AND `userid` = 9 LIMIT 1   [ RunTime:0.0008s ]
SQL: SELECT SUM(num) AS tp_sum FROM `p_orderlog` WHERE `productid` = 82 AND `type` = 2 AND `states` = 0 AND `userid` = 9 LIMIT 1   [ RunTime:0.0008s ]
SQL: SELECT SUM(num) AS tp_sum FROM `p_orderlog` WHERE `productid` = 83 AND `type` = 2 AND `states` = 0 AND `userid` = 9 LIMIT 1   [ RunTime:0.0008s ]
SQL: SELECT SUM(num) AS tp_sum FROM `p_orderlog` WHERE `productid` = 84 AND `type` = 2 AND `states` = 0 AND `userid` = 9 LIMIT 1   [ RunTime:0.0008s ]
SQL: SELECT SUM(num) AS tp_sum FROM `p_orderlog` WHERE `productid` = 85 AND `type` = 2 AND `states` = 0 AND `userid` = 9 LIMIT 1   [ RunTime:0.0008s ]
SQL: SELECT SUM(num) AS tp_sum FROM `p_orderlog` WHERE `productid` = 86 AND `type` = 3 AND `states` = 3 AND `userid` = 9 LIMIT 1   [ RunTime:0.0010s ]
SQL: SELECT SUM(num) AS tp_sum FROM `p_orderlog` WHERE `productid` = 87 AND `type` = 3 AND `states` = 3 AND `userid` = 9 LIMIT 1   [ RunTime:0.0011s ]
SQL: SELECT SUM(num) AS tp_sum FROM `p_orderlog` WHERE `productid` = 88 AND `type` = 3 AND `states` = 3 AND `userid` = 9 LIMIT 1   [ RunTime:0.0008s ]
SQL: SELECT SUM(num) AS tp_sum FROM `p_orderlog` WHERE `productid` = 89 AND `type` = 3 AND `states` = 3 AND `userid` = 9 LIMIT 1   [ RunTime:0.0010s ]
SQL: SELECT SUM(num) AS tp_sum FROM `p_orderlog` WHERE `productid` = 90 AND `type` = 3 AND `states` = 3 AND `userid` = 9 LIMIT 1   [ RunTime:0.0014s ]
SQL: SELECT SUM(num) AS tp_sum FROM `p_orderlog` WHERE `productid` = 91 AND `type` = 3 AND `states` = 3 AND `userid` = 9 LIMIT 1   [ RunTime:0.0010s ]
SQL: SELECT * FROM `p_orderlog` WHERE `type` = 3 AND (  states IN (1,2) ) AND `land` = 1 AND `num` = 1 AND `userid` = 9  [ RunTime:0.0015s ]
SQL: SELECT * FROM `p_orderlog` WHERE `type` = 3 AND (  states IN (1,2) ) AND `land` = 2 AND `num` = 1 AND `userid` = 9 AND (  states IN (1,2) )  [ RunTime:0.0010s ]
NOTIC: [8] Undefined offset: 0 D:\WWW\dev\register\Application\Home\Controller\IndexController.class.php 第 228 行.
SQL: SELECT * FROM `p_orderlog` WHERE `type` = 3 AND (  states IN (1,2) ) AND `land` = 3 AND `num` = 1 AND `userid` = 9 AND (  states IN (1,2) ) AND (  states IN (1,2) )  [ RunTime:0.0016s ]
SQL: SELECT * FROM `p_orderlog` WHERE `type` = 3 AND (  states IN (1,2) ) AND `land` = 4 AND `num` = 1 AND `userid` = 9 AND (  states IN (1,2) ) AND (  states IN (1,2) ) AND (  states IN (1,2) )  [ RunTime:0.0019s ]
NOTIC: [8] Undefined offset: 0 D:\WWW\dev\register\Application\Home\Controller\IndexController.class.php 第 228 行.
SQL: SELECT * FROM `p_orderlog` WHERE `type` = 3 AND (  states IN (1,2) ) AND `land` = 5 AND `num` = 1 AND `userid` = 9 AND (  states IN (1,2) ) AND (  states IN (1,2) ) AND (  states IN (1,2) ) AND (  states IN (1,2) )  [ RunTime:0.0024s ]
SQL: SELECT * FROM `p_orderlog` WHERE `type` = 3 AND (  states IN (1,2) ) AND `land` = 6 AND `num` = 1 AND `userid` = 9 AND (  states IN (1,2) ) AND (  states IN (1,2) ) AND (  states IN (1,2) ) AND (  states IN (1,2) ) AND (  states IN (1,2) )  [ RunTime:0.0023s ]
SQL: SELECT * FROM `p_orderlog` WHERE `type` = 3 AND (  states IN (1,2) ) AND `land` = 7 AND `num` = 1 AND `userid` = 9 AND (  states IN (1,2) ) AND (  states IN (1,2) ) AND (  states IN (1,2) ) AND (  states IN (1,2) ) AND (  states IN (1,2) ) AND (  states IN (1,2) )  [ RunTime:0.0023s ]
SQL: SELECT * FROM `p_orderlog` WHERE `type` = 3 AND (  states IN (1,2) ) AND `land` = 8 AND `num` = 1 AND `userid` = 9 AND (  states IN (1,2) ) AND (  states IN (1,2) ) AND (  states IN (1,2) ) AND (  states IN (1,2) ) AND (  states IN (1,2) ) AND (  states IN (1,2) ) AND (  states IN (1,2) )  [ RunTime:0.0015s ]
SQL: SELECT * FROM `p_orderlog` WHERE `type` = 3 AND (  states IN (1,2) ) AND `land` = 9 AND `num` = 1 AND `userid` = 9 AND (  states IN (1,2) ) AND (  states IN (1,2) ) AND (  states IN (1,2) ) AND (  states IN (1,2) ) AND (  states IN (1,2) ) AND (  states IN (1,2) ) AND (  states IN (1,2) ) AND (  states IN (1,2) )  [ RunTime:0.0013s ]
SQL: SELECT * FROM `p_orderlog` WHERE `type` = 3 AND (  states IN (1,2) ) AND `land` = 10 AND `num` = 1 AND `userid` = 9 AND (  states IN (1,2) ) AND (  states IN (1,2) ) AND (  states IN (1,2) ) AND (  states IN (1,2) ) AND (  states IN (1,2) ) AND (  states IN (1,2) ) AND (  states IN (1,2) ) AND (  states IN (1,2) ) AND (  states IN (1,2) )  [ RunTime:0.0010s ]
NOTIC: [8] Undefined offset: 0 D:\WWW\dev\register\Application\Home\Controller\IndexController.class.php 第 228 行.
SQL: SELECT * FROM `p_orderlog` WHERE `type` = 3 AND (  states IN (1,2) ) AND `land` = 11 AND `num` = 1 AND `userid` = 9 AND (  states IN (1,2) ) AND (  states IN (1,2) ) AND (  states IN (1,2) ) AND (  states IN (1,2) ) AND (  states IN (1,2) ) AND (  states IN (1,2) ) AND (  states IN (1,2) ) AND (  states IN (1,2) ) AND (  states IN (1,2) ) AND (  states IN (1,2) )  [ RunTime:0.0010s ]
NOTIC: [8] Undefined offset: 0 D:\WWW\dev\register\Application\Home\Controller\IndexController.class.php 第 228 行.
SQL: SELECT * FROM `p_orderlog` WHERE `type` = 3 AND (  states IN (1,2) ) AND `land` = 12 AND `num` = 1 AND `userid` = 9 AND (  states IN (1,2) ) AND (  states IN (1,2) ) AND (  states IN (1,2) ) AND (  states IN (1,2) ) AND (  states IN (1,2) ) AND (  states IN (1,2) ) AND (  states IN (1,2) ) AND (  states IN (1,2) ) AND (  states IN (1,2) ) AND (  states IN (1,2) ) AND (  states IN (1,2) )  [ RunTime:0.0010s ]
NOTIC: [8] Undefined offset: 0 D:\WWW\dev\register\Application\Home\Controller\IndexController.class.php 第 228 行.
SQL: SELECT * FROM `p_orderlog` WHERE `type` = 3 AND (  states IN (1,2) ) AND `land` = 13 AND `num` = 1 AND `userid` = 9 AND (  states IN (1,2) ) AND (  states IN (1,2) ) AND (  states IN (1,2) ) AND (  states IN (1,2) ) AND (  states IN (1,2) ) AND (  states IN (1,2) ) AND (  states IN (1,2) ) AND (  states IN (1,2) ) AND (  states IN (1,2) ) AND (  states IN (1,2) ) AND (  states IN (1,2) ) AND (  states IN (1,2) )  [ RunTime:0.0015s ]
NOTIC: [8] Undefined offset: 0 D:\WWW\dev\register\Application\Home\Controller\IndexController.class.php 第 228 行.
SQL: SELECT * FROM `p_orderlog` WHERE `type` = 3 AND (  states IN (1,2) ) AND `land` = 14 AND `num` = 1 AND `userid` = 9 AND (  states IN (1,2) ) AND (  states IN (1,2) ) AND (  states IN (1,2) ) AND (  states IN (1,2) ) AND (  states IN (1,2) ) AND (  states IN (1,2) ) AND (  states IN (1,2) ) AND (  states IN (1,2) ) AND (  states IN (1,2) ) AND (  states IN (1,2) ) AND (  states IN (1,2) ) AND (  states IN (1,2) ) AND (  states IN (1,2) )  [ RunTime:0.0014s ]
SQL: SELECT * FROM `p_orderlog` WHERE `type` = 3 AND (  states IN (1,2) ) AND `land` = 15 AND `num` = 1 AND `userid` = 9 AND (  states IN (1,2) ) AND (  states IN (1,2) ) AND (  states IN (1,2) ) AND (  states IN (1,2) ) AND (  states IN (1,2) ) AND (  states IN (1,2) ) AND (  states IN (1,2) ) AND (  states IN (1,2) ) AND (  states IN (1,2) ) AND (  states IN (1,2) ) AND (  states IN (1,2) ) AND (  states IN (1,2) ) AND (  states IN (1,2) ) AND (  states IN (1,2) )  [ RunTime:0.0010s ]
NOTIC: [8] Undefined offset: 0 D:\WWW\dev\register\Application\Home\Controller\IndexController.class.php 第 228 行.
SQL: SELECT * FROM `p_orderlog` WHERE `productid` = 8 AND `userid` = 9 AND `states` = 0  [ RunTime:0.0012s ]
SQL: SELECT * FROM `p_product` WHERE `type` IN ('1','2','3') AND `id` IN ('81','82','83') ORDER BY id asc  [ RunTime:0.0010s ]
INFO: [ view_parse ] --START--
INFO: [ template_filter ] --START--
INFO: Run Behavior\ContentReplaceBehavior [ RunTime:0.000537s ]
INFO: [ template_filter ] --END-- [ RunTime:0.000656s ]
INFO: Run Behavior\ParseTemplateBehavior [ RunTime:0.082291s ]
INFO: [ view_parse ] --END-- [ RunTime:0.082390s ]
INFO: [ view_filter ] --START--
INFO: Run Behavior\WriteHtmlCacheBehavior [ RunTime:0.000521s ]
INFO: [ view_filter ] --END-- [ RunTime:0.000588s ]
INFO: [ app_end ] --START--
INFO: Run Behavior\ShowPageTraceBehavior [ RunTime:0.000897s ]
INFO: [ app_end ] --END-- [ RunTime:0.000982s ]

[ 2017-06-20T22:15:42+08:00 ] 127.0.0.1 /register/index.php/Home/User/my.html
INFO: [ app_init ] --START--
INFO: Run Behavior\BuildLiteBehavior [ RunTime:0.000027s ]
INFO: [ app_init ] --END-- [ RunTime:0.001183s ]
INFO: [ app_begin ] --START--
INFO: Run Behavior\ReadHtmlCacheBehavior [ RunTime:0.001046s ]
INFO: [ app_begin ] --END-- [ RunTime:0.001168s ]
SQL: SHOW COLUMNS FROM `p_menber` [ RunTime:0.0138s ]
SQL: SELECT * FROM `p_menber` WHERE `uid` = 9  [ RunTime:0.0020s ]
SQL: SELECT * FROM `p_menber` WHERE `uid` = 9  [ RunTime:0.0018s ]
INFO: [ view_parse ] --START--
INFO: [ template_filter ] --START--
INFO: Run Behavior\ContentReplaceBehavior [ RunTime:0.000146s ]
INFO: [ template_filter ] --END-- [ RunTime:0.000264s ]
INFO: Run Behavior\ParseTemplateBehavior [ RunTime:0.011987s ]
INFO: [ view_parse ] --END-- [ RunTime:0.012123s ]
INFO: [ view_filter ] --START--
INFO: Run Behavior\WriteHtmlCacheBehavior [ RunTime:0.000627s ]
INFO: [ view_filter ] --END-- [ RunTime:0.000740s ]
INFO: [ app_end ] --START--
INFO: Run Behavior\ShowPageTraceBehavior [ RunTime:0.000888s ]
INFO: [ app_end ] --END-- [ RunTime:0.000970s ]

[ 2017-06-20T22:16:02+08:00 ] 127.0.0.1 /register/index.php/Home/Login/login
INFO: [ app_init ] --START--
INFO: Run Behavior\BuildLiteBehavior [ RunTime:0.000031s ]
INFO: [ app_init ] --END-- [ RunTime:0.000989s ]
INFO: [ app_begin ] --START--
INFO: Run Behavior\ReadHtmlCacheBehavior [ RunTime:0.001017s ]
INFO: [ app_begin ] --END-- [ RunTime:0.001172s ]
NOTIC: [8] A session had already been started - ignoring session_start() D:\WWW\dev\register\Application\Home\Controller\LoginController.class.php 第 8 行.
INFO: [ view_parse ] --START--
INFO: [ template_filter ] --START--
INFO: Run Behavior\ContentReplaceBehavior [ RunTime:0.000194s ]
INFO: [ template_filter ] --END-- [ RunTime:0.000315s ]
INFO: Run Behavior\ParseTemplateBehavior [ RunTime:0.010892s ]
INFO: [ view_parse ] --END-- [ RunTime:0.010998s ]
INFO: [ view_filter ] --START--
INFO: Run Behavior\WriteHtmlCacheBehavior [ RunTime:0.000437s ]
INFO: [ view_filter ] --END-- [ RunTime:0.000498s ]
INFO: [ app_end ] --START--
INFO: Run Behavior\ShowPageTraceBehavior [ RunTime:0.000803s ]
INFO: [ app_end ] --END-- [ RunTime:0.000870s ]

[ 2017-06-20T22:16:52+08:00 ] 127.0.0.1 /register/index.php/Home/User/my.html
INFO: [ app_init ] --START--
INFO: Run Behavior\BuildLiteBehavior [ RunTime:0.000027s ]
INFO: [ app_init ] --END-- [ RunTime:0.000818s ]
INFO: [ app_begin ] --START--
INFO: Run Behavior\ReadHtmlCacheBehavior [ RunTime:0.000901s ]
INFO: [ app_begin ] --END-- [ RunTime:0.001002s ]
SQL: SHOW COLUMNS FROM `p_menber` [ RunTime:0.0126s ]
SQL: SELECT * FROM `p_menber` WHERE `uid` = 9  [ RunTime:0.0007s ]
SQL: SELECT * FROM `p_menber` WHERE `uid` = 9  [ RunTime:0.0006s ]
INFO: [ view_parse ] --START--
INFO: [ template_filter ] --START--
INFO: Run Behavior\ContentReplaceBehavior [ RunTime:0.000111s ]
INFO: [ template_filter ] --END-- [ RunTime:0.000191s ]
INFO: Run Behavior\ParseTemplateBehavior [ RunTime:0.010031s ]
INFO: [ view_parse ] --END-- [ RunTime:0.010134s ]
INFO: [ view_filter ] --START--
INFO: Run Behavior\WriteHtmlCacheBehavior [ RunTime:0.000440s ]
INFO: [ view_filter ] --END-- [ RunTime:0.000502s ]
INFO: [ app_end ] --START--
INFO: Run Behavior\ShowPageTraceBehavior [ RunTime:0.000788s ]
INFO: [ app_end ] --END-- [ RunTime:0.000853s ]

[ 2017-06-20T22:16:56+08:00 ] 127.0.0.1 /register/index.php/Home/Login/login
INFO: [ app_init ] --START--
INFO: Run Behavior\BuildLiteBehavior [ RunTime:0.000023s ]
INFO: [ app_init ] --END-- [ RunTime:0.000693s ]
INFO: [ app_begin ] --START--
INFO: Run Behavior\ReadHtmlCacheBehavior [ RunTime:0.000852s ]
INFO: [ app_begin ] --END-- [ RunTime:0.000948s ]
NOTIC: [8] A session had already been started - ignoring session_start() D:\WWW\dev\register\Application\Home\Controller\LoginController.class.php 第 8 行.
INFO: [ view_parse ] --START--
INFO: [ template_filter ] --START--
INFO: Run Behavior\ContentReplaceBehavior [ RunTime:0.000131s ]
INFO: [ template_filter ] --END-- [ RunTime:0.000276s ]
INFO: Run Behavior\ParseTemplateBehavior [ RunTime:0.012675s ]
INFO: [ view_parse ] --END-- [ RunTime:0.012833s ]
INFO: [ view_filter ] --START--
INFO: Run Behavior\WriteHtmlCacheBehavior [ RunTime:0.000663s ]
INFO: [ view_filter ] --END-- [ RunTime:0.000776s ]
INFO: [ app_end ] --START--
INFO: Run Behavior\ShowPageTraceBehavior [ RunTime:0.001049s ]
INFO: [ app_end ] --END-- [ RunTime:0.001138s ]

[ 2017-06-20T22:19:29+08:00 ] 127.0.0.1 /register/index.php/Home/User/my.html
INFO: [ app_init ] --START--
INFO: Run Behavior\BuildLiteBehavior [ RunTime:0.000030s ]
INFO: [ app_init ] --END-- [ RunTime:0.001058s ]
INFO: [ app_begin ] --START--
INFO: Run Behavior\ReadHtmlCacheBehavior [ RunTime:0.000936s ]
INFO: [ app_begin ] --END-- [ RunTime:0.001028s ]
SQL: SHOW COLUMNS FROM `p_menber` [ RunTime:0.0145s ]
SQL: SELECT * FROM `p_menber` WHERE `uid` = 9  [ RunTime:0.0028s ]
SQL: SELECT * FROM `p_menber` WHERE `uid` = 9  [ RunTime:0.0031s ]
INFO: [ view_parse ] --START--
INFO: [ template_filter ] --START--
INFO: Run Behavior\ContentReplaceBehavior [ RunTime:0.000110s ]
INFO: [ template_filter ] --END-- [ RunTime:0.000194s ]
INFO: Run Behavior\ParseTemplateBehavior [ RunTime:0.011840s ]
INFO: [ view_parse ] --END-- [ RunTime:0.011959s ]
INFO: [ view_filter ] --START--
INFO: Run Behavior\WriteHtmlCacheBehavior [ RunTime:0.000619s ]
INFO: [ view_filter ] --END-- [ RunTime:0.000685s ]
INFO: [ app_end ] --START--
INFO: Run Behavior\ShowPageTraceBehavior [ RunTime:0.000953s ]
INFO: [ app_end ] --END-- [ RunTime:0.001020s ]

[ 2017-06-20T22:21:05+08:00 ] 127.0.0.1 /register/index.php/Home/User/my.html
INFO: [ app_init ] --START--
INFO: Run Behavior\BuildLiteBehavior [ RunTime:0.000048s ]
INFO: [ app_init ] --END-- [ RunTime:0.000928s ]
INFO: [ app_begin ] --START--
INFO: Run Behavior\ReadHtmlCacheBehavior [ RunTime:0.001781s ]
INFO: [ app_begin ] --END-- [ RunTime:0.002480s ]
SQL: SHOW COLUMNS FROM `p_menber` [ RunTime:0.0210s ]
SQL: SELECT * FROM `p_menber` WHERE `uid` = 9  [ RunTime:0.0022s ]
SQL: SELECT * FROM `p_menber` WHERE `uid` = 9  [ RunTime:0.0022s ]
INFO: [ view_parse ] --START--
INFO: [ template_filter ] --START--
INFO: Run Behavior\ContentReplaceBehavior [ RunTime:0.000179s ]
INFO: [ template_filter ] --END-- [ RunTime:0.000321s ]
INFO: Run Behavior\ParseTemplateBehavior [ RunTime:0.016884s ]
INFO: [ view_parse ] --END-- [ RunTime:0.017103s ]
INFO: [ view_filter ] --START--
INFO: Run Behavior\WriteHtmlCacheBehavior [ RunTime:0.001308s ]
INFO: [ view_filter ] --END-- [ RunTime:0.001489s ]
INFO: [ app_end ] --START--
INFO: Run Behavior\ShowPageTraceBehavior [ RunTime:0.001624s ]
INFO: [ app_end ] --END-- [ RunTime:0.001798s ]

[ 2017-06-20T22:26:00+08:00 ] 127.0.0.1 /register/index.php/Home/Index/sowing?land=4&seed=7&uid=9&_=1497968753406
INFO: [ app_init ] --START--
INFO: Run Behavior\BuildLiteBehavior [ RunTime:0.000025s ]
INFO: [ app_init ] --END-- [ RunTime:0.000790s ]
INFO: [ app_begin ] --START--
INFO: Run Behavior\ReadHtmlCacheBehavior [ RunTime:0.000882s ]
INFO: [ app_begin ] --END-- [ RunTime:0.000983s ]
SQL: SHOW COLUMNS FROM `p_menber` [ RunTime:0.0131s ]
SQL: SELECT * FROM `p_menber` WHERE `uid` = 9  [ RunTime:0.0018s ]
SQL: SHOW COLUMNS FROM `p_orderlog` [ RunTime:0.0131s ]
SQL: SELECT * FROM `p_orderlog` WHERE `userid` = 9 AND `land` = 4 AND `type` = 3 AND `states` = 1  [ RunTime:0.0015s ]
SQL: SELECT * FROM `p_orderlog` WHERE `userid` = 9 AND `productid` = 7 AND `type` = 1 AND `states` = 0  [ RunTime:0.0021s ]
SQL: UPDATE `p_orderlog` SET `num`='1' WHERE `logid` = 80 [ RunTime:0.0016s ]
SQL: SELECT * FROM `p_menber` WHERE `uid` = 9  [ RunTime:0.0012s ]
SQL: SHOW COLUMNS FROM `p_product` [ RunTime:0.0111s ]
SQL: SELECT * FROM `p_product` WHERE `id` = 7  [ RunTime:0.0017s ]
SQL: INSERT INTO `p_orderlog` (`logid`,`userid`,`productid`,`productname`,`productmoney`,`type`,`states`,`orderid`,`addtime`,`num`,`prices`,`pic`,`life`,`land`,`output`,`iscao`,`ischong`,`iswater`,`ischucao`,`ischuchong`) VALUES ('0','9','90','木瓜种子','4','3','1','201706142115398014','2017-06-20 22:26:00','1','2','/register/Public/Uploads/2017-06-03/593213b5630e0.gif','1','4','5','0','0','0','0','0') [ RunTime:0.0017s ]
INFO: [ app_end ] --START--
INFO: Run Behavior\ShowPageTraceBehavior [ RunTime:0.001233s ]
INFO: [ app_end ] --END-- [ RunTime:0.001356s ]

[ 2017-06-20T22:26:02+08:00 ] 127.0.0.1 /register/index.php/Home/Index/index
INFO: [ app_init ] --START--
INFO: Run Behavior\BuildLiteBehavior [ RunTime:0.000035s ]
INFO: [ app_init ] --END-- [ RunTime:0.001237s ]
INFO: [ app_begin ] --START--
INFO: Run Behavior\ReadHtmlCacheBehavior [ RunTime:0.001856s ]
INFO: [ app_begin ] --END-- [ RunTime:0.002086s ]
SQL: SHOW COLUMNS FROM `p_menber` [ RunTime:0.0143s ]
SQL: SELECT * FROM `p_menber` WHERE `uid` = 9  [ RunTime:0.0024s ]
SQL: SHOW COLUMNS FROM `p_product` [ RunTime:0.0132s ]
SQL: SHOW COLUMNS FROM `p_orderlog` [ RunTime:0.0145s ]
NOTIC: [8] Undefined index: productguoshi D:\WWW\dev\register\Application\Home\Controller\IndexController.class.php 第 23 行.
NOTIC: [8] Undefined index: shangdian D:\WWW\dev\register\Application\Home\Controller\IndexController.class.php 第 104 行.
SQL: SELECT * FROM `p_product` WHERE `type` IN ('1','2','3') ORDER BY id asc  [ RunTime:0.0031s ]
SQL: SELECT SUM(num) AS tp_sum FROM `p_orderlog` WHERE `productid` = 1 AND `type` = 2 AND `states` = 0 AND `userid` = 9 LIMIT 1   [ RunTime:0.0018s ]
SQL: SELECT SUM(num) AS tp_sum FROM `p_orderlog` WHERE `productid` = 2 AND `type` = 1 AND `states` = 0 AND `userid` = 9 LIMIT 1   [ RunTime:0.0020s ]
SQL: SELECT SUM(num) AS tp_sum FROM `p_orderlog` WHERE `productid` = 3 AND `type` = 1 AND `states` = 0 AND `userid` = 9 LIMIT 1   [ RunTime:0.0020s ]
SQL: SELECT SUM(num) AS tp_sum FROM `p_orderlog` WHERE `productid` = 4 AND `type` = 1 AND `states` = 0 AND `userid` = 9 LIMIT 1   [ RunTime:0.0021s ]
SQL: SELECT SUM(num) AS tp_sum FROM `p_orderlog` WHERE `productid` = 5 AND `type` = 1 AND `states` = 0 AND `userid` = 9 LIMIT 1   [ RunTime:0.0019s ]
SQL: SELECT SUM(num) AS tp_sum FROM `p_orderlog` WHERE `productid` = 6 AND `type` = 1 AND `states` = 0 AND `userid` = 9 LIMIT 1   [ RunTime:0.0018s ]
SQL: SELECT SUM(num) AS tp_sum FROM `p_orderlog` WHERE `productid` = 7 AND `type` = 1 AND `states` = 0 AND `userid` = 9 LIMIT 1   [ RunTime:0.0020s ]
SQL: SELECT SUM(num) AS tp_sum FROM `p_orderlog` WHERE `productid` = 8 AND `type` = 2 AND `states` = 0 AND `userid` = 9 LIMIT 1   [ RunTime:0.0020s ]
SQL: SELECT SUM(num) AS tp_sum FROM `p_orderlog` WHERE `productid` = 81 AND `type` = 2 AND `states` = 0 AND `userid` = 9 LIMIT 1   [ RunTime:0.0027s ]
SQL: SELECT SUM(num) AS tp_sum FROM `p_orderlog` WHERE `productid` = 82 AND `type` = 2 AND `states` = 0 AND `userid` = 9 LIMIT 1   [ RunTime:0.0023s ]
SQL: SELECT SUM(num) AS tp_sum FROM `p_orderlog` WHERE `productid` = 83 AND `type` = 2 AND `states` = 0 AND `userid` = 9 LIMIT 1   [ RunTime:0.0026s ]
SQL: SELECT SUM(num) AS tp_sum FROM `p_orderlog` WHERE `productid` = 84 AND `type` = 2 AND `states` = 0 AND `userid` = 9 LIMIT 1   [ RunTime:0.0025s ]
SQL: SELECT SUM(num) AS tp_sum FROM `p_orderlog` WHERE `productid` = 85 AND `type` = 2 AND `states` = 0 AND `userid` = 9 LIMIT 1   [ RunTime:0.0021s ]
SQL: SELECT SUM(num) AS tp_sum FROM `p_orderlog` WHERE `productid` = 86 AND `type` = 3 AND `states` = 3 AND `userid` = 9 LIMIT 1   [ RunTime:0.0022s ]
SQL: SELECT SUM(num) AS tp_sum FROM `p_orderlog` WHERE `productid` = 87 AND `type` = 3 AND `states` = 3 AND `userid` = 9 LIMIT 1   [ RunTime:0.0019s ]
SQL: SELECT SUM(num) AS tp_sum FROM `p_orderlog` WHERE `productid` = 88 AND `type` = 3 AND `states` = 3 AND `userid` = 9 LIMIT 1   [ RunTime:0.0026s ]
SQL: SELECT SUM(num) AS tp_sum FROM `p_orderlog` WHERE `productid` = 89 AND `type` = 3 AND `states` = 3 AND `userid` = 9 LIMIT 1   [ RunTime:0.0019s ]
SQL: SELECT SUM(num) AS tp_sum FROM `p_orderlog` WHERE `productid` = 90 AND `type` = 3 AND `states` = 3 AND `userid` = 9 LIMIT 1   [ RunTime:0.0018s ]
SQL: SELECT SUM(num) AS tp_sum FROM `p_orderlog` WHERE `productid` = 91 AND `type` = 3 AND `states` = 3 AND `userid` = 9 LIMIT 1   [ RunTime:0.0021s ]
SQL: SELECT * FROM `p_orderlog` WHERE `type` = 3 AND (  states IN (1,2) ) AND `land` = 1 AND `num` = 1 AND `userid` = 9  [ RunTime:0.0034s ]
SQL: SELECT * FROM `p_orderlog` WHERE `type` = 3 AND (  states IN (1,2) ) AND `land` = 2 AND `num` = 1 AND `userid` = 9 AND (  states IN (1,2) )  [ RunTime:0.0022s ]
NOTIC: [8] Undefined offset: 0 D:\WWW\dev\register\Application\Home\Controller\IndexController.class.php 第 228 行.
SQL: SELECT * FROM `p_orderlog` WHERE `type` = 3 AND (  states IN (1,2) ) AND `land` = 3 AND `num` = 1 AND `userid` = 9 AND (  states IN (1,2) ) AND (  states IN (1,2) )  [ RunTime:0.0044s ]
SQL: SELECT * FROM `p_orderlog` WHERE `type` = 3 AND (  states IN (1,2) ) AND `land` = 4 AND `num` = 1 AND `userid` = 9 AND (  states IN (1,2) ) AND (  states IN (1,2) ) AND (  states IN (1,2) )  [ RunTime:0.0029s ]
SQL: SELECT * FROM `p_orderlog` WHERE `type` = 3 AND (  states IN (1,2) ) AND `land` = 5 AND `num` = 1 AND `userid` = 9 AND (  states IN (1,2) ) AND (  states IN (1,2) ) AND (  states IN (1,2) ) AND (  states IN (1,2) )  [ RunTime:0.0024s ]
SQL: SELECT * FROM `p_orderlog` WHERE `type` = 3 AND (  states IN (1,2) ) AND `land` = 6 AND `num` = 1 AND `userid` = 9 AND (  states IN (1,2) ) AND (  states IN (1,2) ) AND (  states IN (1,2) ) AND (  states IN (1,2) ) AND (  states IN (1,2) )  [ RunTime:0.0022s ]
SQL: SELECT * FROM `p_orderlog` WHERE `type` = 3 AND (  states IN (1,2) ) AND `land` = 7 AND `num` = 1 AND `userid` = 9 AND (  states IN (1,2) ) AND (  states IN (1,2) ) AND (  states IN (1,2) ) AND (  states IN (1,2) ) AND (  states IN (1,2) ) AND (  states IN (1,2) )  [ RunTime:0.0023s ]
SQL: SELECT * FROM `p_orderlog` WHERE `type` = 3 AND (  states IN (1,2) ) AND `land` = 8 AND `num` = 1 AND `userid` = 9 AND (  states IN (1,2) ) AND (  states IN (1,2) ) AND (  states IN (1,2) ) AND (  states IN (1,2) ) AND (  states IN (1,2) ) AND (  states IN (1,2) ) AND (  states IN (1,2) )  [ RunTime:0.0033s ]
SQL: SELECT * FROM `p_orderlog` WHERE `type` = 3 AND (  states IN (1,2) ) AND `land` = 9 AND `num` = 1 AND `userid` = 9 AND (  states IN (1,2) ) AND (  states IN (1,2) ) AND (  states IN (1,2) ) AND (  states IN (1,2) ) AND (  states IN (1,2) ) AND (  states IN (1,2) ) AND (  states IN (1,2) ) AND (  states IN (1,2) )  [ RunTime:0.0027s ]
SQL: SELECT * FROM `p_orderlog` WHERE `type` = 3 AND (  states IN (1,2) ) AND `land` = 10 AND `num` = 1 AND `userid` = 9 AND (  states IN (1,2) ) AND (  states IN (1,2) ) AND (  states IN (1,2) ) AND (  states IN (1,2) ) AND (  states IN (1,2) ) AND (  states IN (1,2) ) AND (  states IN (1,2) ) AND (  states IN (1,2) ) AND (  states IN (1,2) )  [ RunTime:0.0019s ]
NOTIC: [8] Undefined offset: 0 D:\WWW\dev\register\Application\Home\Controller\IndexController.class.php 第 228 行.
SQL: SELECT * FROM `p_orderlog` WHERE `type` = 3 AND (  states IN (1,2) ) AND `land` = 11 AND `num` = 1 AND `userid` = 9 AND (  states IN (1,2) ) AND (  states IN (1,2) ) AND (  states IN (1,2) ) AND (  states IN (1,2) ) AND (  states IN (1,2) ) AND (  states IN (1,2) ) AND (  states IN (1,2) ) AND (  states IN (1,2) ) AND (  states IN (1,2) ) AND (  states IN (1,2) )  [ RunTime:0.0019s ]
NOTIC: [8] Undefined offset: 0 D:\WWW\dev\register\Application\Home\Controller\IndexController.class.php 第 228 行.
SQL: SELECT * FROM `p_orderlog` WHERE `type` = 3 AND (  states IN (1,2) ) AND `land` = 12 AND `num` = 1 AND `userid` = 9 AND (  states IN (1,2) ) AND (  states IN (1,2) ) AND (  states IN (1,2) ) AND (  states IN (1,2) ) AND (  states IN (1,2) ) AND (  states IN (1,2) ) AND (  states IN (1,2) ) AND (  states IN (1,2) ) AND (  states IN (1,2) ) AND (  states IN (1,2) ) AND (  states IN (1,2) )  [ RunTime:0.0023s ]
NOTIC: [8] Undefined offset: 0 D:\WWW\dev\register\Application\Home\Controller\IndexController.class.php 第 228 行.
SQL: SELECT * FROM `p_orderlog` WHERE `type` = 3 AND (  states IN (1,2) ) AND `land` = 13 AND `num` = 1 AND `userid` = 9 AND (  states IN (1,2) ) AND (  states IN (1,2) ) AND (  states IN (1,2) ) AND (  states IN (1,2) ) AND (  states IN (1,2) ) AND (  states IN (1,2) ) AND (  states IN (1,2) ) AND (  states IN (1,2) ) AND (  states IN (1,2) ) AND (  states IN (1,2) ) AND (  states IN (1,2) ) AND (  states IN (1,2) )  [ RunTime:0.0023s ]
NOTIC: [8] Undefined offset: 0 D:\WWW\dev\register\Application\Home\Controller\IndexController.class.php 第 228 行.
SQL: SELECT * FROM `p_orderlog` WHERE `type` = 3 AND (  states IN (1,2) ) AND `land` = 14 AND `num` = 1 AND `userid` = 9 AND (  states IN (1,2) ) AND (  states IN (1,2) ) AND (  states IN (1,2) ) AND (  states IN (1,2) ) AND (  states IN (1,2) ) AND (  states IN (1,2) ) AND (  states IN (1,2) ) AND (  states IN (1,2) ) AND (  states IN (1,2) ) AND (  states IN (1,2) ) AND (  states IN (1,2) ) AND (  states IN (1,2) ) AND (  states IN (1,2) )  [ RunTime:0.0036s ]
SQL: SELECT * FROM `p_orderlog` WHERE `type` = 3 AND (  states IN (1,2) ) AND `land` = 15 AND `num` = 1 AND `userid` = 9 AND (  states IN (1,2) ) AND (  states IN (1,2) ) AND (  states IN (1,2) ) AND (  states IN (1,2) ) AND (  states IN (1,2) ) AND (  states IN (1,2) ) AND (  states IN (1,2) ) AND (  states IN (1,2) ) AND (  states IN (1,2) ) AND (  states IN (1,2) ) AND (  states IN (1,2) ) AND (  states IN (1,2) ) AND (  states IN (1,2) ) AND (  states IN (1,2) )  [ RunTime:0.0018s ]
NOTIC: [8] Undefined offset: 0 D:\WWW\dev\register\Application\Home\Controller\IndexController.class.php 第 228 行.
SQL: SELECT * FROM `p_orderlog` WHERE `productid` = 8 AND `userid` = 9 AND `states` = 0  [ RunTime:0.0024s ]
SQL: SELECT * FROM `p_product` WHERE `type` IN ('1','2','3') AND `id` IN ('81','82','83') ORDER BY id asc  [ RunTime:0.0014s ]
INFO: [ view_parse ] --START--
INFO: [ template_filter ] --START--
INFO: Run Behavior\ContentReplaceBehavior [ RunTime:0.000457s ]
INFO: [ template_filter ] --END-- [ RunTime:0.000547s ]
INFO: Run Behavior\ParseTemplateBehavior [ RunTime:0.037679s ]
INFO: [ view_parse ] --END-- [ RunTime:0.037833s ]
INFO: [ view_filter ] --START--
INFO: Run Behavior\WriteHtmlCacheBehavior [ RunTime:0.000700s ]
INFO: [ view_filter ] --END-- [ RunTime:0.000817s ]
INFO: [ app_end ] --START--
INFO: Run Behavior\ShowPageTraceBehavior [ RunTime:0.001385s ]
INFO: [ app_end ] --END-- [ RunTime:0.001540s ]

