[ 2017-06-06T21:27:53+08:00 ] 127.0.0.1 /register/index.php/Home/Index/friendstouqu?uid=2&friendid=1
INFO: [ app_init ] --START--
INFO: Run Behavior\BuildLiteBehavior [ RunTime:0.000034s ]
INFO: [ app_init ] --END-- [ RunTime:0.002589s ]
INFO: [ app_begin ] --START--
INFO: Run Behavior\ReadHtmlCacheBehavior [ RunTime:0.001267s ]
INFO: [ app_begin ] --END-- [ RunTime:0.001396s ]
NOTIC: [8] Undefined index: name D:\WWW\dev\register\Application\Home\Controller\CommonController.class.php 第 8 行.

[ 2017-06-06T21:27:56+08:00 ] 127.0.0.1 /register/index.php/Home/Login/login
INFO: [ app_init ] --START--
INFO: Run Behavior\BuildLiteBehavior [ RunTime:0.000028s ]
INFO: [ app_init ] --END-- [ RunTime:0.000822s ]
INFO: [ app_begin ] --START--
INFO: Run Behavior\ReadHtmlCacheBehavior [ RunTime:0.001184s ]
INFO: [ app_begin ] --END-- [ RunTime:0.001324s ]
NOTIC: [8] A session had already been started - ignoring session_start() D:\WWW\dev\register\Application\Home\Controller\LoginController.class.php 第 8 行.
INFO: [ view_parse ] --START--
INFO: [ template_filter ] --START--
INFO: Run Behavior\ContentReplaceBehavior [ RunTime:0.022784s ]
INFO: [ template_filter ] --END-- [ RunTime:0.022924s ]
INFO: Run Behavior\ParseTemplateBehavior [ RunTime:0.067690s ]
INFO: [ view_parse ] --END-- [ RunTime:0.067792s ]
INFO: [ view_filter ] --START--
INFO: Run Behavior\WriteHtmlCacheBehavior [ RunTime:0.000710s ]
INFO: [ view_filter ] --END-- [ RunTime:0.000797s ]
INFO: [ app_end ] --START--
INFO: Run Behavior\ShowPageTraceBehavior [ RunTime:0.001200s ]
INFO: [ app_end ] --END-- [ RunTime:0.001288s ]

[ 2017-06-06T21:28:12+08:00 ] 127.0.0.1 /register/index.php/Home/Login/login
INFO: [ app_init ] --START--
INFO: Run Behavior\BuildLiteBehavior [ RunTime:0.000031s ]
INFO: [ app_init ] --END-- [ RunTime:0.000905s ]
INFO: [ app_begin ] --START--
INFO: Run Behavior\ReadHtmlCacheBehavior [ RunTime:0.000912s ]
INFO: [ app_begin ] --END-- [ RunTime:0.001027s ]
NOTIC: [8] A session had already been started - ignoring session_start() D:\WWW\dev\register\Application\Home\Controller\LoginController.class.php 第 8 行.
SQL: SHOW COLUMNS FROM `p_menber` [ RunTime:0.0554s ]
SQL: SELECT * FROM `p_menber` WHERE `name` = '18883287644' AND `pwd` = '123123'  [ RunTime:0.0009s ]
INFO: [ view_parse ] --START--
INFO: [ template_filter ] --START--
INFO: Run Behavior\ContentReplaceBehavior [ RunTime:0.000171s ]
INFO: [ template_filter ] --END-- [ RunTime:0.000289s ]
INFO: Run Behavior\ParseTemplateBehavior [ RunTime:0.013531s ]
INFO: [ view_parse ] --END-- [ RunTime:0.013662s ]
INFO: [ view_filter ] --START--
INFO: Run Behavior\WriteHtmlCacheBehavior [ RunTime:0.000603s ]
INFO: [ view_filter ] --END-- [ RunTime:0.000700s ]
INFO: [ app_end ] --START--
INFO: Run Behavior\ShowPageTraceBehavior [ RunTime:0.001128s ]
INFO: [ app_end ] --END-- [ RunTime:0.001230s ]

[ 2017-06-06T21:28:12+08:00 ] 127.0.0.1 /register/index.php/Home/Index/index
INFO: [ app_init ] --START--
INFO: Run Behavior\BuildLiteBehavior [ RunTime:0.000033s ]
INFO: [ app_init ] --END-- [ RunTime:0.001110s ]
INFO: [ app_begin ] --START--
INFO: Run Behavior\ReadHtmlCacheBehavior [ RunTime:0.001151s ]
INFO: [ app_begin ] --END-- [ RunTime:0.001289s ]
SQL: SHOW COLUMNS FROM `p_menber` [ RunTime:0.0174s ]
SQL: SELECT * FROM `p_menber` WHERE `uid` = 1  [ RunTime:0.0009s ]
SQL: SHOW COLUMNS FROM `p_product` [ RunTime:0.0200s ]
SQL: SELECT * FROM `p_product` WHERE `type` IN ('1','2','3') ORDER BY id asc  [ RunTime:0.0035s ]
INFO: [ view_parse ] --START--
INFO: [ template_filter ] --START--
INFO: Run Behavior\ContentReplaceBehavior [ RunTime:0.000978s ]
INFO: [ template_filter ] --END-- [ RunTime:0.001392s ]
INFO: Run Behavior\ParseTemplateBehavior [ RunTime:0.092815s ]
INFO: [ view_parse ] --END-- [ RunTime:0.093025s ]
INFO: [ view_filter ] --START--
INFO: Run Behavior\WriteHtmlCacheBehavior [ RunTime:0.001141s ]
INFO: [ view_filter ] --END-- [ RunTime:0.001315s ]
INFO: [ app_end ] --START--
INFO: Run Behavior\ShowPageTraceBehavior [ RunTime:0.002823s ]
INFO: [ app_end ] --END-- [ RunTime:0.003000s ]

[ 2017-06-06T21:28:21+08:00 ] 127.0.0.1 /register/index.php/Home/Index/friendstouqu?uid=2&friendid=1
INFO: [ app_init ] --START--
INFO: Run Behavior\BuildLiteBehavior [ RunTime:0.000025s ]
INFO: [ app_init ] --END-- [ RunTime:0.000948s ]
INFO: [ app_begin ] --START--
INFO: Run Behavior\ReadHtmlCacheBehavior [ RunTime:0.000819s ]
INFO: [ app_begin ] --END-- [ RunTime:0.000928s ]
SQL: SHOW COLUMNS FROM `p_menber` [ RunTime:0.0112s ]
SQL: SELECT * FROM `p_menber` WHERE `uid` = 1  [ RunTime:0.0009s ]
SQL: SHOW COLUMNS FROM `p_orderlog` [ RunTime:0.0154s ]
SQL: SHOW COLUMNS FROM `p_product` [ RunTime:0.0117s ]
SQL: SELECT * FROM `p_orderlog` WHERE `userid` = 1 AND `type` = 1 AND `states` = 2  [ RunTime:0.0009s ]

[ 2017-06-06T21:28:35+08:00 ] 127.0.0.1 /register/index.php/Home/Index/friendstouqu?uid=2
INFO: [ app_init ] --START--
INFO: Run Behavior\BuildLiteBehavior [ RunTime:0.000032s ]
INFO: [ app_init ] --END-- [ RunTime:0.001121s ]
INFO: [ app_begin ] --START--
INFO: Run Behavior\ReadHtmlCacheBehavior [ RunTime:0.000888s ]
INFO: [ app_begin ] --END-- [ RunTime:0.001020s ]
SQL: SHOW COLUMNS FROM `p_menber` [ RunTime:0.0119s ]
SQL: SELECT * FROM `p_menber` WHERE `uid` = 1  [ RunTime:0.0010s ]
NOTIC: [8] Undefined index: friendid D:\WWW\dev\register\Application\Home\Controller\IndexController.class.php 第 132 行.
SQL: SHOW COLUMNS FROM `p_orderlog` [ RunTime:0.0161s ]
SQL: SHOW COLUMNS FROM `p_product` [ RunTime:0.0136s ]
SQL: SELECT * FROM `p_orderlog` WHERE `userid` = null AND `type` = 1 AND `states` = 2  [ RunTime:0.0012s ]

[ 2017-06-06T21:28:39+08:00 ] 127.0.0.1 /register/index.php/Home/Index/friendstouqu?uid=2&friendid=1
INFO: [ app_init ] --START--
INFO: Run Behavior\BuildLiteBehavior [ RunTime:0.000026s ]
INFO: [ app_init ] --END-- [ RunTime:0.000784s ]
INFO: [ app_begin ] --START--
INFO: Run Behavior\ReadHtmlCacheBehavior [ RunTime:0.001236s ]
INFO: [ app_begin ] --END-- [ RunTime:0.001371s ]
SQL: SHOW COLUMNS FROM `p_menber` [ RunTime:0.0139s ]
SQL: SELECT * FROM `p_menber` WHERE `uid` = 1  [ RunTime:0.0016s ]
SQL: SHOW COLUMNS FROM `p_orderlog` [ RunTime:0.0162s ]
SQL: SHOW COLUMNS FROM `p_product` [ RunTime:0.0157s ]
SQL: SELECT * FROM `p_orderlog` WHERE `userid` = 1 AND `type` = 1 AND `states` = 2  [ RunTime:0.0018s ]

[ 2017-06-06T21:36:14+08:00 ] 127.0.0.1 /register/index.php/Home/Index/friendstouqu?uid=2&friendid=6
INFO: [ app_init ] --START--
INFO: Run Behavior\BuildLiteBehavior [ RunTime:0.000050s ]
INFO: [ app_init ] --END-- [ RunTime:0.000892s ]
INFO: [ app_begin ] --START--
INFO: Run Behavior\ReadHtmlCacheBehavior [ RunTime:0.001210s ]
INFO: [ app_begin ] --END-- [ RunTime:0.001427s ]
SQL: SHOW COLUMNS FROM `p_menber` [ RunTime:0.0158s ]
SQL: SELECT * FROM `p_menber` WHERE `uid` = 1  [ RunTime:0.0023s ]
SQL: SHOW COLUMNS FROM `p_orderlog` [ RunTime:0.0141s ]
SQL: SHOW COLUMNS FROM `p_product` [ RunTime:0.0146s ]
SQL: SELECT * FROM `p_orderlog` WHERE `userid` = 6 AND `type` = 1 AND `states` = 2  [ RunTime:0.0024s ]
SQL: SELECT * FROM `p_product` WHERE `id` = 4  [ RunTime:0.0013s ]
NOTIC: [8] Undefined index: productid D:\WWW\dev\register\Application\Home\Controller\IndexController.class.php 第 148 行.
NOTIC: [8] Undefined index: productname D:\WWW\dev\register\Application\Home\Controller\IndexController.class.php 第 149 行.

[ 2017-06-06T21:36:17+08:00 ] 127.0.0.1 /register/index.php/Home/Index/friendstouqu?uid=2&friendid=6
INFO: [ app_init ] --START--
INFO: Run Behavior\BuildLiteBehavior [ RunTime:0.000022s ]
INFO: [ app_init ] --END-- [ RunTime:0.000665s ]
INFO: [ app_begin ] --START--
INFO: Run Behavior\ReadHtmlCacheBehavior [ RunTime:0.000749s ]
INFO: [ app_begin ] --END-- [ RunTime:0.000827s ]
SQL: SHOW COLUMNS FROM `p_menber` [ RunTime:0.0128s ]
SQL: SELECT * FROM `p_menber` WHERE `uid` = 1  [ RunTime:0.0018s ]
SQL: SHOW COLUMNS FROM `p_orderlog` [ RunTime:0.0119s ]
SQL: SHOW COLUMNS FROM `p_product` [ RunTime:0.0136s ]
SQL: SELECT * FROM `p_orderlog` WHERE `userid` = 6 AND `type` = 1 AND `states` = 2  [ RunTime:0.0014s ]
SQL: SELECT * FROM `p_product` WHERE `id` = 4  [ RunTime:0.0011s ]
NOTIC: [8] Undefined index: productid D:\WWW\dev\register\Application\Home\Controller\IndexController.class.php 第 148 行.
NOTIC: [8] Undefined index: productname D:\WWW\dev\register\Application\Home\Controller\IndexController.class.php 第 149 行.

[ 2017-06-06T21:37:09+08:00 ] 127.0.0.1 /register/index.php/Home/Index/friendstouqu?uid=2&friendid=6
INFO: [ app_init ] --START--
INFO: Run Behavior\BuildLiteBehavior [ RunTime:0.000024s ]
INFO: [ app_init ] --END-- [ RunTime:0.001052s ]
INFO: [ app_begin ] --START--
INFO: Run Behavior\ReadHtmlCacheBehavior [ RunTime:0.000826s ]
INFO: [ app_begin ] --END-- [ RunTime:0.000934s ]
SQL: SHOW COLUMNS FROM `p_menber` [ RunTime:0.0136s ]
SQL: SELECT * FROM `p_menber` WHERE `uid` = 1  [ RunTime:0.0012s ]
SQL: SHOW COLUMNS FROM `p_orderlog` [ RunTime:0.0115s ]
SQL: SHOW COLUMNS FROM `p_product` [ RunTime:0.0140s ]
SQL: SELECT * FROM `p_orderlog` WHERE `userid` = 6 AND `type` = 1 AND `states` = 2  [ RunTime:0.0012s ]
SQL: SELECT * FROM `p_product` WHERE `id` = 4  [ RunTime:0.0011s ]

[ 2017-06-06T21:42:25+08:00 ] 127.0.0.1 /register/index.php/Home/Index/friendstouqu?uid=2&friendid=6
INFO: [ app_init ] --START--
INFO: Run Behavior\BuildLiteBehavior [ RunTime:0.000026s ]
INFO: [ app_init ] --END-- [ RunTime:0.005430s ]
INFO: [ app_begin ] --START--
INFO: Run Behavior\ReadHtmlCacheBehavior [ RunTime:0.002931s ]
INFO: [ app_begin ] --END-- [ RunTime:0.003115s ]
SQL: SHOW COLUMNS FROM `p_menber` [ RunTime:0.0133s ]
SQL: SELECT * FROM `p_menber` WHERE `uid` = 1  [ RunTime:0.0015s ]
SQL: SHOW COLUMNS FROM `p_orderlog` [ RunTime:0.0151s ]
SQL: SHOW COLUMNS FROM `p_product` [ RunTime:0.0155s ]
SQL: SELECT * FROM `p_orderlog` WHERE `userid` = 6 AND `type` = 1 AND `states` = 2  [ RunTime:0.0013s ]
SQL: SELECT * FROM `p_product` WHERE `id` = 4  [ RunTime:0.0012s ]

[ 2017-06-06T21:42:33+08:00 ] 127.0.0.1 /register/index.php/Home/Index/friendstouqu?uid=2&friendid=6
INFO: [ app_init ] --START--
INFO: Run Behavior\BuildLiteBehavior [ RunTime:0.000030s ]
INFO: [ app_init ] --END-- [ RunTime:0.000794s ]
INFO: [ app_begin ] --START--
INFO: Run Behavior\ReadHtmlCacheBehavior [ RunTime:0.000994s ]
INFO: [ app_begin ] --END-- [ RunTime:0.001105s ]
SQL: SHOW COLUMNS FROM `p_menber` [ RunTime:0.0123s ]
SQL: SELECT * FROM `p_menber` WHERE `uid` = 1  [ RunTime:0.0008s ]
SQL: SHOW COLUMNS FROM `p_orderlog` [ RunTime:0.0128s ]
SQL: SHOW COLUMNS FROM `p_product` [ RunTime:0.0173s ]
SQL: SELECT * FROM `p_orderlog` WHERE `userid` = 6 AND `type` = 1 AND `states` = 2  [ RunTime:0.0010s ]
SQL: SELECT * FROM `p_product` WHERE `id` = 4  [ RunTime:0.0010s ]

[ 2017-06-06T21:42:41+08:00 ] 127.0.0.1 /register/index.php/Home/Index/friendstouqu?uid=2&friendid=6
INFO: [ app_init ] --START--
INFO: Run Behavior\BuildLiteBehavior [ RunTime:0.000021s ]
INFO: [ app_init ] --END-- [ RunTime:0.000748s ]
INFO: [ app_begin ] --START--
INFO: Run Behavior\ReadHtmlCacheBehavior [ RunTime:0.000829s ]
INFO: [ app_begin ] --END-- [ RunTime:0.000931s ]
SQL: SHOW COLUMNS FROM `p_menber` [ RunTime:0.0188s ]
SQL: SELECT * FROM `p_menber` WHERE `uid` = 1  [ RunTime:0.0017s ]
SQL: SHOW COLUMNS FROM `p_orderlog` [ RunTime:0.0184s ]
SQL: SHOW COLUMNS FROM `p_product` [ RunTime:0.0141s ]
SQL: SELECT * FROM `p_orderlog` WHERE `userid` = 6 AND `type` = 1 AND `states` = 2  [ RunTime:0.0016s ]
SQL: SELECT * FROM `p_product` WHERE `id` = 4  [ RunTime:0.0017s ]

[ 2017-06-06T21:42:41+08:00 ] 127.0.0.1 /register/index.php/Home/Index/friendstouqu?uid=2&friendid=6
INFO: [ app_init ] --START--
INFO: Run Behavior\BuildLiteBehavior [ RunTime:0.000024s ]
INFO: [ app_init ] --END-- [ RunTime:0.000757s ]
INFO: [ app_begin ] --START--
INFO: Run Behavior\ReadHtmlCacheBehavior [ RunTime:0.000982s ]
INFO: [ app_begin ] --END-- [ RunTime:0.001106s ]
SQL: SHOW COLUMNS FROM `p_menber` [ RunTime:0.0180s ]
SQL: SELECT * FROM `p_menber` WHERE `uid` = 1  [ RunTime:0.0018s ]
SQL: SHOW COLUMNS FROM `p_orderlog` [ RunTime:0.0170s ]
SQL: SHOW COLUMNS FROM `p_product` [ RunTime:0.0190s ]
SQL: SELECT * FROM `p_orderlog` WHERE `userid` = 6 AND `type` = 1 AND `states` = 2  [ RunTime:0.0022s ]
SQL: SELECT * FROM `p_product` WHERE `id` = 4  [ RunTime:0.0010s ]

[ 2017-06-06T21:44:37+08:00 ] 127.0.0.1 /register/index.php/Home/Index/friendstouqu?uid=2&friendid=6
INFO: [ app_init ] --START--
INFO: Run Behavior\BuildLiteBehavior [ RunTime:0.000035s ]
INFO: [ app_init ] --END-- [ RunTime:0.001359s ]
INFO: [ app_begin ] --START--
INFO: Run Behavior\ReadHtmlCacheBehavior [ RunTime:0.002462s ]
INFO: [ app_begin ] --END-- [ RunTime:0.002668s ]
SQL: SHOW COLUMNS FROM `p_menber` [ RunTime:0.0140s ]
SQL: SELECT * FROM `p_menber` WHERE `uid` = 1  [ RunTime:0.0017s ]
SQL: SHOW COLUMNS FROM `p_orderlog` [ RunTime:0.0134s ]
SQL: SHOW COLUMNS FROM `p_product` [ RunTime:0.0115s ]
SQL: SELECT * FROM `p_orderlog` WHERE `userid` = 6 AND `type` = 1 AND `states` = 2  [ RunTime:0.0017s ]
SQL: SELECT * FROM `p_product` WHERE `id` = 4  [ RunTime:0.0014s ]

[ 2017-06-06T21:44:45+08:00 ] 127.0.0.1 /register/index.php/Home/Index/friendstouqu?uid=2&friendid=6
INFO: [ app_init ] --START--
INFO: Run Behavior\BuildLiteBehavior [ RunTime:0.000030s ]
INFO: [ app_init ] --END-- [ RunTime:0.000988s ]
INFO: [ app_begin ] --START--
INFO: Run Behavior\ReadHtmlCacheBehavior [ RunTime:0.000863s ]
INFO: [ app_begin ] --END-- [ RunTime:0.000975s ]
SQL: SHOW COLUMNS FROM `p_menber` [ RunTime:0.0141s ]
SQL: SELECT * FROM `p_menber` WHERE `uid` = 1  [ RunTime:0.0019s ]
SQL: SHOW COLUMNS FROM `p_orderlog` [ RunTime:0.0142s ]
SQL: SHOW COLUMNS FROM `p_product` [ RunTime:0.0141s ]
SQL: SELECT * FROM `p_orderlog` WHERE `userid` = 6 AND `type` = 1 AND `states` = 2  [ RunTime:0.0016s ]
SQL: SELECT * FROM `p_product` WHERE `id` = 4  [ RunTime:0.0016s ]

[ 2017-06-06T21:47:19+08:00 ] 127.0.0.1 /register/index.php/Home/Index/friendstouqu?uid=2&friendid=6
INFO: [ app_init ] --START--
INFO: Run Behavior\BuildLiteBehavior [ RunTime:0.000022s ]
INFO: [ app_init ] --END-- [ RunTime:0.000773s ]
INFO: [ app_begin ] --START--
INFO: Run Behavior\ReadHtmlCacheBehavior [ RunTime:0.000911s ]
INFO: [ app_begin ] --END-- [ RunTime:0.001009s ]
SQL: SHOW COLUMNS FROM `p_menber` [ RunTime:0.0132s ]
SQL: SELECT * FROM `p_menber` WHERE `uid` = 1  [ RunTime:0.0023s ]
SQL: SHOW COLUMNS FROM `p_orderlog` [ RunTime:0.0128s ]
SQL: SHOW COLUMNS FROM `p_product` [ RunTime:0.0162s ]
SQL: SELECT * FROM `p_orderlog` WHERE `userid` = 6 AND `type` = 1 AND `states` = 2  [ RunTime:0.0013s ]
SQL: SELECT * FROM `p_product` WHERE `id` = 4  [ RunTime:0.0012s ]
SQL: UPDATE `p_orderlog` SET `output`='3' WHERE `logid` = 16 [ RunTime:0.0015s ]

[ 2017-06-06T21:47:20+08:00 ] 127.0.0.1 /register/index.php/Home/Index/friendstouqu?uid=2&friendid=6
INFO: [ app_init ] --START--
INFO: Run Behavior\BuildLiteBehavior [ RunTime:0.000034s ]
INFO: [ app_init ] --END-- [ RunTime:0.000962s ]
INFO: [ app_begin ] --START--
INFO: Run Behavior\ReadHtmlCacheBehavior [ RunTime:0.001010s ]
INFO: [ app_begin ] --END-- [ RunTime:0.001149s ]
SQL: SHOW COLUMNS FROM `p_menber` [ RunTime:0.0165s ]
SQL: SELECT * FROM `p_menber` WHERE `uid` = 1  [ RunTime:0.0022s ]
SQL: SHOW COLUMNS FROM `p_orderlog` [ RunTime:0.0118s ]
SQL: SHOW COLUMNS FROM `p_product` [ RunTime:0.0144s ]
SQL: SELECT * FROM `p_orderlog` WHERE `userid` = 6 AND `type` = 1 AND `states` = 2  [ RunTime:0.0019s ]
SQL: SELECT * FROM `p_product` WHERE `id` = 4  [ RunTime:0.0017s ]
SQL: UPDATE `p_orderlog` SET `output`='1' WHERE `logid` = 16 [ RunTime:0.0017s ]

[ 2017-06-06T21:47:21+08:00 ] 127.0.0.1 /register/index.php/Home/Index/friendstouqu?uid=2&friendid=6
INFO: [ app_init ] --START--
INFO: Run Behavior\BuildLiteBehavior [ RunTime:0.000022s ]
INFO: [ app_init ] --END-- [ RunTime:0.000693s ]
INFO: [ app_begin ] --START--
INFO: Run Behavior\ReadHtmlCacheBehavior [ RunTime:0.000813s ]
INFO: [ app_begin ] --END-- [ RunTime:0.000910s ]
SQL: SHOW COLUMNS FROM `p_menber` [ RunTime:0.0111s ]
SQL: SELECT * FROM `p_menber` WHERE `uid` = 1  [ RunTime:0.0015s ]
SQL: SHOW COLUMNS FROM `p_orderlog` [ RunTime:0.0136s ]
SQL: SHOW COLUMNS FROM `p_product` [ RunTime:0.0131s ]
SQL: SELECT * FROM `p_orderlog` WHERE `userid` = 6 AND `type` = 1 AND `states` = 2  [ RunTime:0.0015s ]
SQL: SELECT * FROM `p_product` WHERE `id` = 4  [ RunTime:0.0015s ]
SQL: SELECT * FROM `p_product` WHERE `id` = 7  [ RunTime:0.0014s ]
SQL: UPDATE `p_orderlog` SET `output`='8' WHERE `logid` = 17 [ RunTime:0.0013s ]

[ 2017-06-06T21:47:22+08:00 ] 127.0.0.1 /register/index.php/Home/Index/friendstouqu?uid=2&friendid=6
INFO: [ app_init ] --START--
INFO: Run Behavior\BuildLiteBehavior [ RunTime:0.000040s ]
INFO: [ app_init ] --END-- [ RunTime:0.001157s ]
INFO: [ app_begin ] --START--
INFO: Run Behavior\ReadHtmlCacheBehavior [ RunTime:0.000865s ]
INFO: [ app_begin ] --END-- [ RunTime:0.000977s ]
SQL: SHOW COLUMNS FROM `p_menber` [ RunTime:0.0122s ]
SQL: SELECT * FROM `p_menber` WHERE `uid` = 1  [ RunTime:0.0013s ]
SQL: SHOW COLUMNS FROM `p_orderlog` [ RunTime:0.0147s ]
SQL: SHOW COLUMNS FROM `p_product` [ RunTime:0.0158s ]
SQL: SELECT * FROM `p_orderlog` WHERE `userid` = 6 AND `type` = 1 AND `states` = 2  [ RunTime:0.0009s ]
SQL: SELECT * FROM `p_product` WHERE `id` = 4  [ RunTime:0.0009s ]
SQL: SELECT * FROM `p_product` WHERE `id` = 7  [ RunTime:0.0014s ]
SQL: UPDATE `p_orderlog` SET `output`='6' WHERE `logid` = 17 [ RunTime:0.0014s ]

[ 2017-06-06T21:47:23+08:00 ] 127.0.0.1 /register/index.php/Home/Index/friendstouqu?uid=2&friendid=6
INFO: [ app_init ] --START--
INFO: Run Behavior\BuildLiteBehavior [ RunTime:0.000021s ]
INFO: [ app_init ] --END-- [ RunTime:0.000627s ]
INFO: [ app_begin ] --START--
INFO: Run Behavior\ReadHtmlCacheBehavior [ RunTime:0.001045s ]
INFO: [ app_begin ] --END-- [ RunTime:0.001160s ]
SQL: SHOW COLUMNS FROM `p_menber` [ RunTime:0.0144s ]
SQL: SELECT * FROM `p_menber` WHERE `uid` = 1  [ RunTime:0.0013s ]
SQL: SHOW COLUMNS FROM `p_orderlog` [ RunTime:0.0106s ]
SQL: SHOW COLUMNS FROM `p_product` [ RunTime:0.0136s ]
SQL: SELECT * FROM `p_orderlog` WHERE `userid` = 6 AND `type` = 1 AND `states` = 2  [ RunTime:0.0017s ]
SQL: SELECT * FROM `p_product` WHERE `id` = 4  [ RunTime:0.0016s ]
SQL: SELECT * FROM `p_product` WHERE `id` = 7  [ RunTime:0.0012s ]
SQL: UPDATE `p_orderlog` SET `output`='4' WHERE `logid` = 17 [ RunTime:0.0011s ]

[ 2017-06-06T21:47:24+08:00 ] 127.0.0.1 /register/index.php/Home/Index/friendstouqu?uid=2&friendid=6
INFO: [ app_init ] --START--
INFO: Run Behavior\BuildLiteBehavior [ RunTime:0.000023s ]
INFO: [ app_init ] --END-- [ RunTime:0.000773s ]
INFO: [ app_begin ] --START--
INFO: Run Behavior\ReadHtmlCacheBehavior [ RunTime:0.000777s ]
INFO: [ app_begin ] --END-- [ RunTime:0.000873s ]
SQL: SHOW COLUMNS FROM `p_menber` [ RunTime:0.0113s ]
SQL: SELECT * FROM `p_menber` WHERE `uid` = 1  [ RunTime:0.0013s ]
SQL: SHOW COLUMNS FROM `p_orderlog` [ RunTime:0.0141s ]
SQL: SHOW COLUMNS FROM `p_product` [ RunTime:0.0117s ]
SQL: SELECT * FROM `p_orderlog` WHERE `userid` = 6 AND `type` = 1 AND `states` = 2  [ RunTime:0.0016s ]
SQL: SELECT * FROM `p_product` WHERE `id` = 4  [ RunTime:0.0012s ]
SQL: SELECT * FROM `p_product` WHERE `id` = 7  [ RunTime:0.0012s ]
SQL: UPDATE `p_orderlog` SET `output`='2' WHERE `logid` = 17 [ RunTime:0.0013s ]

[ 2017-06-06T21:47:25+08:00 ] 127.0.0.1 /register/index.php/Home/Index/friendstouqu?uid=2&friendid=6
INFO: [ app_init ] --START--
INFO: Run Behavior\BuildLiteBehavior [ RunTime:0.000025s ]
INFO: [ app_init ] --END-- [ RunTime:0.000725s ]
INFO: [ app_begin ] --START--
INFO: Run Behavior\ReadHtmlCacheBehavior [ RunTime:0.001166s ]
INFO: [ app_begin ] --END-- [ RunTime:0.001297s ]
SQL: SHOW COLUMNS FROM `p_menber` [ RunTime:0.0142s ]
SQL: SELECT * FROM `p_menber` WHERE `uid` = 1  [ RunTime:0.0017s ]
SQL: SHOW COLUMNS FROM `p_orderlog` [ RunTime:0.0128s ]
SQL: SHOW COLUMNS FROM `p_product` [ RunTime:0.0145s ]
SQL: SELECT * FROM `p_orderlog` WHERE `userid` = 6 AND `type` = 1 AND `states` = 2  [ RunTime:0.0014s ]
SQL: SELECT * FROM `p_product` WHERE `id` = 4  [ RunTime:0.0012s ]
SQL: SELECT * FROM `p_product` WHERE `id` = 7  [ RunTime:0.0012s ]

[ 2017-06-06T21:52:12+08:00 ] 127.0.0.1 /register/index.php/Home/Index/friendstouqu?uid=2&friendid=6
INFO: [ app_init ] --START--
INFO: Run Behavior\BuildLiteBehavior [ RunTime:0.000021s ]
INFO: [ app_init ] --END-- [ RunTime:0.000860s ]
INFO: [ app_begin ] --START--
INFO: Run Behavior\ReadHtmlCacheBehavior [ RunTime:0.001075s ]
INFO: [ app_begin ] --END-- [ RunTime:0.001365s ]
SQL: SHOW COLUMNS FROM `p_menber` [ RunTime:0.0145s ]
SQL: SELECT * FROM `p_menber` WHERE `uid` = 1  [ RunTime:0.0012s ]
SQL: SHOW COLUMNS FROM `p_orderlog` [ RunTime:0.0110s ]
SQL: SHOW COLUMNS FROM `p_product` [ RunTime:0.0149s ]
SQL: SELECT * FROM `p_orderlog` WHERE `userid` = 6 AND `type` = 1 AND `states` = 2  [ RunTime:0.0012s ]
SQL: SELECT * FROM `p_product` WHERE `id` = 4  [ RunTime:0.0009s ]
SQL: SELECT * FROM `p_product` WHERE `id` = 7  [ RunTime:0.0010s ]

[ 2017-06-06T22:04:47+08:00 ] 127.0.0.1 /register/index.php/Home/Index/isgeted?uid=2&friendid=6
INFO: [ app_init ] --START--
INFO: Run Behavior\BuildLiteBehavior [ RunTime:0.000030s ]
INFO: [ app_init ] --END-- [ RunTime:0.000873s ]
INFO: [ app_begin ] --START--
INFO: Run Behavior\ReadHtmlCacheBehavior [ RunTime:0.001122s ]
INFO: [ app_begin ] --END-- [ RunTime:0.001236s ]
SQL: SHOW COLUMNS FROM `p_menber` [ RunTime:0.0131s ]
SQL: SELECT * FROM `p_menber` WHERE `uid` = 1  [ RunTime:0.0022s ]
SQL: SHOW COLUMNS FROM `p_orderlog` [ RunTime:0.0148s ]
SQL: SELECT * FROM `p_orderlog` WHERE `addtime` LIKE '%2017-06-06%' AND `type` = 3 AND `states` = 3 AND `land` = 0 AND `prices` = 0  [ RunTime:0.0021s ]
INFO: [ app_end ] --START--
INFO: Run Behavior\ShowPageTraceBehavior [ RunTime:0.001535s ]
INFO: [ app_end ] --END-- [ RunTime:0.001646s ]

[ 2017-06-06T22:05:14+08:00 ] 127.0.0.1 /register/index.php/Home/Index/isgeted?uid=2&friendid=6
INFO: [ app_init ] --START--
INFO: Run Behavior\BuildLiteBehavior [ RunTime:0.000029s ]
INFO: [ app_init ] --END-- [ RunTime:0.000917s ]
INFO: [ app_begin ] --START--
INFO: Run Behavior\ReadHtmlCacheBehavior [ RunTime:0.000896s ]
INFO: [ app_begin ] --END-- [ RunTime:0.000998s ]
SQL: SHOW COLUMNS FROM `p_menber` [ RunTime:0.0151s ]
SQL: SELECT * FROM `p_menber` WHERE `uid` = 1  [ RunTime:0.0017s ]
SQL: SHOW COLUMNS FROM `p_orderlog` [ RunTime:0.0147s ]
SQL: SELECT * FROM `p_orderlog` WHERE `addtime` LIKE '%2017-06-06%' AND `type` = 3 AND `states` = 3 AND `land` = 0 AND `prices` = 0  [ RunTime:0.0020s ]

[ 2017-06-06T22:05:15+08:00 ] 127.0.0.1 /register/index.php/Home/Index/isgeted?uid=2&friendid=6
INFO: [ app_init ] --START--
INFO: Run Behavior\BuildLiteBehavior [ RunTime:0.000030s ]
INFO: [ app_init ] --END-- [ RunTime:0.001098s ]
INFO: [ app_begin ] --START--
INFO: Run Behavior\ReadHtmlCacheBehavior [ RunTime:0.000835s ]
INFO: [ app_begin ] --END-- [ RunTime:0.000941s ]
SQL: SHOW COLUMNS FROM `p_menber` [ RunTime:0.0115s ]
SQL: SELECT * FROM `p_menber` WHERE `uid` = 1  [ RunTime:0.0011s ]
SQL: SHOW COLUMNS FROM `p_orderlog` [ RunTime:0.0122s ]
SQL: SELECT * FROM `p_orderlog` WHERE `addtime` LIKE '%2017-06-06%' AND `type` = 3 AND `states` = 3 AND `land` = 0 AND `prices` = 0  [ RunTime:0.0013s ]

[ 2017-06-06T22:05:38+08:00 ] 127.0.0.1 /register/index.php/Home/Index/friendstouqu?uid=2&friendid=6
INFO: [ app_init ] --START--
INFO: Run Behavior\BuildLiteBehavior [ RunTime:0.000056s ]
INFO: [ app_init ] --END-- [ RunTime:0.001358s ]
INFO: [ app_begin ] --START--
INFO: Run Behavior\ReadHtmlCacheBehavior [ RunTime:0.001091s ]
INFO: [ app_begin ] --END-- [ RunTime:0.001230s ]
SQL: SHOW COLUMNS FROM `p_menber` [ RunTime:0.0117s ]
SQL: SELECT * FROM `p_menber` WHERE `uid` = 1  [ RunTime:0.0026s ]
SQL: SHOW COLUMNS FROM `p_orderlog` [ RunTime:0.0186s ]
SQL: SHOW COLUMNS FROM `p_product` [ RunTime:0.0211s ]
SQL: SELECT * FROM `p_orderlog` WHERE `userid` = 6 AND `type` = 1 AND `states` = 2  [ RunTime:0.0026s ]
SQL: SELECT * FROM `p_product` WHERE `id` = 4  [ RunTime:0.0021s ]
SQL: INSERT INTO `p_orderlog` (`userid`,`productid`,`productname`,`type`,`states`,`orderid`,`addtime`,`prices`,`pic`,`land`,`output`) VALUES ('2','0','萝卜种子','3','3','6','2017-06-06 22:05:38','0','/register/Public/Uploads/2017-06-03/593213e813403.gif','0','2') [ RunTime:0.0032s ]

[ 2017-06-06T22:06:35+08:00 ] 127.0.0.1 /register/index.php/Home/Index/isgeted?uid=2&friendid=6
INFO: [ app_init ] --START--
INFO: Run Behavior\BuildLiteBehavior [ RunTime:0.000033s ]
INFO: [ app_init ] --END-- [ RunTime:0.001065s ]
INFO: [ app_begin ] --START--
INFO: Run Behavior\ReadHtmlCacheBehavior [ RunTime:0.001059s ]
INFO: [ app_begin ] --END-- [ RunTime:0.001183s ]
SQL: SHOW COLUMNS FROM `p_menber` [ RunTime:0.0132s ]
SQL: SELECT * FROM `p_menber` WHERE `uid` = 1  [ RunTime:0.0007s ]
SQL: SHOW COLUMNS FROM `p_orderlog` [ RunTime:0.0134s ]
SQL: SELECT * FROM `p_orderlog` WHERE `addtime` LIKE '%2017-06-06%' AND `type` = 3 AND `states` = 3 AND `land` = 0 AND `prices` = 0  [ RunTime:0.0008s ]

[ 2017-06-06T22:06:51+08:00 ] 127.0.0.1 /register/index.php/Home/Index/friendstouqu?uid=2&friendid=6
INFO: [ app_init ] --START--
INFO: Run Behavior\BuildLiteBehavior [ RunTime:0.000026s ]
INFO: [ app_init ] --END-- [ RunTime:0.000980s ]
INFO: [ app_begin ] --START--
INFO: Run Behavior\ReadHtmlCacheBehavior [ RunTime:0.000961s ]
INFO: [ app_begin ] --END-- [ RunTime:0.001119s ]
SQL: SHOW COLUMNS FROM `p_menber` [ RunTime:0.0139s ]
SQL: SELECT * FROM `p_menber` WHERE `uid` = 1  [ RunTime:0.0014s ]
SQL: SHOW COLUMNS FROM `p_orderlog` [ RunTime:0.0135s ]
SQL: SHOW COLUMNS FROM `p_product` [ RunTime:0.0152s ]
SQL: SELECT * FROM `p_orderlog` WHERE `userid` = 6 AND `type` = 1 AND `states` = 2  [ RunTime:0.0019s ]
SQL: SELECT * FROM `p_product` WHERE `id` = 4  [ RunTime:0.0012s ]
SQL: INSERT INTO `p_orderlog` (`userid`,`productid`,`productname`,`type`,`states`,`orderid`,`addtime`,`prices`,`pic`,`land`,`output`) VALUES ('2','4','萝卜','3','3','6','2017-06-06 22:06:51','0','/register/Public/Uploads/2017-06-03/593213e813403.gif','0','2') [ RunTime:0.0012s ]

[ 2017-06-06T22:07:56+08:00 ] 127.0.0.1 /register/index.php/Home/Index/friendstouqu?uid=2&friendid=6
INFO: [ app_init ] --START--
INFO: Run Behavior\BuildLiteBehavior [ RunTime:0.000046s ]
INFO: [ app_init ] --END-- [ RunTime:0.001175s ]
INFO: [ app_begin ] --START--
INFO: Run Behavior\ReadHtmlCacheBehavior [ RunTime:0.000762s ]
INFO: [ app_begin ] --END-- [ RunTime:0.000865s ]
SQL: SHOW COLUMNS FROM `p_menber` [ RunTime:0.0141s ]
SQL: SELECT * FROM `p_menber` WHERE `uid` = 1  [ RunTime:0.0019s ]
SQL: SHOW COLUMNS FROM `p_orderlog` [ RunTime:0.0145s ]
SQL: SHOW COLUMNS FROM `p_product` [ RunTime:0.0144s ]
SQL: SELECT * FROM `p_orderlog` WHERE `userid` = 6 AND `type` = 1 AND `states` = 2  [ RunTime:0.0014s ]
SQL: SELECT * FROM `p_product` WHERE `id` = 4  [ RunTime:0.0015s ]
SQL: INSERT INTO `p_orderlog` (`userid`,`productid`,`productname`,`productmoney`,`num`,`life`,`type`,`states`,`orderid`,`addtime`,`prices`,`pic`,`land`,`output`) VALUES ('2','4','萝卜','0','0','0','3','3','6','2017-06-06 22:07:56','0','/register/Public/Uploads/2017-06-03/593213e813403.gif','0','2') [ RunTime:0.0011s ]

[ 2017-06-06T22:07:59+08:00 ] 127.0.0.1 /register/index.php/Home/Index/isgeted?uid=2&friendid=6
INFO: [ app_init ] --START--
INFO: Run Behavior\BuildLiteBehavior [ RunTime:0.000021s ]
INFO: [ app_init ] --END-- [ RunTime:0.000647s ]
INFO: [ app_begin ] --START--
INFO: Run Behavior\ReadHtmlCacheBehavior [ RunTime:0.001008s ]
INFO: [ app_begin ] --END-- [ RunTime:0.001121s ]
SQL: SHOW COLUMNS FROM `p_menber` [ RunTime:0.0141s ]
SQL: SELECT * FROM `p_menber` WHERE `uid` = 1  [ RunTime:0.0017s ]
SQL: SHOW COLUMNS FROM `p_orderlog` [ RunTime:0.0135s ]
SQL: SELECT * FROM `p_orderlog` WHERE `addtime` LIKE '%2017-06-06%' AND `type` = 3 AND `states` = 3 AND `land` = 0 AND `prices` = 0  [ RunTime:0.0018s ]

[ 2017-06-06T22:09:37+08:00 ] 127.0.0.1 /register/index.php/Home/Index/isgeted?uid=2&friendid=6
INFO: [ app_init ] --START--
INFO: Run Behavior\BuildLiteBehavior [ RunTime:0.000030s ]
INFO: [ app_init ] --END-- [ RunTime:0.001128s ]
INFO: [ app_begin ] --START--
INFO: Run Behavior\ReadHtmlCacheBehavior [ RunTime:0.001176s ]
INFO: [ app_begin ] --END-- [ RunTime:0.001283s ]
SQL: SHOW COLUMNS FROM `p_menber` [ RunTime:0.0125s ]
SQL: SELECT * FROM `p_menber` WHERE `uid` = 1  [ RunTime:0.0016s ]
SQL: SHOW COLUMNS FROM `p_orderlog` [ RunTime:0.0116s ]
SQL: SELECT * FROM `p_orderlog` WHERE `addtime` LIKE '%2017-06-06%' AND `type` = 3 AND `states` = 3 AND `land` = 0 AND `prices` = 0 AND `userid` = 2  [ RunTime:0.0016s ]

[ 2017-06-06T22:11:16+08:00 ] 127.0.0.1 /register/index.php/Home/Index/isgeted?uid=2&friendid=6
INFO: [ app_init ] --START--
INFO: Run Behavior\BuildLiteBehavior [ RunTime:0.000023s ]
INFO: [ app_init ] --END-- [ RunTime:0.000673s ]
INFO: [ app_begin ] --START--
INFO: Run Behavior\ReadHtmlCacheBehavior [ RunTime:0.000762s ]
INFO: [ app_begin ] --END-- [ RunTime:0.000846s ]
SQL: SHOW COLUMNS FROM `p_menber` [ RunTime:0.0121s ]
SQL: SELECT * FROM `p_menber` WHERE `uid` = 1  [ RunTime:0.0016s ]
SQL: SHOW COLUMNS FROM `p_orderlog` [ RunTime:0.0153s ]
SQL: SELECT * FROM `p_orderlog` WHERE `addtime` LIKE '%2017-06-06%' AND `type` = 3 AND `states` = 3 AND `land` = 0 AND `prices` = 0 AND `userid` = 2 AND `productid` = 4  [ RunTime:0.0014s ]

[ 2017-06-06T22:12:17+08:00 ] 127.0.0.1 /register/index.php/Home/Index/isgeted?uid=2&friendid=6
INFO: [ app_init ] --START--
INFO: Run Behavior\BuildLiteBehavior [ RunTime:0.000022s ]
INFO: [ app_init ] --END-- [ RunTime:0.000969s ]
INFO: [ app_begin ] --START--
INFO: Run Behavior\ReadHtmlCacheBehavior [ RunTime:0.001256s ]
INFO: [ app_begin ] --END-- [ RunTime:0.001341s ]
SQL: SHOW COLUMNS FROM `p_menber` [ RunTime:0.0131s ]
SQL: SELECT * FROM `p_menber` WHERE `uid` = 1  [ RunTime:0.0026s ]
SQL: SHOW COLUMNS FROM `p_orderlog` [ RunTime:0.0120s ]
SQL: SELECT * FROM `p_orderlog` WHERE `addtime` LIKE '%2017-06-06%' AND `type` = 3 AND `states` = 3 AND `land` = 0 AND `prices` = 0 AND `userid` = 2 AND `productid` = 4  [ RunTime:0.0019s ]
INFO: [ app_end ] --START--
INFO: Run Behavior\ShowPageTraceBehavior [ RunTime:0.001127s ]
INFO: [ app_end ] --END-- [ RunTime:0.001203s ]

[ 2017-06-06T22:12:30+08:00 ] 127.0.0.1 /register/index.php/Home/Index/isgeted?uid=2&friendid=6
INFO: [ app_init ] --START--
INFO: Run Behavior\BuildLiteBehavior [ RunTime:0.000032s ]
INFO: [ app_init ] --END-- [ RunTime:0.000914s ]
INFO: [ app_begin ] --START--
INFO: Run Behavior\ReadHtmlCacheBehavior [ RunTime:0.000869s ]
INFO: [ app_begin ] --END-- [ RunTime:0.000963s ]
SQL: SHOW COLUMNS FROM `p_menber` [ RunTime:0.0111s ]
SQL: SELECT * FROM `p_menber` WHERE `uid` = 1  [ RunTime:0.0013s ]
SQL: SHOW COLUMNS FROM `p_orderlog` [ RunTime:0.0131s ]
SQL: SELECT * FROM `p_orderlog` WHERE `addtime` LIKE '%2017-06-06%' AND `type` = 3 AND `states` = 3 AND `land` = 0 AND `prices` = 0 AND `userid` = 2 AND `productid` = 4  [ RunTime:0.0012s ]
INFO: [ app_end ] --START--
INFO: Run Behavior\ShowPageTraceBehavior [ RunTime:0.000992s ]
INFO: [ app_end ] --END-- [ RunTime:0.001087s ]

[ 2017-06-06T22:12:34+08:00 ] 127.0.0.1 /register/index.php/Home/Index/isgeted?uid=2&friendid=6
INFO: [ app_init ] --START--
INFO: Run Behavior\BuildLiteBehavior [ RunTime:0.000020s ]
INFO: [ app_init ] --END-- [ RunTime:0.000628s ]
INFO: [ app_begin ] --START--
INFO: Run Behavior\ReadHtmlCacheBehavior [ RunTime:0.000734s ]
INFO: [ app_begin ] --END-- [ RunTime:0.000812s ]
SQL: SHOW COLUMNS FROM `p_menber` [ RunTime:0.0108s ]
SQL: SELECT * FROM `p_menber` WHERE `uid` = 1  [ RunTime:0.0008s ]
SQL: SHOW COLUMNS FROM `p_orderlog` [ RunTime:0.0137s ]
SQL: SELECT * FROM `p_orderlog` WHERE `addtime` LIKE '%2017-06-06%' AND `type` = 3 AND `states` = 3 AND `land` = 0 AND `prices` = 0 AND `userid` = 2 AND `productid` = 4  [ RunTime:0.0011s ]
INFO: [ app_end ] --START--
INFO: Run Behavior\ShowPageTraceBehavior [ RunTime:0.001100s ]
INFO: [ app_end ] --END-- [ RunTime:0.001176s ]

[ 2017-06-06T23:07:42+08:00 ] 127.0.0.1 /register/index.php/Home/Index/dealseed?uid=2&friendid=6
INFO: [ app_init ] --START--
INFO: Run Behavior\BuildLiteBehavior [ RunTime:0.000022s ]
INFO: [ app_init ] --END-- [ RunTime:0.000851s ]
INFO: [ app_begin ] --START--
INFO: Run Behavior\ReadHtmlCacheBehavior [ RunTime:0.001273s ]
INFO: [ app_begin ] --END-- [ RunTime:0.001387s ]
SQL: SHOW COLUMNS FROM `p_menber` [ RunTime:0.0130s ]
SQL: SELECT * FROM `p_menber` WHERE `uid` = 1  [ RunTime:0.0013s ]
NOTIC: [8] Undefined index: land D:\WWW\dev\register\Application\Home\Controller\IndexController.class.php 第 212 行.
NOTIC: [8] Undefined index: seed D:\WWW\dev\register\Application\Home\Controller\IndexController.class.php 第 213 行.
NOTIC: [8] Undefined index: userid D:\WWW\dev\register\Application\Home\Controller\IndexController.class.php 第 214 行.
SQL: SHOW COLUMNS FROM `p_orderlog` [ RunTime:0.0150s ]
SQL: SHOW COLUMNS FROM `p_product` [ RunTime:0.0137s ]
SQL: SELECT * FROM `p_orderlog` WHERE `userid` = 6 AND `type` = 3 AND `states` = 0 AND `land` = 1  [ RunTime:0.0017s ]
NOTIC: [8] Undefined offset: 0 D:\WWW\dev\register\Application\Home\Controller\IndexController.class.php 第 223 行.
SQL: SELECT * FROM `p_product` WHERE `id` = 4  [ RunTime:0.0015s ]

[ 2017-06-06T23:09:33+08:00 ] 127.0.0.1 /register/index.php/Home/Index/dealseed?uid=2&friendid=6
INFO: [ app_init ] --START--
INFO: Run Behavior\BuildLiteBehavior [ RunTime:0.000022s ]
INFO: [ app_init ] --END-- [ RunTime:0.000649s ]
INFO: [ app_begin ] --START--
INFO: Run Behavior\ReadHtmlCacheBehavior [ RunTime:0.000759s ]
INFO: [ app_begin ] --END-- [ RunTime:0.000840s ]
SQL: SHOW COLUMNS FROM `p_menber` [ RunTime:0.0119s ]
SQL: SELECT * FROM `p_menber` WHERE `uid` = 1  [ RunTime:0.0017s ]
NOTIC: [8] Undefined index: land D:\WWW\dev\register\Application\Home\Controller\IndexController.class.php 第 212 行.
NOTIC: [8] Undefined index: seed D:\WWW\dev\register\Application\Home\Controller\IndexController.class.php 第 213 行.
NOTIC: [8] Undefined index: userid D:\WWW\dev\register\Application\Home\Controller\IndexController.class.php 第 214 行.
SQL: SHOW COLUMNS FROM `p_orderlog` [ RunTime:0.0133s ]
SQL: SHOW COLUMNS FROM `p_product` [ RunTime:0.0116s ]
SQL: SELECT * FROM `p_orderlog` WHERE `userid` = 6 AND `type` = 3 AND `states` = 0 AND `land` = 1  [ RunTime:0.0018s ]
NOTIC: [8] Undefined offset: 0 D:\WWW\dev\register\Application\Home\Controller\IndexController.class.php 第 223 行.
SQL: SELECT * FROM `p_product` WHERE `id` = 4  [ RunTime:0.0014s ]
NOTIC: [8] Undefined index: $needs D:\WWW\dev\register\Application\Home\Controller\IndexController.class.php 第 228 行.
SQL: SELECT * FROM `p_orderlog` WHERE `userid` = 6 AND `productid` = 4 AND `type` = 1 AND `states` = 0 AND `land` = 0  [ RunTime:0.0013s ]

[ 2017-06-06T23:15:35+08:00 ] 127.0.0.1 /register/index.php/Home/Index/dealseed?uid=2&friendid=6
INFO: [ app_init ] --START--
INFO: Run Behavior\BuildLiteBehavior [ RunTime:0.000024s ]
INFO: [ app_init ] --END-- [ RunTime:0.000862s ]
INFO: [ app_begin ] --START--
INFO: Run Behavior\ReadHtmlCacheBehavior [ RunTime:0.001336s ]
INFO: [ app_begin ] --END-- [ RunTime:0.001522s ]

[ 2017-06-06T23:15:44+08:00 ] 127.0.0.1 /register/index.php/Home/Index/dealseed?uid=2&friendid=6
INFO: [ app_init ] --START--
INFO: Run Behavior\BuildLiteBehavior [ RunTime:0.000022s ]
INFO: [ app_init ] --END-- [ RunTime:0.000637s ]
INFO: [ app_begin ] --START--
INFO: Run Behavior\ReadHtmlCacheBehavior [ RunTime:0.000759s ]
INFO: [ app_begin ] --END-- [ RunTime:0.000842s ]
SQL: SHOW COLUMNS FROM `p_menber` [ RunTime:0.0133s ]
SQL: SELECT * FROM `p_menber` WHERE `uid` = 1  [ RunTime:0.0029s ]
NOTIC: [8] Undefined index: land D:\WWW\dev\register\Application\Home\Controller\IndexController.class.php 第 212 行.
NOTIC: [8] Undefined index: seed D:\WWW\dev\register\Application\Home\Controller\IndexController.class.php 第 213 行.
NOTIC: [8] Undefined index: userid D:\WWW\dev\register\Application\Home\Controller\IndexController.class.php 第 214 行.
SQL: SHOW COLUMNS FROM `p_orderlog` [ RunTime:0.0127s ]
SQL: SHOW COLUMNS FROM `p_product` [ RunTime:0.0120s ]
SQL: SELECT * FROM `p_orderlog` WHERE `userid` = 6 AND `type` = 3 AND `states` = 0 AND `land` = 1  [ RunTime:0.0023s ]
NOTIC: [8] Undefined offset: 0 D:\WWW\dev\register\Application\Home\Controller\IndexController.class.php 第 223 行.
SQL: SELECT * FROM `p_product` WHERE `id` = 4  [ RunTime:0.0027s ]
NOTIC: [8] Undefined index: $needs D:\WWW\dev\register\Application\Home\Controller\IndexController.class.php 第 228 行.

[ 2017-06-06T23:16:20+08:00 ] 127.0.0.1 /register/index.php/Home/Index/dealseed?uid=2&friendid=6
INFO: [ app_init ] --START--
INFO: Run Behavior\BuildLiteBehavior [ RunTime:0.000037s ]
INFO: [ app_init ] --END-- [ RunTime:0.000762s ]
INFO: [ app_begin ] --START--
INFO: Run Behavior\ReadHtmlCacheBehavior [ RunTime:0.000759s ]
INFO: [ app_begin ] --END-- [ RunTime:0.000842s ]
SQL: SHOW COLUMNS FROM `p_menber` [ RunTime:0.0153s ]
SQL: SELECT * FROM `p_menber` WHERE `uid` = 1  [ RunTime:0.0025s ]
NOTIC: [8] Undefined index: land D:\WWW\dev\register\Application\Home\Controller\IndexController.class.php 第 212 行.
NOTIC: [8] Undefined index: seed D:\WWW\dev\register\Application\Home\Controller\IndexController.class.php 第 213 行.
NOTIC: [8] Undefined index: userid D:\WWW\dev\register\Application\Home\Controller\IndexController.class.php 第 214 行.
SQL: SHOW COLUMNS FROM `p_orderlog` [ RunTime:0.0139s ]
SQL: SHOW COLUMNS FROM `p_product` [ RunTime:0.0154s ]
SQL: SELECT * FROM `p_orderlog` WHERE `userid` = 6 AND `type` = 3 AND `states` = 0 AND `land` = 1  [ RunTime:0.0024s ]
NOTIC: [8] Undefined offset: 0 D:\WWW\dev\register\Application\Home\Controller\IndexController.class.php 第 223 行.
SQL: SELECT * FROM `p_product` WHERE `id` = 4  [ RunTime:0.0028s ]

[ 2017-06-06T23:17:04+08:00 ] 127.0.0.1 /register/index.php/Home/Index/dealseed?uid=2&friendid=6
INFO: [ app_init ] --START--
INFO: Run Behavior\BuildLiteBehavior [ RunTime:0.000027s ]
INFO: [ app_init ] --END-- [ RunTime:0.001007s ]
INFO: [ app_begin ] --START--
INFO: Run Behavior\ReadHtmlCacheBehavior [ RunTime:0.000895s ]
INFO: [ app_begin ] --END-- [ RunTime:0.001009s ]
SQL: SHOW COLUMNS FROM `p_menber` [ RunTime:0.0139s ]
SQL: SELECT * FROM `p_menber` WHERE `uid` = 1  [ RunTime:0.0014s ]
NOTIC: [8] Undefined index: land D:\WWW\dev\register\Application\Home\Controller\IndexController.class.php 第 212 行.
NOTIC: [8] Undefined index: seed D:\WWW\dev\register\Application\Home\Controller\IndexController.class.php 第 213 行.
NOTIC: [8] Undefined index: userid D:\WWW\dev\register\Application\Home\Controller\IndexController.class.php 第 214 行.
SQL: SHOW COLUMNS FROM `p_orderlog` [ RunTime:0.0172s ]
SQL: SHOW COLUMNS FROM `p_product` [ RunTime:0.0295s ]
SQL: SELECT * FROM `p_orderlog` WHERE `userid` = 6 AND `type` = 3 AND `states` = 0 AND `land` = 1  [ RunTime:0.0026s ]
NOTIC: [8] Undefined offset: 0 D:\WWW\dev\register\Application\Home\Controller\IndexController.class.php 第 223 行.
SQL: SELECT * FROM `p_product` WHERE `id` = 4  [ RunTime:0.0017s ]
SQL: SELECT * FROM `p_orderlog` WHERE `userid` = 6 AND `productid` = 4 AND `type` = 1 AND `states` = 0 AND `land` = 0  [ RunTime:0.0015s ]

[ 2017-06-06T23:19:05+08:00 ] 127.0.0.1 /register/index.php/Home/Index/dealseed?uid=2&friendid=6
INFO: [ app_init ] --START--
INFO: Run Behavior\BuildLiteBehavior [ RunTime:0.000022s ]
INFO: [ app_init ] --END-- [ RunTime:0.000885s ]
INFO: [ app_begin ] --START--
INFO: Run Behavior\ReadHtmlCacheBehavior [ RunTime:0.000958s ]
INFO: [ app_begin ] --END-- [ RunTime:0.001047s ]
SQL: SHOW COLUMNS FROM `p_menber` [ RunTime:0.0126s ]
SQL: SELECT * FROM `p_menber` WHERE `uid` = 1  [ RunTime:0.0012s ]
NOTIC: [8] Undefined index: land D:\WWW\dev\register\Application\Home\Controller\IndexController.class.php 第 212 行.
NOTIC: [8] Undefined index: seed D:\WWW\dev\register\Application\Home\Controller\IndexController.class.php 第 213 行.
NOTIC: [8] Undefined index: userid D:\WWW\dev\register\Application\Home\Controller\IndexController.class.php 第 214 行.
SQL: SHOW COLUMNS FROM `p_orderlog` [ RunTime:0.0114s ]
SQL: SHOW COLUMNS FROM `p_product` [ RunTime:0.0129s ]
SQL: SELECT * FROM `p_orderlog` WHERE `userid` = 6 AND `type` = 3 AND `states` = 0 AND `land` = 1  [ RunTime:0.0021s ]
NOTIC: [8] Undefined offset: 0 D:\WWW\dev\register\Application\Home\Controller\IndexController.class.php 第 223 行.
SQL: SELECT * FROM `p_product` WHERE `id` = 4  [ RunTime:0.0013s ]
SQL: SELECT * FROM `p_orderlog` WHERE `userid` = 6 AND `productid` = 4 AND `type` = 1 AND `states` = 0 AND `land` = 0  [ RunTime:0.0009s ]

