[ 2017-06-16T22:33:49+08:00 ] 127.0.0.1 /register/index.php/Home/
INFO: [ app_init ] --START--
INFO: Run Behavior\BuildLiteBehavior [ RunTime:0.000047s ]
INFO: [ app_init ] --END-- [ RunTime:0.026382s ]
INFO: [ app_begin ] --START--
INFO: Run Behavior\ReadHtmlCacheBehavior [ RunTime:0.012012s ]
INFO: [ app_begin ] --END-- [ RunTime:0.012142s ]
NOTIC: [8] Undefined index: name D:\WWW\dev\register\Application\Home\Controller\CommonController.class.php 第 8 行.

[ 2017-06-16T22:33:52+08:00 ] 127.0.0.1 /register/index.php/Home/Login/login
INFO: [ app_init ] --START--
INFO: Run Behavior\BuildLiteBehavior [ RunTime:0.000035s ]
INFO: [ app_init ] --END-- [ RunTime:0.001078s ]
INFO: [ app_begin ] --START--
INFO: Run Behavior\ReadHtmlCacheBehavior [ RunTime:0.000924s ]
INFO: [ app_begin ] --END-- [ RunTime:0.001021s ]
NOTIC: [8] A session had already been started - ignoring session_start() D:\WWW\dev\register\Application\Home\Controller\LoginController.class.php 第 8 行.
INFO: [ view_parse ] --START--
INFO: [ template_filter ] --START--
INFO: Run Behavior\ContentReplaceBehavior [ RunTime:0.013617s ]
INFO: [ template_filter ] --END-- [ RunTime:0.013728s ]
INFO: Run Behavior\ParseTemplateBehavior [ RunTime:0.147279s ]
INFO: [ view_parse ] --END-- [ RunTime:0.147414s ]
INFO: [ view_filter ] --START--
INFO: Run Behavior\WriteHtmlCacheBehavior [ RunTime:0.016028s ]
INFO: [ view_filter ] --END-- [ RunTime:0.016112s ]
INFO: [ app_end ] --START--
INFO: Run Behavior\ShowPageTraceBehavior [ RunTime:0.005709s ]
INFO: [ app_end ] --END-- [ RunTime:0.005788s ]

[ 2017-06-16T22:34:42+08:00 ] 127.0.0.1 /register/index.php/Home/Login/login
INFO: [ app_init ] --START--
INFO: Run Behavior\BuildLiteBehavior [ RunTime:0.000021s ]
INFO: [ app_init ] --END-- [ RunTime:0.000625s ]
INFO: [ app_begin ] --START--
INFO: Run Behavior\ReadHtmlCacheBehavior [ RunTime:0.000740s ]
INFO: [ app_begin ] --END-- [ RunTime:0.000819s ]
NOTIC: [8] A session had already been started - ignoring session_start() D:\WWW\dev\register\Application\Home\Controller\LoginController.class.php 第 8 行.
SQL: SHOW COLUMNS FROM `p_menber` [ RunTime:0.0635s ]
SQL: SELECT * FROM `p_menber` WHERE `name` = '18883287666' AND `pwd` = '123'  [ RunTime:0.0189s ]
INFO: [ view_parse ] --START--
INFO: [ template_filter ] --START--
INFO: Run Behavior\ContentReplaceBehavior [ RunTime:0.000163s ]
INFO: [ template_filter ] --END-- [ RunTime:0.000252s ]
INFO: Run Behavior\ParseTemplateBehavior [ RunTime:0.010951s ]
INFO: [ view_parse ] --END-- [ RunTime:0.011069s ]
INFO: [ view_filter ] --START--
INFO: Run Behavior\WriteHtmlCacheBehavior [ RunTime:0.000479s ]
INFO: [ view_filter ] --END-- [ RunTime:0.000545s ]
INFO: [ app_end ] --START--
INFO: Run Behavior\ShowPageTraceBehavior [ RunTime:0.000791s ]
INFO: [ app_end ] --END-- [ RunTime:0.000858s ]

[ 2017-06-16T22:34:43+08:00 ] 127.0.0.1 /register/index.php/Home/Index/index
INFO: [ app_init ] --START--
INFO: Run Behavior\BuildLiteBehavior [ RunTime:0.000033s ]
INFO: [ app_init ] --END-- [ RunTime:0.001106s ]
INFO: [ app_begin ] --START--
INFO: Run Behavior\ReadHtmlCacheBehavior [ RunTime:0.001098s ]
INFO: [ app_begin ] --END-- [ RunTime:0.001220s ]
SQL: SHOW COLUMNS FROM `p_menber` [ RunTime:0.0157s ]
SQL: SELECT * FROM `p_menber` WHERE `uid` = 9  [ RunTime:0.0027s ]
SQL: SHOW COLUMNS FROM `p_product` [ RunTime:0.1839s ]
SQL: SHOW COLUMNS FROM `p_orderlog` [ RunTime:0.0521s ]
NOTIC: [8] Undefined index: productguoshi D:\WWW\dev\register\Application\Home\Controller\IndexController.class.php 第 23 行.
NOTIC: [8] Undefined index: shangdian D:\WWW\dev\register\Application\Home\Controller\IndexController.class.php 第 104 行.
SQL: SELECT * FROM `p_product` WHERE `type` IN ('1','2','3') ORDER BY id asc  [ RunTime:0.0218s ]
SQL: SELECT SUM(num) AS tp_sum FROM `p_orderlog` WHERE `productid` = 1 AND `type` = 2 AND `states` = 0 AND `userid` = 9 LIMIT 1   [ RunTime:0.0284s ]
SQL: SELECT SUM(num) AS tp_sum FROM `p_orderlog` WHERE `productid` = 2 AND `type` = 1 AND `states` = 0 AND `userid` = 9 LIMIT 1   [ RunTime:0.0018s ]
SQL: SELECT SUM(num) AS tp_sum FROM `p_orderlog` WHERE `productid` = 3 AND `type` = 1 AND `states` = 0 AND `userid` = 9 LIMIT 1   [ RunTime:0.0021s ]
SQL: SELECT SUM(num) AS tp_sum FROM `p_orderlog` WHERE `productid` = 4 AND `type` = 1 AND `states` = 0 AND `userid` = 9 LIMIT 1   [ RunTime:0.0013s ]
SQL: SELECT SUM(num) AS tp_sum FROM `p_orderlog` WHERE `productid` = 5 AND `type` = 1 AND `states` = 0 AND `userid` = 9 LIMIT 1   [ RunTime:0.0015s ]
SQL: SELECT SUM(num) AS tp_sum FROM `p_orderlog` WHERE `productid` = 6 AND `type` = 1 AND `states` = 0 AND `userid` = 9 LIMIT 1   [ RunTime:0.0015s ]
SQL: SELECT SUM(num) AS tp_sum FROM `p_orderlog` WHERE `productid` = 7 AND `type` = 1 AND `states` = 0 AND `userid` = 9 LIMIT 1   [ RunTime:0.0017s ]
SQL: SELECT SUM(num) AS tp_sum FROM `p_orderlog` WHERE `productid` = 8 AND `type` = 2 AND `states` = 0 AND `userid` = 9 LIMIT 1   [ RunTime:0.0030s ]
SQL: SELECT SUM(num) AS tp_sum FROM `p_orderlog` WHERE `productid` = 81 AND `type` = 2 AND `states` = 0 AND `userid` = 9 LIMIT 1   [ RunTime:0.0017s ]
SQL: SELECT SUM(num) AS tp_sum FROM `p_orderlog` WHERE `productid` = 82 AND `type` = 2 AND `states` = 0 AND `userid` = 9 LIMIT 1   [ RunTime:0.0017s ]
SQL: SELECT SUM(num) AS tp_sum FROM `p_orderlog` WHERE `productid` = 83 AND `type` = 2 AND `states` = 0 AND `userid` = 9 LIMIT 1   [ RunTime:0.0016s ]
SQL: SELECT SUM(num) AS tp_sum FROM `p_orderlog` WHERE `productid` = 84 AND `type` = 2 AND `states` = 0 AND `userid` = 9 LIMIT 1   [ RunTime:0.0015s ]
SQL: SELECT SUM(num) AS tp_sum FROM `p_orderlog` WHERE `productid` = 85 AND `type` = 2 AND `states` = 0 AND `userid` = 9 LIMIT 1   [ RunTime:0.0015s ]
SQL: SELECT SUM(num) AS tp_sum FROM `p_orderlog` WHERE `productid` = 86 AND `type` = 3 AND `states` = 3 AND `userid` = 9 LIMIT 1   [ RunTime:0.0017s ]
SQL: SELECT SUM(num) AS tp_sum FROM `p_orderlog` WHERE `productid` = 87 AND `type` = 3 AND `states` = 3 AND `userid` = 9 LIMIT 1   [ RunTime:0.0016s ]
SQL: SELECT SUM(num) AS tp_sum FROM `p_orderlog` WHERE `productid` = 88 AND `type` = 3 AND `states` = 3 AND `userid` = 9 LIMIT 1   [ RunTime:0.0019s ]
SQL: SELECT SUM(num) AS tp_sum FROM `p_orderlog` WHERE `productid` = 89 AND `type` = 3 AND `states` = 3 AND `userid` = 9 LIMIT 1   [ RunTime:0.0021s ]
SQL: SELECT SUM(num) AS tp_sum FROM `p_orderlog` WHERE `productid` = 90 AND `type` = 3 AND `states` = 3 AND `userid` = 9 LIMIT 1   [ RunTime:0.0017s ]
SQL: SELECT SUM(num) AS tp_sum FROM `p_orderlog` WHERE `productid` = 91 AND `type` = 3 AND `states` = 3 AND `userid` = 9 LIMIT 1   [ RunTime:0.0016s ]
SQL: SELECT * FROM `p_orderlog` WHERE `type` = 3 AND (  states IN (1,2) ) AND `land` = 1 AND `num` = 1 AND `userid` = 9  [ RunTime:0.0030s ]
SQL: SELECT * FROM `p_orderlog` WHERE `type` = 3 AND (  states IN (1,2) ) AND `land` = 2 AND `num` = 1 AND `userid` = 9 AND (  states IN (1,2) )  [ RunTime:0.0013s ]
NOTIC: [8] Undefined offset: 0 D:\WWW\dev\register\Application\Home\Controller\IndexController.class.php 第 202 行.
SQL: SELECT * FROM `p_orderlog` WHERE `type` = 3 AND (  states IN (1,2) ) AND `land` = 3 AND `num` = 1 AND `userid` = 9 AND (  states IN (1,2) ) AND (  states IN (1,2) )  [ RunTime:0.0032s ]
SQL: SELECT * FROM `p_orderlog` WHERE `type` = 3 AND (  states IN (1,2) ) AND `land` = 4 AND `num` = 1 AND `userid` = 9 AND (  states IN (1,2) ) AND (  states IN (1,2) ) AND (  states IN (1,2) )  [ RunTime:0.0017s ]
NOTIC: [8] Undefined offset: 0 D:\WWW\dev\register\Application\Home\Controller\IndexController.class.php 第 202 行.
SQL: SELECT * FROM `p_orderlog` WHERE `type` = 3 AND (  states IN (1,2) ) AND `land` = 5 AND `num` = 1 AND `userid` = 9 AND (  states IN (1,2) ) AND (  states IN (1,2) ) AND (  states IN (1,2) ) AND (  states IN (1,2) )  [ RunTime:0.0023s ]
SQL: SELECT * FROM `p_orderlog` WHERE `type` = 3 AND (  states IN (1,2) ) AND `land` = 6 AND `num` = 1 AND `userid` = 9 AND (  states IN (1,2) ) AND (  states IN (1,2) ) AND (  states IN (1,2) ) AND (  states IN (1,2) ) AND (  states IN (1,2) )  [ RunTime:0.0030s ]
SQL: SELECT * FROM `p_orderlog` WHERE `type` = 3 AND (  states IN (1,2) ) AND `land` = 7 AND `num` = 1 AND `userid` = 9 AND (  states IN (1,2) ) AND (  states IN (1,2) ) AND (  states IN (1,2) ) AND (  states IN (1,2) ) AND (  states IN (1,2) ) AND (  states IN (1,2) )  [ RunTime:0.0036s ]
SQL: SELECT * FROM `p_orderlog` WHERE `type` = 3 AND (  states IN (1,2) ) AND `land` = 8 AND `num` = 1 AND `userid` = 9 AND (  states IN (1,2) ) AND (  states IN (1,2) ) AND (  states IN (1,2) ) AND (  states IN (1,2) ) AND (  states IN (1,2) ) AND (  states IN (1,2) ) AND (  states IN (1,2) )  [ RunTime:0.0034s ]
SQL: SELECT * FROM `p_orderlog` WHERE `type` = 3 AND (  states IN (1,2) ) AND `land` = 9 AND `num` = 1 AND `userid` = 9 AND (  states IN (1,2) ) AND (  states IN (1,2) ) AND (  states IN (1,2) ) AND (  states IN (1,2) ) AND (  states IN (1,2) ) AND (  states IN (1,2) ) AND (  states IN (1,2) ) AND (  states IN (1,2) )  [ RunTime:0.0028s ]
SQL: SELECT * FROM `p_orderlog` WHERE `type` = 3 AND (  states IN (1,2) ) AND `land` = 10 AND `num` = 1 AND `userid` = 9 AND (  states IN (1,2) ) AND (  states IN (1,2) ) AND (  states IN (1,2) ) AND (  states IN (1,2) ) AND (  states IN (1,2) ) AND (  states IN (1,2) ) AND (  states IN (1,2) ) AND (  states IN (1,2) ) AND (  states IN (1,2) )  [ RunTime:0.0014s ]
NOTIC: [8] Undefined offset: 0 D:\WWW\dev\register\Application\Home\Controller\IndexController.class.php 第 202 行.
SQL: SELECT * FROM `p_orderlog` WHERE `type` = 3 AND (  states IN (1,2) ) AND `land` = 11 AND `num` = 1 AND `userid` = 9 AND (  states IN (1,2) ) AND (  states IN (1,2) ) AND (  states IN (1,2) ) AND (  states IN (1,2) ) AND (  states IN (1,2) ) AND (  states IN (1,2) ) AND (  states IN (1,2) ) AND (  states IN (1,2) ) AND (  states IN (1,2) ) AND (  states IN (1,2) )  [ RunTime:0.0016s ]
NOTIC: [8] Undefined offset: 0 D:\WWW\dev\register\Application\Home\Controller\IndexController.class.php 第 202 行.
SQL: SELECT * FROM `p_orderlog` WHERE `type` = 3 AND (  states IN (1,2) ) AND `land` = 12 AND `num` = 1 AND `userid` = 9 AND (  states IN (1,2) ) AND (  states IN (1,2) ) AND (  states IN (1,2) ) AND (  states IN (1,2) ) AND (  states IN (1,2) ) AND (  states IN (1,2) ) AND (  states IN (1,2) ) AND (  states IN (1,2) ) AND (  states IN (1,2) ) AND (  states IN (1,2) ) AND (  states IN (1,2) )  [ RunTime:0.0015s ]
NOTIC: [8] Undefined offset: 0 D:\WWW\dev\register\Application\Home\Controller\IndexController.class.php 第 202 行.
SQL: SELECT * FROM `p_orderlog` WHERE `type` = 3 AND (  states IN (1,2) ) AND `land` = 13 AND `num` = 1 AND `userid` = 9 AND (  states IN (1,2) ) AND (  states IN (1,2) ) AND (  states IN (1,2) ) AND (  states IN (1,2) ) AND (  states IN (1,2) ) AND (  states IN (1,2) ) AND (  states IN (1,2) ) AND (  states IN (1,2) ) AND (  states IN (1,2) ) AND (  states IN (1,2) ) AND (  states IN (1,2) ) AND (  states IN (1,2) )  [ RunTime:0.0015s ]
NOTIC: [8] Undefined offset: 0 D:\WWW\dev\register\Application\Home\Controller\IndexController.class.php 第 202 行.
SQL: SELECT * FROM `p_orderlog` WHERE `type` = 3 AND (  states IN (1,2) ) AND `land` = 14 AND `num` = 1 AND `userid` = 9 AND (  states IN (1,2) ) AND (  states IN (1,2) ) AND (  states IN (1,2) ) AND (  states IN (1,2) ) AND (  states IN (1,2) ) AND (  states IN (1,2) ) AND (  states IN (1,2) ) AND (  states IN (1,2) ) AND (  states IN (1,2) ) AND (  states IN (1,2) ) AND (  states IN (1,2) ) AND (  states IN (1,2) ) AND (  states IN (1,2) )  [ RunTime:0.0024s ]
SQL: SELECT * FROM `p_orderlog` WHERE `type` = 3 AND (  states IN (1,2) ) AND `land` = 15 AND `num` = 1 AND `userid` = 9 AND (  states IN (1,2) ) AND (  states IN (1,2) ) AND (  states IN (1,2) ) AND (  states IN (1,2) ) AND (  states IN (1,2) ) AND (  states IN (1,2) ) AND (  states IN (1,2) ) AND (  states IN (1,2) ) AND (  states IN (1,2) ) AND (  states IN (1,2) ) AND (  states IN (1,2) ) AND (  states IN (1,2) ) AND (  states IN (1,2) ) AND (  states IN (1,2) )  [ RunTime:0.0013s ]
NOTIC: [8] Undefined offset: 0 D:\WWW\dev\register\Application\Home\Controller\IndexController.class.php 第 202 行.
SQL: SELECT SUM(num) AS tp_sum FROM `p_orderlog` WHERE `productid` = 8 AND `states` = 0 LIMIT 1   [ RunTime:0.0015s ]
INFO: [ view_parse ] --START--
INFO: [ template_filter ] --START--
INFO: Run Behavior\ContentReplaceBehavior [ RunTime:0.000401s ]
INFO: [ template_filter ] --END-- [ RunTime:0.000506s ]
INFO: Run Behavior\ParseTemplateBehavior [ RunTime:0.095647s ]
INFO: [ view_parse ] --END-- [ RunTime:0.095762s ]
INFO: [ view_filter ] --START--
INFO: Run Behavior\WriteHtmlCacheBehavior [ RunTime:0.000450s ]
INFO: [ view_filter ] --END-- [ RunTime:0.000521s ]
INFO: [ app_end ] --START--
INFO: Run Behavior\ShowPageTraceBehavior [ RunTime:0.000889s ]
INFO: [ app_end ] --END-- [ RunTime:0.000985s ]

[ 2017-06-16T22:34:55+08:00 ] 127.0.0.1 /register/index.php/Home/Index/collect?uid=9&_=1497623683457
INFO: [ app_init ] --START--
INFO: Run Behavior\BuildLiteBehavior [ RunTime:0.000021s ]
INFO: [ app_init ] --END-- [ RunTime:0.000612s ]
INFO: [ app_begin ] --START--
INFO: Run Behavior\ReadHtmlCacheBehavior [ RunTime:0.000722s ]
INFO: [ app_begin ] --END-- [ RunTime:0.000792s ]
SQL: SHOW COLUMNS FROM `p_menber` [ RunTime:0.0102s ]
SQL: SELECT * FROM `p_menber` WHERE `uid` = 9  [ RunTime:0.0008s ]
SQL: SHOW COLUMNS FROM `p_orderlog` [ RunTime:0.0104s ]
SQL: UPDATE `p_orderlog` SET `states`='3' WHERE `type` = 3 AND `states` = 2 AND `userid` = 9 [ RunTime:0.0015s ]
INFO: [ app_end ] --START--
INFO: Run Behavior\ShowPageTraceBehavior [ RunTime:0.000950s ]
INFO: [ app_end ] --END-- [ RunTime:0.001022s ]

[ 2017-06-16T22:44:47+08:00 ] 127.0.0.1 /register/index.php/Home/Index/collect?uid=9&_=1497623683457
INFO: [ app_init ] --START--
INFO: Run Behavior\BuildLiteBehavior [ RunTime:0.000027s ]
INFO: [ app_init ] --END-- [ RunTime:0.000784s ]
INFO: [ app_begin ] --START--
INFO: Run Behavior\ReadHtmlCacheBehavior [ RunTime:0.001100s ]
INFO: [ app_begin ] --END-- [ RunTime:0.001204s ]
SQL: SHOW COLUMNS FROM `p_menber` [ RunTime:0.0140s ]
SQL: SELECT * FROM `p_menber` WHERE `uid` = 9  [ RunTime:0.0017s ]
SQL: SHOW COLUMNS FROM `p_orderlog` [ RunTime:0.0132s ]
SQL: UPDATE `p_orderlog` SET `states`='3' WHERE `type` = 3 AND `states` = 2 AND `userid` = 9 [ RunTime:0.0020s ]
INFO: [ app_end ] --START--
INFO: Run Behavior\ShowPageTraceBehavior [ RunTime:0.001254s ]
INFO: [ app_end ] --END-- [ RunTime:0.001330s ]

