[ 2017-06-07T14:26:01+08:00 ] 127.0.0.1 /register/index.php/Home/
INFO: [ app_init ] --START--
INFO: Run Behavior\BuildLiteBehavior [ RunTime:0.000050s ]
INFO: [ app_init ] --END-- [ RunTime:0.003667s ]
INFO: [ app_begin ] --START--
INFO: Run Behavior\ReadHtmlCacheBehavior [ RunTime:0.001993s ]
INFO: [ app_begin ] --END-- [ RunTime:0.002206s ]
NOTIC: [8] Undefined index: name D:\WWW\dev\register\Application\Home\Controller\CommonController.class.php 第 8 行.

[ 2017-06-07T14:26:02+08:00 ] 127.0.0.1 /register/index.php/Home/Login/login
INFO: [ app_init ] --START--
INFO: Run Behavior\BuildLiteBehavior [ RunTime:0.000032s ]
INFO: [ app_init ] --END-- [ RunTime:0.001038s ]
INFO: [ app_begin ] --START--
INFO: Run Behavior\ReadHtmlCacheBehavior [ RunTime:0.001377s ]
INFO: [ app_begin ] --END-- [ RunTime:0.001528s ]
NOTIC: [8] A session had already been started - ignoring session_start() D:\WWW\dev\register\Application\Home\Controller\LoginController.class.php 第 8 行.
INFO: [ view_parse ] --START--
INFO: [ template_filter ] --START--
INFO: Run Behavior\ContentReplaceBehavior [ RunTime:0.001157s ]
INFO: [ template_filter ] --END-- [ RunTime:0.001277s ]
INFO: Run Behavior\ParseTemplateBehavior [ RunTime:0.067063s ]
INFO: [ view_parse ] --END-- [ RunTime:0.067182s ]
INFO: [ view_filter ] --START--
INFO: Run Behavior\WriteHtmlCacheBehavior [ RunTime:0.000706s ]
INFO: [ view_filter ] --END-- [ RunTime:0.000769s ]
INFO: [ app_end ] --START--
INFO: Run Behavior\ShowPageTraceBehavior [ RunTime:0.001162s ]
INFO: [ app_end ] --END-- [ RunTime:0.001252s ]

[ 2017-06-07T14:26:13+08:00 ] 127.0.0.1 /register/index.php/Home/Login/login
INFO: [ app_init ] --START--
INFO: Run Behavior\BuildLiteBehavior [ RunTime:0.000022s ]
INFO: [ app_init ] --END-- [ RunTime:0.000873s ]
INFO: [ app_begin ] --START--
INFO: Run Behavior\ReadHtmlCacheBehavior [ RunTime:0.001123s ]
INFO: [ app_begin ] --END-- [ RunTime:0.001254s ]
NOTIC: [8] A session had already been started - ignoring session_start() D:\WWW\dev\register\Application\Home\Controller\LoginController.class.php 第 8 行.
SQL: SHOW COLUMNS FROM `p_menber` [ RunTime:0.0278s ]
SQL: SELECT * FROM `p_menber` WHERE `name` = '18883287644' AND `pwd` = '123123'  [ RunTime:0.0016s ]
INFO: [ view_parse ] --START--
INFO: [ template_filter ] --START--
INFO: Run Behavior\ContentReplaceBehavior [ RunTime:0.000124s ]
INFO: [ template_filter ] --END-- [ RunTime:0.000209s ]
INFO: Run Behavior\ParseTemplateBehavior [ RunTime:0.013964s ]
INFO: [ view_parse ] --END-- [ RunTime:0.014067s ]
INFO: [ view_filter ] --START--
INFO: Run Behavior\WriteHtmlCacheBehavior [ RunTime:0.000533s ]
INFO: [ view_filter ] --END-- [ RunTime:0.000603s ]
INFO: [ app_end ] --START--
INFO: Run Behavior\ShowPageTraceBehavior [ RunTime:0.001237s ]
INFO: [ app_end ] --END-- [ RunTime:0.001343s ]

[ 2017-06-07T14:26:14+08:00 ] 127.0.0.1 /register/index.php/Home/Index/index
INFO: [ app_init ] --START--
INFO: Run Behavior\BuildLiteBehavior [ RunTime:0.000036s ]
INFO: [ app_init ] --END-- [ RunTime:0.001020s ]
INFO: [ app_begin ] --START--
INFO: Run Behavior\ReadHtmlCacheBehavior [ RunTime:0.001320s ]
INFO: [ app_begin ] --END-- [ RunTime:0.001478s ]
SQL: SHOW COLUMNS FROM `p_menber` [ RunTime:0.0160s ]
SQL: SELECT * FROM `p_menber` WHERE `uid` = 1  [ RunTime:0.0031s ]
SQL: SHOW COLUMNS FROM `p_product` [ RunTime:0.0672s ]
SQL: SELECT * FROM `p_product` WHERE `type` IN ('1','2','3') ORDER BY id asc  [ RunTime:0.0147s ]
INFO: [ view_parse ] --START--
INFO: [ template_filter ] --START--
INFO: Run Behavior\ContentReplaceBehavior [ RunTime:0.000693s ]
INFO: [ template_filter ] --END-- [ RunTime:0.000821s ]
INFO: Run Behavior\ParseTemplateBehavior [ RunTime:0.071319s ]
INFO: [ view_parse ] --END-- [ RunTime:0.071494s ]
INFO: [ view_filter ] --START--
INFO: Run Behavior\WriteHtmlCacheBehavior [ RunTime:0.005499s ]
INFO: [ view_filter ] --END-- [ RunTime:0.005676s ]
INFO: [ app_end ] --START--
INFO: Run Behavior\ShowPageTraceBehavior [ RunTime:0.002966s ]
INFO: [ app_end ] --END-- [ RunTime:0.005490s ]

[ 2017-06-07T14:26:32+08:00 ] 127.0.0.1 /register/index.php/Home/Index/dealseed?uid=2&friendid=1
INFO: [ app_init ] --START--
INFO: Run Behavior\BuildLiteBehavior [ RunTime:0.000021s ]
INFO: [ app_init ] --END-- [ RunTime:0.000714s ]
INFO: [ app_begin ] --START--
INFO: Run Behavior\ReadHtmlCacheBehavior [ RunTime:0.001104s ]
INFO: [ app_begin ] --END-- [ RunTime:0.001259s ]
SQL: SHOW COLUMNS FROM `p_menber` [ RunTime:0.0179s ]
SQL: SELECT * FROM `p_menber` WHERE `uid` = 1  [ RunTime:0.0025s ]
NOTIC: [8] Undefined index: land D:\WWW\dev\register\Application\Home\Controller\IndexController.class.php 第 212 行.
NOTIC: [8] Undefined index: seed D:\WWW\dev\register\Application\Home\Controller\IndexController.class.php 第 213 行.
NOTIC: [8] Undefined index: userid D:\WWW\dev\register\Application\Home\Controller\IndexController.class.php 第 214 行.
SQL: SHOW COLUMNS FROM `p_orderlog` [ RunTime:0.0959s ]
SQL: SHOW COLUMNS FROM `p_product` [ RunTime:0.0179s ]
SQL: SELECT * FROM `p_orderlog` WHERE `userid` = 6 AND `type` = 3 AND `states` = 0 AND `land` = 1  [ RunTime:0.0160s ]
NOTIC: [8] Undefined offset: 0 D:\WWW\dev\register\Application\Home\Controller\IndexController.class.php 第 223 行.
SQL: SELECT * FROM `p_product` WHERE `id` = 4  [ RunTime:0.0027s ]
SQL: SELECT * FROM `p_orderlog` WHERE `userid` = 6 AND `productid` = 4 AND `type` = 1 AND `states` = 0 AND `land` = 0  [ RunTime:0.0028s ]

[ 2017-06-07T14:26:50+08:00 ] 127.0.0.1 /register/index.php/Home/Index/dealseed?uid=2&friendid=1
INFO: [ app_init ] --START--
INFO: Run Behavior\BuildLiteBehavior [ RunTime:0.000040s ]
INFO: [ app_init ] --END-- [ RunTime:0.001205s ]
INFO: [ app_begin ] --START--
INFO: Run Behavior\ReadHtmlCacheBehavior [ RunTime:0.001193s ]
INFO: [ app_begin ] --END-- [ RunTime:0.001331s ]
SQL: SHOW COLUMNS FROM `p_menber` [ RunTime:0.0167s ]
SQL: SELECT * FROM `p_menber` WHERE `uid` = 1  [ RunTime:0.0023s ]
NOTIC: [8] Undefined index: land D:\WWW\dev\register\Application\Home\Controller\IndexController.class.php 第 212 行.
NOTIC: [8] Undefined index: seed D:\WWW\dev\register\Application\Home\Controller\IndexController.class.php 第 213 行.
NOTIC: [8] Undefined index: userid D:\WWW\dev\register\Application\Home\Controller\IndexController.class.php 第 214 行.
SQL: SHOW COLUMNS FROM `p_orderlog` [ RunTime:0.0185s ]
SQL: SHOW COLUMNS FROM `p_product` [ RunTime:0.0213s ]
SQL: SELECT * FROM `p_orderlog` WHERE `userid` = 6 AND `type` = 3 AND `states` = 0 AND `land` = 1  [ RunTime:0.0036s ]
NOTIC: [8] Undefined offset: 0 D:\WWW\dev\register\Application\Home\Controller\IndexController.class.php 第 223 行.
SQL: SELECT * FROM `p_product` WHERE `id` = 4  [ RunTime:0.0055s ]
SQL: SELECT * FROM `p_orderlog` WHERE `userid` = 6 AND `productid` = 4 AND `type` = 1 AND `states` = 0 AND `land` = 0  [ RunTime:0.0047s ]

[ 2017-06-07T14:26:56+08:00 ] 127.0.0.1 /register/index.php/Home/Index/dealseed?uid=2&friendid=1
INFO: [ app_init ] --START--
INFO: Run Behavior\BuildLiteBehavior [ RunTime:0.000036s ]
INFO: [ app_init ] --END-- [ RunTime:0.001172s ]
INFO: [ app_begin ] --START--
INFO: Run Behavior\ReadHtmlCacheBehavior [ RunTime:0.001835s ]
INFO: [ app_begin ] --END-- [ RunTime:0.002054s ]
SQL: SHOW COLUMNS FROM `p_menber` [ RunTime:0.0176s ]
SQL: SELECT * FROM `p_menber` WHERE `uid` = 1  [ RunTime:0.0016s ]
NOTIC: [8] Undefined index: land D:\WWW\dev\register\Application\Home\Controller\IndexController.class.php 第 212 行.
NOTIC: [8] Undefined index: seed D:\WWW\dev\register\Application\Home\Controller\IndexController.class.php 第 213 行.
NOTIC: [8] Undefined index: userid D:\WWW\dev\register\Application\Home\Controller\IndexController.class.php 第 214 行.
SQL: SHOW COLUMNS FROM `p_orderlog` [ RunTime:0.0211s ]
SQL: SHOW COLUMNS FROM `p_product` [ RunTime:0.0217s ]
SQL: SELECT * FROM `p_orderlog` WHERE `userid` = 6 AND `type` = 3 AND `states` = 0 AND `land` = 1  [ RunTime:0.0017s ]
NOTIC: [8] Undefined offset: 0 D:\WWW\dev\register\Application\Home\Controller\IndexController.class.php 第 223 行.
SQL: SELECT * FROM `p_product` WHERE `id` = 4  [ RunTime:0.0019s ]
SQL: SELECT * FROM `p_orderlog` WHERE `userid` = 6 AND `productid` = 4 AND `type` = 1 AND `states` = 0 AND `land` = 0  [ RunTime:0.0014s ]

[ 2017-06-07T22:07:44+08:00 ] 127.0.0.1 /register/index.php/Home/
INFO: [ app_init ] --START--
INFO: Run Behavior\BuildLiteBehavior [ RunTime:0.000040s ]
INFO: [ app_init ] --END-- [ RunTime:0.014900s ]
INFO: [ app_begin ] --START--
INFO: Run Behavior\ReadHtmlCacheBehavior [ RunTime:0.019622s ]
INFO: [ app_begin ] --END-- [ RunTime:0.019784s ]
NOTIC: [8] Undefined index: name D:\WWW\dev\register\Application\Home\Controller\CommonController.class.php 第 8 行.

[ 2017-06-07T22:07:46+08:00 ] 127.0.0.1 /register/index.php/Home/Login/login
INFO: [ app_init ] --START--
INFO: Run Behavior\BuildLiteBehavior [ RunTime:0.000025s ]
INFO: [ app_init ] --END-- [ RunTime:0.000793s ]
INFO: [ app_begin ] --START--
INFO: Run Behavior\ReadHtmlCacheBehavior [ RunTime:0.000834s ]
INFO: [ app_begin ] --END-- [ RunTime:0.000923s ]
NOTIC: [8] A session had already been started - ignoring session_start() D:\WWW\dev\register\Application\Home\Controller\LoginController.class.php 第 8 行.
INFO: [ view_parse ] --START--
INFO: [ template_filter ] --START--
INFO: Run Behavior\ContentReplaceBehavior [ RunTime:0.000124s ]
INFO: [ template_filter ] --END-- [ RunTime:0.000230s ]
INFO: Run Behavior\ParseTemplateBehavior [ RunTime:0.080230s ]
INFO: [ view_parse ] --END-- [ RunTime:0.080323s ]
INFO: [ view_filter ] --START--
INFO: Run Behavior\WriteHtmlCacheBehavior [ RunTime:0.008835s ]
INFO: [ view_filter ] --END-- [ RunTime:0.009151s ]
INFO: [ app_end ] --START--
INFO: Run Behavior\ShowPageTraceBehavior [ RunTime:0.016210s ]
INFO: [ app_end ] --END-- [ RunTime:0.016348s ]

[ 2017-06-07T22:07:54+08:00 ] 127.0.0.1 /register/index.php/Home/Login/login
INFO: [ app_init ] --START--
INFO: Run Behavior\BuildLiteBehavior [ RunTime:0.000051s ]
INFO: [ app_init ] --END-- [ RunTime:0.002024s ]
INFO: [ app_begin ] --START--
INFO: Run Behavior\ReadHtmlCacheBehavior [ RunTime:0.001343s ]
INFO: [ app_begin ] --END-- [ RunTime:0.001484s ]
NOTIC: [8] A session had already been started - ignoring session_start() D:\WWW\dev\register\Application\Home\Controller\LoginController.class.php 第 8 行.
INFO: [ view_parse ] --START--
INFO: [ template_filter ] --START--
INFO: Run Behavior\ContentReplaceBehavior [ RunTime:0.000200s ]
INFO: [ template_filter ] --END-- [ RunTime:0.000346s ]
INFO: Run Behavior\ParseTemplateBehavior [ RunTime:0.016874s ]
INFO: [ view_parse ] --END-- [ RunTime:0.017031s ]
INFO: [ view_filter ] --START--
INFO: Run Behavior\WriteHtmlCacheBehavior [ RunTime:0.000613s ]
INFO: [ view_filter ] --END-- [ RunTime:0.000713s ]
INFO: [ app_end ] --START--
INFO: Run Behavior\ShowPageTraceBehavior [ RunTime:0.001194s ]
INFO: [ app_end ] --END-- [ RunTime:0.001302s ]

[ 2017-06-07T22:08:05+08:00 ] 127.0.0.1 /register/index.php/Home/Login/login
INFO: [ app_init ] --START--
INFO: Run Behavior\BuildLiteBehavior [ RunTime:0.000045s ]
INFO: [ app_init ] --END-- [ RunTime:0.000864s ]
INFO: [ app_begin ] --START--
INFO: Run Behavior\ReadHtmlCacheBehavior [ RunTime:0.001182s ]
INFO: [ app_begin ] --END-- [ RunTime:0.001380s ]
NOTIC: [8] A session had already been started - ignoring session_start() D:\WWW\dev\register\Application\Home\Controller\LoginController.class.php 第 8 行.
SQL: SHOW COLUMNS FROM `p_menber` [ RunTime:0.0958s ]
SQL: SELECT * FROM `p_menber` WHERE `name` = '18883287644' AND `pwd` = '123456789'  [ RunTime:0.0019s ]
NOTIC: [8] Undefined offset: 0 D:\WWW\dev\register\Application\Home\Controller\LoginController.class.php 第 17 行.
INFO: [ view_parse ] --START--
INFO: [ template_filter ] --START--
INFO: Run Behavior\ContentReplaceBehavior [ RunTime:0.000120s ]
INFO: [ template_filter ] --END-- [ RunTime:0.000204s ]
INFO: Run Behavior\ParseTemplateBehavior [ RunTime:0.012080s ]
INFO: [ view_parse ] --END-- [ RunTime:0.012171s ]
INFO: [ view_filter ] --START--
INFO: Run Behavior\WriteHtmlCacheBehavior [ RunTime:0.000495s ]
INFO: [ view_filter ] --END-- [ RunTime:0.000568s ]
INFO: [ app_end ] --START--
INFO: Run Behavior\ShowPageTraceBehavior [ RunTime:0.000840s ]
INFO: [ app_end ] --END-- [ RunTime:0.000929s ]

[ 2017-06-07T22:08:06+08:00 ] 127.0.0.1 /register/index.php/Home/Login/login
INFO: [ app_init ] --START--
INFO: Run Behavior\BuildLiteBehavior [ RunTime:0.000036s ]
INFO: [ app_init ] --END-- [ RunTime:0.001283s ]
INFO: [ app_begin ] --START--
INFO: Run Behavior\ReadHtmlCacheBehavior [ RunTime:0.001598s ]
INFO: [ app_begin ] --END-- [ RunTime:0.001765s ]
NOTIC: [8] A session had already been started - ignoring session_start() D:\WWW\dev\register\Application\Home\Controller\LoginController.class.php 第 8 行.
INFO: [ view_parse ] --START--
INFO: [ template_filter ] --START--
INFO: Run Behavior\ContentReplaceBehavior [ RunTime:0.000220s ]
INFO: [ template_filter ] --END-- [ RunTime:0.000385s ]
INFO: Run Behavior\ParseTemplateBehavior [ RunTime:0.020026s ]
INFO: [ view_parse ] --END-- [ RunTime:0.020200s ]
INFO: [ view_filter ] --START--
INFO: Run Behavior\WriteHtmlCacheBehavior [ RunTime:0.000666s ]
INFO: [ view_filter ] --END-- [ RunTime:0.000779s ]
INFO: [ app_end ] --START--
INFO: Run Behavior\ShowPageTraceBehavior [ RunTime:0.000876s ]
INFO: [ app_end ] --END-- [ RunTime:0.000966s ]

[ 2017-06-07T22:08:16+08:00 ] 127.0.0.1 /register/index.php/Home/Login/login
INFO: [ app_init ] --START--
INFO: Run Behavior\BuildLiteBehavior [ RunTime:0.000025s ]
INFO: [ app_init ] --END-- [ RunTime:0.000988s ]
INFO: [ app_begin ] --START--
INFO: Run Behavior\ReadHtmlCacheBehavior [ RunTime:0.000928s ]
INFO: [ app_begin ] --END-- [ RunTime:0.001067s ]
NOTIC: [8] A session had already been started - ignoring session_start() D:\WWW\dev\register\Application\Home\Controller\LoginController.class.php 第 8 行.
SQL: SHOW COLUMNS FROM `p_menber` [ RunTime:0.0147s ]
SQL: SELECT * FROM `p_menber` WHERE `name` = '18883287644' AND `pwd` = '123456'  [ RunTime:0.0009s ]
NOTIC: [8] Undefined offset: 0 D:\WWW\dev\register\Application\Home\Controller\LoginController.class.php 第 17 行.
INFO: [ view_parse ] --START--
INFO: [ template_filter ] --START--
INFO: Run Behavior\ContentReplaceBehavior [ RunTime:0.000186s ]
INFO: [ template_filter ] --END-- [ RunTime:0.000316s ]
INFO: Run Behavior\ParseTemplateBehavior [ RunTime:0.012199s ]
INFO: [ view_parse ] --END-- [ RunTime:0.012313s ]
INFO: [ view_filter ] --START--
INFO: Run Behavior\WriteHtmlCacheBehavior [ RunTime:0.000499s ]
INFO: [ view_filter ] --END-- [ RunTime:0.000581s ]
INFO: [ app_end ] --START--
INFO: Run Behavior\ShowPageTraceBehavior [ RunTime:0.000838s ]
INFO: [ app_end ] --END-- [ RunTime:0.000908s ]

[ 2017-06-07T22:08:18+08:00 ] 127.0.0.1 /register/index.php/Home/Login/login
INFO: [ app_init ] --START--
INFO: Run Behavior\BuildLiteBehavior [ RunTime:0.000034s ]
INFO: [ app_init ] --END-- [ RunTime:0.001038s ]
INFO: [ app_begin ] --START--
INFO: Run Behavior\ReadHtmlCacheBehavior [ RunTime:0.001572s ]
INFO: [ app_begin ] --END-- [ RunTime:0.001757s ]
NOTIC: [8] A session had already been started - ignoring session_start() D:\WWW\dev\register\Application\Home\Controller\LoginController.class.php 第 8 行.
INFO: [ view_parse ] --START--
INFO: [ template_filter ] --START--
INFO: Run Behavior\ContentReplaceBehavior [ RunTime:0.000203s ]
INFO: [ template_filter ] --END-- [ RunTime:0.000359s ]
INFO: Run Behavior\ParseTemplateBehavior [ RunTime:0.017888s ]
INFO: [ view_parse ] --END-- [ RunTime:0.018043s ]
INFO: [ view_filter ] --START--
INFO: Run Behavior\WriteHtmlCacheBehavior [ RunTime:0.000768s ]
INFO: [ view_filter ] --END-- [ RunTime:0.000958s ]
INFO: [ app_end ] --START--
INFO: Run Behavior\ShowPageTraceBehavior [ RunTime:0.003893s ]
INFO: [ app_end ] --END-- [ RunTime:0.004038s ]

[ 2017-06-07T22:09:06+08:00 ] 127.0.0.1 /register/index.php/Home/Login/login
INFO: [ app_init ] --START--
INFO: Run Behavior\BuildLiteBehavior [ RunTime:0.000022s ]
INFO: [ app_init ] --END-- [ RunTime:0.000716s ]
INFO: [ app_begin ] --START--
INFO: Run Behavior\ReadHtmlCacheBehavior [ RunTime:0.000922s ]
INFO: [ app_begin ] --END-- [ RunTime:0.001052s ]
NOTIC: [8] A session had already been started - ignoring session_start() D:\WWW\dev\register\Application\Home\Controller\LoginController.class.php 第 8 行.
SQL: SHOW COLUMNS FROM `p_menber` [ RunTime:0.0131s ]
SQL: SELECT * FROM `p_menber` WHERE `name` = '18883287644' AND `pwd` = '123123'  [ RunTime:0.0008s ]
INFO: [ view_parse ] --START--
INFO: [ template_filter ] --START--
INFO: Run Behavior\ContentReplaceBehavior [ RunTime:0.000224s ]
INFO: [ template_filter ] --END-- [ RunTime:0.000359s ]
INFO: Run Behavior\ParseTemplateBehavior [ RunTime:0.015642s ]
INFO: [ view_parse ] --END-- [ RunTime:0.015737s ]
INFO: [ view_filter ] --START--
INFO: Run Behavior\WriteHtmlCacheBehavior [ RunTime:0.000442s ]
INFO: [ view_filter ] --END-- [ RunTime:0.000508s ]
INFO: [ app_end ] --START--
INFO: Run Behavior\ShowPageTraceBehavior [ RunTime:0.001124s ]
INFO: [ app_end ] --END-- [ RunTime:0.001232s ]

[ 2017-06-07T22:09:06+08:00 ] 127.0.0.1 /register/index.php/Home/Index/index
INFO: [ app_init ] --START--
INFO: Run Behavior\BuildLiteBehavior [ RunTime:0.000114s ]
INFO: [ app_init ] --END-- [ RunTime:0.001524s ]
INFO: [ app_begin ] --START--
INFO: Run Behavior\ReadHtmlCacheBehavior [ RunTime:0.001130s ]
INFO: [ app_begin ] --END-- [ RunTime:0.001322s ]
SQL: SHOW COLUMNS FROM `p_menber` [ RunTime:0.0170s ]
SQL: SELECT * FROM `p_menber` WHERE `uid` = 1  [ RunTime:0.0017s ]
SQL: SHOW COLUMNS FROM `p_product` [ RunTime:0.0691s ]
SQL: SELECT * FROM `p_product` WHERE `type` IN ('1','2','3') ORDER BY id asc  [ RunTime:0.0153s ]
INFO: [ view_parse ] --START--
INFO: [ template_filter ] --START--
INFO: Run Behavior\ContentReplaceBehavior [ RunTime:0.000681s ]
INFO: [ template_filter ] --END-- [ RunTime:0.000868s ]
INFO: Run Behavior\ParseTemplateBehavior [ RunTime:0.035705s ]
INFO: [ view_parse ] --END-- [ RunTime:0.035839s ]
INFO: [ view_filter ] --START--
INFO: Run Behavior\WriteHtmlCacheBehavior [ RunTime:0.000687s ]
INFO: [ view_filter ] --END-- [ RunTime:0.000799s ]
INFO: [ app_end ] --START--
INFO: Run Behavior\ShowPageTraceBehavior [ RunTime:0.001457s ]
INFO: [ app_end ] --END-- [ RunTime:0.001607s ]

[ 2017-06-07T22:09:10+08:00 ] 127.0.0.1 /register/index.php/Home/Index/friend.html
INFO: [ app_init ] --START--
INFO: Run Behavior\BuildLiteBehavior [ RunTime:0.000034s ]
INFO: [ app_init ] --END-- [ RunTime:0.000911s ]
INFO: [ app_begin ] --START--
INFO: Run Behavior\ReadHtmlCacheBehavior [ RunTime:0.001004s ]
INFO: [ app_begin ] --END-- [ RunTime:0.001110s ]
SQL: SHOW COLUMNS FROM `p_menber` [ RunTime:0.0134s ]
SQL: SELECT * FROM `p_menber` WHERE `uid` = 1  [ RunTime:0.0015s ]
SQL: SELECT * FROM `p_menber` WHERE `uid` = 1  [ RunTime:0.0017s ]
SQL: SELECT * FROM `p_menber` WHERE `uid` IN ('2','3')  [ RunTime:0.0018s ]
INFO: [ view_parse ] --START--
INFO: [ template_filter ] --START--
INFO: Run Behavior\ContentReplaceBehavior [ RunTime:0.000102s ]
INFO: [ template_filter ] --END-- [ RunTime:0.000202s ]
INFO: Run Behavior\ParseTemplateBehavior [ RunTime:0.012055s ]
INFO: [ view_parse ] --END-- [ RunTime:0.012153s ]
INFO: [ view_filter ] --START--
INFO: Run Behavior\WriteHtmlCacheBehavior [ RunTime:0.000532s ]
INFO: [ view_filter ] --END-- [ RunTime:0.000617s ]
INFO: [ app_end ] --START--
INFO: Run Behavior\ShowPageTraceBehavior [ RunTime:0.001096s ]
INFO: [ app_end ] --END-- [ RunTime:0.001190s ]

[ 2017-06-07T22:09:15+08:00 ] 127.0.0.1 /register/index.php/Home/Index/friend_farm/uid/2
INFO: [ app_init ] --START--
INFO: Run Behavior\BuildLiteBehavior [ RunTime:0.000032s ]
INFO: [ app_init ] --END-- [ RunTime:0.000772s ]
INFO: [ app_begin ] --START--
INFO: Run Behavior\ReadHtmlCacheBehavior [ RunTime:0.000913s ]
INFO: [ app_begin ] --END-- [ RunTime:0.001140s ]
SQL: SHOW COLUMNS FROM `p_menber` [ RunTime:0.0125s ]
SQL: SELECT * FROM `p_menber` WHERE `uid` = 1  [ RunTime:0.0010s ]
SQL: SELECT * FROM `p_menber` WHERE `uid` = 2  [ RunTime:0.0013s ]
INFO: [ view_parse ] --START--
INFO: [ template_filter ] --START--
INFO: Run Behavior\ContentReplaceBehavior [ RunTime:0.000147s ]
INFO: [ template_filter ] --END-- [ RunTime:0.000227s ]
INFO: Run Behavior\ParseTemplateBehavior [ RunTime:0.011656s ]
INFO: [ view_parse ] --END-- [ RunTime:0.011760s ]
INFO: [ view_filter ] --START--
INFO: Run Behavior\WriteHtmlCacheBehavior [ RunTime:0.000450s ]
INFO: [ view_filter ] --END-- [ RunTime:0.000514s ]
INFO: [ app_end ] --START--
INFO: Run Behavior\ShowPageTraceBehavior [ RunTime:0.000874s ]
INFO: [ app_end ] --END-- [ RunTime:0.000939s ]

[ 2017-06-07T22:09:18+08:00 ] 127.0.0.1 /register/index.php/Home/Index/friendstouqu?uid=1&friendid=2&_=1496844555623
INFO: [ app_init ] --START--
INFO: Run Behavior\BuildLiteBehavior [ RunTime:0.000022s ]
INFO: [ app_init ] --END-- [ RunTime:0.000732s ]
INFO: [ app_begin ] --START--
INFO: Run Behavior\ReadHtmlCacheBehavior [ RunTime:0.000776s ]
INFO: [ app_begin ] --END-- [ RunTime:0.000853s ]
SQL: SHOW COLUMNS FROM `p_menber` [ RunTime:0.0129s ]
SQL: SELECT * FROM `p_menber` WHERE `uid` = 1  [ RunTime:0.0012s ]
SQL: SHOW COLUMNS FROM `p_orderlog` [ RunTime:0.0231s ]
SQL: SHOW COLUMNS FROM `p_product` [ RunTime:0.0140s ]
SQL: SELECT * FROM `p_orderlog` WHERE `userid` = 2 AND `type` = 1 AND `states` = 2  [ RunTime:0.0215s ]
INFO: [ app_end ] --START--
INFO: Run Behavior\ShowPageTraceBehavior [ RunTime:0.001209s ]
INFO: [ app_end ] --END-- [ RunTime:0.001321s ]

[ 2017-06-07T22:09:23+08:00 ] 127.0.0.1 /register/index.php/Home/Index/friend_farm/uid/3
INFO: [ app_init ] --START--
INFO: Run Behavior\BuildLiteBehavior [ RunTime:0.000028s ]
INFO: [ app_init ] --END-- [ RunTime:0.000878s ]
INFO: [ app_begin ] --START--
INFO: Run Behavior\ReadHtmlCacheBehavior [ RunTime:0.001134s ]
INFO: [ app_begin ] --END-- [ RunTime:0.001252s ]
SQL: SHOW COLUMNS FROM `p_menber` [ RunTime:0.0141s ]
SQL: SELECT * FROM `p_menber` WHERE `uid` = 1  [ RunTime:0.0016s ]
SQL: SELECT * FROM `p_menber` WHERE `uid` = 3  [ RunTime:0.0013s ]
INFO: [ view_parse ] --START--
INFO: [ template_filter ] --START--
INFO: Run Behavior\ContentReplaceBehavior [ RunTime:0.000154s ]
INFO: [ template_filter ] --END-- [ RunTime:0.000259s ]
INFO: Run Behavior\ParseTemplateBehavior [ RunTime:0.014555s ]
INFO: [ view_parse ] --END-- [ RunTime:0.014681s ]
INFO: [ view_filter ] --START--
INFO: Run Behavior\WriteHtmlCacheBehavior [ RunTime:0.000607s ]
INFO: [ view_filter ] --END-- [ RunTime:0.000703s ]
INFO: [ app_end ] --START--
INFO: Run Behavior\ShowPageTraceBehavior [ RunTime:0.000818s ]
INFO: [ app_end ] --END-- [ RunTime:0.000898s ]

[ 2017-06-07T22:09:25+08:00 ] 127.0.0.1 /register/index.php/Home/Index/friendstouqu?uid=1&friendid=3&_=1496844563574
INFO: [ app_init ] --START--
INFO: Run Behavior\BuildLiteBehavior [ RunTime:0.000020s ]
INFO: [ app_init ] --END-- [ RunTime:0.000626s ]
INFO: [ app_begin ] --START--
INFO: Run Behavior\ReadHtmlCacheBehavior [ RunTime:0.000731s ]
INFO: [ app_begin ] --END-- [ RunTime:0.000803s ]
SQL: SHOW COLUMNS FROM `p_menber` [ RunTime:0.0111s ]
SQL: SELECT * FROM `p_menber` WHERE `uid` = 1  [ RunTime:0.0008s ]
SQL: SHOW COLUMNS FROM `p_orderlog` [ RunTime:0.0135s ]
SQL: SHOW COLUMNS FROM `p_product` [ RunTime:0.0126s ]
SQL: SELECT * FROM `p_orderlog` WHERE `userid` = 3 AND `type` = 1 AND `states` = 2  [ RunTime:0.0009s ]
INFO: [ app_end ] --START--
INFO: Run Behavior\ShowPageTraceBehavior [ RunTime:0.001011s ]
INFO: [ app_end ] --END-- [ RunTime:0.001090s ]

[ 2017-06-07T22:09:26+08:00 ] 127.0.0.1 /register/index.php/Home/Index/friendstouqu?uid=1&friendid=3&_=1496844563575
INFO: [ app_init ] --START--
INFO: Run Behavior\BuildLiteBehavior [ RunTime:0.000023s ]
INFO: [ app_init ] --END-- [ RunTime:0.000725s ]
INFO: [ app_begin ] --START--
INFO: Run Behavior\ReadHtmlCacheBehavior [ RunTime:0.001213s ]
INFO: [ app_begin ] --END-- [ RunTime:0.001390s ]
SQL: SHOW COLUMNS FROM `p_menber` [ RunTime:0.0164s ]
SQL: SELECT * FROM `p_menber` WHERE `uid` = 1  [ RunTime:0.0012s ]
SQL: SHOW COLUMNS FROM `p_orderlog` [ RunTime:0.0222s ]
SQL: SHOW COLUMNS FROM `p_product` [ RunTime:0.0197s ]
SQL: SELECT * FROM `p_orderlog` WHERE `userid` = 3 AND `type` = 1 AND `states` = 2  [ RunTime:0.0014s ]
INFO: [ app_end ] --START--
INFO: Run Behavior\ShowPageTraceBehavior [ RunTime:0.001963s ]
INFO: [ app_end ] --END-- [ RunTime:0.002176s ]

[ 2017-06-07T22:09:28+08:00 ] 127.0.0.1 /register/index.php/Home/Index/friendstouqu?uid=1&friendid=3&_=1496844563576
INFO: [ app_init ] --START--
INFO: Run Behavior\BuildLiteBehavior [ RunTime:0.000030s ]
INFO: [ app_init ] --END-- [ RunTime:0.000912s ]
INFO: [ app_begin ] --START--
INFO: Run Behavior\ReadHtmlCacheBehavior [ RunTime:0.000794s ]
INFO: [ app_begin ] --END-- [ RunTime:0.000874s ]
SQL: SHOW COLUMNS FROM `p_menber` [ RunTime:0.0133s ]
SQL: SELECT * FROM `p_menber` WHERE `uid` = 1  [ RunTime:0.0017s ]
SQL: SHOW COLUMNS FROM `p_orderlog` [ RunTime:0.0132s ]
SQL: SHOW COLUMNS FROM `p_product` [ RunTime:0.0157s ]
SQL: SELECT * FROM `p_orderlog` WHERE `userid` = 3 AND `type` = 1 AND `states` = 2  [ RunTime:0.0019s ]
INFO: [ app_end ] --START--
INFO: Run Behavior\ShowPageTraceBehavior [ RunTime:0.001191s ]
INFO: [ app_end ] --END-- [ RunTime:0.001301s ]

[ 2017-06-07T22:09:28+08:00 ] 127.0.0.1 /register/index.php/Home/Index/friendstouqu?uid=1&friendid=3&_=1496844563577
INFO: [ app_init ] --START--
INFO: Run Behavior\BuildLiteBehavior [ RunTime:0.000030s ]
INFO: [ app_init ] --END-- [ RunTime:0.001037s ]
INFO: [ app_begin ] --START--
INFO: Run Behavior\ReadHtmlCacheBehavior [ RunTime:0.000821s ]
INFO: [ app_begin ] --END-- [ RunTime:0.000910s ]
SQL: SHOW COLUMNS FROM `p_menber` [ RunTime:0.0176s ]
SQL: SELECT * FROM `p_menber` WHERE `uid` = 1  [ RunTime:0.0017s ]
SQL: SHOW COLUMNS FROM `p_orderlog` [ RunTime:0.0191s ]
SQL: SHOW COLUMNS FROM `p_product` [ RunTime:0.0173s ]
SQL: SELECT * FROM `p_orderlog` WHERE `userid` = 3 AND `type` = 1 AND `states` = 2  [ RunTime:0.0035s ]
INFO: [ app_end ] --START--
INFO: Run Behavior\ShowPageTraceBehavior [ RunTime:0.001880s ]
INFO: [ app_end ] --END-- [ RunTime:0.002077s ]

[ 2017-06-07T22:10:54+08:00 ] 127.0.0.1 /register/index.php/Home/Index/index
INFO: [ app_init ] --START--
INFO: Run Behavior\BuildLiteBehavior [ RunTime:0.000037s ]
INFO: [ app_init ] --END-- [ RunTime:0.001302s ]
INFO: [ app_begin ] --START--
INFO: Run Behavior\ReadHtmlCacheBehavior [ RunTime:0.001209s ]
INFO: [ app_begin ] --END-- [ RunTime:0.001365s ]
SQL: SHOW COLUMNS FROM `p_menber` [ RunTime:0.0202s ]
SQL: SELECT * FROM `p_menber` WHERE `uid` = 1  [ RunTime:0.0023s ]
SQL: SHOW COLUMNS FROM `p_product` [ RunTime:0.0184s ]
SQL: SELECT * FROM `p_product` WHERE `type` IN ('1','2','3') ORDER BY id asc  [ RunTime:0.0054s ]
INFO: [ view_parse ] --START--
INFO: [ template_filter ] --START--
INFO: Run Behavior\ContentReplaceBehavior [ RunTime:0.000749s ]
INFO: [ template_filter ] --END-- [ RunTime:0.001059s ]
INFO: Run Behavior\ParseTemplateBehavior [ RunTime:0.038798s ]
INFO: [ view_parse ] --END-- [ RunTime:0.038954s ]
INFO: [ view_filter ] --START--
INFO: Run Behavior\WriteHtmlCacheBehavior [ RunTime:0.000729s ]
INFO: [ view_filter ] --END-- [ RunTime:0.000819s ]
INFO: [ app_end ] --START--
INFO: Run Behavior\ShowPageTraceBehavior [ RunTime:0.002476s ]
INFO: [ app_end ] --END-- [ RunTime:0.002619s ]

[ 2017-06-07T22:38:05+08:00 ] 127.0.0.1 /register/index.php/Home/Index/index
INFO: [ app_init ] --START--
INFO: Run Behavior\BuildLiteBehavior [ RunTime:0.000022s ]
INFO: [ app_init ] --END-- [ RunTime:0.000869s ]
INFO: [ app_begin ] --START--
INFO: Run Behavior\ReadHtmlCacheBehavior [ RunTime:0.001203s ]
INFO: [ app_begin ] --END-- [ RunTime:0.001318s ]
SQL: SHOW COLUMNS FROM `p_menber` [ RunTime:0.0158s ]
SQL: SELECT * FROM `p_menber` WHERE `uid` = 1  [ RunTime:0.0013s ]
SQL: SHOW COLUMNS FROM `p_product` [ RunTime:0.0139s ]
SQL: SELECT * FROM `p_product` WHERE `type` IN ('1','2','3') ORDER BY id asc  [ RunTime:0.0027s ]
INFO: [ view_parse ] --START--
INFO: [ template_filter ] --START--
INFO: Run Behavior\ContentReplaceBehavior [ RunTime:0.000430s ]
INFO: [ template_filter ] --END-- [ RunTime:0.000546s ]
INFO: Run Behavior\ParseTemplateBehavior [ RunTime:0.027469s ]
INFO: [ view_parse ] --END-- [ RunTime:0.027590s ]
INFO: [ view_filter ] --START--
INFO: Run Behavior\WriteHtmlCacheBehavior [ RunTime:0.000734s ]
INFO: [ view_filter ] --END-- [ RunTime:0.000814s ]
INFO: [ app_end ] --START--
INFO: Run Behavior\ShowPageTraceBehavior [ RunTime:0.001494s ]
INFO: [ app_end ] --END-- [ RunTime:0.001639s ]

[ 2017-06-07T22:39:40+08:00 ] 127.0.0.1 /register/index.php/Home/Index/index
INFO: [ app_init ] --START--
INFO: Run Behavior\BuildLiteBehavior [ RunTime:0.000036s ]
INFO: [ app_init ] --END-- [ RunTime:0.001133s ]
INFO: [ app_begin ] --START--
INFO: Run Behavior\ReadHtmlCacheBehavior [ RunTime:0.002182s ]
INFO: [ app_begin ] --END-- [ RunTime:0.002325s ]
SQL: SHOW COLUMNS FROM `p_menber` [ RunTime:0.0124s ]
SQL: SELECT * FROM `p_menber` WHERE `uid` = 1  [ RunTime:0.0006s ]
SQL: SHOW COLUMNS FROM `p_product` [ RunTime:0.0140s ]
SQL: SELECT * FROM `p_product` WHERE `type` IN ('1','2','3') ORDER BY id asc  [ RunTime:0.0017s ]
INFO: [ view_parse ] --START--
INFO: [ template_filter ] --START--
INFO: Run Behavior\ContentReplaceBehavior [ RunTime:0.000511s ]
INFO: [ template_filter ] --END-- [ RunTime:0.000635s ]
INFO: Run Behavior\ParseTemplateBehavior [ RunTime:0.025791s ]
INFO: [ view_parse ] --END-- [ RunTime:0.025897s ]
INFO: [ view_filter ] --START--
INFO: Run Behavior\WriteHtmlCacheBehavior [ RunTime:0.000448s ]
INFO: [ view_filter ] --END-- [ RunTime:0.000511s ]
INFO: [ app_end ] --START--
INFO: Run Behavior\ShowPageTraceBehavior [ RunTime:0.000863s ]
INFO: [ app_end ] --END-- [ RunTime:0.000939s ]

[ 2017-06-07T22:40:23+08:00 ] 127.0.0.1 /register/index.php/Home/Index/index
INFO: [ app_init ] --START--
INFO: Run Behavior\BuildLiteBehavior [ RunTime:0.000022s ]
INFO: [ app_init ] --END-- [ RunTime:0.000845s ]
INFO: [ app_begin ] --START--
INFO: Run Behavior\ReadHtmlCacheBehavior [ RunTime:0.001851s ]
INFO: [ app_begin ] --END-- [ RunTime:0.002076s ]
SQL: SHOW COLUMNS FROM `p_menber` [ RunTime:0.0134s ]
SQL: SELECT * FROM `p_menber` WHERE `uid` = 1  [ RunTime:0.0017s ]
SQL: SHOW COLUMNS FROM `p_product` [ RunTime:0.0138s ]
SQL: SELECT * FROM `p_product` WHERE `type` IN ('1','2','3') ORDER BY id asc  [ RunTime:0.0032s ]
INFO: [ view_parse ] --START--
INFO: [ template_filter ] --START--
INFO: Run Behavior\ContentReplaceBehavior [ RunTime:0.000434s ]
INFO: [ template_filter ] --END-- [ RunTime:0.000527s ]
INFO: Run Behavior\ParseTemplateBehavior [ RunTime:0.028408s ]
INFO: [ view_parse ] --END-- [ RunTime:0.028519s ]
INFO: [ view_filter ] --START--
INFO: Run Behavior\WriteHtmlCacheBehavior [ RunTime:0.000997s ]
INFO: [ view_filter ] --END-- [ RunTime:0.001087s ]
INFO: [ app_end ] --START--
INFO: Run Behavior\ShowPageTraceBehavior [ RunTime:0.001516s ]
INFO: [ app_end ] --END-- [ RunTime:0.001711s ]

[ 2017-06-07T22:42:00+08:00 ] 127.0.0.1 /register/index.php/Home/Index/index
INFO: [ app_init ] --START--
INFO: Run Behavior\BuildLiteBehavior [ RunTime:0.000022s ]
INFO: [ app_init ] --END-- [ RunTime:0.000662s ]
INFO: [ app_begin ] --START--
INFO: Run Behavior\ReadHtmlCacheBehavior [ RunTime:0.000756s ]
INFO: [ app_begin ] --END-- [ RunTime:0.000835s ]
SQL: SHOW COLUMNS FROM `p_menber` [ RunTime:0.0120s ]
SQL: SELECT * FROM `p_menber` WHERE `uid` = 1  [ RunTime:0.0011s ]
SQL: SHOW COLUMNS FROM `p_product` [ RunTime:0.0146s ]
SQL: SELECT * FROM `p_product` WHERE `type` IN ('1','2','3') ORDER BY id asc  [ RunTime:0.0027s ]
INFO: [ view_parse ] --START--
INFO: [ template_filter ] --START--
INFO: Run Behavior\ContentReplaceBehavior [ RunTime:0.000626s ]
INFO: [ template_filter ] --END-- [ RunTime:0.000827s ]
INFO: Run Behavior\ParseTemplateBehavior [ RunTime:0.026620s ]
INFO: [ view_parse ] --END-- [ RunTime:0.026715s ]
INFO: [ view_filter ] --START--
INFO: Run Behavior\WriteHtmlCacheBehavior [ RunTime:0.000457s ]
INFO: [ view_filter ] --END-- [ RunTime:0.000520s ]
INFO: [ app_end ] --START--
INFO: Run Behavior\ShowPageTraceBehavior [ RunTime:0.000840s ]
INFO: [ app_end ] --END-- [ RunTime:0.000919s ]

[ 2017-06-07T22:43:56+08:00 ] 127.0.0.1 /register/index.php/Home/Index/index
INFO: [ app_init ] --START--
INFO: Run Behavior\BuildLiteBehavior [ RunTime:0.000201s ]
INFO: [ app_init ] --END-- [ RunTime:0.001974s ]
INFO: [ app_begin ] --START--
INFO: Run Behavior\ReadHtmlCacheBehavior [ RunTime:0.001509s ]
INFO: [ app_begin ] --END-- [ RunTime:0.001660s ]
SQL: SHOW COLUMNS FROM `p_menber` [ RunTime:0.0142s ]
SQL: SELECT * FROM `p_menber` WHERE `uid` = 1  [ RunTime:0.0024s ]
SQL: SHOW COLUMNS FROM `p_product` [ RunTime:0.0171s ]
SQL: SELECT * FROM `p_product` WHERE `type` IN ('1','2','3') ORDER BY id asc  [ RunTime:0.0039s ]
INFO: [ view_parse ] --START--
INFO: [ template_filter ] --START--
INFO: Run Behavior\ContentReplaceBehavior [ RunTime:0.000633s ]
INFO: [ template_filter ] --END-- [ RunTime:0.000759s ]
INFO: Run Behavior\ParseTemplateBehavior [ RunTime:0.039031s ]
INFO: [ view_parse ] --END-- [ RunTime:0.039186s ]
INFO: [ view_filter ] --START--
INFO: Run Behavior\WriteHtmlCacheBehavior [ RunTime:0.001191s ]
INFO: [ view_filter ] --END-- [ RunTime:0.001343s ]
INFO: [ app_end ] --START--
INFO: Run Behavior\ShowPageTraceBehavior [ RunTime:0.002326s ]
INFO: [ app_end ] --END-- [ RunTime:0.002568s ]

[ 2017-06-07T22:43:56+08:00 ] 127.0.0.1 /register/index.php/Home/Index/img/pingguo.png
INFO: [ app_init ] --START--
INFO: Run Behavior\BuildLiteBehavior [ RunTime:0.000033s ]
INFO: [ app_init ] --END-- [ RunTime:0.001105s ]

[ 2017-06-07T22:43:56+08:00 ] 127.0.0.1 /register/index.php/Home/Index/img/x.png
INFO: [ app_init ] --START--
INFO: Run Behavior\BuildLiteBehavior [ RunTime:0.000033s ]
INFO: [ app_init ] --END-- [ RunTime:0.001067s ]

[ 2017-06-07T22:44:40+08:00 ] 127.0.0.1 /register/index.php/Home/Index/index
INFO: [ app_init ] --START--
INFO: Run Behavior\BuildLiteBehavior [ RunTime:0.000036s ]
INFO: [ app_init ] --END-- [ RunTime:0.000967s ]
INFO: [ app_begin ] --START--
INFO: Run Behavior\ReadHtmlCacheBehavior [ RunTime:0.001083s ]
INFO: [ app_begin ] --END-- [ RunTime:0.001204s ]
SQL: SHOW COLUMNS FROM `p_menber` [ RunTime:0.0133s ]
SQL: SELECT * FROM `p_menber` WHERE `uid` = 1  [ RunTime:0.0019s ]
SQL: SHOW COLUMNS FROM `p_product` [ RunTime:0.0121s ]
SQL: SELECT * FROM `p_product` WHERE `type` IN ('1','2','3') ORDER BY id asc  [ RunTime:0.0019s ]
INFO: [ view_parse ] --START--
INFO: [ template_filter ] --START--
INFO: Run Behavior\ContentReplaceBehavior [ RunTime:0.000448s ]
INFO: [ template_filter ] --END-- [ RunTime:0.000536s ]
INFO: Run Behavior\ParseTemplateBehavior [ RunTime:0.027123s ]
INFO: [ view_parse ] --END-- [ RunTime:0.027227s ]
INFO: [ view_filter ] --START--
INFO: Run Behavior\WriteHtmlCacheBehavior [ RunTime:0.000439s ]
INFO: [ view_filter ] --END-- [ RunTime:0.000502s ]
INFO: [ app_end ] --START--
INFO: Run Behavior\ShowPageTraceBehavior [ RunTime:0.001075s ]
INFO: [ app_end ] --END-- [ RunTime:0.001181s ]

[ 2017-06-07T22:44:40+08:00 ] 127.0.0.1 /register/index.php/Home/Index/img/pingguo.png
INFO: [ app_init ] --START--
INFO: Run Behavior\BuildLiteBehavior [ RunTime:0.000036s ]
INFO: [ app_init ] --END-- [ RunTime:0.001187s ]

[ 2017-06-07T22:44:40+08:00 ] 127.0.0.1 /register/index.php/Home/Index/img/x.png
INFO: [ app_init ] --START--
INFO: Run Behavior\BuildLiteBehavior [ RunTime:0.000058s ]
INFO: [ app_init ] --END-- [ RunTime:0.001806s ]

[ 2017-06-07T22:45:33+08:00 ] 127.0.0.1 /register/index.php/Home/Index/index
INFO: [ app_init ] --START--
INFO: Run Behavior\BuildLiteBehavior [ RunTime:0.000025s ]
INFO: [ app_init ] --END-- [ RunTime:0.000770s ]
INFO: [ app_begin ] --START--
INFO: Run Behavior\ReadHtmlCacheBehavior [ RunTime:0.000776s ]
INFO: [ app_begin ] --END-- [ RunTime:0.000894s ]
SQL: SHOW COLUMNS FROM `p_menber` [ RunTime:0.0143s ]
SQL: SELECT * FROM `p_menber` WHERE `uid` = 1  [ RunTime:0.0010s ]
SQL: SHOW COLUMNS FROM `p_product` [ RunTime:0.0116s ]
SQL: SELECT * FROM `p_product` WHERE `type` IN ('1','2','3') ORDER BY id asc  [ RunTime:0.0025s ]
INFO: [ view_parse ] --START--
INFO: [ template_filter ] --START--
INFO: Run Behavior\ContentReplaceBehavior [ RunTime:0.000448s ]
INFO: [ template_filter ] --END-- [ RunTime:0.000534s ]
INFO: Run Behavior\ParseTemplateBehavior [ RunTime:0.027001s ]
INFO: [ view_parse ] --END-- [ RunTime:0.027094s ]
INFO: [ view_filter ] --START--
INFO: Run Behavior\WriteHtmlCacheBehavior [ RunTime:0.000445s ]
INFO: [ view_filter ] --END-- [ RunTime:0.000509s ]
INFO: [ app_end ] --START--
INFO: Run Behavior\ShowPageTraceBehavior [ RunTime:0.002117s ]
INFO: [ app_end ] --END-- [ RunTime:0.002291s ]

[ 2017-06-07T22:45:42+08:00 ] 127.0.0.1 /register/index.php/Home/Index/index?
INFO: [ app_init ] --START--
INFO: Run Behavior\BuildLiteBehavior [ RunTime:0.000024s ]
INFO: [ app_init ] --END-- [ RunTime:0.000726s ]
INFO: [ app_begin ] --START--
INFO: Run Behavior\ReadHtmlCacheBehavior [ RunTime:0.000824s ]
INFO: [ app_begin ] --END-- [ RunTime:0.000951s ]
SQL: SHOW COLUMNS FROM `p_menber` [ RunTime:0.0124s ]
SQL: SELECT * FROM `p_menber` WHERE `uid` = 1  [ RunTime:0.0008s ]
SQL: SHOW COLUMNS FROM `p_product` [ RunTime:0.0113s ]
SQL: SELECT * FROM `p_product` WHERE `type` IN ('1','2','3') ORDER BY id asc  [ RunTime:0.0014s ]
INFO: [ view_parse ] --START--
INFO: [ template_filter ] --START--
INFO: Run Behavior\ContentReplaceBehavior [ RunTime:0.000449s ]
INFO: [ template_filter ] --END-- [ RunTime:0.000540s ]
INFO: Run Behavior\ParseTemplateBehavior [ RunTime:0.027984s ]
INFO: [ view_parse ] --END-- [ RunTime:0.028079s ]
INFO: [ view_filter ] --START--
INFO: Run Behavior\WriteHtmlCacheBehavior [ RunTime:0.000495s ]
INFO: [ view_filter ] --END-- [ RunTime:0.000562s ]
INFO: [ app_end ] --START--
INFO: Run Behavior\ShowPageTraceBehavior [ RunTime:0.001162s ]
INFO: [ app_end ] --END-- [ RunTime:0.001342s ]

[ 2017-06-07T22:48:54+08:00 ] 127.0.0.1 /register/index.php/Home/Index/index?
INFO: [ app_init ] --START--
INFO: Run Behavior\BuildLiteBehavior [ RunTime:0.000022s ]
INFO: [ app_init ] --END-- [ RunTime:0.000889s ]
INFO: [ app_begin ] --START--
INFO: Run Behavior\ReadHtmlCacheBehavior [ RunTime:0.001478s ]
INFO: [ app_begin ] --END-- [ RunTime:0.001618s ]
SQL: SHOW COLUMNS FROM `p_menber` [ RunTime:0.0140s ]
SQL: SELECT * FROM `p_menber` WHERE `uid` = 1  [ RunTime:0.0019s ]
SQL: SHOW COLUMNS FROM `p_product` [ RunTime:0.0149s ]
SQL: SELECT * FROM `p_product` WHERE `type` IN ('1','2','3') ORDER BY id asc  [ RunTime:0.0034s ]
INFO: [ view_parse ] --START--
INFO: [ template_filter ] --START--
INFO: Run Behavior\ContentReplaceBehavior [ RunTime:0.000436s ]
INFO: [ template_filter ] --END-- [ RunTime:0.000523s ]
INFO: Run Behavior\ParseTemplateBehavior [ RunTime:0.028308s ]
INFO: [ view_parse ] --END-- [ RunTime:0.028402s ]
INFO: [ view_filter ] --START--
INFO: Run Behavior\WriteHtmlCacheBehavior [ RunTime:0.000657s ]
INFO: [ view_filter ] --END-- [ RunTime:0.000724s ]
INFO: [ app_end ] --START--
INFO: Run Behavior\ShowPageTraceBehavior [ RunTime:0.001014s ]
INFO: [ app_end ] --END-- [ RunTime:0.001089s ]

[ 2017-06-07T22:50:27+08:00 ] 127.0.0.1 /register/index.php/Home/Index/index?
INFO: [ app_init ] --START--
INFO: Run Behavior\BuildLiteBehavior [ RunTime:0.000136s ]
INFO: [ app_init ] --END-- [ RunTime:0.001420s ]
INFO: [ app_begin ] --START--
INFO: Run Behavior\ReadHtmlCacheBehavior [ RunTime:0.000946s ]
INFO: [ app_begin ] --END-- [ RunTime:0.001058s ]
SQL: SHOW COLUMNS FROM `p_menber` [ RunTime:0.0133s ]
SQL: SELECT * FROM `p_menber` WHERE `uid` = 1  [ RunTime:0.0015s ]
SQL: SHOW COLUMNS FROM `p_product` [ RunTime:0.0136s ]
SQL: SELECT * FROM `p_product` WHERE `type` IN ('1','2','3') ORDER BY id asc  [ RunTime:0.0022s ]
INFO: [ view_parse ] --START--
INFO: [ template_filter ] --START--
INFO: Run Behavior\ContentReplaceBehavior [ RunTime:0.000465s ]
INFO: [ template_filter ] --END-- [ RunTime:0.000554s ]
INFO: Run Behavior\ParseTemplateBehavior [ RunTime:0.030243s ]
INFO: [ view_parse ] --END-- [ RunTime:0.030361s ]
INFO: [ view_filter ] --START--
INFO: Run Behavior\WriteHtmlCacheBehavior [ RunTime:0.000616s ]
INFO: [ view_filter ] --END-- [ RunTime:0.000767s ]
INFO: [ app_end ] --START--
INFO: Run Behavior\ShowPageTraceBehavior [ RunTime:0.001310s ]
INFO: [ app_end ] --END-- [ RunTime:0.001438s ]

[ 2017-06-07T22:50:45+08:00 ] 127.0.0.1 /register/index.php/Home/Index/index?
INFO: [ app_init ] --START--
INFO: Run Behavior\BuildLiteBehavior [ RunTime:0.000022s ]
INFO: [ app_init ] --END-- [ RunTime:0.000953s ]
INFO: [ app_begin ] --START--
INFO: Run Behavior\ReadHtmlCacheBehavior [ RunTime:0.000803s ]
INFO: [ app_begin ] --END-- [ RunTime:0.000897s ]
SQL: SHOW COLUMNS FROM `p_menber` [ RunTime:0.0133s ]
SQL: SELECT * FROM `p_menber` WHERE `uid` = 1  [ RunTime:0.0019s ]
SQL: SHOW COLUMNS FROM `p_product` [ RunTime:0.0169s ]
SQL: SELECT * FROM `p_product` WHERE `type` IN ('1','2','3') ORDER BY id asc  [ RunTime:0.0023s ]
INFO: [ view_parse ] --START--
INFO: [ template_filter ] --START--
INFO: Run Behavior\ContentReplaceBehavior [ RunTime:0.000883s ]
INFO: [ template_filter ] --END-- [ RunTime:0.001087s ]
INFO: Run Behavior\ParseTemplateBehavior [ RunTime:0.034598s ]
INFO: [ view_parse ] --END-- [ RunTime:0.034726s ]
INFO: [ view_filter ] --START--
INFO: Run Behavior\WriteHtmlCacheBehavior [ RunTime:0.000480s ]
INFO: [ view_filter ] --END-- [ RunTime:0.000550s ]
INFO: [ app_end ] --START--
INFO: Run Behavior\ShowPageTraceBehavior [ RunTime:0.001153s ]
INFO: [ app_end ] --END-- [ RunTime:0.002385s ]

[ 2017-06-07T23:03:37+08:00 ] 127.0.0.1 /register/index.php/Home/Index/index?
INFO: [ app_init ] --START--
INFO: Run Behavior\BuildLiteBehavior [ RunTime:0.000022s ]
INFO: [ app_init ] --END-- [ RunTime:0.000978s ]
INFO: [ app_begin ] --START--
INFO: Run Behavior\ReadHtmlCacheBehavior [ RunTime:0.001425s ]
INFO: [ app_begin ] --END-- [ RunTime:0.001623s ]
SQL: SHOW COLUMNS FROM `p_menber` [ RunTime:0.0167s ]
SQL: SELECT * FROM `p_menber` WHERE `uid` = 1  [ RunTime:0.0016s ]
SQL: SHOW COLUMNS FROM `p_product` [ RunTime:0.0316s ]
SQL: SELECT * FROM `p_product` WHERE `type` IN ('1','2','3') ORDER BY id asc  [ RunTime:0.0021s ]
INFO: [ view_parse ] --START--
INFO: [ template_filter ] --START--
INFO: Run Behavior\ContentReplaceBehavior [ RunTime:0.000472s ]
INFO: [ template_filter ] --END-- [ RunTime:0.000563s ]
INFO: Run Behavior\ParseTemplateBehavior [ RunTime:0.034553s ]
INFO: [ view_parse ] --END-- [ RunTime:0.034697s ]
INFO: [ view_filter ] --START--
INFO: Run Behavior\WriteHtmlCacheBehavior [ RunTime:0.000723s ]
INFO: [ view_filter ] --END-- [ RunTime:0.000821s ]
INFO: [ app_end ] --START--
INFO: Run Behavior\ShowPageTraceBehavior [ RunTime:0.002279s ]
INFO: [ app_end ] --END-- [ RunTime:0.002412s ]

[ 2017-06-07T23:03:50+08:00 ] 127.0.0.1 /register/index.php/Home/Index/index?
INFO: [ app_init ] --START--
INFO: Run Behavior\BuildLiteBehavior [ RunTime:0.000047s ]
INFO: [ app_init ] --END-- [ RunTime:0.001158s ]
INFO: [ app_begin ] --START--
INFO: Run Behavior\ReadHtmlCacheBehavior [ RunTime:0.000872s ]
INFO: [ app_begin ] --END-- [ RunTime:0.000966s ]
SQL: SHOW COLUMNS FROM `p_menber` [ RunTime:0.0155s ]
SQL: SELECT * FROM `p_menber` WHERE `uid` = 1  [ RunTime:0.0023s ]
SQL: SHOW COLUMNS FROM `p_product` [ RunTime:0.0167s ]
SQL: SELECT * FROM `p_product` WHERE `type` IN ('1','2','3') ORDER BY id asc  [ RunTime:0.0039s ]
INFO: [ view_parse ] --START--
INFO: [ template_filter ] --START--
INFO: Run Behavior\ContentReplaceBehavior [ RunTime:0.000719s ]
INFO: [ template_filter ] --END-- [ RunTime:0.000840s ]
INFO: Run Behavior\ParseTemplateBehavior [ RunTime:0.035036s ]
INFO: [ view_parse ] --END-- [ RunTime:0.035167s ]
INFO: [ view_filter ] --START--
INFO: Run Behavior\WriteHtmlCacheBehavior [ RunTime:0.000656s ]
INFO: [ view_filter ] --END-- [ RunTime:0.000750s ]
INFO: [ app_end ] --START--
INFO: Run Behavior\ShowPageTraceBehavior [ RunTime:0.001377s ]
INFO: [ app_end ] --END-- [ RunTime:0.001522s ]

[ 2017-06-07T23:11:51+08:00 ] 127.0.0.1 /register/index.php/Home/Index/index?
INFO: [ app_init ] --START--
INFO: Run Behavior\BuildLiteBehavior [ RunTime:0.000042s ]
INFO: [ app_init ] --END-- [ RunTime:0.001905s ]
INFO: [ app_begin ] --START--
INFO: Run Behavior\ReadHtmlCacheBehavior [ RunTime:0.001187s ]
INFO: [ app_begin ] --END-- [ RunTime:0.001324s ]
SQL: SHOW COLUMNS FROM `p_menber` [ RunTime:0.0114s ]
SQL: SELECT * FROM `p_menber` WHERE `uid` = 1  [ RunTime:0.0014s ]
SQL: SHOW COLUMNS FROM `p_product` [ RunTime:0.0134s ]
SQL: SELECT * FROM `p_product` WHERE `type` IN ('1','2','3') ORDER BY id asc  [ RunTime:0.0022s ]
INFO: [ view_parse ] --START--
INFO: [ template_filter ] --START--
INFO: Run Behavior\ContentReplaceBehavior [ RunTime:0.000545s ]
INFO: [ template_filter ] --END-- [ RunTime:0.000646s ]
INFO: Run Behavior\ParseTemplateBehavior [ RunTime:0.029648s ]
INFO: [ view_parse ] --END-- [ RunTime:0.029777s ]
INFO: [ view_filter ] --START--
INFO: Run Behavior\WriteHtmlCacheBehavior [ RunTime:0.000658s ]
INFO: [ view_filter ] --END-- [ RunTime:0.000728s ]
INFO: [ app_end ] --START--
INFO: Run Behavior\ShowPageTraceBehavior [ RunTime:0.001254s ]
INFO: [ app_end ] --END-- [ RunTime:0.001355s ]

[ 2017-06-07T23:17:46+08:00 ] 127.0.0.1 /register/index.php/Home/Index/index?
INFO: [ app_init ] --START--
INFO: Run Behavior\BuildLiteBehavior [ RunTime:0.000053s ]
INFO: [ app_init ] --END-- [ RunTime:0.001409s ]
INFO: [ app_begin ] --START--
INFO: Run Behavior\ReadHtmlCacheBehavior [ RunTime:0.000931s ]
INFO: [ app_begin ] --END-- [ RunTime:0.001021s ]
SQL: SHOW COLUMNS FROM `p_menber` [ RunTime:0.0158s ]
SQL: SELECT * FROM `p_menber` WHERE `uid` = 1  [ RunTime:0.0019s ]
SQL: SHOW COLUMNS FROM `p_product` [ RunTime:0.0159s ]
NOTIC: [8] Undefined index: shangdian D:\WWW\dev\register\Application\Home\Controller\IndexController.class.php 第 21 行.
SQL: SELECT * FROM `p_product` WHERE `type` IN ('1','2','3') ORDER BY id asc  [ RunTime:0.0032s ]
INFO: [ view_parse ] --START--
INFO: [ template_filter ] --START--
INFO: Run Behavior\ContentReplaceBehavior [ RunTime:0.000460s ]
INFO: [ template_filter ] --END-- [ RunTime:0.000548s ]
INFO: Run Behavior\ParseTemplateBehavior [ RunTime:0.034706s ]
INFO: [ view_parse ] --END-- [ RunTime:0.034828s ]
INFO: [ view_filter ] --START--
INFO: Run Behavior\WriteHtmlCacheBehavior [ RunTime:0.003697s ]
INFO: [ view_filter ] --END-- [ RunTime:0.003844s ]
INFO: [ app_end ] --START--
INFO: Run Behavior\ShowPageTraceBehavior [ RunTime:0.001478s ]
INFO: [ app_end ] --END-- [ RunTime:0.001631s ]

[ 2017-06-07T23:17:54+08:00 ] 127.0.0.1 /register/index.php/Home/Index/index?
INFO: [ app_init ] --START--
INFO: Run Behavior\BuildLiteBehavior [ RunTime:0.000035s ]
INFO: [ app_init ] --END-- [ RunTime:0.001011s ]
INFO: [ app_begin ] --START--
INFO: Run Behavior\ReadHtmlCacheBehavior [ RunTime:0.003020s ]
INFO: [ app_begin ] --END-- [ RunTime:0.003208s ]
SQL: SHOW COLUMNS FROM `p_menber` [ RunTime:0.0189s ]
SQL: SELECT * FROM `p_menber` WHERE `uid` = 1  [ RunTime:0.0025s ]
SQL: SHOW COLUMNS FROM `p_product` [ RunTime:0.0169s ]

[ 2017-06-07T23:18:09+08:00 ] 127.0.0.1 /register/index.php/Home/Index/index?
INFO: [ app_init ] --START--
INFO: Run Behavior\BuildLiteBehavior [ RunTime:0.000023s ]
INFO: [ app_init ] --END-- [ RunTime:0.000694s ]
INFO: [ app_begin ] --START--
INFO: Run Behavior\ReadHtmlCacheBehavior [ RunTime:0.000896s ]
INFO: [ app_begin ] --END-- [ RunTime:0.001021s ]
SQL: SHOW COLUMNS FROM `p_menber` [ RunTime:0.0142s ]
SQL: SELECT * FROM `p_menber` WHERE `uid` = 1  [ RunTime:0.0009s ]
SQL: SHOW COLUMNS FROM `p_product` [ RunTime:0.0116s ]
NOTIC: [8] Undefined index: shangdian D:\WWW\dev\register\Application\Home\Controller\IndexController.class.php 第 21 行.
SQL: SELECT * FROM `p_product` WHERE `type` IN ('1','2','3') ORDER BY id asc  [ RunTime:0.0020s ]
INFO: [ view_parse ] --START--
INFO: [ template_filter ] --START--
INFO: Run Behavior\ContentReplaceBehavior [ RunTime:0.000504s ]
INFO: [ template_filter ] --END-- [ RunTime:0.000593s ]
INFO: Run Behavior\ParseTemplateBehavior [ RunTime:0.029774s ]
INFO: [ view_parse ] --END-- [ RunTime:0.029901s ]
INFO: [ view_filter ] --START--
INFO: Run Behavior\WriteHtmlCacheBehavior [ RunTime:0.000485s ]
INFO: [ view_filter ] --END-- [ RunTime:0.000550s ]
INFO: [ app_end ] --START--
INFO: Run Behavior\ShowPageTraceBehavior [ RunTime:0.001486s ]
INFO: [ app_end ] --END-- [ RunTime:0.001647s ]

[ 2017-06-07T23:23:06+08:00 ] 127.0.0.1 /register/index.php/Home/Index/index?
INFO: [ app_init ] --START--
INFO: Run Behavior\BuildLiteBehavior [ RunTime:0.000022s ]
INFO: [ app_init ] --END-- [ RunTime:0.000905s ]
INFO: [ app_begin ] --START--
INFO: Run Behavior\ReadHtmlCacheBehavior [ RunTime:0.001062s ]
INFO: [ app_begin ] --END-- [ RunTime:0.001177s ]
SQL: SHOW COLUMNS FROM `p_menber` [ RunTime:0.0179s ]
SQL: SELECT * FROM `p_menber` WHERE `uid` = 1  [ RunTime:0.0011s ]
SQL: SHOW COLUMNS FROM `p_product` [ RunTime:0.0159s ]
NOTIC: [8] Undefined index: shangdian D:\WWW\dev\register\Application\Home\Controller\IndexController.class.php 第 21 行.
SQL: SELECT * FROM `p_product` WHERE `type` IN ('1','2','3') ORDER BY id asc  [ RunTime:0.0026s ]
INFO: [ view_parse ] --START--
INFO: [ template_filter ] --START--
INFO: Run Behavior\ContentReplaceBehavior [ RunTime:0.000497s ]
INFO: [ template_filter ] --END-- [ RunTime:0.000599s ]
INFO: Run Behavior\ParseTemplateBehavior [ RunTime:0.031814s ]
INFO: [ view_parse ] --END-- [ RunTime:0.031951s ]
INFO: [ view_filter ] --START--
INFO: Run Behavior\WriteHtmlCacheBehavior [ RunTime:0.000708s ]
INFO: [ view_filter ] --END-- [ RunTime:0.000781s ]
INFO: [ app_end ] --START--
INFO: Run Behavior\ShowPageTraceBehavior [ RunTime:0.001719s ]
INFO: [ app_end ] --END-- [ RunTime:0.001849s ]

[ 2017-06-07T23:28:38+08:00 ] 127.0.0.1 /register/index.php/Home/Index/index?
INFO: [ app_init ] --START--
INFO: Run Behavior\BuildLiteBehavior [ RunTime:0.000023s ]
INFO: [ app_init ] --END-- [ RunTime:0.000892s ]
INFO: [ app_begin ] --START--
INFO: Run Behavior\ReadHtmlCacheBehavior [ RunTime:0.001039s ]
INFO: [ app_begin ] --END-- [ RunTime:0.001140s ]
SQL: SHOW COLUMNS FROM `p_menber` [ RunTime:0.0141s ]
SQL: SELECT * FROM `p_menber` WHERE `uid` = 1  [ RunTime:0.0020s ]
SQL: SHOW COLUMNS FROM `p_product` [ RunTime:0.0151s ]
NOTIC: [8] Undefined index: shangdian D:\WWW\dev\register\Application\Home\Controller\IndexController.class.php 第 21 行.
SQL: SELECT * FROM `p_product` WHERE `type` IN ('1','2','3') ORDER BY id asc  [ RunTime:0.0024s ]
INFO: [ view_parse ] --START--
INFO: [ template_filter ] --START--
INFO: Run Behavior\ContentReplaceBehavior [ RunTime:0.000467s ]
INFO: [ template_filter ] --END-- [ RunTime:0.000554s ]
INFO: Run Behavior\ParseTemplateBehavior [ RunTime:0.027518s ]
INFO: [ view_parse ] --END-- [ RunTime:0.027616s ]
INFO: [ view_filter ] --START--
INFO: Run Behavior\WriteHtmlCacheBehavior [ RunTime:0.000802s ]
INFO: [ view_filter ] --END-- [ RunTime:0.000874s ]
INFO: [ app_end ] --START--
INFO: Run Behavior\ShowPageTraceBehavior [ RunTime:0.001770s ]
INFO: [ app_end ] --END-- [ RunTime:0.001893s ]

[ 2017-06-07T23:29:06+08:00 ] 127.0.0.1 /register/index.php/Home/Index/index?
INFO: [ app_init ] --START--
INFO: Run Behavior\BuildLiteBehavior [ RunTime:0.000033s ]
INFO: [ app_init ] --END-- [ RunTime:0.001036s ]
INFO: [ app_begin ] --START--
INFO: Run Behavior\ReadHtmlCacheBehavior [ RunTime:0.001589s ]
INFO: [ app_begin ] --END-- [ RunTime:0.001777s ]
SQL: SHOW COLUMNS FROM `p_menber` [ RunTime:0.0140s ]
SQL: SELECT * FROM `p_menber` WHERE `uid` = 1  [ RunTime:0.0010s ]
SQL: SHOW COLUMNS FROM `p_product` [ RunTime:0.0149s ]
NOTIC: [8] Undefined index: shangdian D:\WWW\dev\register\Application\Home\Controller\IndexController.class.php 第 21 行.
SQL: SELECT * FROM `p_product` WHERE `type` IN ('1','2','3') ORDER BY id asc  [ RunTime:0.0015s ]
INFO: [ view_parse ] --START--
INFO: [ template_filter ] --START--
INFO: Run Behavior\ContentReplaceBehavior [ RunTime:0.000486s ]
INFO: [ template_filter ] --END-- [ RunTime:0.000625s ]
INFO: Run Behavior\ParseTemplateBehavior [ RunTime:0.038178s ]
INFO: [ view_parse ] --END-- [ RunTime:0.038311s ]
INFO: [ view_filter ] --START--
INFO: Run Behavior\WriteHtmlCacheBehavior [ RunTime:0.000669s ]
INFO: [ view_filter ] --END-- [ RunTime:0.000760s ]
INFO: [ app_end ] --START--
INFO: Run Behavior\ShowPageTraceBehavior [ RunTime:0.001476s ]
INFO: [ app_end ] --END-- [ RunTime:0.001639s ]

[ 2017-06-07T23:32:43+08:00 ] 127.0.0.1 /register/index.php/Home/Index/index?
INFO: [ app_init ] --START--
INFO: Run Behavior\BuildLiteBehavior [ RunTime:0.000022s ]
INFO: [ app_init ] --END-- [ RunTime:0.000807s ]
INFO: [ app_begin ] --START--
INFO: Run Behavior\ReadHtmlCacheBehavior [ RunTime:0.001810s ]
INFO: [ app_begin ] --END-- [ RunTime:0.001971s ]
SQL: SHOW COLUMNS FROM `p_menber` [ RunTime:0.0129s ]
SQL: SELECT * FROM `p_menber` WHERE `uid` = 1  [ RunTime:0.0013s ]
SQL: SHOW COLUMNS FROM `p_product` [ RunTime:0.0145s ]
NOTIC: [8] Undefined index: shangdian D:\WWW\dev\register\Application\Home\Controller\IndexController.class.php 第 21 行.
SQL: SELECT * FROM `p_product` WHERE `type` IN ('1','2','3') ORDER BY id asc  [ RunTime:0.0031s ]
INFO: [ view_parse ] --START--
INFO: [ template_filter ] --START--
INFO: Run Behavior\ContentReplaceBehavior [ RunTime:0.000678s ]
INFO: [ template_filter ] --END-- [ RunTime:0.000818s ]
INFO: Run Behavior\ParseTemplateBehavior [ RunTime:0.029607s ]
INFO: [ view_parse ] --END-- [ RunTime:0.029721s ]
INFO: [ view_filter ] --START--
INFO: Run Behavior\WriteHtmlCacheBehavior [ RunTime:0.000705s ]
INFO: [ view_filter ] --END-- [ RunTime:0.000769s ]
INFO: [ app_end ] --START--
INFO: Run Behavior\ShowPageTraceBehavior [ RunTime:0.001193s ]
INFO: [ app_end ] --END-- [ RunTime:0.001293s ]

