[ 2017-04-22T22:16:17+08:00 ] 127.0.0.1 /register/index.php/Home/
INFO: [ app_init ] --START--
INFO: Run Behavior\BuildLiteBehavior [ RunTime:0.000033s ]
INFO: [ app_init ] --END-- [ RunTime:0.023326s ]
INFO: [ app_begin ] --START--
INFO: Run Behavior\ReadHtmlCacheBehavior [ RunTime:0.008379s ]
INFO: [ app_begin ] --END-- [ RunTime:0.008527s ]
NOTIC: [8] Undefined index: name D:\WWW\dev\register\Application\Home\Controller\CommonController.class.php 第 8 行.

[ 2017-04-22T22:16:19+08:00 ] 127.0.0.1 /register/index.php/Home/Login/login
INFO: [ app_init ] --START--
INFO: Run Behavior\BuildLiteBehavior [ RunTime:0.000021s ]
INFO: [ app_init ] --END-- [ RunTime:0.000580s ]
INFO: [ app_begin ] --START--
INFO: Run Behavior\ReadHtmlCacheBehavior [ RunTime:0.000902s ]
INFO: [ app_begin ] --END-- [ RunTime:0.001013s ]
INFO: [ view_parse ] --START--
INFO: [ template_filter ] --START--
INFO: Run Behavior\ContentReplaceBehavior [ RunTime:0.018274s ]
INFO: [ template_filter ] --END-- [ RunTime:0.018468s ]
INFO: Run Behavior\ParseTemplateBehavior [ RunTime:0.135630s ]
INFO: [ view_parse ] --END-- [ RunTime:0.135758s ]
INFO: [ view_filter ] --START--
INFO: Run Behavior\WriteHtmlCacheBehavior [ RunTime:0.011435s ]
INFO: [ view_filter ] --END-- [ RunTime:0.011531s ]
INFO: [ app_end ] --START--
INFO: Run Behavior\ShowPageTraceBehavior [ RunTime:0.021678s ]
INFO: [ app_end ] --END-- [ RunTime:0.021763s ]

[ 2017-04-22T22:16:21+08:00 ] 127.0.0.1 /register/index.php/Home/Login/login
INFO: [ app_init ] --START--
INFO: Run Behavior\BuildLiteBehavior [ RunTime:0.000037s ]
INFO: [ app_init ] --END-- [ RunTime:0.000920s ]
INFO: [ app_begin ] --START--
INFO: Run Behavior\ReadHtmlCacheBehavior [ RunTime:0.000723s ]
INFO: [ app_begin ] --END-- [ RunTime:0.000818s ]
SQL: SHOW COLUMNS FROM `p_menber` [ RunTime:0.0531s ]
SQL: SELECT * FROM `p_menber` WHERE `name` = '18883287644' AND `pwd` = '123'  [ RunTime:0.0011s ]
NOTIC: [8] A session had already been started - ignoring session_start() D:\WWW\dev\register\Application\Home\Controller\LoginController.class.php 第 12 行.
INFO: [ view_parse ] --START--
INFO: [ template_filter ] --START--
INFO: Run Behavior\ContentReplaceBehavior [ RunTime:0.000116s ]
INFO: [ template_filter ] --END-- [ RunTime:0.000204s ]
INFO: Run Behavior\ParseTemplateBehavior [ RunTime:0.009695s ]
INFO: [ view_parse ] --END-- [ RunTime:0.009794s ]
INFO: [ view_filter ] --START--
INFO: Run Behavior\WriteHtmlCacheBehavior [ RunTime:0.000395s ]
INFO: [ view_filter ] --END-- [ RunTime:0.000464s ]
INFO: [ app_end ] --START--
INFO: Run Behavior\ShowPageTraceBehavior [ RunTime:0.000817s ]
INFO: [ app_end ] --END-- [ RunTime:0.000920s ]

[ 2017-04-22T22:16:22+08:00 ] 127.0.0.1 /register/index.php/Home/Index/index
INFO: [ app_init ] --START--
INFO: Run Behavior\BuildLiteBehavior [ RunTime:0.000045s ]
INFO: [ app_init ] --END-- [ RunTime:0.001473s ]
INFO: [ app_begin ] --START--
INFO: Run Behavior\ReadHtmlCacheBehavior [ RunTime:0.001297s ]
INFO: [ app_begin ] --END-- [ RunTime:0.001451s ]
SQL: SHOW COLUMNS FROM `p_menber` [ RunTime:0.0098s ]
SQL: SELECT * FROM `p_menber` WHERE `uid` = 1  [ RunTime:0.0020s ]
SQL: SELECT * FROM `p_menber` WHERE `uid` = 1  [ RunTime:0.0017s ]
SQL: SHOW COLUMNS FROM `p_orderlog` [ RunTime:0.0706s ]
SQL: SELECT * FROM `p_orderlog` ORDER BY logid DESC LIMIT 10   [ RunTime:0.0062s ]
SQL: SHOW COLUMNS FROM `p_incomelog` [ RunTime:0.0596s ]
SQL: SELECT * FROM `p_incomelog` WHERE `addymd` = '2017-04-21' AND `userid` = 1  [ RunTime:0.0030s ]
SQL: SELECT * FROM `p_incomelog` WHERE `userid` = 1 ORDER BY id DESC  [ RunTime:0.0030s ]
INFO: [ view_parse ] --START--
INFO: [ template_filter ] --START--
INFO: Run Behavior\ContentReplaceBehavior [ RunTime:0.000165s ]
INFO: [ template_filter ] --END-- [ RunTime:0.000278s ]
INFO: Run Behavior\ParseTemplateBehavior [ RunTime:0.077722s ]
INFO: [ view_parse ] --END-- [ RunTime:0.077862s ]
INFO: [ view_filter ] --START--
INFO: Run Behavior\WriteHtmlCacheBehavior [ RunTime:0.000752s ]
INFO: [ view_filter ] --END-- [ RunTime:0.000868s ]
INFO: [ app_end ] --START--
INFO: Run Behavior\ShowPageTraceBehavior [ RunTime:0.001182s ]
INFO: [ app_end ] --END-- [ RunTime:0.001316s ]

[ 2017-04-22T22:16:28+08:00 ] 127.0.0.1 /register/index.php/Home/Index/index
INFO: [ app_init ] --START--
INFO: Run Behavior\BuildLiteBehavior [ RunTime:0.000021s ]
INFO: [ app_init ] --END-- [ RunTime:0.000655s ]
INFO: [ app_begin ] --START--
INFO: Run Behavior\ReadHtmlCacheBehavior [ RunTime:0.000804s ]
INFO: [ app_begin ] --END-- [ RunTime:0.000901s ]
SQL: SHOW COLUMNS FROM `p_menber` [ RunTime:0.0110s ]
SQL: SELECT * FROM `p_menber` WHERE `uid` = 1  [ RunTime:0.0026s ]
SQL: SELECT * FROM `p_menber` WHERE `uid` = 1  [ RunTime:0.0024s ]
SQL: SHOW COLUMNS FROM `p_orderlog` [ RunTime:0.0122s ]
SQL: SELECT * FROM `p_orderlog` ORDER BY logid DESC LIMIT 10   [ RunTime:0.0029s ]
SQL: SHOW COLUMNS FROM `p_incomelog` [ RunTime:0.0133s ]
SQL: SELECT * FROM `p_incomelog` WHERE `addymd` = '2017-04-21' AND `userid` = 1  [ RunTime:0.0025s ]
SQL: SELECT * FROM `p_incomelog` WHERE `userid` = 1 ORDER BY id DESC  [ RunTime:0.0032s ]
INFO: [ view_parse ] --START--
INFO: [ template_filter ] --START--
INFO: Run Behavior\ContentReplaceBehavior [ RunTime:0.000177s ]
INFO: [ template_filter ] --END-- [ RunTime:0.000307s ]
INFO: Run Behavior\ParseTemplateBehavior [ RunTime:0.017541s ]
INFO: [ view_parse ] --END-- [ RunTime:0.017654s ]
INFO: [ view_filter ] --START--
INFO: Run Behavior\WriteHtmlCacheBehavior [ RunTime:0.000395s ]
INFO: [ view_filter ] --END-- [ RunTime:0.000458s ]
INFO: [ app_end ] --START--
INFO: Run Behavior\ShowPageTraceBehavior [ RunTime:0.000761s ]
INFO: [ app_end ] --END-- [ RunTime:0.000824s ]

[ 2017-04-22T22:16:33+08:00 ] 127.0.0.1 /register/index.php/Home/User/user.html
INFO: [ app_init ] --START--
INFO: Run Behavior\BuildLiteBehavior [ RunTime:0.000032s ]
INFO: [ app_init ] --END-- [ RunTime:0.000924s ]
INFO: [ app_begin ] --START--
INFO: Run Behavior\ReadHtmlCacheBehavior [ RunTime:0.001067s ]
INFO: [ app_begin ] --END-- [ RunTime:0.001196s ]
SQL: SHOW COLUMNS FROM `p_menber` [ RunTime:0.0134s ]
SQL: SELECT * FROM `p_menber` WHERE `uid` = 1  [ RunTime:0.0025s ]
INFO: [ view_parse ] --START--
INFO: [ template_filter ] --START--
INFO: Run Behavior\ContentReplaceBehavior [ RunTime:0.000164s ]
INFO: [ template_filter ] --END-- [ RunTime:0.000257s ]
INFO: Run Behavior\ParseTemplateBehavior [ RunTime:0.041675s ]
INFO: [ view_parse ] --END-- [ RunTime:0.041823s ]
INFO: [ view_filter ] --START--
INFO: Run Behavior\WriteHtmlCacheBehavior [ RunTime:0.000544s ]
INFO: [ view_filter ] --END-- [ RunTime:0.000635s ]
INFO: [ app_end ] --START--
INFO: Run Behavior\ShowPageTraceBehavior [ RunTime:0.001078s ]
INFO: [ app_end ] --END-- [ RunTime:0.001187s ]

[ 2017-04-22T22:16:35+08:00 ] 127.0.0.1 /register/index.php/Home/User/drawCash.html
INFO: [ app_init ] --START--
INFO: Run Behavior\BuildLiteBehavior [ RunTime:0.000021s ]
INFO: [ app_init ] --END-- [ RunTime:0.000597s ]
INFO: [ app_begin ] --START--
INFO: Run Behavior\ReadHtmlCacheBehavior [ RunTime:0.000888s ]
INFO: [ app_begin ] --END-- [ RunTime:0.000973s ]
SQL: SHOW COLUMNS FROM `p_menber` [ RunTime:0.0096s ]
SQL: SELECT * FROM `p_menber` WHERE `uid` = 1  [ RunTime:0.0019s ]
INFO: [ view_parse ] --START--
INFO: [ template_filter ] --START--
INFO: Run Behavior\ContentReplaceBehavior [ RunTime:0.000154s ]
INFO: [ template_filter ] --END-- [ RunTime:0.000267s ]
INFO: Run Behavior\ParseTemplateBehavior [ RunTime:0.038854s ]
INFO: [ view_parse ] --END-- [ RunTime:0.038983s ]
INFO: [ view_filter ] --START--
INFO: Run Behavior\WriteHtmlCacheBehavior [ RunTime:0.000543s ]
INFO: [ view_filter ] --END-- [ RunTime:0.000629s ]
INFO: [ app_end ] --START--
INFO: Run Behavior\ShowPageTraceBehavior [ RunTime:0.000881s ]
INFO: [ app_end ] --END-- [ RunTime:0.000962s ]

[ 2017-04-22T22:17:22+08:00 ] 127.0.0.1 /register/index.php/Home/User/drawCash.html
INFO: [ app_init ] --START--
INFO: Run Behavior\BuildLiteBehavior [ RunTime:0.000036s ]
INFO: [ app_init ] --END-- [ RunTime:0.000721s ]
INFO: [ app_begin ] --START--
INFO: Run Behavior\ReadHtmlCacheBehavior [ RunTime:0.001350s ]
INFO: [ app_begin ] --END-- [ RunTime:0.001532s ]
SQL: SHOW COLUMNS FROM `p_menber` [ RunTime:0.0121s ]
SQL: SELECT * FROM `p_menber` WHERE `uid` = 1  [ RunTime:0.0008s ]
INFO: [ view_parse ] --START--
INFO: [ template_filter ] --START--
INFO: Run Behavior\ContentReplaceBehavior [ RunTime:0.000159s ]
INFO: [ template_filter ] --END-- [ RunTime:0.000246s ]
INFO: Run Behavior\ParseTemplateBehavior [ RunTime:0.011086s ]
INFO: [ view_parse ] --END-- [ RunTime:0.011192s ]
INFO: [ view_filter ] --START--
INFO: Run Behavior\WriteHtmlCacheBehavior [ RunTime:0.000520s ]
INFO: [ view_filter ] --END-- [ RunTime:0.000587s ]
INFO: [ app_end ] --START--
INFO: Run Behavior\ShowPageTraceBehavior [ RunTime:0.000744s ]
INFO: [ app_end ] --END-- [ RunTime:0.000807s ]

[ 2017-04-22T22:17:47+08:00 ] 127.0.0.1 /register/index.php/Home/User/drawCash.html
INFO: [ app_init ] --START--
INFO: Run Behavior\BuildLiteBehavior [ RunTime:0.000036s ]
INFO: [ app_init ] --END-- [ RunTime:0.000913s ]
INFO: [ app_begin ] --START--
INFO: Run Behavior\ReadHtmlCacheBehavior [ RunTime:0.000911s ]
INFO: [ app_begin ] --END-- [ RunTime:0.001039s ]
SQL: SHOW COLUMNS FROM `p_menber` [ RunTime:0.0124s ]
SQL: SELECT * FROM `p_menber` WHERE `uid` = 1  [ RunTime:0.0022s ]
INFO: [ view_parse ] --START--
INFO: [ template_filter ] --START--
INFO: Run Behavior\ContentReplaceBehavior [ RunTime:0.000156s ]
INFO: [ template_filter ] --END-- [ RunTime:0.000238s ]
INFO: Run Behavior\ParseTemplateBehavior [ RunTime:0.010091s ]
INFO: [ view_parse ] --END-- [ RunTime:0.010193s ]
INFO: [ view_filter ] --START--
INFO: Run Behavior\WriteHtmlCacheBehavior [ RunTime:0.000435s ]
INFO: [ view_filter ] --END-- [ RunTime:0.000502s ]
INFO: [ app_end ] --START--
INFO: Run Behavior\ShowPageTraceBehavior [ RunTime:0.000733s ]
INFO: [ app_end ] --END-- [ RunTime:0.000800s ]

[ 2017-04-22T22:27:54+08:00 ] 127.0.0.1 /register/index.php/Home/User/drawCash.html
INFO: [ app_init ] --START--
INFO: Run Behavior\BuildLiteBehavior [ RunTime:0.000021s ]
INFO: [ app_init ] --END-- [ RunTime:0.000715s ]
INFO: [ app_begin ] --START--
INFO: Run Behavior\ReadHtmlCacheBehavior [ RunTime:0.000800s ]
INFO: [ app_begin ] --END-- [ RunTime:0.000880s ]
SQL: SHOW COLUMNS FROM `p_menber` [ RunTime:0.0113s ]
SQL: SELECT * FROM `p_menber` WHERE `uid` = 1  [ RunTime:0.0010s ]
INFO: [ view_parse ] --START--
INFO: [ template_filter ] --START--
INFO: Run Behavior\ContentReplaceBehavior [ RunTime:0.000189s ]
INFO: [ template_filter ] --END-- [ RunTime:0.000281s ]
INFO: Run Behavior\ParseTemplateBehavior [ RunTime:0.011697s ]
INFO: [ view_parse ] --END-- [ RunTime:0.011799s ]
INFO: [ view_filter ] --START--
INFO: Run Behavior\WriteHtmlCacheBehavior [ RunTime:0.000522s ]
INFO: [ view_filter ] --END-- [ RunTime:0.000582s ]
INFO: [ app_end ] --START--
INFO: Run Behavior\ShowPageTraceBehavior [ RunTime:0.000854s ]
INFO: [ app_end ] --END-- [ RunTime:0.000921s ]

[ 2017-04-22T22:28:00+08:00 ] 127.0.0.1 /register/index.php/Home/User/drawCash.html
INFO: [ app_init ] --START--
INFO: Run Behavior\BuildLiteBehavior [ RunTime:0.000060s ]
INFO: [ app_init ] --END-- [ RunTime:0.001282s ]
INFO: [ app_begin ] --START--
INFO: Run Behavior\ReadHtmlCacheBehavior [ RunTime:0.001029s ]
INFO: [ app_begin ] --END-- [ RunTime:0.001150s ]
SQL: SHOW COLUMNS FROM `p_menber` [ RunTime:0.0127s ]
SQL: SELECT * FROM `p_menber` WHERE `uid` = 1  [ RunTime:0.0019s ]
INFO: [ view_parse ] --START--
INFO: [ template_filter ] --START--
INFO: Run Behavior\ContentReplaceBehavior [ RunTime:0.000161s ]
INFO: [ template_filter ] --END-- [ RunTime:0.000253s ]
INFO: Run Behavior\ParseTemplateBehavior [ RunTime:0.010738s ]
INFO: [ view_parse ] --END-- [ RunTime:0.010846s ]
INFO: [ view_filter ] --START--
INFO: Run Behavior\WriteHtmlCacheBehavior [ RunTime:0.000380s ]
INFO: [ view_filter ] --END-- [ RunTime:0.000441s ]
INFO: [ app_end ] --START--
INFO: Run Behavior\ShowPageTraceBehavior [ RunTime:0.000916s ]
INFO: [ app_end ] --END-- [ RunTime:0.000999s ]

[ 2017-04-22T22:28:08+08:00 ] 127.0.0.1 /register/index.php/Home/
INFO: [ app_init ] --START--
INFO: Run Behavior\BuildLiteBehavior [ RunTime:0.000053s ]
INFO: [ app_init ] --END-- [ RunTime:0.001491s ]
INFO: [ app_begin ] --START--
INFO: Run Behavior\ReadHtmlCacheBehavior [ RunTime:0.000869s ]
INFO: [ app_begin ] --END-- [ RunTime:0.000989s ]
SQL: SHOW COLUMNS FROM `p_menber` [ RunTime:0.0128s ]
SQL: SELECT * FROM `p_menber` WHERE `uid` = 1  [ RunTime:0.0015s ]
SQL: SELECT * FROM `p_menber` WHERE `uid` = 1  [ RunTime:0.0011s ]
SQL: SHOW COLUMNS FROM `p_orderlog` [ RunTime:0.0094s ]
SQL: SELECT * FROM `p_orderlog` ORDER BY logid DESC LIMIT 10   [ RunTime:0.0018s ]
SQL: SHOW COLUMNS FROM `p_incomelog` [ RunTime:0.0115s ]
SQL: SELECT * FROM `p_incomelog` WHERE `addymd` = '2017-04-21' AND `userid` = 1  [ RunTime:0.0015s ]
SQL: SELECT * FROM `p_incomelog` WHERE `userid` = 1 ORDER BY id DESC  [ RunTime:0.0021s ]
INFO: [ view_parse ] --START--
INFO: [ template_filter ] --START--
INFO: Run Behavior\ContentReplaceBehavior [ RunTime:0.000163s ]
INFO: [ template_filter ] --END-- [ RunTime:0.000273s ]
INFO: Run Behavior\ParseTemplateBehavior [ RunTime:0.015910s ]
INFO: [ view_parse ] --END-- [ RunTime:0.016002s ]
INFO: [ view_filter ] --START--
INFO: Run Behavior\WriteHtmlCacheBehavior [ RunTime:0.000390s ]
INFO: [ view_filter ] --END-- [ RunTime:0.000451s ]
INFO: [ app_end ] --START--
INFO: Run Behavior\ShowPageTraceBehavior [ RunTime:0.000930s ]
INFO: [ app_end ] --END-- [ RunTime:0.001070s ]

[ 2017-04-22T22:28:11+08:00 ] 127.0.0.1 /register/index.php/Home/
INFO: [ app_init ] --START--
INFO: Run Behavior\BuildLiteBehavior [ RunTime:0.000022s ]
INFO: [ app_init ] --END-- [ RunTime:0.000764s ]
INFO: [ app_begin ] --START--
INFO: Run Behavior\ReadHtmlCacheBehavior [ RunTime:0.000772s ]
INFO: [ app_begin ] --END-- [ RunTime:0.000910s ]
SQL: SHOW COLUMNS FROM `p_menber` [ RunTime:0.0138s ]
SQL: SELECT * FROM `p_menber` WHERE `uid` = 1  [ RunTime:0.0008s ]
SQL: SELECT * FROM `p_menber` WHERE `uid` = 1  [ RunTime:0.0007s ]
SQL: SHOW COLUMNS FROM `p_orderlog` [ RunTime:0.0140s ]
SQL: SELECT * FROM `p_orderlog` ORDER BY logid DESC LIMIT 10   [ RunTime:0.0010s ]
SQL: SHOW COLUMNS FROM `p_incomelog` [ RunTime:0.0147s ]
SQL: SELECT * FROM `p_incomelog` WHERE `addymd` = '2017-04-21' AND `userid` = 1  [ RunTime:0.0010s ]
SQL: SELECT * FROM `p_incomelog` WHERE `userid` = 1 ORDER BY id DESC  [ RunTime:0.0014s ]
INFO: [ view_parse ] --START--
INFO: [ template_filter ] --START--
INFO: Run Behavior\ContentReplaceBehavior [ RunTime:0.000171s ]
INFO: [ template_filter ] --END-- [ RunTime:0.000326s ]
INFO: Run Behavior\ParseTemplateBehavior [ RunTime:0.026113s ]
INFO: [ view_parse ] --END-- [ RunTime:0.026228s ]
INFO: [ view_filter ] --START--
INFO: Run Behavior\WriteHtmlCacheBehavior [ RunTime:0.000485s ]
INFO: [ view_filter ] --END-- [ RunTime:0.000554s ]
INFO: [ app_end ] --START--
INFO: Run Behavior\ShowPageTraceBehavior [ RunTime:0.000844s ]
INFO: [ app_end ] --END-- [ RunTime:0.000916s ]

[ 2017-04-22T22:28:18+08:00 ] 127.0.0.1 /register/index.php/Home/User/drawCash.html
INFO: [ app_init ] --START--
INFO: Run Behavior\BuildLiteBehavior [ RunTime:0.000021s ]
INFO: [ app_init ] --END-- [ RunTime:0.000583s ]
INFO: [ app_begin ] --START--
INFO: Run Behavior\ReadHtmlCacheBehavior [ RunTime:0.000762s ]
INFO: [ app_begin ] --END-- [ RunTime:0.000846s ]
SQL: SHOW COLUMNS FROM `p_menber` [ RunTime:0.0127s ]
SQL: SELECT * FROM `p_menber` WHERE `uid` = 1  [ RunTime:0.0008s ]
INFO: [ view_parse ] --START--
INFO: [ template_filter ] --START--
INFO: Run Behavior\ContentReplaceBehavior [ RunTime:0.000177s ]
INFO: [ template_filter ] --END-- [ RunTime:0.000281s ]
INFO: Run Behavior\ParseTemplateBehavior [ RunTime:0.012063s ]
INFO: [ view_parse ] --END-- [ RunTime:0.012171s ]
INFO: [ view_filter ] --START--
INFO: Run Behavior\WriteHtmlCacheBehavior [ RunTime:0.000395s ]
INFO: [ view_filter ] --END-- [ RunTime:0.000456s ]
INFO: [ app_end ] --START--
INFO: Run Behavior\ShowPageTraceBehavior [ RunTime:0.000721s ]
INFO: [ app_end ] --END-- [ RunTime:0.000786s ]

[ 2017-04-22T22:28:57+08:00 ] 127.0.0.1 /register/index.php/Home/User/drawCash.html
INFO: [ app_init ] --START--
INFO: Run Behavior\BuildLiteBehavior [ RunTime:0.000031s ]
INFO: [ app_init ] --END-- [ RunTime:0.001457s ]
INFO: [ app_begin ] --START--
INFO: Run Behavior\ReadHtmlCacheBehavior [ RunTime:0.000827s ]
INFO: [ app_begin ] --END-- [ RunTime:0.000974s ]
SQL: SHOW COLUMNS FROM `p_menber` [ RunTime:0.0166s ]
SQL: SELECT * FROM `p_menber` WHERE `uid` = 1  [ RunTime:0.0022s ]
SQL: SELECT * FROM `p_menber` WHERE `uid` = 1 AND `pwd2` = '123456'  [ RunTime:0.0014s ]
SQL: UPDATE `p_menber` SET `incomebag`='108.8' WHERE `uid` = 1 [ RunTime:0.0019s ]
SQL: SHOW COLUMNS FROM `p_incomelog` [ RunTime:0.0192s ]
NOTIC: [8] Undefined index: name D:\WWW\dev\register\Application\Home\Controller\UserController.class.php 第 106 行.
SQL: INSERT INTO `p_incomelog` (`type`,`state`,`reson`,`addymd`,`addtime`,`orderid`,`userid`,`income`) VALUES ('3','0','支付宝提现','2017-04-22','2017-04-22 22:28:57',',18883287644,,,,','1','100') [ RunTime:0.0036s ]

[ 2017-04-22T22:28:59+08:00 ] 127.0.0.1 /register/index.php/Home/User/drawCash
INFO: [ app_init ] --START--
INFO: Run Behavior\BuildLiteBehavior [ RunTime:0.000037s ]
INFO: [ app_init ] --END-- [ RunTime:0.000998s ]
INFO: [ app_begin ] --START--
INFO: Run Behavior\ReadHtmlCacheBehavior [ RunTime:0.001408s ]
INFO: [ app_begin ] --END-- [ RunTime:0.001751s ]
SQL: SHOW COLUMNS FROM `p_menber` [ RunTime:0.0149s ]
SQL: SELECT * FROM `p_menber` WHERE `uid` = 1  [ RunTime:0.0022s ]
INFO: [ view_parse ] --START--
INFO: [ template_filter ] --START--
INFO: Run Behavior\ContentReplaceBehavior [ RunTime:0.000402s ]
INFO: [ template_filter ] --END-- [ RunTime:0.000668s ]
INFO: Run Behavior\ParseTemplateBehavior [ RunTime:0.016677s ]
INFO: [ view_parse ] --END-- [ RunTime:0.016821s ]
INFO: [ view_filter ] --START--
INFO: Run Behavior\WriteHtmlCacheBehavior [ RunTime:0.000409s ]
INFO: [ view_filter ] --END-- [ RunTime:0.000472s ]
INFO: [ app_end ] --START--
INFO: Run Behavior\ShowPageTraceBehavior [ RunTime:0.000818s ]
INFO: [ app_end ] --END-- [ RunTime:0.000891s ]

[ 2017-04-22T22:29:04+08:00 ] 127.0.0.1 /register/index.php/Home/
INFO: [ app_init ] --START--
INFO: Run Behavior\BuildLiteBehavior [ RunTime:0.000020s ]
INFO: [ app_init ] --END-- [ RunTime:0.000779s ]
INFO: [ app_begin ] --START--
INFO: Run Behavior\ReadHtmlCacheBehavior [ RunTime:0.000812s ]
INFO: [ app_begin ] --END-- [ RunTime:0.000958s ]
SQL: SHOW COLUMNS FROM `p_menber` [ RunTime:0.0132s ]
SQL: SELECT * FROM `p_menber` WHERE `uid` = 1  [ RunTime:0.0007s ]
SQL: SELECT * FROM `p_menber` WHERE `uid` = 1  [ RunTime:0.0006s ]
SQL: SHOW COLUMNS FROM `p_orderlog` [ RunTime:0.0141s ]
SQL: SELECT * FROM `p_orderlog` ORDER BY logid DESC LIMIT 10   [ RunTime:0.0008s ]
SQL: SHOW COLUMNS FROM `p_incomelog` [ RunTime:0.0135s ]
SQL: SELECT * FROM `p_incomelog` WHERE `addymd` = '2017-04-21' AND `userid` = 1  [ RunTime:0.0007s ]
SQL: SELECT * FROM `p_incomelog` WHERE `userid` = 1 ORDER BY id DESC  [ RunTime:0.0016s ]
INFO: [ view_parse ] --START--
INFO: [ template_filter ] --START--
INFO: Run Behavior\ContentReplaceBehavior [ RunTime:0.000499s ]
INFO: [ template_filter ] --END-- [ RunTime:0.000676s ]
INFO: Run Behavior\ParseTemplateBehavior [ RunTime:0.025963s ]
INFO: [ view_parse ] --END-- [ RunTime:0.026108s ]
INFO: [ view_filter ] --START--
INFO: Run Behavior\WriteHtmlCacheBehavior [ RunTime:0.000610s ]
INFO: [ view_filter ] --END-- [ RunTime:0.000699s ]
INFO: [ app_end ] --START--
INFO: Run Behavior\ShowPageTraceBehavior [ RunTime:0.000787s ]
INFO: [ app_end ] --END-- [ RunTime:0.000858s ]

[ 2017-04-22T22:29:45+08:00 ] 127.0.0.1 /register/index.php/Home/User/drawCash
INFO: [ app_init ] --START--
INFO: Run Behavior\BuildLiteBehavior [ RunTime:0.000033s ]
INFO: [ app_init ] --END-- [ RunTime:0.000880s ]
INFO: [ app_begin ] --START--
INFO: Run Behavior\ReadHtmlCacheBehavior [ RunTime:0.001047s ]
INFO: [ app_begin ] --END-- [ RunTime:0.001195s ]
SQL: SHOW COLUMNS FROM `p_menber` [ RunTime:0.0142s ]
SQL: SELECT * FROM `p_menber` WHERE `uid` = 1  [ RunTime:0.0024s ]
SQL: SELECT * FROM `p_menber` WHERE `uid` = 1 AND `pwd2` = '123456'  [ RunTime:0.0016s ]
SQL: UPDATE `p_menber` SET `incomebag`='100.8' WHERE `uid` = 1 [ RunTime:0.0012s ]
SQL: SHOW COLUMNS FROM `p_incomelog` [ RunTime:0.0161s ]
NOTIC: [8] Undefined index: name D:\WWW\dev\register\Application\Home\Controller\UserController.class.php 第 106 行.
SQL: INSERT INTO `p_incomelog` (`type`,`state`,`reson`,`addymd`,`addtime`,`orderid`,`userid`,`income`) VALUES ('3','0','银行卡提现','2017-04-22','2017-04-22 22:29:45',',123123,123123,123455,1231213,12312','1','8') [ RunTime:0.0008s ]

[ 2017-04-22T22:29:47+08:00 ] 127.0.0.1 /register/index.php/Home/User/drawCash
INFO: [ app_init ] --START--
INFO: Run Behavior\BuildLiteBehavior [ RunTime:0.000035s ]
INFO: [ app_init ] --END-- [ RunTime:0.001029s ]
INFO: [ app_begin ] --START--
INFO: Run Behavior\ReadHtmlCacheBehavior [ RunTime:0.001420s ]
INFO: [ app_begin ] --END-- [ RunTime:0.001653s ]
SQL: SHOW COLUMNS FROM `p_menber` [ RunTime:0.0176s ]
SQL: SELECT * FROM `p_menber` WHERE `uid` = 1  [ RunTime:0.0023s ]
INFO: [ view_parse ] --START--
INFO: [ template_filter ] --START--
INFO: Run Behavior\ContentReplaceBehavior [ RunTime:0.000170s ]
INFO: [ template_filter ] --END-- [ RunTime:0.000283s ]
INFO: Run Behavior\ParseTemplateBehavior [ RunTime:0.013816s ]
INFO: [ view_parse ] --END-- [ RunTime:0.013968s ]
INFO: [ view_filter ] --START--
INFO: Run Behavior\WriteHtmlCacheBehavior [ RunTime:0.000598s ]
INFO: [ view_filter ] --END-- [ RunTime:0.000705s ]
INFO: [ app_end ] --START--
INFO: Run Behavior\ShowPageTraceBehavior [ RunTime:0.001075s ]
INFO: [ app_end ] --END-- [ RunTime:0.001192s ]

[ 2017-04-22T22:29:49+08:00 ] 127.0.0.1 /register/index.php/Home/
INFO: [ app_init ] --START--
INFO: Run Behavior\BuildLiteBehavior [ RunTime:0.000028s ]
INFO: [ app_init ] --END-- [ RunTime:0.000814s ]
INFO: [ app_begin ] --START--
INFO: Run Behavior\ReadHtmlCacheBehavior [ RunTime:0.001206s ]
INFO: [ app_begin ] --END-- [ RunTime:0.001381s ]
SQL: SHOW COLUMNS FROM `p_menber` [ RunTime:0.0122s ]
SQL: SELECT * FROM `p_menber` WHERE `uid` = 1  [ RunTime:0.0013s ]
SQL: SELECT * FROM `p_menber` WHERE `uid` = 1  [ RunTime:0.0009s ]
SQL: SHOW COLUMNS FROM `p_orderlog` [ RunTime:0.0125s ]
SQL: SELECT * FROM `p_orderlog` ORDER BY logid DESC LIMIT 10   [ RunTime:0.0020s ]
SQL: SHOW COLUMNS FROM `p_incomelog` [ RunTime:0.0143s ]
SQL: SELECT * FROM `p_incomelog` WHERE `addymd` = '2017-04-21' AND `userid` = 1  [ RunTime:0.0012s ]
SQL: SELECT * FROM `p_incomelog` WHERE `userid` = 1 ORDER BY id DESC  [ RunTime:0.0032s ]
INFO: [ view_parse ] --START--
INFO: [ template_filter ] --START--
INFO: Run Behavior\ContentReplaceBehavior [ RunTime:0.000217s ]
INFO: [ template_filter ] --END-- [ RunTime:0.000382s ]
INFO: Run Behavior\ParseTemplateBehavior [ RunTime:0.021007s ]
INFO: [ view_parse ] --END-- [ RunTime:0.021117s ]
INFO: [ view_filter ] --START--
INFO: Run Behavior\WriteHtmlCacheBehavior [ RunTime:0.000420s ]
INFO: [ view_filter ] --END-- [ RunTime:0.000501s ]
INFO: [ app_end ] --START--
INFO: Run Behavior\ShowPageTraceBehavior [ RunTime:0.001037s ]
INFO: [ app_end ] --END-- [ RunTime:0.001142s ]

[ 2017-04-22T22:30:17+08:00 ] 127.0.0.1 /register/index.php/Home/User/drawCash
INFO: [ app_init ] --START--
INFO: Run Behavior\BuildLiteBehavior [ RunTime:0.000022s ]
INFO: [ app_init ] --END-- [ RunTime:0.000694s ]
INFO: [ app_begin ] --START--
INFO: Run Behavior\ReadHtmlCacheBehavior [ RunTime:0.001577s ]
INFO: [ app_begin ] --END-- [ RunTime:0.001801s ]
SQL: SHOW COLUMNS FROM `p_menber` [ RunTime:0.0148s ]
SQL: SELECT * FROM `p_menber` WHERE `uid` = 1  [ RunTime:0.0014s ]
SQL: SELECT * FROM `p_menber` WHERE `uid` = 1 AND `pwd2` = '123456'  [ RunTime:0.0021s ]
SQL: UPDATE `p_menber` SET `chargebag`='1966.8',`incomebag`='0' WHERE `uid` = 1 [ RunTime:0.0018s ]
SQL: SHOW COLUMNS FROM `p_incomelog` [ RunTime:0.0173s ]
NOTIC: [8] Undefined index: name D:\WWW\dev\register\Application\Home\Controller\UserController.class.php 第 106 行.
SQL: INSERT INTO `p_incomelog` (`type`,`state`,`reson`,`addymd`,`addtime`,`orderid`,`userid`,`income`) VALUES ('3','0','支付宝提现','2017-04-22','2017-04-22 22:30:17',',18883287644,,,,','1','110') [ RunTime:0.0024s ]

[ 2017-04-22T22:30:18+08:00 ] 127.0.0.1 /register/index.php/Home/User/drawCash
INFO: [ app_init ] --START--
INFO: Run Behavior\BuildLiteBehavior [ RunTime:0.000068s ]
INFO: [ app_init ] --END-- [ RunTime:0.001392s ]
INFO: [ app_begin ] --START--
INFO: Run Behavior\ReadHtmlCacheBehavior [ RunTime:0.001185s ]
INFO: [ app_begin ] --END-- [ RunTime:0.001339s ]
SQL: SHOW COLUMNS FROM `p_menber` [ RunTime:0.0147s ]
SQL: SELECT * FROM `p_menber` WHERE `uid` = 1  [ RunTime:0.0012s ]
INFO: [ view_parse ] --START--
INFO: [ template_filter ] --START--
INFO: Run Behavior\ContentReplaceBehavior [ RunTime:0.000474s ]
INFO: [ template_filter ] --END-- [ RunTime:0.000649s ]
INFO: Run Behavior\ParseTemplateBehavior [ RunTime:0.020645s ]
INFO: [ view_parse ] --END-- [ RunTime:0.020779s ]
INFO: [ view_filter ] --START--
INFO: Run Behavior\WriteHtmlCacheBehavior [ RunTime:0.000830s ]
INFO: [ view_filter ] --END-- [ RunTime:0.000981s ]
INFO: [ app_end ] --START--
INFO: Run Behavior\ShowPageTraceBehavior [ RunTime:0.001437s ]
INFO: [ app_end ] --END-- [ RunTime:0.001570s ]

[ 2017-04-22T22:30:22+08:00 ] 127.0.0.1 /register/index.php/Home/
INFO: [ app_init ] --START--
INFO: Run Behavior\BuildLiteBehavior [ RunTime:0.000038s ]
INFO: [ app_init ] --END-- [ RunTime:0.001068s ]
INFO: [ app_begin ] --START--
INFO: Run Behavior\ReadHtmlCacheBehavior [ RunTime:0.000797s ]
INFO: [ app_begin ] --END-- [ RunTime:0.000927s ]
SQL: SHOW COLUMNS FROM `p_menber` [ RunTime:0.0134s ]
SQL: SELECT * FROM `p_menber` WHERE `uid` = 1  [ RunTime:0.0007s ]
SQL: SELECT * FROM `p_menber` WHERE `uid` = 1  [ RunTime:0.0006s ]
SQL: SHOW COLUMNS FROM `p_orderlog` [ RunTime:0.0116s ]
SQL: SELECT * FROM `p_orderlog` ORDER BY logid DESC LIMIT 10   [ RunTime:0.0011s ]
SQL: SHOW COLUMNS FROM `p_incomelog` [ RunTime:0.0138s ]
SQL: SELECT * FROM `p_incomelog` WHERE `addymd` = '2017-04-21' AND `userid` = 1  [ RunTime:0.0010s ]
SQL: SELECT * FROM `p_incomelog` WHERE `userid` = 1 ORDER BY id DESC  [ RunTime:0.0013s ]
INFO: [ view_parse ] --START--
INFO: [ template_filter ] --START--
INFO: Run Behavior\ContentReplaceBehavior [ RunTime:0.000167s ]
INFO: [ template_filter ] --END-- [ RunTime:0.000253s ]
INFO: Run Behavior\ParseTemplateBehavior [ RunTime:0.019099s ]
INFO: [ view_parse ] --END-- [ RunTime:0.019261s ]
INFO: [ view_filter ] --START--
INFO: Run Behavior\WriteHtmlCacheBehavior [ RunTime:0.000398s ]
INFO: [ view_filter ] --END-- [ RunTime:0.000460s ]
INFO: [ app_end ] --START--
INFO: Run Behavior\ShowPageTraceBehavior [ RunTime:0.000764s ]
INFO: [ app_end ] --END-- [ RunTime:0.000848s ]

[ 2017-04-22T22:30:42+08:00 ] 127.0.0.1 /register/index.php/Home/User/drawCash
INFO: [ app_init ] --START--
INFO: Run Behavior\BuildLiteBehavior [ RunTime:0.000030s ]
INFO: [ app_init ] --END-- [ RunTime:0.000701s ]
INFO: [ app_begin ] --START--
INFO: Run Behavior\ReadHtmlCacheBehavior [ RunTime:0.000756s ]
INFO: [ app_begin ] --END-- [ RunTime:0.000881s ]
SQL: SHOW COLUMNS FROM `p_menber` [ RunTime:0.0127s ]
SQL: SELECT * FROM `p_menber` WHERE `uid` = 1  [ RunTime:0.0007s ]
SQL: SELECT * FROM `p_menber` WHERE `uid` = 1 AND `pwd2` = '123456'  [ RunTime:0.0006s ]
SQL: UPDATE `p_menber` SET `chargebag`='1906.8',`incomebag`='0' WHERE `uid` = 1 [ RunTime:0.0010s ]
SQL: SHOW COLUMNS FROM `p_incomelog` [ RunTime:0.0131s ]
NOTIC: [8] Undefined index: name D:\WWW\dev\register\Application\Home\Controller\UserController.class.php 第 106 行.
SQL: INSERT INTO `p_incomelog` (`type`,`state`,`reson`,`addymd`,`addtime`,`orderid`,`userid`,`income`) VALUES ('3','0','支付宝提现','2017-04-22','2017-04-22 22:30:42',',18883287644,,,,','1','60') [ RunTime:0.0007s ]

[ 2017-04-22T22:30:43+08:00 ] 127.0.0.1 /register/index.php/Home/User/drawCash
INFO: [ app_init ] --START--
INFO: Run Behavior\BuildLiteBehavior [ RunTime:0.000029s ]
INFO: [ app_init ] --END-- [ RunTime:0.000901s ]
INFO: [ app_begin ] --START--
INFO: Run Behavior\ReadHtmlCacheBehavior [ RunTime:0.001442s ]
INFO: [ app_begin ] --END-- [ RunTime:0.001596s ]
SQL: SHOW COLUMNS FROM `p_menber` [ RunTime:0.0173s ]
SQL: SELECT * FROM `p_menber` WHERE `uid` = 1  [ RunTime:0.0031s ]
INFO: [ view_parse ] --START--
INFO: [ template_filter ] --START--
INFO: Run Behavior\ContentReplaceBehavior [ RunTime:0.000336s ]
INFO: [ template_filter ] --END-- [ RunTime:0.000581s ]
INFO: Run Behavior\ParseTemplateBehavior [ RunTime:0.020886s ]
INFO: [ view_parse ] --END-- [ RunTime:0.021040s ]
INFO: [ view_filter ] --START--
INFO: Run Behavior\WriteHtmlCacheBehavior [ RunTime:0.000670s ]
INFO: [ view_filter ] --END-- [ RunTime:0.000792s ]
INFO: [ app_end ] --START--
INFO: Run Behavior\ShowPageTraceBehavior [ RunTime:0.001496s ]
INFO: [ app_end ] --END-- [ RunTime:0.001626s ]

[ 2017-04-22T22:30:47+08:00 ] 127.0.0.1 /register/index.php/Home/
INFO: [ app_init ] --START--
INFO: Run Behavior\BuildLiteBehavior [ RunTime:0.000027s ]
INFO: [ app_init ] --END-- [ RunTime:0.000772s ]
INFO: [ app_begin ] --START--
INFO: Run Behavior\ReadHtmlCacheBehavior [ RunTime:0.000785s ]
INFO: [ app_begin ] --END-- [ RunTime:0.000905s ]
SQL: SHOW COLUMNS FROM `p_menber` [ RunTime:0.0125s ]
SQL: SELECT * FROM `p_menber` WHERE `uid` = 1  [ RunTime:0.0011s ]
SQL: SELECT * FROM `p_menber` WHERE `uid` = 1  [ RunTime:0.0010s ]
SQL: SHOW COLUMNS FROM `p_orderlog` [ RunTime:0.0121s ]
SQL: SELECT * FROM `p_orderlog` ORDER BY logid DESC LIMIT 10   [ RunTime:0.0014s ]
SQL: SHOW COLUMNS FROM `p_incomelog` [ RunTime:0.0159s ]
SQL: SELECT * FROM `p_incomelog` WHERE `addymd` = '2017-04-21' AND `userid` = 1  [ RunTime:0.0013s ]
SQL: SELECT * FROM `p_incomelog` WHERE `userid` = 1 ORDER BY id DESC  [ RunTime:0.0019s ]
INFO: [ view_parse ] --START--
INFO: [ template_filter ] --START--
INFO: Run Behavior\ContentReplaceBehavior [ RunTime:0.000153s ]
INFO: [ template_filter ] --END-- [ RunTime:0.000254s ]
INFO: Run Behavior\ParseTemplateBehavior [ RunTime:0.018029s ]
INFO: [ view_parse ] --END-- [ RunTime:0.018125s ]
INFO: [ view_filter ] --START--
INFO: Run Behavior\WriteHtmlCacheBehavior [ RunTime:0.000825s ]
INFO: [ view_filter ] --END-- [ RunTime:0.001002s ]
INFO: [ app_end ] --START--
INFO: Run Behavior\ShowPageTraceBehavior [ RunTime:0.001302s ]
INFO: [ app_end ] --END-- [ RunTime:0.001432s ]

[ 2017-04-22T22:31:32+08:00 ] 127.0.0.1 /register/index.php/Home/User/user.html
INFO: [ app_init ] --START--
INFO: Run Behavior\BuildLiteBehavior [ RunTime:0.000028s ]
INFO: [ app_init ] --END-- [ RunTime:0.000948s ]
INFO: [ app_begin ] --START--
INFO: Run Behavior\ReadHtmlCacheBehavior [ RunTime:0.001131s ]
INFO: [ app_begin ] --END-- [ RunTime:0.001307s ]
SQL: SHOW COLUMNS FROM `p_menber` [ RunTime:0.0124s ]
SQL: SELECT * FROM `p_menber` WHERE `uid` = 1  [ RunTime:0.0016s ]
INFO: [ view_parse ] --START--
INFO: [ template_filter ] --START--
INFO: Run Behavior\ContentReplaceBehavior [ RunTime:0.000158s ]
INFO: [ template_filter ] --END-- [ RunTime:0.000242s ]
INFO: Run Behavior\ParseTemplateBehavior [ RunTime:0.014670s ]
INFO: [ view_parse ] --END-- [ RunTime:0.014810s ]
INFO: [ view_filter ] --START--
INFO: Run Behavior\WriteHtmlCacheBehavior [ RunTime:0.000571s ]
INFO: [ view_filter ] --END-- [ RunTime:0.000661s ]
INFO: [ app_end ] --START--
INFO: Run Behavior\ShowPageTraceBehavior [ RunTime:0.001468s ]
INFO: [ app_end ] --END-- [ RunTime:0.001926s ]

[ 2017-04-22T22:31:36+08:00 ] 127.0.0.1 /register/index.php/Home/User/cashRecord.html
INFO: [ app_init ] --START--
INFO: Run Behavior\BuildLiteBehavior [ RunTime:0.000020s ]
INFO: [ app_init ] --END-- [ RunTime:0.000597s ]
INFO: [ app_begin ] --START--
INFO: Run Behavior\ReadHtmlCacheBehavior [ RunTime:0.000731s ]
INFO: [ app_begin ] --END-- [ RunTime:0.000838s ]
SQL: SHOW COLUMNS FROM `p_menber` [ RunTime:0.0107s ]
SQL: SELECT * FROM `p_menber` WHERE `uid` = 1  [ RunTime:0.0010s ]
SQL: SHOW COLUMNS FROM `p_incomelog` [ RunTime:0.0119s ]
SQL: SELECT * FROM `p_incomelog` WHERE `type` = 3 ORDER BY id DESC  [ RunTime:0.0017s ]
INFO: [ view_parse ] --START--
INFO: [ template_filter ] --START--
INFO: Run Behavior\ContentReplaceBehavior [ RunTime:0.000097s ]
INFO: [ template_filter ] --END-- [ RunTime:0.000178s ]
INFO: Run Behavior\ParseTemplateBehavior [ RunTime:0.046229s ]
INFO: [ view_parse ] --END-- [ RunTime:0.046358s ]
INFO: [ view_filter ] --START--
INFO: Run Behavior\WriteHtmlCacheBehavior [ RunTime:0.000553s ]
INFO: [ view_filter ] --END-- [ RunTime:0.000662s ]
INFO: [ app_end ] --START--
INFO: Run Behavior\ShowPageTraceBehavior [ RunTime:0.001014s ]
INFO: [ app_end ] --END-- [ RunTime:0.001094s ]

[ 2017-04-22T22:32:37+08:00 ] 127.0.0.1 /register/index.php/Home/User/cashRecord.html
INFO: [ app_init ] --START--
INFO: Run Behavior\BuildLiteBehavior [ RunTime:0.000027s ]
INFO: [ app_init ] --END-- [ RunTime:0.001119s ]
INFO: [ app_begin ] --START--
INFO: Run Behavior\ReadHtmlCacheBehavior [ RunTime:0.001024s ]
INFO: [ app_begin ] --END-- [ RunTime:0.001130s ]
SQL: SHOW COLUMNS FROM `p_menber` [ RunTime:0.0110s ]
SQL: SELECT * FROM `p_menber` WHERE `uid` = 1  [ RunTime:0.0014s ]
SQL: SHOW COLUMNS FROM `p_incomelog` [ RunTime:0.0113s ]
SQL: SELECT * FROM `p_incomelog` WHERE `type` = 3 ORDER BY id DESC  [ RunTime:0.0022s ]
INFO: [ view_parse ] --START--
INFO: [ template_filter ] --START--
INFO: Run Behavior\ContentReplaceBehavior [ RunTime:0.000095s ]
INFO: [ template_filter ] --END-- [ RunTime:0.000178s ]
INFO: Run Behavior\ParseTemplateBehavior [ RunTime:0.014366s ]
INFO: [ view_parse ] --END-- [ RunTime:0.014475s ]
INFO: [ view_filter ] --START--
INFO: Run Behavior\WriteHtmlCacheBehavior [ RunTime:0.000621s ]
INFO: [ view_filter ] --END-- [ RunTime:0.000705s ]
INFO: [ app_end ] --START--
INFO: Run Behavior\ShowPageTraceBehavior [ RunTime:0.001206s ]
INFO: [ app_end ] --END-- [ RunTime:0.001313s ]

[ 2017-04-22T22:33:01+08:00 ] 127.0.0.1 /register/index.php/Home/User/cashRecord.html
INFO: [ app_init ] --START--
INFO: Run Behavior\BuildLiteBehavior [ RunTime:0.000093s ]
INFO: [ app_init ] --END-- [ RunTime:0.001057s ]
INFO: [ app_begin ] --START--
INFO: Run Behavior\ReadHtmlCacheBehavior [ RunTime:0.000847s ]
INFO: [ app_begin ] --END-- [ RunTime:0.000946s ]
SQL: SHOW COLUMNS FROM `p_menber` [ RunTime:0.0120s ]
SQL: SELECT * FROM `p_menber` WHERE `uid` = 1  [ RunTime:0.0013s ]
SQL: SHOW COLUMNS FROM `p_incomelog` [ RunTime:0.0100s ]
SQL: SELECT * FROM `p_incomelog` WHERE `type` = 3 ORDER BY id DESC  [ RunTime:0.0018s ]
INFO: [ view_parse ] --START--
INFO: [ template_filter ] --START--
INFO: Run Behavior\ContentReplaceBehavior [ RunTime:0.000122s ]
INFO: [ template_filter ] --END-- [ RunTime:0.000234s ]
INFO: Run Behavior\ParseTemplateBehavior [ RunTime:0.012554s ]
INFO: [ view_parse ] --END-- [ RunTime:0.012652s ]
INFO: [ view_filter ] --START--
INFO: Run Behavior\WriteHtmlCacheBehavior [ RunTime:0.000386s ]
INFO: [ view_filter ] --END-- [ RunTime:0.000460s ]
INFO: [ app_end ] --START--
INFO: Run Behavior\ShowPageTraceBehavior [ RunTime:0.000765s ]
INFO: [ app_end ] --END-- [ RunTime:0.000827s ]

[ 2017-04-22T22:33:04+08:00 ] 127.0.0.1 /register/index.php/Home/User/cashRecord.html
INFO: [ app_init ] --START--
INFO: Run Behavior\BuildLiteBehavior [ RunTime:0.000128s ]
INFO: [ app_init ] --END-- [ RunTime:0.001579s ]
INFO: [ app_begin ] --START--
INFO: Run Behavior\ReadHtmlCacheBehavior [ RunTime:0.000988s ]
INFO: [ app_begin ] --END-- [ RunTime:0.001146s ]
SQL: SHOW COLUMNS FROM `p_menber` [ RunTime:0.0148s ]
SQL: SELECT * FROM `p_menber` WHERE `uid` = 1  [ RunTime:0.0013s ]
SQL: SHOW COLUMNS FROM `p_incomelog` [ RunTime:0.0165s ]
SQL: SELECT * FROM `p_incomelog` WHERE `type` = 3 ORDER BY id DESC  [ RunTime:0.0029s ]
INFO: [ view_parse ] --START--
INFO: [ template_filter ] --START--
INFO: Run Behavior\ContentReplaceBehavior [ RunTime:0.000164s ]
INFO: [ template_filter ] --END-- [ RunTime:0.000303s ]
INFO: Run Behavior\ParseTemplateBehavior [ RunTime:0.017732s ]
INFO: [ view_parse ] --END-- [ RunTime:0.017873s ]
INFO: [ view_filter ] --START--
INFO: Run Behavior\WriteHtmlCacheBehavior [ RunTime:0.000574s ]
INFO: [ view_filter ] --END-- [ RunTime:0.000683s ]
INFO: [ app_end ] --START--
INFO: Run Behavior\ShowPageTraceBehavior [ RunTime:0.001361s ]
INFO: [ app_end ] --END-- [ RunTime:0.001501s ]

[ 2017-04-22T22:33:05+08:00 ] 127.0.0.1 /register/index.php/Home/User/cashRecord.html
INFO: [ app_init ] --START--
INFO: Run Behavior\BuildLiteBehavior [ RunTime:0.000074s ]
INFO: [ app_init ] --END-- [ RunTime:0.002242s ]
INFO: [ app_begin ] --START--
INFO: Run Behavior\ReadHtmlCacheBehavior [ RunTime:0.001141s ]
INFO: [ app_begin ] --END-- [ RunTime:0.001289s ]
SQL: SHOW COLUMNS FROM `p_menber` [ RunTime:0.0127s ]
SQL: SELECT * FROM `p_menber` WHERE `uid` = 1  [ RunTime:0.0011s ]
SQL: SHOW COLUMNS FROM `p_incomelog` [ RunTime:0.0133s ]
SQL: SELECT * FROM `p_incomelog` WHERE `type` = 3 ORDER BY id DESC  [ RunTime:0.0025s ]
INFO: [ view_parse ] --START--
INFO: [ template_filter ] --START--
INFO: Run Behavior\ContentReplaceBehavior [ RunTime:0.000371s ]
INFO: [ template_filter ] --END-- [ RunTime:0.000576s ]
INFO: Run Behavior\ParseTemplateBehavior [ RunTime:0.025892s ]
INFO: [ view_parse ] --END-- [ RunTime:0.026056s ]
INFO: [ view_filter ] --START--
INFO: Run Behavior\WriteHtmlCacheBehavior [ RunTime:0.001069s ]
INFO: [ view_filter ] --END-- [ RunTime:0.001202s ]
INFO: [ app_end ] --START--
INFO: Run Behavior\ShowPageTraceBehavior [ RunTime:0.002067s ]
INFO: [ app_end ] --END-- [ RunTime:0.002299s ]

[ 2017-04-22T22:33:06+08:00 ] 127.0.0.1 /register/index.php/Home/User/cashRecord.html
INFO: [ app_init ] --START--
INFO: Run Behavior\BuildLiteBehavior [ RunTime:0.000280s ]
INFO: [ app_init ] --END-- [ RunTime:0.001669s ]
INFO: [ app_begin ] --START--
INFO: Run Behavior\ReadHtmlCacheBehavior [ RunTime:0.001261s ]
INFO: [ app_begin ] --END-- [ RunTime:0.001385s ]
SQL: SHOW COLUMNS FROM `p_menber` [ RunTime:0.0121s ]
SQL: SELECT * FROM `p_menber` WHERE `uid` = 1  [ RunTime:0.0016s ]
SQL: SHOW COLUMNS FROM `p_incomelog` [ RunTime:0.0152s ]
SQL: SELECT * FROM `p_incomelog` WHERE `type` = 3 ORDER BY id DESC  [ RunTime:0.0029s ]
INFO: [ view_parse ] --START--
INFO: [ template_filter ] --START--
INFO: Run Behavior\ContentReplaceBehavior [ RunTime:0.000150s ]
INFO: [ template_filter ] --END-- [ RunTime:0.000280s ]
INFO: Run Behavior\ParseTemplateBehavior [ RunTime:0.014231s ]
INFO: [ view_parse ] --END-- [ RunTime:0.014348s ]
INFO: [ view_filter ] --START--
INFO: Run Behavior\WriteHtmlCacheBehavior [ RunTime:0.000507s ]
INFO: [ view_filter ] --END-- [ RunTime:0.000580s ]
INFO: [ app_end ] --START--
INFO: Run Behavior\ShowPageTraceBehavior [ RunTime:0.000772s ]
INFO: [ app_end ] --END-- [ RunTime:0.000838s ]

[ 2017-04-22T22:34:06+08:00 ] 127.0.0.1 /register/index.php/Home/User/cashRecord.html
INFO: [ app_init ] --START--
INFO: Run Behavior\BuildLiteBehavior [ RunTime:0.000032s ]
INFO: [ app_init ] --END-- [ RunTime:0.000882s ]
INFO: [ app_begin ] --START--
INFO: Run Behavior\ReadHtmlCacheBehavior [ RunTime:0.001483s ]
INFO: [ app_begin ] --END-- [ RunTime:0.001715s ]
SQL: SHOW COLUMNS FROM `p_menber` [ RunTime:0.0128s ]
SQL: SELECT * FROM `p_menber` WHERE `uid` = 1  [ RunTime:0.0013s ]
SQL: SHOW COLUMNS FROM `p_incomelog` [ RunTime:0.0101s ]
SQL: SELECT * FROM `p_incomelog` WHERE `type` = 3 ORDER BY id DESC  [ RunTime:0.0029s ]
INFO: [ view_parse ] --START--
INFO: [ template_filter ] --START--
INFO: Run Behavior\ContentReplaceBehavior [ RunTime:0.000097s ]
INFO: [ template_filter ] --END-- [ RunTime:0.000181s ]
INFO: Run Behavior\ParseTemplateBehavior [ RunTime:0.014946s ]
INFO: [ view_parse ] --END-- [ RunTime:0.015039s ]
INFO: [ view_filter ] --START--
INFO: Run Behavior\WriteHtmlCacheBehavior [ RunTime:0.000389s ]
INFO: [ view_filter ] --END-- [ RunTime:0.000453s ]
INFO: [ app_end ] --START--
INFO: Run Behavior\ShowPageTraceBehavior [ RunTime:0.000820s ]
INFO: [ app_end ] --END-- [ RunTime:0.000887s ]

[ 2017-04-22T22:34:22+08:00 ] 127.0.0.1 /register/index.php/Home/User/cashRecord.html
INFO: [ app_init ] --START--
INFO: Run Behavior\BuildLiteBehavior [ RunTime:0.000034s ]
INFO: [ app_init ] --END-- [ RunTime:0.001044s ]
INFO: [ app_begin ] --START--
INFO: Run Behavior\ReadHtmlCacheBehavior [ RunTime:0.000924s ]
INFO: [ app_begin ] --END-- [ RunTime:0.001027s ]
SQL: SHOW COLUMNS FROM `p_menber` [ RunTime:0.0138s ]
SQL: SELECT * FROM `p_menber` WHERE `uid` = 1  [ RunTime:0.0007s ]
SQL: SHOW COLUMNS FROM `p_incomelog` [ RunTime:0.0101s ]
SQL: SELECT * FROM `p_incomelog` WHERE `type` = 3 ORDER BY id DESC  [ RunTime:0.0019s ]
INFO: [ view_parse ] --START--
INFO: [ template_filter ] --START--
INFO: Run Behavior\ContentReplaceBehavior [ RunTime:0.000105s ]
INFO: [ template_filter ] --END-- [ RunTime:0.000195s ]
INFO: Run Behavior\ParseTemplateBehavior [ RunTime:0.017331s ]
INFO: [ view_parse ] --END-- [ RunTime:0.017457s ]
INFO: [ view_filter ] --START--
INFO: Run Behavior\WriteHtmlCacheBehavior [ RunTime:0.000405s ]
INFO: [ view_filter ] --END-- [ RunTime:0.000486s ]
INFO: [ app_end ] --START--
INFO: Run Behavior\ShowPageTraceBehavior [ RunTime:0.001006s ]
INFO: [ app_end ] --END-- [ RunTime:0.001108s ]

[ 2017-04-22T22:34:25+08:00 ] 127.0.0.1 /register/index.php/Home/User/cashRecord.html
INFO: [ app_init ] --START--
INFO: Run Behavior\BuildLiteBehavior [ RunTime:0.000042s ]
INFO: [ app_init ] --END-- [ RunTime:0.001454s ]
INFO: [ app_begin ] --START--
INFO: Run Behavior\ReadHtmlCacheBehavior [ RunTime:0.001432s ]
INFO: [ app_begin ] --END-- [ RunTime:0.001581s ]
SQL: SHOW COLUMNS FROM `p_menber` [ RunTime:0.0198s ]
SQL: SELECT * FROM `p_menber` WHERE `uid` = 1  [ RunTime:0.0020s ]
SQL: SHOW COLUMNS FROM `p_incomelog` [ RunTime:0.0139s ]
SQL: SELECT * FROM `p_incomelog` WHERE `type` = 3 ORDER BY id DESC  [ RunTime:0.0026s ]
INFO: [ view_parse ] --START--
INFO: [ template_filter ] --START--
INFO: Run Behavior\ContentReplaceBehavior [ RunTime:0.000156s ]
INFO: [ template_filter ] --END-- [ RunTime:0.000282s ]
INFO: Run Behavior\ParseTemplateBehavior [ RunTime:0.018844s ]
INFO: [ view_parse ] --END-- [ RunTime:0.019000s ]
INFO: [ view_filter ] --START--
INFO: Run Behavior\WriteHtmlCacheBehavior [ RunTime:0.000731s ]
INFO: [ view_filter ] --END-- [ RunTime:0.000855s ]
INFO: [ app_end ] --START--
INFO: Run Behavior\ShowPageTraceBehavior [ RunTime:0.001139s ]
INFO: [ app_end ] --END-- [ RunTime:0.001260s ]

[ 2017-04-22T22:35:03+08:00 ] 127.0.0.1 /register/index.php/Home/User/cashRecord.html
INFO: [ app_init ] --START--
INFO: Run Behavior\BuildLiteBehavior [ RunTime:0.000021s ]
INFO: [ app_init ] --END-- [ RunTime:0.000693s ]
INFO: [ app_begin ] --START--
INFO: Run Behavior\ReadHtmlCacheBehavior [ RunTime:0.000808s ]
INFO: [ app_begin ] --END-- [ RunTime:0.000888s ]
SQL: SHOW COLUMNS FROM `p_menber` [ RunTime:0.0101s ]
SQL: SELECT * FROM `p_menber` WHERE `uid` = 1  [ RunTime:0.0010s ]
SQL: SHOW COLUMNS FROM `p_incomelog` [ RunTime:0.0109s ]
SQL: SELECT * FROM `p_incomelog` WHERE `type` = 3 ORDER BY id DESC  [ RunTime:0.0025s ]

[ 2017-04-22T22:35:05+08:00 ] 127.0.0.1 /register/index.php/Home/User/cashRecord.html
INFO: [ app_init ] --START--
INFO: Run Behavior\BuildLiteBehavior [ RunTime:0.000029s ]
INFO: [ app_init ] --END-- [ RunTime:0.000792s ]
INFO: [ app_begin ] --START--
INFO: Run Behavior\ReadHtmlCacheBehavior [ RunTime:0.001101s ]
INFO: [ app_begin ] --END-- [ RunTime:0.001229s ]
SQL: SHOW COLUMNS FROM `p_menber` [ RunTime:0.0123s ]
SQL: SELECT * FROM `p_menber` WHERE `uid` = 1  [ RunTime:0.0017s ]
SQL: SHOW COLUMNS FROM `p_incomelog` [ RunTime:0.0122s ]
SQL: SELECT * FROM `p_incomelog` WHERE `type` = 3 ORDER BY id DESC  [ RunTime:0.0034s ]

[ 2017-04-22T22:37:05+08:00 ] 127.0.0.1 /register/index.php/Home/User/cashRecord.html
INFO: [ app_init ] --START--
INFO: Run Behavior\BuildLiteBehavior [ RunTime:0.000032s ]
INFO: [ app_init ] --END-- [ RunTime:0.000995s ]
INFO: [ app_begin ] --START--
INFO: Run Behavior\ReadHtmlCacheBehavior [ RunTime:0.001776s ]
INFO: [ app_begin ] --END-- [ RunTime:0.001909s ]
SQL: SHOW COLUMNS FROM `p_menber` [ RunTime:0.0110s ]
SQL: SELECT * FROM `p_menber` WHERE `uid` = 1  [ RunTime:0.0007s ]
SQL: SHOW COLUMNS FROM `p_incomelog` [ RunTime:0.0113s ]
SQL: SELECT * FROM `p_incomelog` WHERE `type` = 3 ORDER BY id DESC  [ RunTime:0.0012s ]
INFO: [ view_parse ] --START--
INFO: [ template_filter ] --START--
INFO: Run Behavior\ContentReplaceBehavior [ RunTime:0.000104s ]
INFO: [ template_filter ] --END-- [ RunTime:0.000193s ]
INFO: Run Behavior\ParseTemplateBehavior [ RunTime:0.013490s ]
INFO: [ view_parse ] --END-- [ RunTime:0.013605s ]
INFO: [ view_filter ] --START--
INFO: Run Behavior\WriteHtmlCacheBehavior [ RunTime:0.000515s ]
INFO: [ view_filter ] --END-- [ RunTime:0.000596s ]
INFO: [ app_end ] --START--
INFO: Run Behavior\ShowPageTraceBehavior [ RunTime:0.000962s ]
INFO: [ app_end ] --END-- [ RunTime:0.001046s ]

[ 2017-04-22T22:37:07+08:00 ] 127.0.0.1 /register/index.php/Home/User/cancel/id/131
INFO: [ app_init ] --START--
INFO: Run Behavior\BuildLiteBehavior [ RunTime:0.000038s ]
INFO: [ app_init ] --END-- [ RunTime:0.001065s ]
INFO: [ app_begin ] --START--
INFO: Run Behavior\ReadHtmlCacheBehavior [ RunTime:0.001447s ]
INFO: [ app_begin ] --END-- [ RunTime:0.001609s ]
SQL: SHOW COLUMNS FROM `p_menber` [ RunTime:0.0166s ]
SQL: SELECT * FROM `p_menber` WHERE `uid` = 1  [ RunTime:0.0020s ]
ERR: 非法操作:cancel

[ 2017-04-22T22:37:17+08:00 ] 127.0.0.1 /register/index.php/Home/User/cashRecord.html
INFO: [ app_init ] --START--
INFO: Run Behavior\BuildLiteBehavior [ RunTime:0.000021s ]
INFO: [ app_init ] --END-- [ RunTime:0.000616s ]
INFO: [ app_begin ] --START--
INFO: Run Behavior\ReadHtmlCacheBehavior [ RunTime:0.000785s ]
INFO: [ app_begin ] --END-- [ RunTime:0.000867s ]
SQL: SHOW COLUMNS FROM `p_menber` [ RunTime:0.0117s ]
SQL: SELECT * FROM `p_menber` WHERE `uid` = 1  [ RunTime:0.0015s ]
SQL: SHOW COLUMNS FROM `p_incomelog` [ RunTime:0.0134s ]
SQL: SELECT * FROM `p_incomelog` WHERE `type` = 3 ORDER BY id DESC  [ RunTime:0.0017s ]
INFO: [ view_parse ] --START--
INFO: [ template_filter ] --START--
INFO: Run Behavior\ContentReplaceBehavior [ RunTime:0.000145s ]
INFO: [ template_filter ] --END-- [ RunTime:0.000261s ]
INFO: Run Behavior\ParseTemplateBehavior [ RunTime:0.011347s ]
INFO: [ view_parse ] --END-- [ RunTime:0.011451s ]
INFO: [ view_filter ] --START--
INFO: Run Behavior\WriteHtmlCacheBehavior [ RunTime:0.000382s ]
INFO: [ view_filter ] --END-- [ RunTime:0.000448s ]
INFO: [ app_end ] --START--
INFO: Run Behavior\ShowPageTraceBehavior [ RunTime:0.000740s ]
INFO: [ app_end ] --END-- [ RunTime:0.000816s ]

[ 2017-04-22T22:37:19+08:00 ] 127.0.0.1 /register/index.php/Home/User/cancel/id/130
INFO: [ app_init ] --START--
INFO: Run Behavior\BuildLiteBehavior [ RunTime:0.000021s ]
INFO: [ app_init ] --END-- [ RunTime:0.000604s ]
INFO: [ app_begin ] --START--
INFO: Run Behavior\ReadHtmlCacheBehavior [ RunTime:0.000735s ]
INFO: [ app_begin ] --END-- [ RunTime:0.000819s ]
SQL: SHOW COLUMNS FROM `p_menber` [ RunTime:0.0106s ]
SQL: SELECT * FROM `p_menber` WHERE `uid` = 1  [ RunTime:0.0015s ]
ERR: 非法操作:cancel

[ 2017-04-22T22:39:18+08:00 ] 127.0.0.1 /register/index.php/Home/User/cancel/id/130
INFO: [ app_init ] --START--
INFO: Run Behavior\BuildLiteBehavior [ RunTime:0.000034s ]
INFO: [ app_init ] --END-- [ RunTime:0.002181s ]
INFO: [ app_begin ] --START--
INFO: Run Behavior\ReadHtmlCacheBehavior [ RunTime:0.001940s ]
INFO: [ app_begin ] --END-- [ RunTime:0.002084s ]
SQL: SHOW COLUMNS FROM `p_menber` [ RunTime:0.0193s ]
SQL: SELECT * FROM `p_menber` WHERE `uid` = 1  [ RunTime:0.0017s ]
SQL: SHOW COLUMNS FROM `p_incomelog` [ RunTime:0.0172s ]
SQL: SELECT * FROM `p_incomelog` WHERE `id` = 130  [ RunTime:0.0025s ]

[ 2017-04-22T22:46:21+08:00 ] 127.0.0.1 /register/index.php/Home/User/cancel/id/130
INFO: [ app_init ] --START--
INFO: Run Behavior\BuildLiteBehavior [ RunTime:0.000041s ]
INFO: [ app_init ] --END-- [ RunTime:0.001335s ]
INFO: [ app_begin ] --START--
INFO: Run Behavior\ReadHtmlCacheBehavior [ RunTime:0.000923s ]
INFO: [ app_begin ] --END-- [ RunTime:0.001005s ]
SQL: SHOW COLUMNS FROM `p_menber` [ RunTime:0.0133s ]
SQL: SELECT * FROM `p_menber` WHERE `uid` = 1  [ RunTime:0.0012s ]
SQL: SHOW COLUMNS FROM `p_incomelog` [ RunTime:0.0096s ]
SQL: SELECT * FROM `p_incomelog` WHERE `id` = 130  [ RunTime:0.0013s ]
SQL: SELECT * FROM `p_menber` WHERE `uid` = 1  [ RunTime:0.0010s ]
SQL: UPDATE `p_menber` SET `incomebag`='110' WHERE `uid` = 1 [ RunTime:0.0013s ]
SQL: UPDATE `p_incomelog` SET `state`='3' WHERE `id` = 130 [ RunTime:0.0016s ]

[ 2017-04-22T22:46:23+08:00 ] 127.0.0.1 /register/index.php/Home/User/cashRecord
INFO: [ app_init ] --START--
INFO: Run Behavior\BuildLiteBehavior [ RunTime:0.000054s ]
INFO: [ app_init ] --END-- [ RunTime:0.001162s ]
INFO: [ app_begin ] --START--
INFO: Run Behavior\ReadHtmlCacheBehavior [ RunTime:0.000786s ]
INFO: [ app_begin ] --END-- [ RunTime:0.000878s ]
SQL: SHOW COLUMNS FROM `p_menber` [ RunTime:0.0176s ]
SQL: SELECT * FROM `p_menber` WHERE `uid` = 1  [ RunTime:0.0017s ]
SQL: SHOW COLUMNS FROM `p_incomelog` [ RunTime:0.0138s ]
SQL: SELECT * FROM `p_incomelog` WHERE `type` = 3 ORDER BY id DESC  [ RunTime:0.0028s ]
INFO: [ view_parse ] --START--
INFO: [ template_filter ] --START--
INFO: Run Behavior\ContentReplaceBehavior [ RunTime:0.000156s ]
INFO: [ template_filter ] --END-- [ RunTime:0.000289s ]
INFO: Run Behavior\ParseTemplateBehavior [ RunTime:0.018995s ]
INFO: [ view_parse ] --END-- [ RunTime:0.019157s ]
INFO: [ view_filter ] --START--
INFO: Run Behavior\WriteHtmlCacheBehavior [ RunTime:0.000935s ]
INFO: [ view_filter ] --END-- [ RunTime:0.001070s ]
INFO: [ app_end ] --START--
INFO: Run Behavior\ShowPageTraceBehavior [ RunTime:0.000955s ]
INFO: [ app_end ] --END-- [ RunTime:0.001054s ]

[ 2017-04-22T22:46:33+08:00 ] 127.0.0.1 /register/index.php/Home/
INFO: [ app_init ] --START--
INFO: Run Behavior\BuildLiteBehavior [ RunTime:0.000031s ]
INFO: [ app_init ] --END-- [ RunTime:0.000909s ]
INFO: [ app_begin ] --START--
INFO: Run Behavior\ReadHtmlCacheBehavior [ RunTime:0.001571s ]
INFO: [ app_begin ] --END-- [ RunTime:0.001784s ]
SQL: SHOW COLUMNS FROM `p_menber` [ RunTime:0.0129s ]
SQL: SELECT * FROM `p_menber` WHERE `uid` = 1  [ RunTime:0.0007s ]
SQL: SELECT * FROM `p_menber` WHERE `uid` = 1  [ RunTime:0.0006s ]
SQL: SHOW COLUMNS FROM `p_orderlog` [ RunTime:0.0099s ]
SQL: SELECT * FROM `p_orderlog` ORDER BY logid DESC LIMIT 10   [ RunTime:0.0008s ]
SQL: SHOW COLUMNS FROM `p_incomelog` [ RunTime:0.0145s ]
SQL: SELECT * FROM `p_incomelog` WHERE `addymd` = '2017-04-21' AND `userid` = 1  [ RunTime:0.0012s ]
SQL: SELECT * FROM `p_incomelog` WHERE `userid` = 1 ORDER BY id DESC  [ RunTime:0.0013s ]
INFO: [ view_parse ] --START--
INFO: [ template_filter ] --START--
INFO: Run Behavior\ContentReplaceBehavior [ RunTime:0.000226s ]
INFO: [ template_filter ] --END-- [ RunTime:0.000436s ]
INFO: Run Behavior\ParseTemplateBehavior [ RunTime:0.016563s ]
INFO: [ view_parse ] --END-- [ RunTime:0.016691s ]
INFO: [ view_filter ] --START--
INFO: Run Behavior\WriteHtmlCacheBehavior [ RunTime:0.000435s ]
INFO: [ view_filter ] --END-- [ RunTime:0.000512s ]
INFO: [ app_end ] --START--
INFO: Run Behavior\ShowPageTraceBehavior [ RunTime:0.000780s ]
INFO: [ app_end ] --END-- [ RunTime:0.000868s ]

[ 2017-04-22T22:46:41+08:00 ] 127.0.0.1 /register/index.php/Home/User/cancel/id/131
INFO: [ app_init ] --START--
INFO: Run Behavior\BuildLiteBehavior [ RunTime:0.000022s ]
INFO: [ app_init ] --END-- [ RunTime:0.000607s ]
INFO: [ app_begin ] --START--
INFO: Run Behavior\ReadHtmlCacheBehavior [ RunTime:0.000862s ]
INFO: [ app_begin ] --END-- [ RunTime:0.001002s ]
SQL: SHOW COLUMNS FROM `p_menber` [ RunTime:0.0114s ]
SQL: SELECT * FROM `p_menber` WHERE `uid` = 1  [ RunTime:0.0019s ]
SQL: SHOW COLUMNS FROM `p_incomelog` [ RunTime:0.0117s ]
SQL: SELECT * FROM `p_incomelog` WHERE `id` = 131  [ RunTime:0.0012s ]
SQL: SELECT * FROM `p_menber` WHERE `uid` = 1  [ RunTime:0.0010s ]
SQL: UPDATE `p_menber` SET `incomebag`='170' WHERE `uid` = 1 [ RunTime:0.0015s ]
SQL: UPDATE `p_incomelog` SET `state`='3' WHERE `id` = 131 [ RunTime:0.0012s ]

[ 2017-04-22T22:46:42+08:00 ] 127.0.0.1 /register/index.php/Home/User/cashRecord
INFO: [ app_init ] --START--
INFO: Run Behavior\BuildLiteBehavior [ RunTime:0.000035s ]
INFO: [ app_init ] --END-- [ RunTime:0.001089s ]
INFO: [ app_begin ] --START--
INFO: Run Behavior\ReadHtmlCacheBehavior [ RunTime:0.001091s ]
INFO: [ app_begin ] --END-- [ RunTime:0.001237s ]
SQL: SHOW COLUMNS FROM `p_menber` [ RunTime:0.0167s ]
SQL: SELECT * FROM `p_menber` WHERE `uid` = 1  [ RunTime:0.0018s ]
SQL: SHOW COLUMNS FROM `p_incomelog` [ RunTime:0.0185s ]
SQL: SELECT * FROM `p_incomelog` WHERE `type` = 3 ORDER BY id DESC  [ RunTime:0.0025s ]
INFO: [ view_parse ] --START--
INFO: [ template_filter ] --START--
INFO: Run Behavior\ContentReplaceBehavior [ RunTime:0.000150s ]
INFO: [ template_filter ] --END-- [ RunTime:0.000281s ]
INFO: Run Behavior\ParseTemplateBehavior [ RunTime:0.020922s ]
INFO: [ view_parse ] --END-- [ RunTime:0.021095s ]
INFO: [ view_filter ] --START--
INFO: Run Behavior\WriteHtmlCacheBehavior [ RunTime:0.001108s ]
INFO: [ view_filter ] --END-- [ RunTime:0.001316s ]
INFO: [ app_end ] --START--
INFO: Run Behavior\ShowPageTraceBehavior [ RunTime:0.001387s ]
INFO: [ app_end ] --END-- [ RunTime:0.001521s ]

[ 2017-04-22T22:46:48+08:00 ] 127.0.0.1 /register/index.php/Home/
INFO: [ app_init ] --START--
INFO: Run Behavior\BuildLiteBehavior [ RunTime:0.000052s ]
INFO: [ app_init ] --END-- [ RunTime:0.001743s ]
INFO: [ app_begin ] --START--
INFO: Run Behavior\ReadHtmlCacheBehavior [ RunTime:0.000930s ]
INFO: [ app_begin ] --END-- [ RunTime:0.001067s ]
SQL: SHOW COLUMNS FROM `p_menber` [ RunTime:0.0125s ]
SQL: SELECT * FROM `p_menber` WHERE `uid` = 1  [ RunTime:0.0022s ]
SQL: SELECT * FROM `p_menber` WHERE `uid` = 1  [ RunTime:0.0020s ]
SQL: SHOW COLUMNS FROM `p_orderlog` [ RunTime:0.0164s ]
SQL: SELECT * FROM `p_orderlog` ORDER BY logid DESC LIMIT 10   [ RunTime:0.0015s ]
SQL: SHOW COLUMNS FROM `p_incomelog` [ RunTime:0.0142s ]
SQL: SELECT * FROM `p_incomelog` WHERE `addymd` = '2017-04-21' AND `userid` = 1  [ RunTime:0.0014s ]
SQL: SELECT * FROM `p_incomelog` WHERE `userid` = 1 ORDER BY id DESC  [ RunTime:0.0024s ]
INFO: [ view_parse ] --START--
INFO: [ template_filter ] --START--
INFO: Run Behavior\ContentReplaceBehavior [ RunTime:0.000149s ]
INFO: [ template_filter ] --END-- [ RunTime:0.000254s ]
INFO: Run Behavior\ParseTemplateBehavior [ RunTime:0.020414s ]
INFO: [ view_parse ] --END-- [ RunTime:0.020534s ]
INFO: [ view_filter ] --START--
INFO: Run Behavior\WriteHtmlCacheBehavior [ RunTime:0.000602s ]
INFO: [ view_filter ] --END-- [ RunTime:0.000717s ]
INFO: [ app_end ] --START--
INFO: Run Behavior\ShowPageTraceBehavior [ RunTime:0.002002s ]
INFO: [ app_end ] --END-- [ RunTime:0.002230s ]

[ 2017-04-22T22:49:08+08:00 ] 127.0.0.1 /register/index.php/Home/User/cashRecord
INFO: [ app_init ] --START--
INFO: Run Behavior\BuildLiteBehavior [ RunTime:0.000039s ]
INFO: [ app_init ] --END-- [ RunTime:0.001445s ]
INFO: [ app_begin ] --START--
INFO: Run Behavior\ReadHtmlCacheBehavior [ RunTime:0.001168s ]
INFO: [ app_begin ] --END-- [ RunTime:0.001301s ]
SQL: SHOW COLUMNS FROM `p_menber` [ RunTime:0.0196s ]
SQL: SELECT * FROM `p_menber` WHERE `uid` = 1  [ RunTime:0.0020s ]
SQL: SHOW COLUMNS FROM `p_incomelog` [ RunTime:0.0322s ]
SQL: SELECT * FROM `p_incomelog` WHERE `type` = 3 ORDER BY id DESC  [ RunTime:0.0049s ]
INFO: [ view_parse ] --START--
INFO: [ template_filter ] --START--
INFO: Run Behavior\ContentReplaceBehavior [ RunTime:0.000167s ]
INFO: [ template_filter ] --END-- [ RunTime:0.000301s ]
INFO: Run Behavior\ParseTemplateBehavior [ RunTime:0.020151s ]
INFO: [ view_parse ] --END-- [ RunTime:0.020291s ]
INFO: [ view_filter ] --START--
INFO: Run Behavior\WriteHtmlCacheBehavior [ RunTime:0.000730s ]
INFO: [ view_filter ] --END-- [ RunTime:0.000842s ]
INFO: [ app_end ] --START--
INFO: Run Behavior\ShowPageTraceBehavior [ RunTime:0.001298s ]
INFO: [ app_end ] --END-- [ RunTime:0.001421s ]

[ 2017-04-22T22:49:13+08:00 ] 127.0.0.1 /register/index.php/Home/User/cancel/id/129
INFO: [ app_init ] --START--
INFO: Run Behavior\BuildLiteBehavior [ RunTime:0.000029s ]
INFO: [ app_init ] --END-- [ RunTime:0.000991s ]
INFO: [ app_begin ] --START--
INFO: Run Behavior\ReadHtmlCacheBehavior [ RunTime:0.001083s ]
INFO: [ app_begin ] --END-- [ RunTime:0.001227s ]
SQL: SHOW COLUMNS FROM `p_menber` [ RunTime:0.0174s ]
SQL: SELECT * FROM `p_menber` WHERE `uid` = 1  [ RunTime:0.0064s ]
SQL: SHOW COLUMNS FROM `p_incomelog` [ RunTime:0.0172s ]
SQL: SELECT * FROM `p_incomelog` WHERE `id` = 129  [ RunTime:0.0043s ]
SQL: SELECT * FROM `p_menber` WHERE `uid` = 1  [ RunTime:0.0030s ]
SQL: UPDATE `p_menber` SET `incomebag`='178' WHERE `uid` = 1 [ RunTime:0.0031s ]
SQL: UPDATE `p_incomelog` SET `state`='3' WHERE `id` = 129 [ RunTime:0.0082s ]

[ 2017-04-22T22:49:15+08:00 ] 127.0.0.1 /register/index.php/Home/User/cashRecord
INFO: [ app_init ] --START--
INFO: Run Behavior\BuildLiteBehavior [ RunTime:0.000060s ]
INFO: [ app_init ] --END-- [ RunTime:0.001499s ]
INFO: [ app_begin ] --START--
INFO: Run Behavior\ReadHtmlCacheBehavior [ RunTime:0.001271s ]
INFO: [ app_begin ] --END-- [ RunTime:0.001432s ]
SQL: SHOW COLUMNS FROM `p_menber` [ RunTime:0.0195s ]
SQL: SELECT * FROM `p_menber` WHERE `uid` = 1  [ RunTime:0.0014s ]
SQL: SHOW COLUMNS FROM `p_incomelog` [ RunTime:0.0163s ]
SQL: SELECT * FROM `p_incomelog` WHERE `type` = 3 ORDER BY id DESC  [ RunTime:0.0048s ]
INFO: [ view_parse ] --START--
INFO: [ template_filter ] --START--
INFO: Run Behavior\ContentReplaceBehavior [ RunTime:0.000102s ]
INFO: [ template_filter ] --END-- [ RunTime:0.000185s ]
INFO: Run Behavior\ParseTemplateBehavior [ RunTime:0.013492s ]
INFO: [ view_parse ] --END-- [ RunTime:0.013622s ]
INFO: [ view_filter ] --START--
INFO: Run Behavior\WriteHtmlCacheBehavior [ RunTime:0.000623s ]
INFO: [ view_filter ] --END-- [ RunTime:0.000737s ]
INFO: [ app_end ] --START--
INFO: Run Behavior\ShowPageTraceBehavior [ RunTime:0.001192s ]
INFO: [ app_end ] --END-- [ RunTime:0.001318s ]

[ 2017-04-22T22:49:18+08:00 ] 127.0.0.1 /register/index.php/Home/
INFO: [ app_init ] --START--
INFO: Run Behavior\BuildLiteBehavior [ RunTime:0.000021s ]
INFO: [ app_init ] --END-- [ RunTime:0.000641s ]
INFO: [ app_begin ] --START--
INFO: Run Behavior\ReadHtmlCacheBehavior [ RunTime:0.000929s ]
INFO: [ app_begin ] --END-- [ RunTime:0.001058s ]
SQL: SHOW COLUMNS FROM `p_menber` [ RunTime:0.0135s ]
SQL: SELECT * FROM `p_menber` WHERE `uid` = 1  [ RunTime:0.0009s ]
SQL: SELECT * FROM `p_menber` WHERE `uid` = 1  [ RunTime:0.0010s ]
SQL: SHOW COLUMNS FROM `p_orderlog` [ RunTime:0.0128s ]
SQL: SELECT * FROM `p_orderlog` ORDER BY logid DESC LIMIT 10   [ RunTime:0.0016s ]
SQL: SHOW COLUMNS FROM `p_incomelog` [ RunTime:0.0168s ]
SQL: SELECT * FROM `p_incomelog` WHERE `addymd` = '2017-04-21' AND `userid` = 1  [ RunTime:0.0009s ]
SQL: SELECT * FROM `p_incomelog` WHERE `userid` = 1 ORDER BY id DESC  [ RunTime:0.0025s ]
INFO: [ view_parse ] --START--
INFO: [ template_filter ] --START--
INFO: Run Behavior\ContentReplaceBehavior [ RunTime:0.000298s ]
INFO: [ template_filter ] --END-- [ RunTime:0.000512s ]
INFO: Run Behavior\ParseTemplateBehavior [ RunTime:0.021343s ]
INFO: [ view_parse ] --END-- [ RunTime:0.021455s ]
INFO: [ view_filter ] --START--
INFO: Run Behavior\WriteHtmlCacheBehavior [ RunTime:0.000395s ]
INFO: [ view_filter ] --END-- [ RunTime:0.000462s ]
INFO: [ app_end ] --START--
INFO: Run Behavior\ShowPageTraceBehavior [ RunTime:0.000887s ]
INFO: [ app_end ] --END-- [ RunTime:0.000982s ]

[ 2017-04-22T22:49:22+08:00 ] 127.0.0.1 /register/index.php/Home/User/cancel/id/128
INFO: [ app_init ] --START--
INFO: Run Behavior\BuildLiteBehavior [ RunTime:0.000034s ]
INFO: [ app_init ] --END-- [ RunTime:0.000958s ]
INFO: [ app_begin ] --START--
INFO: Run Behavior\ReadHtmlCacheBehavior [ RunTime:0.001029s ]
INFO: [ app_begin ] --END-- [ RunTime:0.001158s ]
SQL: SHOW COLUMNS FROM `p_menber` [ RunTime:0.0149s ]
SQL: SELECT * FROM `p_menber` WHERE `uid` = 1  [ RunTime:0.0019s ]
SQL: SHOW COLUMNS FROM `p_incomelog` [ RunTime:0.0105s ]
SQL: SELECT * FROM `p_incomelog` WHERE `id` = 128  [ RunTime:0.0014s ]
SQL: SELECT * FROM `p_menber` WHERE `uid` = 1  [ RunTime:0.0016s ]
SQL: UPDATE `p_menber` SET `incomebag`='278' WHERE `uid` = 1 [ RunTime:0.0015s ]
SQL: UPDATE `p_incomelog` SET `state`='3' WHERE `id` = 128 [ RunTime:0.0020s ]

[ 2017-04-22T22:49:23+08:00 ] 127.0.0.1 /register/index.php/Home/User/cashRecord
INFO: [ app_init ] --START--
INFO: Run Behavior\BuildLiteBehavior [ RunTime:0.000079s ]
INFO: [ app_init ] --END-- [ RunTime:0.001422s ]
INFO: [ app_begin ] --START--
INFO: Run Behavior\ReadHtmlCacheBehavior [ RunTime:0.001364s ]
INFO: [ app_begin ] --END-- [ RunTime:0.001502s ]
SQL: SHOW COLUMNS FROM `p_menber` [ RunTime:0.0171s ]
SQL: SELECT * FROM `p_menber` WHERE `uid` = 1  [ RunTime:0.0015s ]
SQL: SHOW COLUMNS FROM `p_incomelog` [ RunTime:0.0163s ]
SQL: SELECT * FROM `p_incomelog` WHERE `type` = 3 ORDER BY id DESC  [ RunTime:0.0043s ]
INFO: [ view_parse ] --START--
INFO: [ template_filter ] --START--
INFO: Run Behavior\ContentReplaceBehavior [ RunTime:0.000151s ]
INFO: [ template_filter ] --END-- [ RunTime:0.000280s ]
INFO: Run Behavior\ParseTemplateBehavior [ RunTime:0.018800s ]
INFO: [ view_parse ] --END-- [ RunTime:0.018978s ]
INFO: [ view_filter ] --START--
INFO: Run Behavior\WriteHtmlCacheBehavior [ RunTime:0.001164s ]
INFO: [ view_filter ] --END-- [ RunTime:0.001478s ]
INFO: [ app_end ] --START--
INFO: Run Behavior\ShowPageTraceBehavior [ RunTime:0.001480s ]
INFO: [ app_end ] --END-- [ RunTime:0.001625s ]

[ 2017-04-22T22:49:25+08:00 ] 127.0.0.1 /register/index.php/Home/
INFO: [ app_init ] --START--
INFO: Run Behavior\BuildLiteBehavior [ RunTime:0.000021s ]
INFO: [ app_init ] --END-- [ RunTime:0.000599s ]
INFO: [ app_begin ] --START--
INFO: Run Behavior\ReadHtmlCacheBehavior [ RunTime:0.000690s ]
INFO: [ app_begin ] --END-- [ RunTime:0.000767s ]
SQL: SHOW COLUMNS FROM `p_menber` [ RunTime:0.0156s ]
SQL: SELECT * FROM `p_menber` WHERE `uid` = 1  [ RunTime:0.0031s ]
SQL: SELECT * FROM `p_menber` WHERE `uid` = 1  [ RunTime:0.0022s ]
SQL: SHOW COLUMNS FROM `p_orderlog` [ RunTime:0.0166s ]
SQL: SELECT * FROM `p_orderlog` ORDER BY logid DESC LIMIT 10   [ RunTime:0.0020s ]
SQL: SHOW COLUMNS FROM `p_incomelog` [ RunTime:0.0155s ]
SQL: SELECT * FROM `p_incomelog` WHERE `addymd` = '2017-04-21' AND `userid` = 1  [ RunTime:0.0020s ]
SQL: SELECT * FROM `p_incomelog` WHERE `userid` = 1 ORDER BY id DESC  [ RunTime:0.0030s ]
INFO: [ view_parse ] --START--
INFO: [ template_filter ] --START--
INFO: Run Behavior\ContentReplaceBehavior [ RunTime:0.000184s ]
INFO: [ template_filter ] --END-- [ RunTime:0.000287s ]
INFO: Run Behavior\ParseTemplateBehavior [ RunTime:0.018496s ]
INFO: [ view_parse ] --END-- [ RunTime:0.018762s ]
INFO: [ view_filter ] --START--
INFO: Run Behavior\WriteHtmlCacheBehavior [ RunTime:0.001055s ]
INFO: [ view_filter ] --END-- [ RunTime:0.001238s ]
INFO: [ app_end ] --START--
INFO: Run Behavior\ShowPageTraceBehavior [ RunTime:0.001631s ]
INFO: [ app_end ] --END-- [ RunTime:0.001794s ]

[ 2017-04-22T23:00:24+08:00 ] 127.0.0.1 /register/index.php/Home/User/cashRecord
INFO: [ app_init ] --START--
INFO: Run Behavior\BuildLiteBehavior [ RunTime:0.000033s ]
INFO: [ app_init ] --END-- [ RunTime:0.000840s ]
INFO: [ app_begin ] --START--
INFO: Run Behavior\ReadHtmlCacheBehavior [ RunTime:0.001006s ]
INFO: [ app_begin ] --END-- [ RunTime:0.001132s ]
SQL: SHOW COLUMNS FROM `p_menber` [ RunTime:0.0140s ]
SQL: SELECT * FROM `p_menber` WHERE `uid` = 1  [ RunTime:0.0010s ]
SQL: SHOW COLUMNS FROM `p_incomelog` [ RunTime:0.0132s ]
SQL: SELECT * FROM `p_incomelog` WHERE `type` = 3 ORDER BY id DESC  [ RunTime:0.0023s ]
INFO: [ view_parse ] --START--
INFO: [ template_filter ] --START--
INFO: Run Behavior\ContentReplaceBehavior [ RunTime:0.000109s ]
INFO: [ template_filter ] --END-- [ RunTime:0.000200s ]
INFO: Run Behavior\ParseTemplateBehavior [ RunTime:0.013914s ]
INFO: [ view_parse ] --END-- [ RunTime:0.014016s ]
INFO: [ view_filter ] --START--
INFO: Run Behavior\WriteHtmlCacheBehavior [ RunTime:0.000591s ]
INFO: [ view_filter ] --END-- [ RunTime:0.000660s ]
INFO: [ app_end ] --START--
INFO: Run Behavior\ShowPageTraceBehavior [ RunTime:0.001202s ]
INFO: [ app_end ] --END-- [ RunTime:0.001372s ]

