[ 2017-06-04T14:37:09+08:00 ] 127.0.0.1 /register/index.php/Index/friendstouqu?selRollBack=1
INFO: [ app_init ] --START--
INFO: Run Behavior\BuildLiteBehavior [ RunTime:0.000031s ]
INFO: [ app_init ] --END-- [ RunTime:0.001152s ]
ERR: 无法加载模块:Index

[ 2017-06-04T14:37:09+08:00 ] 127.0.0.1 /register/index.php/Index/friendstouqu?selRollBack=1
INFO: [ app_init ] --START--
INFO: Run Behavior\BuildLiteBehavior [ RunTime:0.000040s ]
INFO: [ app_init ] --END-- [ RunTime:0.001282s ]
ERR: 无法加载模块:Index

[ 2017-06-04T14:38:58+08:00 ] 127.0.0.1 /register/index.php/Index/friendstouqu?uid=2
INFO: [ app_init ] --START--
INFO: Run Behavior\BuildLiteBehavior [ RunTime:0.000062s ]
INFO: [ app_init ] --END-- [ RunTime:0.001356s ]
ERR: 无法加载模块:Index

[ 2017-06-04T14:38:58+08:00 ] 127.0.0.1 /register/index.php/Index/friendstouqu?uid=2
INFO: [ app_init ] --START--
INFO: Run Behavior\BuildLiteBehavior [ RunTime:0.000037s ]
INFO: [ app_init ] --END-- [ RunTime:0.001872s ]
ERR: 无法加载模块:Index

[ 2017-06-04T14:39:51+08:00 ] 127.0.0.1 /register/index.php/Index/friendstouqu?uid=2
INFO: [ app_init ] --START--
INFO: Run Behavior\BuildLiteBehavior [ RunTime:0.000025s ]
INFO: [ app_init ] --END-- [ RunTime:0.001105s ]
ERR: 无法加载模块:Index

[ 2017-06-04T14:39:51+08:00 ] 127.0.0.1 /register/index.php/Index/friendstouqu?uid=2
INFO: [ app_init ] --START--
INFO: Run Behavior\BuildLiteBehavior [ RunTime:0.000039s ]
INFO: [ app_init ] --END-- [ RunTime:0.002832s ]
ERR: 无法加载模块:Index

[ 2017-06-04T14:40:07+08:00 ] 127.0.0.1 /register/index.php/Index/friendstouqu?uid=2
INFO: [ app_init ] --START--
INFO: Run Behavior\BuildLiteBehavior [ RunTime:0.000036s ]
INFO: [ app_init ] --END-- [ RunTime:0.001111s ]
ERR: 无法加载模块:Index

[ 2017-06-04T14:40:07+08:00 ] 127.0.0.1 /register/index.php/Index/friendstouqu?uid=2
INFO: [ app_init ] --START--
INFO: Run Behavior\BuildLiteBehavior [ RunTime:0.000032s ]
INFO: [ app_init ] --END-- [ RunTime:0.001078s ]
ERR: 无法加载模块:Index

[ 2017-06-04T14:40:11+08:00 ] 127.0.0.1 /register/index.php/Index/friendstouqu?uid=2
INFO: [ app_init ] --START--
INFO: Run Behavior\BuildLiteBehavior [ RunTime:0.000037s ]
INFO: [ app_init ] --END-- [ RunTime:0.001277s ]
ERR: 无法加载模块:Index

