[ 2017-06-20T22:30:21+08:00 ] 127.0.0.1 /register/index.php/Admin
INFO: [ app_init ] --START--
INFO: Run Behavior\BuildLiteBehavior [ RunTime:0.000028s ]
INFO: [ app_init ] --END-- [ RunTime:0.001021s ]
INFO: [ app_begin ] --START--
INFO: Run Behavior\ReadHtmlCacheBehavior [ RunTime:0.000936s ]
INFO: [ app_begin ] --END-- [ RunTime:0.001029s ]
NOTIC: [8] Undefined index: uname D:\WWW\dev\register\Application\Admin\Controller\CommonController.class.php 第 7 行.

[ 2017-06-20T22:30:23+08:00 ] 127.0.0.1 /register/index.php/Admin/User/login
INFO: [ app_init ] --START--
INFO: Run Behavior\BuildLiteBehavior [ RunTime:0.000020s ]
INFO: [ app_init ] --END-- [ RunTime:0.000705s ]
INFO: [ app_begin ] --START--
INFO: Run Behavior\ReadHtmlCacheBehavior [ RunTime:0.001024s ]
INFO: [ app_begin ] --END-- [ RunTime:0.001137s ]
INFO: [ view_parse ] --START--
INFO: [ template_filter ] --START--
INFO: Run Behavior\ContentReplaceBehavior [ RunTime:0.000092s ]
INFO: [ template_filter ] --END-- [ RunTime:0.000186s ]
INFO: Run Behavior\ParseTemplateBehavior [ RunTime:0.020325s ]
INFO: [ view_parse ] --END-- [ RunTime:0.020421s ]
INFO: [ view_filter ] --START--
INFO: Run Behavior\WriteHtmlCacheBehavior [ RunTime:0.000646s ]
INFO: [ view_filter ] --END-- [ RunTime:0.000721s ]
INFO: [ app_end ] --START--
INFO: Run Behavior\ShowPageTraceBehavior [ RunTime:0.001124s ]
INFO: [ app_end ] --END-- [ RunTime:0.001204s ]

[ 2017-06-20T23:30:57+08:00 ] 127.0.0.1 /register/index.php/Admin
INFO: [ app_init ] --START--
INFO: Run Behavior\BuildLiteBehavior [ RunTime:0.000031s ]
INFO: [ app_init ] --END-- [ RunTime:0.000962s ]
INFO: [ app_begin ] --START--
INFO: Run Behavior\ReadHtmlCacheBehavior [ RunTime:0.002423s ]
INFO: [ app_begin ] --END-- [ RunTime:0.002637s ]
NOTIC: [8] Undefined index: uname D:\WWW\dev\register\Application\Admin\Controller\CommonController.class.php 第 7 行.

[ 2017-06-20T23:30:58+08:00 ] 127.0.0.1 /register/index.php/Admin/User/login
INFO: [ app_init ] --START--
INFO: Run Behavior\BuildLiteBehavior [ RunTime:0.000049s ]
INFO: [ app_init ] --END-- [ RunTime:0.001092s ]
INFO: [ app_begin ] --START--
INFO: Run Behavior\ReadHtmlCacheBehavior [ RunTime:0.001620s ]
INFO: [ app_begin ] --END-- [ RunTime:0.001758s ]
INFO: [ view_parse ] --START--
INFO: [ template_filter ] --START--
INFO: Run Behavior\ContentReplaceBehavior [ RunTime:0.000155s ]
INFO: [ template_filter ] --END-- [ RunTime:0.000293s ]
INFO: Run Behavior\ParseTemplateBehavior [ RunTime:0.019511s ]
INFO: [ view_parse ] --END-- [ RunTime:0.019656s ]
INFO: [ view_filter ] --START--
INFO: Run Behavior\WriteHtmlCacheBehavior [ RunTime:0.001012s ]
INFO: [ view_filter ] --END-- [ RunTime:0.001121s ]
INFO: [ app_end ] --START--
INFO: Run Behavior\ShowPageTraceBehavior [ RunTime:0.001592s ]
INFO: [ app_end ] --END-- [ RunTime:0.001754s ]

[ 2017-06-20T23:31:01+08:00 ] 127.0.0.1 /register/index.php/Admin/User/login
INFO: [ app_init ] --START--
INFO: Run Behavior\BuildLiteBehavior [ RunTime:0.000023s ]
INFO: [ app_init ] --END-- [ RunTime:0.000680s ]
INFO: [ app_begin ] --START--
INFO: Run Behavior\ReadHtmlCacheBehavior [ RunTime:0.001573s ]
INFO: [ app_begin ] --END-- [ RunTime:0.001725s ]
SQL: SHOW COLUMNS FROM `p_user` [ RunTime:0.0552s ]
SQL: SELECT * FROM `p_user` WHERE `name` = 'admin' AND `password` = '123asd'  [ RunTime:0.0014s ]
INFO: [ view_parse ] --START--
INFO: [ template_filter ] --START--
INFO: Run Behavior\ContentReplaceBehavior [ RunTime:0.000109s ]
INFO: [ template_filter ] --END-- [ RunTime:0.000207s ]
INFO: Run Behavior\ParseTemplateBehavior [ RunTime:0.011913s ]
INFO: [ view_parse ] --END-- [ RunTime:0.012047s ]
INFO: [ view_filter ] --START--
INFO: Run Behavior\WriteHtmlCacheBehavior [ RunTime:0.000616s ]
INFO: [ view_filter ] --END-- [ RunTime:0.000714s ]
INFO: [ app_end ] --START--
INFO: Run Behavior\ShowPageTraceBehavior [ RunTime:0.000978s ]
INFO: [ app_end ] --END-- [ RunTime:0.001076s ]

[ 2017-06-20T23:31:01+08:00 ] 127.0.0.1 /register/index.php/Admin/Index/main
INFO: [ app_init ] --START--
INFO: Run Behavior\BuildLiteBehavior [ RunTime:0.000029s ]
INFO: [ app_init ] --END-- [ RunTime:0.001214s ]
INFO: [ app_begin ] --START--
INFO: Run Behavior\ReadHtmlCacheBehavior [ RunTime:0.001168s ]
INFO: [ app_begin ] --END-- [ RunTime:0.001268s ]
SQL: SHOW COLUMNS FROM `p_user` [ RunTime:0.0131s ]
SQL: SELECT * FROM `p_user` WHERE `name` = 'admin'  [ RunTime:0.0012s ]
SQL: SELECT * FROM `p_user`  [ RunTime:0.0011s ]
INFO: [ view_parse ] --START--
NOTIC: [2] file_get_contents(./Public/conn/header.html): failed to open stream: No such file or directory D:\WWW\dev\register\ThinkPHP\Library\Think\Template.class.php 第 696 行.
INFO: [ template_filter ] --START--
INFO: Run Behavior\ContentReplaceBehavior [ RunTime:0.000614s ]
INFO: [ template_filter ] --END-- [ RunTime:0.000832s ]
INFO: Run Behavior\ParseTemplateBehavior [ RunTime:0.023908s ]
INFO: [ view_parse ] --END-- [ RunTime:0.024004s ]
INFO: [ view_filter ] --START--
INFO: Run Behavior\WriteHtmlCacheBehavior [ RunTime:0.000432s ]
INFO: [ view_filter ] --END-- [ RunTime:0.000495s ]
INFO: [ app_end ] --START--
INFO: Run Behavior\ShowPageTraceBehavior [ RunTime:0.000874s ]
INFO: [ app_end ] --END-- [ RunTime:0.000954s ]

[ 2017-06-20T23:31:05+08:00 ] 127.0.0.1 /register/index.php/Admin/Menber/select
INFO: [ app_init ] --START--
INFO: Run Behavior\BuildLiteBehavior [ RunTime:0.000031s ]
INFO: [ app_init ] --END-- [ RunTime:0.001019s ]
INFO: [ app_begin ] --START--
INFO: Run Behavior\ReadHtmlCacheBehavior [ RunTime:0.001568s ]
INFO: [ app_begin ] --END-- [ RunTime:0.001714s ]
SQL: SHOW COLUMNS FROM `p_user` [ RunTime:0.0188s ]
SQL: SELECT * FROM `p_user` WHERE `name` = 'admin'  [ RunTime:0.0027s ]
SQL: SHOW COLUMNS FROM `p_menber` [ RunTime:0.0191s ]
NOTIC: [8] Undefined index: name D:\WWW\dev\register\Application\Admin\Controller\MenberController.class.php 第 7 行.
SQL: SELECT * FROM `p_menber`  [ RunTime:0.0034s ]
INFO: [ view_parse ] --START--
INFO: [ template_filter ] --START--
INFO: Run Behavior\ContentReplaceBehavior [ RunTime:0.000271s ]
INFO: [ template_filter ] --END-- [ RunTime:0.000391s ]
INFO: Run Behavior\ParseTemplateBehavior [ RunTime:0.025577s ]
INFO: [ view_parse ] --END-- [ RunTime:0.025725s ]
INFO: [ view_filter ] --START--
INFO: Run Behavior\WriteHtmlCacheBehavior [ RunTime:0.000803s ]
INFO: [ view_filter ] --END-- [ RunTime:0.000896s ]
INFO: [ app_end ] --START--
INFO: Run Behavior\ShowPageTraceBehavior [ RunTime:0.001228s ]
INFO: [ app_end ] --END-- [ RunTime:0.001383s ]

[ 2017-06-20T23:32:27+08:00 ] 127.0.0.1 /register/index.php/Admin/Menber/select
INFO: [ app_init ] --START--
INFO: Run Behavior\BuildLiteBehavior [ RunTime:0.000031s ]
INFO: [ app_init ] --END-- [ RunTime:0.000931s ]
INFO: [ app_begin ] --START--
INFO: Run Behavior\ReadHtmlCacheBehavior [ RunTime:0.001394s ]
INFO: [ app_begin ] --END-- [ RunTime:0.001569s ]
SQL: SHOW COLUMNS FROM `p_user` [ RunTime:0.0164s ]
SQL: SELECT * FROM `p_user` WHERE `name` = 'admin'  [ RunTime:0.0009s ]
SQL: SHOW COLUMNS FROM `p_menber` [ RunTime:0.0156s ]
NOTIC: [8] Undefined index: name D:\WWW\dev\register\Application\Admin\Controller\MenberController.class.php 第 7 行.
SQL: SELECT * FROM `p_menber`  [ RunTime:0.0014s ]
INFO: [ view_parse ] --START--
INFO: [ template_filter ] --START--
INFO: Run Behavior\ContentReplaceBehavior [ RunTime:0.000323s ]
INFO: [ template_filter ] --END-- [ RunTime:0.000456s ]
INFO: Run Behavior\ParseTemplateBehavior [ RunTime:0.028988s ]
INFO: [ view_parse ] --END-- [ RunTime:0.029139s ]
INFO: [ view_filter ] --START--
INFO: Run Behavior\WriteHtmlCacheBehavior [ RunTime:0.000585s ]
INFO: [ view_filter ] --END-- [ RunTime:0.000681s ]
INFO: [ app_end ] --START--
INFO: Run Behavior\ShowPageTraceBehavior [ RunTime:0.001028s ]
INFO: [ app_end ] --END-- [ RunTime:0.001144s ]

[ 2017-06-20T23:35:32+08:00 ] 127.0.0.1 /register/index.php/Admin/Menber/select
INFO: [ app_init ] --START--
INFO: Run Behavior\BuildLiteBehavior [ RunTime:0.000023s ]
INFO: [ app_init ] --END-- [ RunTime:0.000823s ]
INFO: [ app_begin ] --START--
INFO: Run Behavior\ReadHtmlCacheBehavior [ RunTime:0.001088s ]
INFO: [ app_begin ] --END-- [ RunTime:0.001179s ]
SQL: SHOW COLUMNS FROM `p_user` [ RunTime:0.0154s ]
SQL: SELECT * FROM `p_user` WHERE `name` = 'admin'  [ RunTime:0.0010s ]
SQL: SHOW COLUMNS FROM `p_menber` [ RunTime:0.0167s ]
NOTIC: [8] Undefined index: name D:\WWW\dev\register\Application\Admin\Controller\MenberController.class.php 第 7 行.
SQL: SELECT * FROM `p_menber`  [ RunTime:0.0019s ]
INFO: [ view_parse ] --START--
INFO: [ template_filter ] --START--
INFO: Run Behavior\ContentReplaceBehavior [ RunTime:0.000267s ]
INFO: [ template_filter ] --END-- [ RunTime:0.000395s ]
NOTIC: [8] Use of undefined constant fuid - assumed 'fuid' D:\WWW\dev\register\Application\Runtime\Cache\Admin\e3f31c117d1c4646a307a2ada224a506.php 第 186 行.
NOTIC: [8] Array to string conversion D:\WWW\dev\register\Application\Runtime\Cache\Admin\e3f31c117d1c4646a307a2ada224a506.php 第 186 行.
NOTIC: [8] Use of undefined constant fuid - assumed 'fuid' D:\WWW\dev\register\Application\Runtime\Cache\Admin\e3f31c117d1c4646a307a2ada224a506.php 第 186 行.
NOTIC: [8] Array to string conversion D:\WWW\dev\register\Application\Runtime\Cache\Admin\e3f31c117d1c4646a307a2ada224a506.php 第 186 行.
NOTIC: [8] Use of undefined constant friends - assumed 'friends' D:\WWW\dev\register\Application\Runtime\Cache\Admin\e3f31c117d1c4646a307a2ada224a506.php 第 187 行.
NOTIC: [8] Array to string conversion D:\WWW\dev\register\Application\Runtime\Cache\Admin\e3f31c117d1c4646a307a2ada224a506.php 第 187 行.
NOTIC: [8] Use of undefined constant friends - assumed 'friends' D:\WWW\dev\register\Application\Runtime\Cache\Admin\e3f31c117d1c4646a307a2ada224a506.php 第 187 行.
NOTIC: [8] Array to string conversion D:\WWW\dev\register\Application\Runtime\Cache\Admin\e3f31c117d1c4646a307a2ada224a506.php 第 187 行.
NOTIC: [8] Use of undefined constant fuid - assumed 'fuid' D:\WWW\dev\register\Application\Runtime\Cache\Admin\e3f31c117d1c4646a307a2ada224a506.php 第 186 行.
NOTIC: [8] Array to string conversion D:\WWW\dev\register\Application\Runtime\Cache\Admin\e3f31c117d1c4646a307a2ada224a506.php 第 186 行.
NOTIC: [8] Use of undefined constant fuid - assumed 'fuid' D:\WWW\dev\register\Application\Runtime\Cache\Admin\e3f31c117d1c4646a307a2ada224a506.php 第 186 行.
NOTIC: [8] Array to string conversion D:\WWW\dev\register\Application\Runtime\Cache\Admin\e3f31c117d1c4646a307a2ada224a506.php 第 186 行.
NOTIC: [8] Use of undefined constant friends - assumed 'friends' D:\WWW\dev\register\Application\Runtime\Cache\Admin\e3f31c117d1c4646a307a2ada224a506.php 第 187 行.
NOTIC: [8] Array to string conversion D:\WWW\dev\register\Application\Runtime\Cache\Admin\e3f31c117d1c4646a307a2ada224a506.php 第 187 行.
NOTIC: [8] Use of undefined constant friends - assumed 'friends' D:\WWW\dev\register\Application\Runtime\Cache\Admin\e3f31c117d1c4646a307a2ada224a506.php 第 187 行.
NOTIC: [8] Array to string conversion D:\WWW\dev\register\Application\Runtime\Cache\Admin\e3f31c117d1c4646a307a2ada224a506.php 第 187 行.
NOTIC: [8] Use of undefined constant fuid - assumed 'fuid' D:\WWW\dev\register\Application\Runtime\Cache\Admin\e3f31c117d1c4646a307a2ada224a506.php 第 186 行.
NOTIC: [8] Array to string conversion D:\WWW\dev\register\Application\Runtime\Cache\Admin\e3f31c117d1c4646a307a2ada224a506.php 第 186 行.
NOTIC: [8] Use of undefined constant fuid - assumed 'fuid' D:\WWW\dev\register\Application\Runtime\Cache\Admin\e3f31c117d1c4646a307a2ada224a506.php 第 186 行.
NOTIC: [8] Array to string conversion D:\WWW\dev\register\Application\Runtime\Cache\Admin\e3f31c117d1c4646a307a2ada224a506.php 第 186 行.
NOTIC: [8] Use of undefined constant friends - assumed 'friends' D:\WWW\dev\register\Application\Runtime\Cache\Admin\e3f31c117d1c4646a307a2ada224a506.php 第 187 行.
NOTIC: [8] Array to string conversion D:\WWW\dev\register\Application\Runtime\Cache\Admin\e3f31c117d1c4646a307a2ada224a506.php 第 187 行.
NOTIC: [8] Use of undefined constant friends - assumed 'friends' D:\WWW\dev\register\Application\Runtime\Cache\Admin\e3f31c117d1c4646a307a2ada224a506.php 第 187 行.
NOTIC: [8] Array to string conversion D:\WWW\dev\register\Application\Runtime\Cache\Admin\e3f31c117d1c4646a307a2ada224a506.php 第 187 行.
NOTIC: [8] Use of undefined constant fuid - assumed 'fuid' D:\WWW\dev\register\Application\Runtime\Cache\Admin\e3f31c117d1c4646a307a2ada224a506.php 第 186 行.
NOTIC: [8] Array to string conversion D:\WWW\dev\register\Application\Runtime\Cache\Admin\e3f31c117d1c4646a307a2ada224a506.php 第 186 行.
NOTIC: [8] Use of undefined constant fuid - assumed 'fuid' D:\WWW\dev\register\Application\Runtime\Cache\Admin\e3f31c117d1c4646a307a2ada224a506.php 第 186 行.
NOTIC: [8] Array to string conversion D:\WWW\dev\register\Application\Runtime\Cache\Admin\e3f31c117d1c4646a307a2ada224a506.php 第 186 行.
NOTIC: [8] Use of undefined constant friends - assumed 'friends' D:\WWW\dev\register\Application\Runtime\Cache\Admin\e3f31c117d1c4646a307a2ada224a506.php 第 187 行.
NOTIC: [8] Array to string conversion D:\WWW\dev\register\Application\Runtime\Cache\Admin\e3f31c117d1c4646a307a2ada224a506.php 第 187 行.
NOTIC: [8] Use of undefined constant friends - assumed 'friends' D:\WWW\dev\register\Application\Runtime\Cache\Admin\e3f31c117d1c4646a307a2ada224a506.php 第 187 行.
NOTIC: [8] Array to string conversion D:\WWW\dev\register\Application\Runtime\Cache\Admin\e3f31c117d1c4646a307a2ada224a506.php 第 187 行.
NOTIC: [8] Use of undefined constant fuid - assumed 'fuid' D:\WWW\dev\register\Application\Runtime\Cache\Admin\e3f31c117d1c4646a307a2ada224a506.php 第 186 行.
NOTIC: [8] Array to string conversion D:\WWW\dev\register\Application\Runtime\Cache\Admin\e3f31c117d1c4646a307a2ada224a506.php 第 186 行.
NOTIC: [8] Use of undefined constant fuid - assumed 'fuid' D:\WWW\dev\register\Application\Runtime\Cache\Admin\e3f31c117d1c4646a307a2ada224a506.php 第 186 行.
NOTIC: [8] Array to string conversion D:\WWW\dev\register\Application\Runtime\Cache\Admin\e3f31c117d1c4646a307a2ada224a506.php 第 186 行.
NOTIC: [8] Use of undefined constant friends - assumed 'friends' D:\WWW\dev\register\Application\Runtime\Cache\Admin\e3f31c117d1c4646a307a2ada224a506.php 第 187 行.
NOTIC: [8] Array to string conversion D:\WWW\dev\register\Application\Runtime\Cache\Admin\e3f31c117d1c4646a307a2ada224a506.php 第 187 行.
NOTIC: [8] Use of undefined constant friends - assumed 'friends' D:\WWW\dev\register\Application\Runtime\Cache\Admin\e3f31c117d1c4646a307a2ada224a506.php 第 187 行.
NOTIC: [8] Array to string conversion D:\WWW\dev\register\Application\Runtime\Cache\Admin\e3f31c117d1c4646a307a2ada224a506.php 第 187 行.
NOTIC: [8] Use of undefined constant fuid - assumed 'fuid' D:\WWW\dev\register\Application\Runtime\Cache\Admin\e3f31c117d1c4646a307a2ada224a506.php 第 186 行.
NOTIC: [8] Array to string conversion D:\WWW\dev\register\Application\Runtime\Cache\Admin\e3f31c117d1c4646a307a2ada224a506.php 第 186 行.
NOTIC: [8] Use of undefined constant fuid - assumed 'fuid' D:\WWW\dev\register\Application\Runtime\Cache\Admin\e3f31c117d1c4646a307a2ada224a506.php 第 186 行.
NOTIC: [8] Array to string conversion D:\WWW\dev\register\Application\Runtime\Cache\Admin\e3f31c117d1c4646a307a2ada224a506.php 第 186 行.
NOTIC: [8] Use of undefined constant friends - assumed 'friends' D:\WWW\dev\register\Application\Runtime\Cache\Admin\e3f31c117d1c4646a307a2ada224a506.php 第 187 行.
NOTIC: [8] Array to string conversion D:\WWW\dev\register\Application\Runtime\Cache\Admin\e3f31c117d1c4646a307a2ada224a506.php 第 187 行.
NOTIC: [8] Use of undefined constant friends - assumed 'friends' D:\WWW\dev\register\Application\Runtime\Cache\Admin\e3f31c117d1c4646a307a2ada224a506.php 第 187 行.
NOTIC: [8] Array to string conversion D:\WWW\dev\register\Application\Runtime\Cache\Admin\e3f31c117d1c4646a307a2ada224a506.php 第 187 行.
NOTIC: [8] Use of undefined constant fuid - assumed 'fuid' D:\WWW\dev\register\Application\Runtime\Cache\Admin\e3f31c117d1c4646a307a2ada224a506.php 第 186 行.
NOTIC: [8] Array to string conversion D:\WWW\dev\register\Application\Runtime\Cache\Admin\e3f31c117d1c4646a307a2ada224a506.php 第 186 行.
NOTIC: [8] Use of undefined constant fuid - assumed 'fuid' D:\WWW\dev\register\Application\Runtime\Cache\Admin\e3f31c117d1c4646a307a2ada224a506.php 第 186 行.
NOTIC: [8] Array to string conversion D:\WWW\dev\register\Application\Runtime\Cache\Admin\e3f31c117d1c4646a307a2ada224a506.php 第 186 行.
NOTIC: [8] Use of undefined constant friends - assumed 'friends' D:\WWW\dev\register\Application\Runtime\Cache\Admin\e3f31c117d1c4646a307a2ada224a506.php 第 187 行.
NOTIC: [8] Array to string conversion D:\WWW\dev\register\Application\Runtime\Cache\Admin\e3f31c117d1c4646a307a2ada224a506.php 第 187 行.
NOTIC: [8] Use of undefined constant friends - assumed 'friends' D:\WWW\dev\register\Application\Runtime\Cache\Admin\e3f31c117d1c4646a307a2ada224a506.php 第 187 行.
NOTIC: [8] Array to string conversion D:\WWW\dev\register\Application\Runtime\Cache\Admin\e3f31c117d1c4646a307a2ada224a506.php 第 187 行.
NOTIC: [8] Use of undefined constant fuid - assumed 'fuid' D:\WWW\dev\register\Application\Runtime\Cache\Admin\e3f31c117d1c4646a307a2ada224a506.php 第 186 行.
NOTIC: [8] Array to string conversion D:\WWW\dev\register\Application\Runtime\Cache\Admin\e3f31c117d1c4646a307a2ada224a506.php 第 186 行.
NOTIC: [8] Use of undefined constant fuid - assumed 'fuid' D:\WWW\dev\register\Application\Runtime\Cache\Admin\e3f31c117d1c4646a307a2ada224a506.php 第 186 行.
NOTIC: [8] Array to string conversion D:\WWW\dev\register\Application\Runtime\Cache\Admin\e3f31c117d1c4646a307a2ada224a506.php 第 186 行.
NOTIC: [8] Use of undefined constant friends - assumed 'friends' D:\WWW\dev\register\Application\Runtime\Cache\Admin\e3f31c117d1c4646a307a2ada224a506.php 第 187 行.
NOTIC: [8] Array to string conversion D:\WWW\dev\register\Application\Runtime\Cache\Admin\e3f31c117d1c4646a307a2ada224a506.php 第 187 行.
NOTIC: [8] Use of undefined constant friends - assumed 'friends' D:\WWW\dev\register\Application\Runtime\Cache\Admin\e3f31c117d1c4646a307a2ada224a506.php 第 187 行.
NOTIC: [8] Array to string conversion D:\WWW\dev\register\Application\Runtime\Cache\Admin\e3f31c117d1c4646a307a2ada224a506.php 第 187 行.
NOTIC: [8] Use of undefined constant fuid - assumed 'fuid' D:\WWW\dev\register\Application\Runtime\Cache\Admin\e3f31c117d1c4646a307a2ada224a506.php 第 186 行.
NOTIC: [8] Array to string conversion D:\WWW\dev\register\Application\Runtime\Cache\Admin\e3f31c117d1c4646a307a2ada224a506.php 第 186 行.
NOTIC: [8] Use of undefined constant fuid - assumed 'fuid' D:\WWW\dev\register\Application\Runtime\Cache\Admin\e3f31c117d1c4646a307a2ada224a506.php 第 186 行.
NOTIC: [8] Array to string conversion D:\WWW\dev\register\Application\Runtime\Cache\Admin\e3f31c117d1c4646a307a2ada224a506.php 第 186 行.
NOTIC: [8] Use of undefined constant friends - assumed 'friends' D:\WWW\dev\register\Application\Runtime\Cache\Admin\e3f31c117d1c4646a307a2ada224a506.php 第 187 行.
NOTIC: [8] Array to string conversion D:\WWW\dev\register\Application\Runtime\Cache\Admin\e3f31c117d1c4646a307a2ada224a506.php 第 187 行.
NOTIC: [8] Use of undefined constant friends - assumed 'friends' D:\WWW\dev\register\Application\Runtime\Cache\Admin\e3f31c117d1c4646a307a2ada224a506.php 第 187 行.
NOTIC: [8] Array to string conversion D:\WWW\dev\register\Application\Runtime\Cache\Admin\e3f31c117d1c4646a307a2ada224a506.php 第 187 行.
NOTIC: [8] Use of undefined constant fuid - assumed 'fuid' D:\WWW\dev\register\Application\Runtime\Cache\Admin\e3f31c117d1c4646a307a2ada224a506.php 第 186 行.
NOTIC: [8] Array to string conversion D:\WWW\dev\register\Application\Runtime\Cache\Admin\e3f31c117d1c4646a307a2ada224a506.php 第 186 行.
NOTIC: [8] Use of undefined constant fuid - assumed 'fuid' D:\WWW\dev\register\Application\Runtime\Cache\Admin\e3f31c117d1c4646a307a2ada224a506.php 第 186 行.
NOTIC: [8] Array to string conversion D:\WWW\dev\register\Application\Runtime\Cache\Admin\e3f31c117d1c4646a307a2ada224a506.php 第 186 行.
NOTIC: [8] Use of undefined constant friends - assumed 'friends' D:\WWW\dev\register\Application\Runtime\Cache\Admin\e3f31c117d1c4646a307a2ada224a506.php 第 187 行.
NOTIC: [8] Array to string conversion D:\WWW\dev\register\Application\Runtime\Cache\Admin\e3f31c117d1c4646a307a2ada224a506.php 第 187 行.
NOTIC: [8] Use of undefined constant friends - assumed 'friends' D:\WWW\dev\register\Application\Runtime\Cache\Admin\e3f31c117d1c4646a307a2ada224a506.php 第 187 行.
NOTIC: [8] Array to string conversion D:\WWW\dev\register\Application\Runtime\Cache\Admin\e3f31c117d1c4646a307a2ada224a506.php 第 187 行.
NOTIC: [8] Use of undefined constant fuid - assumed 'fuid' D:\WWW\dev\register\Application\Runtime\Cache\Admin\e3f31c117d1c4646a307a2ada224a506.php 第 186 行.
NOTIC: [8] Array to string conversion D:\WWW\dev\register\Application\Runtime\Cache\Admin\e3f31c117d1c4646a307a2ada224a506.php 第 186 行.
NOTIC: [8] Use of undefined constant fuid - assumed 'fuid' D:\WWW\dev\register\Application\Runtime\Cache\Admin\e3f31c117d1c4646a307a2ada224a506.php 第 186 行.
NOTIC: [8] Array to string conversion D:\WWW\dev\register\Application\Runtime\Cache\Admin\e3f31c117d1c4646a307a2ada224a506.php 第 186 行.
NOTIC: [8] Use of undefined constant friends - assumed 'friends' D:\WWW\dev\register\Application\Runtime\Cache\Admin\e3f31c117d1c4646a307a2ada224a506.php 第 187 行.
NOTIC: [8] Array to string conversion D:\WWW\dev\register\Application\Runtime\Cache\Admin\e3f31c117d1c4646a307a2ada224a506.php 第 187 行.
NOTIC: [8] Use of undefined constant friends - assumed 'friends' D:\WWW\dev\register\Application\Runtime\Cache\Admin\e3f31c117d1c4646a307a2ada224a506.php 第 187 行.
NOTIC: [8] Array to string conversion D:\WWW\dev\register\Application\Runtime\Cache\Admin\e3f31c117d1c4646a307a2ada224a506.php 第 187 行.
INFO: Run Behavior\ParseTemplateBehavior [ RunTime:0.027482s ]
INFO: [ view_parse ] --END-- [ RunTime:0.027559s ]
INFO: [ view_filter ] --START--
INFO: Run Behavior\WriteHtmlCacheBehavior [ RunTime:0.000743s ]
INFO: [ view_filter ] --END-- [ RunTime:0.000820s ]
INFO: [ app_end ] --START--
INFO: Run Behavior\ShowPageTraceBehavior [ RunTime:0.001215s ]
INFO: [ app_end ] --END-- [ RunTime:0.001322s ]

[ 2017-06-20T23:36:15+08:00 ] 127.0.0.1 /register/index.php/Admin/Menber/select
INFO: [ app_init ] --START--
INFO: Run Behavior\BuildLiteBehavior [ RunTime:0.000042s ]
INFO: [ app_init ] --END-- [ RunTime:0.001085s ]
INFO: [ app_begin ] --START--
INFO: Run Behavior\ReadHtmlCacheBehavior [ RunTime:0.001592s ]
INFO: [ app_begin ] --END-- [ RunTime:0.001738s ]
SQL: SHOW COLUMNS FROM `p_user` [ RunTime:0.0116s ]
SQL: SELECT * FROM `p_user` WHERE `name` = 'admin'  [ RunTime:0.0008s ]
SQL: SHOW COLUMNS FROM `p_menber` [ RunTime:0.0111s ]
NOTIC: [8] Undefined index: name D:\WWW\dev\register\Application\Admin\Controller\MenberController.class.php 第 7 行.
SQL: SELECT * FROM `p_menber`  [ RunTime:0.0018s ]
INFO: [ view_parse ] --START--
INFO: [ template_filter ] --START--
INFO: Run Behavior\ContentReplaceBehavior [ RunTime:0.000189s ]
INFO: [ template_filter ] --END-- [ RunTime:0.000278s ]
INFO: Run Behavior\ParseTemplateBehavior [ RunTime:0.022118s ]
INFO: [ view_parse ] --END-- [ RunTime:0.022258s ]
INFO: [ view_filter ] --START--
INFO: Run Behavior\WriteHtmlCacheBehavior [ RunTime:0.000550s ]
INFO: [ view_filter ] --END-- [ RunTime:0.000762s ]
INFO: [ app_end ] --START--
INFO: Run Behavior\ShowPageTraceBehavior [ RunTime:0.001545s ]
INFO: [ app_end ] --END-- [ RunTime:0.001801s ]

