[ 2017-06-09T21:09:40+08:00 ] 127.0.0.1 /register/index.php/Admin
INFO: [ app_init ] --START--
INFO: Run Behavior\BuildLiteBehavior [ RunTime:0.000032s ]
INFO: [ app_init ] --END-- [ RunTime:0.001420s ]
INFO: [ app_begin ] --START--
INFO: Run Behavior\ReadHtmlCacheBehavior [ RunTime:0.001673s ]
INFO: [ app_begin ] --END-- [ RunTime:0.001828s ]
NOTIC: [8] Undefined index: uname D:\WWW\dev\register\Application\Admin\Controller\CommonController.class.php 第 7 行.

[ 2017-06-09T21:09:59+08:00 ] 127.0.0.1 /register/index.php/Admin
INFO: [ app_init ] --START--
INFO: Run Behavior\BuildLiteBehavior [ RunTime:0.000023s ]
INFO: [ app_init ] --END-- [ RunTime:0.000963s ]
INFO: [ app_begin ] --START--
INFO: Run Behavior\ReadHtmlCacheBehavior [ RunTime:0.000931s ]
INFO: [ app_begin ] --END-- [ RunTime:0.001027s ]
NOTIC: [8] Undefined index: uname D:\WWW\dev\register\Application\Admin\Controller\CommonController.class.php 第 7 行.

[ 2017-06-09T21:10:01+08:00 ] 127.0.0.1 /register/index.php/Admin/User/login
INFO: [ app_init ] --START--
INFO: Run Behavior\BuildLiteBehavior [ RunTime:0.000035s ]
INFO: [ app_init ] --END-- [ RunTime:0.001003s ]
INFO: [ app_begin ] --START--
INFO: Run Behavior\ReadHtmlCacheBehavior [ RunTime:0.000919s ]
INFO: [ app_begin ] --END-- [ RunTime:0.001016s ]
INFO: [ view_parse ] --START--
INFO: [ template_filter ] --START--
INFO: Run Behavior\ContentReplaceBehavior [ RunTime:0.000094s ]
INFO: [ template_filter ] --END-- [ RunTime:0.000207s ]
INFO: Run Behavior\ParseTemplateBehavior [ RunTime:0.053679s ]
INFO: [ view_parse ] --END-- [ RunTime:0.053794s ]
INFO: [ view_filter ] --START--
INFO: Run Behavior\WriteHtmlCacheBehavior [ RunTime:0.000458s ]
INFO: [ view_filter ] --END-- [ RunTime:0.000521s ]
INFO: [ app_end ] --START--
INFO: Run Behavior\ShowPageTraceBehavior [ RunTime:0.000808s ]
INFO: [ app_end ] --END-- [ RunTime:0.000901s ]

[ 2017-06-09T21:10:04+08:00 ] 127.0.0.1 /register/index.php/Admin/User/login
INFO: [ app_init ] --START--
INFO: Run Behavior\BuildLiteBehavior [ RunTime:0.000034s ]
INFO: [ app_init ] --END-- [ RunTime:0.001042s ]
INFO: [ app_begin ] --START--
INFO: Run Behavior\ReadHtmlCacheBehavior [ RunTime:0.001200s ]
INFO: [ app_begin ] --END-- [ RunTime:0.001324s ]
SQL: SHOW COLUMNS FROM `p_user` [ RunTime:0.0923s ]
SQL: SELECT * FROM `p_user` WHERE `name` = 'admin' AND `password` = '123asd'  [ RunTime:0.0016s ]
INFO: [ view_parse ] --START--
INFO: [ template_filter ] --START--
INFO: Run Behavior\ContentReplaceBehavior [ RunTime:0.000175s ]
INFO: [ template_filter ] --END-- [ RunTime:0.000356s ]
INFO: Run Behavior\ParseTemplateBehavior [ RunTime:0.014825s ]
INFO: [ view_parse ] --END-- [ RunTime:0.014940s ]
INFO: [ view_filter ] --START--
INFO: Run Behavior\WriteHtmlCacheBehavior [ RunTime:0.000669s ]
INFO: [ view_filter ] --END-- [ RunTime:0.000769s ]
INFO: [ app_end ] --START--
INFO: Run Behavior\ShowPageTraceBehavior [ RunTime:0.000948s ]
INFO: [ app_end ] --END-- [ RunTime:0.001029s ]

[ 2017-06-09T21:10:04+08:00 ] 127.0.0.1 /register/index.php/Admin/Index/main
INFO: [ app_init ] --START--
INFO: Run Behavior\BuildLiteBehavior [ RunTime:0.000024s ]
INFO: [ app_init ] --END-- [ RunTime:0.000854s ]
INFO: [ app_begin ] --START--
INFO: Run Behavior\ReadHtmlCacheBehavior [ RunTime:0.000807s ]
INFO: [ app_begin ] --END-- [ RunTime:0.000889s ]
SQL: SHOW COLUMNS FROM `p_user` [ RunTime:0.0140s ]
SQL: SELECT * FROM `p_user` WHERE `name` = 'admin'  [ RunTime:0.0023s ]
SQL: SELECT * FROM `p_user`  [ RunTime:0.0031s ]
INFO: [ view_parse ] --START--
NOTIC: [2] file_get_contents(./Public/conn/header.html): failed to open stream: No such file or directory D:\WWW\dev\register\ThinkPHP\Library\Think\Template.class.php 第 696 行.
INFO: [ template_filter ] --START--
INFO: Run Behavior\ContentReplaceBehavior [ RunTime:0.000199s ]
INFO: [ template_filter ] --END-- [ RunTime:0.000304s ]
INFO: Run Behavior\ParseTemplateBehavior [ RunTime:0.136307s ]
INFO: [ view_parse ] --END-- [ RunTime:0.136426s ]
INFO: [ view_filter ] --START--
INFO: Run Behavior\WriteHtmlCacheBehavior [ RunTime:0.000538s ]
INFO: [ view_filter ] --END-- [ RunTime:0.000619s ]
INFO: [ app_end ] --START--
INFO: Run Behavior\ShowPageTraceBehavior [ RunTime:0.000859s ]
INFO: [ app_end ] --END-- [ RunTime:0.000937s ]

[ 2017-06-09T22:03:41+08:00 ] 127.0.0.1 /register/index.php/Admin/Index/select
INFO: [ app_init ] --START--
INFO: Run Behavior\BuildLiteBehavior [ RunTime:0.000039s ]
INFO: [ app_init ] --END-- [ RunTime:0.001666s ]
INFO: [ app_begin ] --START--
INFO: Run Behavior\ReadHtmlCacheBehavior [ RunTime:0.001657s ]
INFO: [ app_begin ] --END-- [ RunTime:0.001816s ]
SQL: SHOW COLUMNS FROM `p_user` [ RunTime:0.0215s ]
SQL: SELECT * FROM `p_user` WHERE `name` = 'admin'  [ RunTime:0.0015s ]
SQL: SHOW COLUMNS FROM `p_orderlog` [ RunTime:0.0215s ]
NOTIC: [8] Undefined index: type D:\WWW\dev\register\Application\Admin\Controller\IndexController.class.php 第 166 行.
NOTIC: [8] Undefined index: uid D:\WWW\dev\register\Application\Admin\Controller\IndexController.class.php 第 170 行.
NOTIC: [8] Undefined index: orderid D:\WWW\dev\register\Application\Admin\Controller\IndexController.class.php 第 173 行.
NOTIC: [8] Undefined variable: map D:\WWW\dev\register\Application\Admin\Controller\IndexController.class.php 第 176 行.
SQL: SELECT * FROM `p_orderlog`  [ RunTime:0.0018s ]
INFO: [ view_parse ] --START--
INFO: [ template_filter ] --START--
INFO: Run Behavior\ContentReplaceBehavior [ RunTime:0.000386s ]
INFO: [ template_filter ] --END-- [ RunTime:0.000518s ]
NOTIC: [8] Undefined index: state D:\WWW\dev\register\Application\Runtime\Cache\Admin\8aacb4bacc5323aefb881fa5bf623748.php 第 187 行.
NOTIC: [8] Undefined index: state D:\WWW\dev\register\Application\Runtime\Cache\Admin\8aacb4bacc5323aefb881fa5bf623748.php 第 187 行.
NOTIC: [8] Undefined index: state D:\WWW\dev\register\Application\Runtime\Cache\Admin\8aacb4bacc5323aefb881fa5bf623748.php 第 187 行.
NOTIC: [8] Undefined index: state D:\WWW\dev\register\Application\Runtime\Cache\Admin\8aacb4bacc5323aefb881fa5bf623748.php 第 187 行.
NOTIC: [8] Undefined index: state D:\WWW\dev\register\Application\Runtime\Cache\Admin\8aacb4bacc5323aefb881fa5bf623748.php 第 187 行.
NOTIC: [8] Undefined index: state D:\WWW\dev\register\Application\Runtime\Cache\Admin\8aacb4bacc5323aefb881fa5bf623748.php 第 187 行.
NOTIC: [8] Undefined index: state D:\WWW\dev\register\Application\Runtime\Cache\Admin\8aacb4bacc5323aefb881fa5bf623748.php 第 187 行.
NOTIC: [8] Undefined index: state D:\WWW\dev\register\Application\Runtime\Cache\Admin\8aacb4bacc5323aefb881fa5bf623748.php 第 187 行.
NOTIC: [8] Undefined index: state D:\WWW\dev\register\Application\Runtime\Cache\Admin\8aacb4bacc5323aefb881fa5bf623748.php 第 187 行.
NOTIC: [8] Undefined index: state D:\WWW\dev\register\Application\Runtime\Cache\Admin\8aacb4bacc5323aefb881fa5bf623748.php 第 187 行.
NOTIC: [8] Undefined index: state D:\WWW\dev\register\Application\Runtime\Cache\Admin\8aacb4bacc5323aefb881fa5bf623748.php 第 187 行.
NOTIC: [8] Undefined index: state D:\WWW\dev\register\Application\Runtime\Cache\Admin\8aacb4bacc5323aefb881fa5bf623748.php 第 187 行.
NOTIC: [8] Undefined index: state D:\WWW\dev\register\Application\Runtime\Cache\Admin\8aacb4bacc5323aefb881fa5bf623748.php 第 187 行.
NOTIC: [8] Undefined index: state D:\WWW\dev\register\Application\Runtime\Cache\Admin\8aacb4bacc5323aefb881fa5bf623748.php 第 187 行.
NOTIC: [8] Undefined index: state D:\WWW\dev\register\Application\Runtime\Cache\Admin\8aacb4bacc5323aefb881fa5bf623748.php 第 187 行.
NOTIC: [8] Undefined index: state D:\WWW\dev\register\Application\Runtime\Cache\Admin\8aacb4bacc5323aefb881fa5bf623748.php 第 187 行.
NOTIC: [8] Undefined index: state D:\WWW\dev\register\Application\Runtime\Cache\Admin\8aacb4bacc5323aefb881fa5bf623748.php 第 187 行.
NOTIC: [8] Undefined index: state D:\WWW\dev\register\Application\Runtime\Cache\Admin\8aacb4bacc5323aefb881fa5bf623748.php 第 187 行.
NOTIC: [8] Undefined index: state D:\WWW\dev\register\Application\Runtime\Cache\Admin\8aacb4bacc5323aefb881fa5bf623748.php 第 187 行.
INFO: Run Behavior\ParseTemplateBehavior [ RunTime:0.046311s ]
INFO: [ view_parse ] --END-- [ RunTime:0.046435s ]
INFO: [ view_filter ] --START--
INFO: Run Behavior\WriteHtmlCacheBehavior [ RunTime:0.001391s ]
INFO: [ view_filter ] --END-- [ RunTime:0.001548s ]
INFO: [ app_end ] --START--
INFO: Run Behavior\ShowPageTraceBehavior [ RunTime:0.002379s ]
INFO: [ app_end ] --END-- [ RunTime:0.002660s ]

