[ 2017-06-16T23:25:00+08:00 ] 127.0.0.1 /register/index.php/Admin
INFO: [ app_init ] --START--
INFO: Run Behavior\BuildLiteBehavior [ RunTime:0.000059s ]
INFO: [ app_init ] --END-- [ RunTime:0.001391s ]
INFO: [ app_begin ] --START--
INFO: Run Behavior\ReadHtmlCacheBehavior [ RunTime:0.001544s ]
INFO: [ app_begin ] --END-- [ RunTime:0.001698s ]
NOTIC: [8] Undefined index: uname D:\WWW\dev\register\Application\Admin\Controller\CommonController.class.php 第 7 行.

[ 2017-06-16T23:25:02+08:00 ] 127.0.0.1 /register/index.php/Admin/User/login
INFO: [ app_init ] --START--
INFO: Run Behavior\BuildLiteBehavior [ RunTime:0.000035s ]
INFO: [ app_init ] --END-- [ RunTime:0.001080s ]
INFO: [ app_begin ] --START--
INFO: Run Behavior\ReadHtmlCacheBehavior [ RunTime:0.001579s ]
INFO: [ app_begin ] --END-- [ RunTime:0.001761s ]
INFO: [ view_parse ] --START--
INFO: [ template_filter ] --START--
INFO: Run Behavior\ContentReplaceBehavior [ RunTime:0.000116s ]
INFO: [ template_filter ] --END-- [ RunTime:0.000229s ]
INFO: Run Behavior\ParseTemplateBehavior [ RunTime:0.018997s ]
INFO: [ view_parse ] --END-- [ RunTime:0.019118s ]
INFO: [ view_filter ] --START--
INFO: Run Behavior\WriteHtmlCacheBehavior [ RunTime:0.000813s ]
INFO: [ view_filter ] --END-- [ RunTime:0.000905s ]
INFO: [ app_end ] --START--
INFO: Run Behavior\ShowPageTraceBehavior [ RunTime:0.001286s ]
INFO: [ app_end ] --END-- [ RunTime:0.001402s ]

[ 2017-06-16T23:25:06+08:00 ] 127.0.0.1 /register/index.php/Admin/User/login
INFO: [ app_init ] --START--
INFO: Run Behavior\BuildLiteBehavior [ RunTime:0.000025s ]
INFO: [ app_init ] --END-- [ RunTime:0.000791s ]
INFO: [ app_begin ] --START--
INFO: Run Behavior\ReadHtmlCacheBehavior [ RunTime:0.001554s ]
INFO: [ app_begin ] --END-- [ RunTime:0.001719s ]
SQL: SHOW COLUMNS FROM `p_user` [ RunTime:0.0437s ]
SQL: SELECT * FROM `p_user` WHERE `name` = 'admin' AND `password` = '123asd'  [ RunTime:0.0022s ]
INFO: [ view_parse ] --START--
INFO: [ template_filter ] --START--
INFO: Run Behavior\ContentReplaceBehavior [ RunTime:0.000104s ]
INFO: [ template_filter ] --END-- [ RunTime:0.000233s ]
INFO: Run Behavior\ParseTemplateBehavior [ RunTime:0.012039s ]
INFO: [ view_parse ] --END-- [ RunTime:0.012158s ]
INFO: [ view_filter ] --START--
INFO: Run Behavior\WriteHtmlCacheBehavior [ RunTime:0.000498s ]
INFO: [ view_filter ] --END-- [ RunTime:0.000563s ]
INFO: [ app_end ] --START--
INFO: Run Behavior\ShowPageTraceBehavior [ RunTime:0.000901s ]
INFO: [ app_end ] --END-- [ RunTime:0.000993s ]

[ 2017-06-16T23:25:07+08:00 ] 127.0.0.1 /register/index.php/Admin/Index/main
INFO: [ app_init ] --START--
INFO: Run Behavior\BuildLiteBehavior [ RunTime:0.000033s ]
INFO: [ app_init ] --END-- [ RunTime:0.000937s ]
INFO: [ app_begin ] --START--
INFO: Run Behavior\ReadHtmlCacheBehavior [ RunTime:0.001211s ]
INFO: [ app_begin ] --END-- [ RunTime:0.001354s ]
SQL: SHOW COLUMNS FROM `p_user` [ RunTime:0.0163s ]
SQL: SELECT * FROM `p_user` WHERE `name` = 'admin'  [ RunTime:0.0016s ]
SQL: SELECT * FROM `p_user`  [ RunTime:0.0032s ]
INFO: [ view_parse ] --START--
NOTIC: [2] file_get_contents(./Public/conn/header.html): failed to open stream: No such file or directory D:\WWW\dev\register\ThinkPHP\Library\Think\Template.class.php 第 696 行.
INFO: [ template_filter ] --START--
INFO: Run Behavior\ContentReplaceBehavior [ RunTime:0.000274s ]
INFO: [ template_filter ] --END-- [ RunTime:0.000398s ]
INFO: Run Behavior\ParseTemplateBehavior [ RunTime:0.069612s ]
INFO: [ view_parse ] --END-- [ RunTime:0.069732s ]
INFO: [ view_filter ] --START--
INFO: Run Behavior\WriteHtmlCacheBehavior [ RunTime:0.001035s ]
INFO: [ view_filter ] --END-- [ RunTime:0.001155s ]
INFO: [ app_end ] --START--
INFO: Run Behavior\ShowPageTraceBehavior [ RunTime:0.001248s ]
INFO: [ app_end ] --END-- [ RunTime:0.002432s ]

[ 2017-06-16T23:25:15+08:00 ] 127.0.0.1 /register/index.php/Admin/Index/productlist
INFO: [ app_init ] --START--
INFO: Run Behavior\BuildLiteBehavior [ RunTime:0.000191s ]
INFO: [ app_init ] --END-- [ RunTime:0.001674s ]
INFO: [ app_begin ] --START--
INFO: Run Behavior\ReadHtmlCacheBehavior [ RunTime:0.001213s ]
INFO: [ app_begin ] --END-- [ RunTime:0.001351s ]
SQL: SHOW COLUMNS FROM `p_user` [ RunTime:0.0146s ]
SQL: SELECT * FROM `p_user` WHERE `name` = 'admin'  [ RunTime:0.0019s ]
SQL: SHOW COLUMNS FROM `p_product` [ RunTime:0.0197s ]
NOTIC: [8] Undefined index: type D:\WWW\dev\register\Application\Admin\Controller\IndexController.class.php 第 75 行.
NOTIC: [8] Undefined variable: condtion D:\WWW\dev\register\Application\Admin\Controller\IndexController.class.php 第 79 行.
SQL: SELECT * FROM `p_product` ORDER BY id asc  [ RunTime:0.0023s ]
INFO: [ view_parse ] --START--
INFO: [ template_filter ] --START--
INFO: Run Behavior\ContentReplaceBehavior [ RunTime:0.000310s ]
INFO: [ template_filter ] --END-- [ RunTime:0.000436s ]
NOTIC: [8] Undefined variable: fenye D:\WWW\dev\register\Application\Runtime\Cache\Admin\b57a1317d549542c46326456710c5e25.php 第 229 行.
INFO: Run Behavior\ParseTemplateBehavior [ RunTime:0.057065s ]
INFO: [ view_parse ] --END-- [ RunTime:0.057185s ]
INFO: [ view_filter ] --START--
INFO: Run Behavior\WriteHtmlCacheBehavior [ RunTime:0.000523s ]
INFO: [ view_filter ] --END-- [ RunTime:0.000611s ]
INFO: [ app_end ] --START--
INFO: Run Behavior\ShowPageTraceBehavior [ RunTime:0.001400s ]
INFO: [ app_end ] --END-- [ RunTime:0.001632s ]

[ 2017-06-16T23:25:47+08:00 ] 127.0.0.1 /register/index.php/Admin/Index/productlist
INFO: [ app_init ] --START--
INFO: Run Behavior\BuildLiteBehavior [ RunTime:0.000025s ]
INFO: [ app_init ] --END-- [ RunTime:0.000751s ]
INFO: [ app_begin ] --START--
INFO: Run Behavior\ReadHtmlCacheBehavior [ RunTime:0.001312s ]
INFO: [ app_begin ] --END-- [ RunTime:0.001447s ]
SQL: SHOW COLUMNS FROM `p_user` [ RunTime:0.0148s ]
SQL: SELECT * FROM `p_user` WHERE `name` = 'admin'  [ RunTime:0.0017s ]
SQL: SHOW COLUMNS FROM `p_product` [ RunTime:0.0169s ]
NOTIC: [8] Undefined index: type D:\WWW\dev\register\Application\Admin\Controller\IndexController.class.php 第 75 行.
NOTIC: [8] Undefined variable: condtion D:\WWW\dev\register\Application\Admin\Controller\IndexController.class.php 第 79 行.
SQL: SELECT * FROM `p_product` ORDER BY id asc  [ RunTime:0.0032s ]
INFO: [ view_parse ] --START--
INFO: [ template_filter ] --START--
INFO: Run Behavior\ContentReplaceBehavior [ RunTime:0.000314s ]
INFO: [ template_filter ] --END-- [ RunTime:0.000443s ]
NOTIC: [8] Undefined variable: fenye D:\WWW\dev\register\Application\Runtime\Cache\Admin\b57a1317d549542c46326456710c5e25.php 第 229 行.
INFO: Run Behavior\ParseTemplateBehavior [ RunTime:0.025598s ]
INFO: [ view_parse ] --END-- [ RunTime:0.025709s ]
INFO: [ view_filter ] --START--
INFO: Run Behavior\WriteHtmlCacheBehavior [ RunTime:0.001562s ]
INFO: [ view_filter ] --END-- [ RunTime:0.001755s ]
INFO: [ app_end ] --START--
INFO: Run Behavior\ShowPageTraceBehavior [ RunTime:0.001132s ]
INFO: [ app_end ] --END-- [ RunTime:0.001265s ]

[ 2017-06-16T23:26:06+08:00 ] 127.0.0.1 /register/index.php/Admin/Index/editeproduct/id/8
INFO: [ app_init ] --START--
INFO: Run Behavior\BuildLiteBehavior [ RunTime:0.000035s ]
INFO: [ app_init ] --END-- [ RunTime:0.001020s ]
INFO: [ app_begin ] --START--
INFO: Run Behavior\ReadHtmlCacheBehavior [ RunTime:0.001500s ]
INFO: [ app_begin ] --END-- [ RunTime:0.001658s ]
SQL: SHOW COLUMNS FROM `p_user` [ RunTime:0.0167s ]
SQL: SELECT * FROM `p_user` WHERE `name` = 'admin'  [ RunTime:0.0021s ]
SQL: SHOW COLUMNS FROM `p_product` [ RunTime:0.0181s ]
SQL: SELECT * FROM `p_product` WHERE `id` = 8  [ RunTime:0.0024s ]
INFO: [ view_parse ] --START--
INFO: [ template_filter ] --START--
INFO: Run Behavior\ContentReplaceBehavior [ RunTime:0.000384s ]
INFO: [ template_filter ] --END-- [ RunTime:0.000489s ]
INFO: Run Behavior\ParseTemplateBehavior [ RunTime:0.059677s ]
INFO: [ view_parse ] --END-- [ RunTime:0.059876s ]
INFO: [ view_filter ] --START--
INFO: Run Behavior\WriteHtmlCacheBehavior [ RunTime:0.000920s ]
INFO: [ view_filter ] --END-- [ RunTime:0.001032s ]
INFO: [ app_end ] --START--
INFO: Run Behavior\ShowPageTraceBehavior [ RunTime:0.001199s ]
INFO: [ app_end ] --END-- [ RunTime:0.001337s ]

[ 2017-06-16T23:32:37+08:00 ] 127.0.0.1 /register/index.php/Admin/Index/editeproduct/id/8
INFO: [ app_init ] --START--
INFO: Run Behavior\BuildLiteBehavior [ RunTime:0.000024s ]
INFO: [ app_init ] --END-- [ RunTime:0.000949s ]
INFO: [ app_begin ] --START--
INFO: Run Behavior\ReadHtmlCacheBehavior [ RunTime:0.001147s ]
INFO: [ app_begin ] --END-- [ RunTime:0.001277s ]
SQL: SHOW COLUMNS FROM `p_user` [ RunTime:0.0159s ]
SQL: SELECT * FROM `p_user` WHERE `name` = 'admin'  [ RunTime:0.0016s ]
SQL: SHOW COLUMNS FROM `p_product` [ RunTime:0.0146s ]
SQL: SELECT * FROM `p_product` WHERE `id` = 8  [ RunTime:0.0015s ]
INFO: [ view_parse ] --START--
INFO: [ template_filter ] --START--
INFO: Run Behavior\ContentReplaceBehavior [ RunTime:0.000250s ]
INFO: [ template_filter ] --END-- [ RunTime:0.000338s ]
INFO: Run Behavior\ParseTemplateBehavior [ RunTime:0.027045s ]
INFO: [ view_parse ] --END-- [ RunTime:0.027206s ]
INFO: [ view_filter ] --START--
INFO: Run Behavior\WriteHtmlCacheBehavior [ RunTime:0.000812s ]
INFO: [ view_filter ] --END-- [ RunTime:0.000895s ]
INFO: [ app_end ] --START--
INFO: Run Behavior\ShowPageTraceBehavior [ RunTime:0.001196s ]
INFO: [ app_end ] --END-- [ RunTime:0.001292s ]

[ 2017-06-16T23:32:37+08:00 ] 127.0.0.1 /register/index.php/Admin/Index/dogconfig
INFO: [ app_init ] --START--
INFO: Run Behavior\BuildLiteBehavior [ RunTime:0.000036s ]
INFO: [ app_init ] --END-- [ RunTime:0.001616s ]
INFO: [ app_begin ] --START--
INFO: Run Behavior\ReadHtmlCacheBehavior [ RunTime:0.001761s ]
INFO: [ app_begin ] --END-- [ RunTime:0.001975s ]
SQL: SHOW COLUMNS FROM `p_user` [ RunTime:0.0175s ]
SQL: SELECT * FROM `p_user` WHERE `name` = 'admin'  [ RunTime:0.0039s ]
SQL: SHOW COLUMNS FROM `p_product` [ RunTime:0.0154s ]
SQL: SELECT * FROM `p_product` WHERE `id` = 8  [ RunTime:0.0025s ]
INFO: [ view_parse ] --START--
INFO: [ template_filter ] --START--
INFO: Run Behavior\ContentReplaceBehavior [ RunTime:0.000352s ]
INFO: [ template_filter ] --END-- [ RunTime:0.000476s ]
INFO: Run Behavior\ParseTemplateBehavior [ RunTime:0.028305s ]
INFO: [ view_parse ] --END-- [ RunTime:0.028450s ]
INFO: [ view_filter ] --START--
INFO: Run Behavior\WriteHtmlCacheBehavior [ RunTime:0.000532s ]
INFO: [ view_filter ] --END-- [ RunTime:0.000619s ]
INFO: [ app_end ] --START--
INFO: Run Behavior\ShowPageTraceBehavior [ RunTime:0.001072s ]
INFO: [ app_end ] --END-- [ RunTime:0.001190s ]

[ 2017-06-16T23:34:38+08:00 ] 127.0.0.1 /register/index.php/Admin/Index/editeproduct/id/8
INFO: [ app_init ] --START--
INFO: Run Behavior\BuildLiteBehavior [ RunTime:0.000029s ]
INFO: [ app_init ] --END-- [ RunTime:0.001250s ]
INFO: [ app_begin ] --START--
INFO: Run Behavior\ReadHtmlCacheBehavior [ RunTime:0.001627s ]
INFO: [ app_begin ] --END-- [ RunTime:0.001815s ]
SQL: SHOW COLUMNS FROM `p_user` [ RunTime:0.0163s ]
SQL: SELECT * FROM `p_user` WHERE `name` = 'admin'  [ RunTime:0.0028s ]
SQL: SHOW COLUMNS FROM `p_product` [ RunTime:0.0210s ]
SQL: SELECT * FROM `p_product` WHERE `id` = 8  [ RunTime:0.0026s ]
INFO: [ view_parse ] --START--
INFO: [ template_filter ] --START--
INFO: Run Behavior\ContentReplaceBehavior [ RunTime:0.000398s ]
INFO: [ template_filter ] --END-- [ RunTime:0.000523s ]
INFO: Run Behavior\ParseTemplateBehavior [ RunTime:0.037440s ]
INFO: [ view_parse ] --END-- [ RunTime:0.037666s ]
INFO: [ view_filter ] --START--
INFO: Run Behavior\WriteHtmlCacheBehavior [ RunTime:0.003527s ]
INFO: [ view_filter ] --END-- [ RunTime:0.003789s ]
INFO: [ app_end ] --START--
INFO: Run Behavior\ShowPageTraceBehavior [ RunTime:0.002900s ]
INFO: [ app_end ] --END-- [ RunTime:0.003635s ]

[ 2017-06-16T23:34:39+08:00 ] 127.0.0.1 /register/index.php/Admin/Index/dogconfig/id/8
INFO: [ app_init ] --START--
INFO: Run Behavior\BuildLiteBehavior [ RunTime:0.000048s ]
INFO: [ app_init ] --END-- [ RunTime:0.001146s ]
INFO: [ app_begin ] --START--
INFO: Run Behavior\ReadHtmlCacheBehavior [ RunTime:0.001367s ]
INFO: [ app_begin ] --END-- [ RunTime:0.001534s ]
SQL: SHOW COLUMNS FROM `p_user` [ RunTime:0.0113s ]
SQL: SELECT * FROM `p_user` WHERE `name` = 'admin'  [ RunTime:0.0018s ]
SQL: SHOW COLUMNS FROM `p_product` [ RunTime:0.0143s ]
SQL: SELECT * FROM `p_product` WHERE `id` = 8  [ RunTime:0.0018s ]
INFO: [ view_parse ] --START--
INFO: [ template_filter ] --START--
INFO: Run Behavior\ContentReplaceBehavior [ RunTime:0.000289s ]
INFO: [ template_filter ] --END-- [ RunTime:0.000391s ]
INFO: Run Behavior\ParseTemplateBehavior [ RunTime:0.021411s ]
INFO: [ view_parse ] --END-- [ RunTime:0.021562s ]
INFO: [ view_filter ] --START--
INFO: Run Behavior\WriteHtmlCacheBehavior [ RunTime:0.000467s ]
INFO: [ view_filter ] --END-- [ RunTime:0.000539s ]
INFO: [ app_end ] --START--
INFO: Run Behavior\ShowPageTraceBehavior [ RunTime:0.001441s ]
INFO: [ app_end ] --END-- [ RunTime:0.001574s ]

[ 2017-06-16T23:35:41+08:00 ] 127.0.0.1 /register/index.php/Admin/Index/dogconfig/id/8
INFO: [ app_init ] --START--
INFO: Run Behavior\BuildLiteBehavior [ RunTime:0.000022s ]
INFO: [ app_init ] --END-- [ RunTime:0.000661s ]
INFO: [ app_begin ] --START--
INFO: Run Behavior\ReadHtmlCacheBehavior [ RunTime:0.001013s ]
INFO: [ app_begin ] --END-- [ RunTime:0.001128s ]
SQL: SHOW COLUMNS FROM `p_user` [ RunTime:0.0117s ]
SQL: SELECT * FROM `p_user` WHERE `name` = 'admin'  [ RunTime:0.0014s ]
SQL: SHOW COLUMNS FROM `p_product` [ RunTime:0.0146s ]
SQL: SELECT * FROM `p_product` WHERE `id` = 8  [ RunTime:0.0017s ]
INFO: [ view_parse ] --START--
INFO: [ template_filter ] --START--
INFO: Run Behavior\ContentReplaceBehavior [ RunTime:0.000222s ]
INFO: [ template_filter ] --END-- [ RunTime:0.000305s ]
INFO: Run Behavior\ParseTemplateBehavior [ RunTime:0.021714s ]
INFO: [ view_parse ] --END-- [ RunTime:0.021840s ]
INFO: [ view_filter ] --START--
INFO: Run Behavior\WriteHtmlCacheBehavior [ RunTime:0.000562s ]
INFO: [ view_filter ] --END-- [ RunTime:0.000680s ]
INFO: [ app_end ] --START--
INFO: Run Behavior\ShowPageTraceBehavior [ RunTime:0.000929s ]
INFO: [ app_end ] --END-- [ RunTime:0.001016s ]

[ 2017-06-16T23:35:48+08:00 ] 127.0.0.1 /register/index.php/Admin/Index/dogconfig/id/8
INFO: [ app_init ] --START--
INFO: Run Behavior\BuildLiteBehavior [ RunTime:0.000023s ]
INFO: [ app_init ] --END-- [ RunTime:0.000783s ]
INFO: [ app_begin ] --START--
INFO: Run Behavior\ReadHtmlCacheBehavior [ RunTime:0.000945s ]
INFO: [ app_begin ] --END-- [ RunTime:0.001049s ]
SQL: SHOW COLUMNS FROM `p_user` [ RunTime:0.0129s ]
SQL: SELECT * FROM `p_user` WHERE `name` = 'admin'  [ RunTime:0.0008s ]
SQL: SHOW COLUMNS FROM `p_product` [ RunTime:0.0148s ]
SQL: SELECT * FROM `p_product` WHERE `id` = 8  [ RunTime:0.0010s ]
INFO: [ view_parse ] --START--
INFO: [ template_filter ] --START--
INFO: Run Behavior\ContentReplaceBehavior [ RunTime:0.000348s ]
INFO: [ template_filter ] --END-- [ RunTime:0.000453s ]
INFO: Run Behavior\ParseTemplateBehavior [ RunTime:0.024734s ]
INFO: [ view_parse ] --END-- [ RunTime:0.024893s ]
INFO: [ view_filter ] --START--
INFO: Run Behavior\WriteHtmlCacheBehavior [ RunTime:0.000809s ]
INFO: [ view_filter ] --END-- [ RunTime:0.000905s ]
INFO: [ app_end ] --START--
INFO: Run Behavior\ShowPageTraceBehavior [ RunTime:0.001316s ]
INFO: [ app_end ] --END-- [ RunTime:0.001441s ]

